using /home/eason/Desktop/ComputerArchitecture/Final_Project/rv32_core/riscof_work/I/src/auipc-01.S/ref/Reference-sail_c_simulator.signature for test-signature output.
tohost located at 0x80001000
Running file ref.elf.
ELF Entry @ 0x80000000
begin_signature: 0x80003110
end_signature: 0x80003220
CSR mstatus <- 0x00000000 (input: 0x00000000)
mem[X,0b0000000000000000000001000000000000] -> 0x0297
mem[X,0b0000000000000000000001000000000010] -> 0x0000
[0] [M]: 0x00001000 (0x00000297) auipc t0, 0x0
x5 <- 0x00001000
mem[X,0b0000000000000000000001000000000100] -> 0x8593
mem[X,0b0000000000000000000001000000000110] -> 0x0202
[1] [M]: 0x00001004 (0x02028593) addi a1, t0, 0x20
x11 <- 0x00001020
mem[X,0b0000000000000000000001000000001000] -> 0x2573
mem[X,0b0000000000000000000001000000001010] -> 0xF140
[2] [M]: 0x00001008 (0xF1402573) csrrs a0, mhartid, zero
CSR mhartid -> 0x00000000
x10 <- 0x00000000
mem[X,0b0000000000000000000001000000001100] -> 0xA283
mem[X,0b0000000000000000000001000000001110] -> 0x0182
[3] [M]: 0x0000100C (0x0182A283) lw t0, 0x18(t0)
mem[R,0b0000000000000000000001000000011000] -> 0x80000000
x5 <- 0x80000000
mem[X,0b0000000000000000000001000000010000] -> 0x8067
mem[X,0b0000000000000000000001000000010010] -> 0x0002
[4] [M]: 0x00001010 (0x00028067) jalr zero, 0x0(t0)
mem[X,0b0010000000000000000000000000000000] -> 0x0837
mem[X,0b0010000000000000000000000000000010] -> 0x7D5C
[5] [M]: 0x80000000 (0x7D5C0837) lui a6, 0x7d5c0
x16 <- 0x7D5C0000
mem[X,0b0010000000000000000000000000000100] -> 0x0813
mem[X,0b0010000000000000000000000000000110] -> 0xDDB8
[6] [M]: 0x80000004 (0xDDB80813) addi a6, a6, -0x225
x16 <- 0x7D5BFDDB
mem[X,0b0010000000000000000000000000001000] -> 0x5893
mem[X,0b0010000000000000000000000000001010] -> 0x0078
[7] [M]: 0x80000008 (0x00785893) srli a7, a6, 0x7
x17 <- 0x00FAB7FB
mem[X,0b0010000000000000000000000000001100] -> 0x5793
mem[X,0b0010000000000000000000000000001110] -> 0x0198
[8] [M]: 0x8000000C (0x01985793) srli a5, a6, 0x19
x15 <- 0x0000003E
mem[X,0b0010000000000000000000000000010000] -> 0xE8B3
mem[X,0b0010000000000000000000000000010010] -> 0x00F8
[9] [M]: 0x80000010 (0x00F8E8B3) or a7, a7, a5
x17 <- 0x00FAB7FF
mem[X,0b0010000000000000000000000000010100] -> 0xD913
mem[X,0b0010000000000000000000000000010110] -> 0x0078
[10] [M]: 0x80000014 (0x0078D913) srli s2, a7, 0x7
x18 <- 0x0001F56F
mem[X,0b0010000000000000000000000000011000] -> 0xD793
mem[X,0b0010000000000000000000000000011010] -> 0x0198
[11] [M]: 0x80000018 (0x0198D793) srli a5, a7, 0x19
x15 <- 0x00000000
mem[X,0b0010000000000000000000000000011100] -> 0x6933
mem[X,0b0010000000000000000000000000011110] -> 0x00F9
[12] [M]: 0x8000001C (0x00F96933) or s2, s2, a5
x18 <- 0x0001F56F
mem[X,0b0010000000000000000000000000100000] -> 0x5993
mem[X,0b0010000000000000000000000000100010] -> 0x0079
[13] [M]: 0x80000020 (0x00795993) srli s3, s2, 0x7
x19 <- 0x000003EA
mem[X,0b0010000000000000000000000000100100] -> 0x5793
mem[X,0b0010000000000000000000000000100110] -> 0x0199
[14] [M]: 0x80000024 (0x01995793) srli a5, s2, 0x19
x15 <- 0x00000000
mem[X,0b0010000000000000000000000000101000] -> 0xE9B3
mem[X,0b0010000000000000000000000000101010] -> 0x00F9
[15] [M]: 0x80000028 (0x00F9E9B3) or s3, s3, a5
x19 <- 0x000003EA
mem[X,0b0010000000000000000000000000101100] -> 0xDA13
mem[X,0b0010000000000000000000000000101110] -> 0x0079
[16] [M]: 0x8000002C (0x0079DA13) srli s4, s3, 0x7
x20 <- 0x00000007
mem[X,0b0010000000000000000000000000110000] -> 0xD793
mem[X,0b0010000000000000000000000000110010] -> 0x0199
[17] [M]: 0x80000030 (0x0199D793) srli a5, s3, 0x19
x15 <- 0x00000000
mem[X,0b0010000000000000000000000000110100] -> 0x6A33
mem[X,0b0010000000000000000000000000110110] -> 0x00FA
[18] [M]: 0x80000034 (0x00FA6A33) or s4, s4, a5
x20 <- 0x00000007
mem[X,0b0010000000000000000000000000111000] -> 0x5A93
mem[X,0b0010000000000000000000000000111010] -> 0x007A
[19] [M]: 0x80000038 (0x007A5A93) srli s5, s4, 0x7
x21 <- 0x00000000
mem[X,0b0010000000000000000000000000111100] -> 0x5793
mem[X,0b0010000000000000000000000000111110] -> 0x019A
[20] [M]: 0x8000003C (0x019A5793) srli a5, s4, 0x19
x15 <- 0x00000000
mem[X,0b0010000000000000000000000001000000] -> 0xEAB3
mem[X,0b0010000000000000000000000001000010] -> 0x00FA
[21] [M]: 0x80000040 (0x00FAEAB3) or s5, s5, a5
x21 <- 0x00000000
mem[X,0b0010000000000000000000000001000100] -> 0xDB13
mem[X,0b0010000000000000000000000001000110] -> 0x007A
[22] [M]: 0x80000044 (0x007ADB13) srli s6, s5, 0x7
x22 <- 0x00000000
mem[X,0b0010000000000000000000000001001000] -> 0xD793
mem[X,0b0010000000000000000000000001001010] -> 0x019A
[23] [M]: 0x80000048 (0x019AD793) srli a5, s5, 0x19
x15 <- 0x00000000
mem[X,0b0010000000000000000000000001001100] -> 0x6B33
mem[X,0b0010000000000000000000000001001110] -> 0x00FB
[24] [M]: 0x8000004C (0x00FB6B33) or s6, s6, a5
x22 <- 0x00000000
mem[X,0b0010000000000000000000000001010000] -> 0x5B93
mem[X,0b0010000000000000000000000001010010] -> 0x007B
[25] [M]: 0x80000050 (0x007B5B93) srli s7, s6, 0x7
x23 <- 0x00000000
mem[X,0b0010000000000000000000000001010100] -> 0x5793
mem[X,0b0010000000000000000000000001010110] -> 0x019B
[26] [M]: 0x80000054 (0x019B5793) srli a5, s6, 0x19
x15 <- 0x00000000
mem[X,0b0010000000000000000000000001011000] -> 0xEBB3
mem[X,0b0010000000000000000000000001011010] -> 0x00FB
[27] [M]: 0x80000058 (0x00FBEBB3) or s7, s7, a5
x23 <- 0x00000000
mem[X,0b0010000000000000000000000001011100] -> 0xDC13
mem[X,0b0010000000000000000000000001011110] -> 0x007B
[28] [M]: 0x8000005C (0x007BDC13) srli s8, s7, 0x7
x24 <- 0x00000000
mem[X,0b0010000000000000000000000001100000] -> 0xD793
mem[X,0b0010000000000000000000000001100010] -> 0x019B
[29] [M]: 0x80000060 (0x019BD793) srli a5, s7, 0x19
x15 <- 0x00000000
mem[X,0b0010000000000000000000000001100100] -> 0x6C33
mem[X,0b0010000000000000000000000001100110] -> 0x00FC
[30] [M]: 0x80000064 (0x00FC6C33) or s8, s8, a5
x24 <- 0x00000000
mem[X,0b0010000000000000000000000001101000] -> 0x5C93
mem[X,0b0010000000000000000000000001101010] -> 0x007C
[31] [M]: 0x80000068 (0x007C5C93) srli s9, s8, 0x7
x25 <- 0x00000000
mem[X,0b0010000000000000000000000001101100] -> 0x5793
mem[X,0b0010000000000000000000000001101110] -> 0x019C
[32] [M]: 0x8000006C (0x019C5793) srli a5, s8, 0x19
x15 <- 0x00000000
mem[X,0b0010000000000000000000000001110000] -> 0xECB3
mem[X,0b0010000000000000000000000001110010] -> 0x00FC
[33] [M]: 0x80000070 (0x00FCECB3) or s9, s9, a5
x25 <- 0x00000000
mem[X,0b0010000000000000000000000001110100] -> 0xDD13
mem[X,0b0010000000000000000000000001110110] -> 0x007C
[34] [M]: 0x80000074 (0x007CDD13) srli s10, s9, 0x7
x26 <- 0x00000000
mem[X,0b0010000000000000000000000001111000] -> 0xD793
mem[X,0b0010000000000000000000000001111010] -> 0x019C
[35] [M]: 0x80000078 (0x019CD793) srli a5, s9, 0x19
x15 <- 0x00000000
mem[X,0b0010000000000000000000000001111100] -> 0x6D33
mem[X,0b0010000000000000000000000001111110] -> 0x00FD
[36] [M]: 0x8000007C (0x00FD6D33) or s10, s10, a5
x26 <- 0x00000000
mem[X,0b0010000000000000000000000010000000] -> 0x5D93
mem[X,0b0010000000000000000000000010000010] -> 0x007D
[37] [M]: 0x80000080 (0x007D5D93) srli s11, s10, 0x7
x27 <- 0x00000000
mem[X,0b0010000000000000000000000010000100] -> 0x5793
mem[X,0b0010000000000000000000000010000110] -> 0x019D
[38] [M]: 0x80000084 (0x019D5793) srli a5, s10, 0x19
x15 <- 0x00000000
mem[X,0b0010000000000000000000000010001000] -> 0xEDB3
mem[X,0b0010000000000000000000000010001010] -> 0x00FD
[39] [M]: 0x80000088 (0x00FDEDB3) or s11, s11, a5
x27 <- 0x00000000
mem[X,0b0010000000000000000000000010001100] -> 0xDE13
mem[X,0b0010000000000000000000000010001110] -> 0x007D
[40] [M]: 0x8000008C (0x007DDE13) srli t3, s11, 0x7
x28 <- 0x00000000
mem[X,0b0010000000000000000000000010010000] -> 0xD793
mem[X,0b0010000000000000000000000010010010] -> 0x019D
[41] [M]: 0x80000090 (0x019DD793) srli a5, s11, 0x19
x15 <- 0x00000000
mem[X,0b0010000000000000000000000010010100] -> 0x6E33
mem[X,0b0010000000000000000000000010010110] -> 0x00FE
[42] [M]: 0x80000094 (0x00FE6E33) or t3, t3, a5
x28 <- 0x00000000
mem[X,0b0010000000000000000000000010011000] -> 0x5E93
mem[X,0b0010000000000000000000000010011010] -> 0x007E
[43] [M]: 0x80000098 (0x007E5E93) srli t4, t3, 0x7
x29 <- 0x00000000
mem[X,0b0010000000000000000000000010011100] -> 0x5793
mem[X,0b0010000000000000000000000010011110] -> 0x019E
[44] [M]: 0x8000009C (0x019E5793) srli a5, t3, 0x19
x15 <- 0x00000000
mem[X,0b0010000000000000000000000010100000] -> 0xEEB3
mem[X,0b0010000000000000000000000010100010] -> 0x00FE
[45] [M]: 0x800000A0 (0x00FEEEB3) or t4, t4, a5
x29 <- 0x00000000
mem[X,0b0010000000000000000000000010100100] -> 0xDF13
mem[X,0b0010000000000000000000000010100110] -> 0x007E
[46] [M]: 0x800000A4 (0x007EDF13) srli t5, t4, 0x7
x30 <- 0x00000000
mem[X,0b0010000000000000000000000010101000] -> 0xD793
mem[X,0b0010000000000000000000000010101010] -> 0x019E
[47] [M]: 0x800000A8 (0x019ED793) srli a5, t4, 0x19
x15 <- 0x00000000
mem[X,0b0010000000000000000000000010101100] -> 0x6F33
mem[X,0b0010000000000000000000000010101110] -> 0x00FF
[48] [M]: 0x800000AC (0x00FF6F33) or t5, t5, a5
x30 <- 0x00000000
mem[X,0b0010000000000000000000000010110000] -> 0xC0B7
mem[X,0b0010000000000000000000000010110010] -> 0xFEED
[49] [M]: 0x800000B0 (0xFEEDC0B7) lui ra, -0x1124
x1 <- 0xFEEDC000
mem[X,0b0010000000000000000000000010110100] -> 0x8093
mem[X,0b0010000000000000000000000010110110] -> 0xEAD0
[50] [M]: 0x800000B4 (0xEAD08093) addi ra, ra, -0x153
x1 <- 0xFEEDBEAD
mem[X,0b0010000000000000000000000010111000] -> 0xD113
mem[X,0b0010000000000000000000000010111010] -> 0x0070
[51] [M]: 0x800000B8 (0x0070D113) srli sp, ra, 0x7
x2 <- 0x01FDDB7D
mem[X,0b0010000000000000000000000010111100] -> 0xD793
mem[X,0b0010000000000000000000000010111110] -> 0x0190
[52] [M]: 0x800000BC (0x0190D793) srli a5, ra, 0x19
x15 <- 0x0000007F
mem[X,0b0010000000000000000000000011000000] -> 0x6133
mem[X,0b0010000000000000000000000011000010] -> 0x00F1
[53] [M]: 0x800000C0 (0x00F16133) or sp, sp, a5
x2 <- 0x01FDDB7F
mem[X,0b0010000000000000000000000011000100] -> 0x5193
mem[X,0b0010000000000000000000000011000110] -> 0x0071
[54] [M]: 0x800000C4 (0x00715193) srli gp, sp, 0x7
x3 <- 0x0003FBB6
mem[X,0b0010000000000000000000000011001000] -> 0x5793
mem[X,0b0010000000000000000000000011001010] -> 0x0191
[55] [M]: 0x800000C8 (0x01915793) srli a5, sp, 0x19
x15 <- 0x00000000
mem[X,0b0010000000000000000000000011001100] -> 0xE1B3
mem[X,0b0010000000000000000000000011001110] -> 0x00F1
[56] [M]: 0x800000CC (0x00F1E1B3) or gp, gp, a5
x3 <- 0x0003FBB6
mem[X,0b0010000000000000000000000011010000] -> 0xD213
mem[X,0b0010000000000000000000000011010010] -> 0x0071
[57] [M]: 0x800000D0 (0x0071D213) srli tp, gp, 0x7
x4 <- 0x000007F7
mem[X,0b0010000000000000000000000011010100] -> 0xD793
mem[X,0b0010000000000000000000000011010110] -> 0x0191
[58] [M]: 0x800000D4 (0x0191D793) srli a5, gp, 0x19
x15 <- 0x00000000
mem[X,0b0010000000000000000000000011011000] -> 0x6233
mem[X,0b0010000000000000000000000011011010] -> 0x00F2
[59] [M]: 0x800000D8 (0x00F26233) or tp, tp, a5
x4 <- 0x000007F7
mem[X,0b0010000000000000000000000011011100] -> 0x5293
mem[X,0b0010000000000000000000000011011110] -> 0x0072
[60] [M]: 0x800000DC (0x00725293) srli t0, tp, 0x7
x5 <- 0x0000000F
mem[X,0b0010000000000000000000000011100000] -> 0x5793
mem[X,0b0010000000000000000000000011100010] -> 0x0192
[61] [M]: 0x800000E0 (0x01925793) srli a5, tp, 0x19
x15 <- 0x00000000
mem[X,0b0010000000000000000000000011100100] -> 0xE2B3
mem[X,0b0010000000000000000000000011100110] -> 0x00F2
[62] [M]: 0x800000E4 (0x00F2E2B3) or t0, t0, a5
x5 <- 0x0000000F
mem[X,0b0010000000000000000000000011101000] -> 0xD313
mem[X,0b0010000000000000000000000011101010] -> 0x0072
[63] [M]: 0x800000E8 (0x0072D313) srli t1, t0, 0x7
x6 <- 0x00000000
mem[X,0b0010000000000000000000000011101100] -> 0xD793
mem[X,0b0010000000000000000000000011101110] -> 0x0192
[64] [M]: 0x800000EC (0x0192D793) srli a5, t0, 0x19
x15 <- 0x00000000
mem[X,0b0010000000000000000000000011110000] -> 0x6333
mem[X,0b0010000000000000000000000011110010] -> 0x00F3
[65] [M]: 0x800000F0 (0x00F36333) or t1, t1, a5
x6 <- 0x00000000
mem[X,0b0010000000000000000000000011110100] -> 0x5393
mem[X,0b0010000000000000000000000011110110] -> 0x0073
[66] [M]: 0x800000F4 (0x00735393) srli t2, t1, 0x7
x7 <- 0x00000000
mem[X,0b0010000000000000000000000011111000] -> 0x5793
mem[X,0b0010000000000000000000000011111010] -> 0x0193
[67] [M]: 0x800000F8 (0x01935793) srli a5, t1, 0x19
x15 <- 0x00000000
mem[X,0b0010000000000000000000000011111100] -> 0xE3B3
mem[X,0b0010000000000000000000000011111110] -> 0x00F3
[68] [M]: 0x800000FC (0x00F3E3B3) or t2, t2, a5
x7 <- 0x00000000
mem[X,0b0010000000000000000000000100000000] -> 0xD413
mem[X,0b0010000000000000000000000100000010] -> 0x0073
[69] [M]: 0x80000100 (0x0073D413) srli fp, t2, 0x7
x8 <- 0x00000000
mem[X,0b0010000000000000000000000100000100] -> 0xD793
mem[X,0b0010000000000000000000000100000110] -> 0x0193
[70] [M]: 0x80000104 (0x0193D793) srli a5, t2, 0x19
x15 <- 0x00000000
mem[X,0b0010000000000000000000000100001000] -> 0x6433
mem[X,0b0010000000000000000000000100001010] -> 0x00F4
[71] [M]: 0x80000108 (0x00F46433) or fp, fp, a5
x8 <- 0x00000000
mem[X,0b0010000000000000000000000100001100] -> 0x5493
mem[X,0b0010000000000000000000000100001110] -> 0x0074
[72] [M]: 0x8000010C (0x00745493) srli s1, fp, 0x7
x9 <- 0x00000000
mem[X,0b0010000000000000000000000100010000] -> 0x5793
mem[X,0b0010000000000000000000000100010010] -> 0x0194
[73] [M]: 0x80000110 (0x01945793) srli a5, fp, 0x19
x15 <- 0x00000000
mem[X,0b0010000000000000000000000100010100] -> 0xE4B3
mem[X,0b0010000000000000000000000100010110] -> 0x00F4
[74] [M]: 0x80000114 (0x00F4E4B3) or s1, s1, a5
x9 <- 0x00000000
mem[X,0b0010000000000000000000000100011000] -> 0xD513
mem[X,0b0010000000000000000000000100011010] -> 0x0074
[75] [M]: 0x80000118 (0x0074D513) srli a0, s1, 0x7
x10 <- 0x00000000
mem[X,0b0010000000000000000000000100011100] -> 0xD793
mem[X,0b0010000000000000000000000100011110] -> 0x0194
[76] [M]: 0x8000011C (0x0194D793) srli a5, s1, 0x19
x15 <- 0x00000000
mem[X,0b0010000000000000000000000100100000] -> 0x6533
mem[X,0b0010000000000000000000000100100010] -> 0x00F5
[77] [M]: 0x80000120 (0x00F56533) or a0, a0, a5
x10 <- 0x00000000
mem[X,0b0010000000000000000000000100100100] -> 0x5593
mem[X,0b0010000000000000000000000100100110] -> 0x0075
[78] [M]: 0x80000124 (0x00755593) srli a1, a0, 0x7
x11 <- 0x00000000
mem[X,0b0010000000000000000000000100101000] -> 0x5793
mem[X,0b0010000000000000000000000100101010] -> 0x0195
[79] [M]: 0x80000128 (0x01955793) srli a5, a0, 0x19
x15 <- 0x00000000
mem[X,0b0010000000000000000000000100101100] -> 0xE5B3
mem[X,0b0010000000000000000000000100101110] -> 0x00F5
[80] [M]: 0x8000012C (0x00F5E5B3) or a1, a1, a5
x11 <- 0x00000000
mem[X,0b0010000000000000000000000100110000] -> 0xD613
mem[X,0b0010000000000000000000000100110010] -> 0x0075
[81] [M]: 0x80000130 (0x0075D613) srli a2, a1, 0x7
x12 <- 0x00000000
mem[X,0b0010000000000000000000000100110100] -> 0xD793
mem[X,0b0010000000000000000000000100110110] -> 0x0195
[82] [M]: 0x80000134 (0x0195D793) srli a5, a1, 0x19
x15 <- 0x00000000
mem[X,0b0010000000000000000000000100111000] -> 0x6633
mem[X,0b0010000000000000000000000100111010] -> 0x00F6
[83] [M]: 0x80000138 (0x00F66633) or a2, a2, a5
x12 <- 0x00000000
mem[X,0b0010000000000000000000000100111100] -> 0x5693
mem[X,0b0010000000000000000000000100111110] -> 0x0076
[84] [M]: 0x8000013C (0x00765693) srli a3, a2, 0x7
x13 <- 0x00000000
mem[X,0b0010000000000000000000000101000000] -> 0x5793
mem[X,0b0010000000000000000000000101000010] -> 0x0196
[85] [M]: 0x80000140 (0x01965793) srli a5, a2, 0x19
x15 <- 0x00000000
mem[X,0b0010000000000000000000000101000100] -> 0xE6B3
mem[X,0b0010000000000000000000000101000110] -> 0x00F6
[86] [M]: 0x80000144 (0x00F6E6B3) or a3, a3, a5
x13 <- 0x00000000
mem[X,0b0010000000000000000000000101001000] -> 0x0013
mem[X,0b0010000000000000000000000101001010] -> 0x0000
[87] [M]: 0x80000148 (0x00000013) addi zero, zero, 0x0
mem[X,0b0010000000000000000000000101001100] -> 0x0013
mem[X,0b0010000000000000000000000101001110] -> 0x0000
[88] [M]: 0x8000014C (0x00000013) addi zero, zero, 0x0
mem[X,0b0010000000000000000000000101010000] -> 0x0013
mem[X,0b0010000000000000000000000101010010] -> 0x0000
[89] [M]: 0x80000150 (0x00000013) addi zero, zero, 0x0
mem[X,0b0010000000000000000000000101010100] -> 0x0013
mem[X,0b0010000000000000000000000101010110] -> 0x0000
[90] [M]: 0x80000154 (0x00000013) addi zero, zero, 0x0
mem[X,0b0010000000000000000000000101011000] -> 0x0013
mem[X,0b0010000000000000000000000101011010] -> 0x0000
[91] [M]: 0x80000158 (0x00000013) addi zero, zero, 0x0
mem[X,0b0010000000000000000000000101011100] -> 0x0013
mem[X,0b0010000000000000000000000101011110] -> 0x0000
[92] [M]: 0x8000015C (0x00000013) addi zero, zero, 0x0
mem[X,0b0010000000000000000000000101100000] -> 0x3597
mem[X,0b0010000000000000000000000101100010] -> 0x0000
[93] [M]: 0x80000160 (0x00003597) auipc a1, 0x3
x11 <- 0x80003160
mem[X,0b0010000000000000000000000101100100] -> 0x8593
mem[X,0b0010000000000000000000000101100110] -> 0xFB45
[94] [M]: 0x80000164 (0xFB458593) addi a1, a1, -0x4c
x11 <- 0x80003114
mem[X,0b0010000000000000000000000101101000] -> 0x0013
mem[X,0b0010000000000000000000000101101010] -> 0x0000
[95] [M]: 0x80000168 (0x00000013) addi zero, zero, 0x0
mem[X,0b0010000000000000000000000101101100] -> 0x0013
mem[X,0b0010000000000000000000000101101110] -> 0x0000
[96] [M]: 0x8000016C (0x00000013) addi zero, zero, 0x0
mem[X,0b0010000000000000000000000101110000] -> 0x0013
mem[X,0b0010000000000000000000000101110010] -> 0x0000
[97] [M]: 0x80000170 (0x00000013) addi zero, zero, 0x0
mem[X,0b0010000000000000000000000101110100] -> 0x0013
mem[X,0b0010000000000000000000000101110110] -> 0x0000
[98] [M]: 0x80000174 (0x00000013) addi zero, zero, 0x0
mem[X,0b0010000000000000000000000101111000] -> 0x0013
mem[X,0b0010000000000000000000000101111010] -> 0x0000
[99] [M]: 0x80000178 (0x00000013) addi zero, zero, 0x0
clint mtime 0x0000000000000001 (mip.MTI <- 0b1)
htif::tick 0x0000000000000000
mem[X,0b0010000000000000000000000101111100] -> 0x0013
mem[X,0b0010000000000000000000000101111110] -> 0x0000
[100] [M]: 0x8000017C (0x00000013) addi zero, zero, 0x0
mem[X,0b0010000000000000000000000110000000] -> 0x0617
mem[X,0b0010000000000000000000000110000010] -> 0x0000
[101] [M]: 0x80000180 (0x00000617) auipc a2, 0x0
x12 <- 0x80000180
mem[X,0b0010000000000000000000000110000100] -> 0x0613
mem[X,0b0010000000000000000000000110000110] -> 0x0086
[102] [M]: 0x80000184 (0x00860613) addi a2, a2, 0x8
x12 <- 0x80000188
mem[X,0b0010000000000000000000000110001000] -> 0x0A17
mem[X,0b0010000000000000000000000110001010] -> 0x0000
[103] [M]: 0x80000188 (0x00000A17) auipc s4, 0x0
x20 <- 0x80000188
mem[X,0b0010000000000000000000000110001100] -> 0x0A33
mem[X,0b0010000000000000000000000110001110] -> 0x40CA
[104] [M]: 0x8000018C (0x40CA0A33) sub s4, s4, a2
x20 <- 0x00000000
mem[X,0b0010000000000000000000000110010000] -> 0xA023
mem[X,0b0010000000000000000000000110010010] -> 0x0145
[105] [M]: 0x80000190 (0x0145A023) sw s4, 0x0(a1)
mem[0b0010000000000000000011000100010100] <- 0x00000000
mem[X,0b0010000000000000000000000110010100] -> 0x0617
mem[X,0b0010000000000000000000000110010110] -> 0x0000
[106] [M]: 0x80000194 (0x00000617) auipc a2, 0x0
x12 <- 0x80000194
mem[X,0b0010000000000000000000000110011000] -> 0x0613
mem[X,0b0010000000000000000000000110011010] -> 0x0086
[107] [M]: 0x80000198 (0x00860613) addi a2, a2, 0x8
x12 <- 0x8000019C
mem[X,0b0010000000000000000000000110011100] -> 0xE897
mem[X,0b0010000000000000000000000110011110] -> 0x0000
[108] [M]: 0x8000019C (0x0000E897) auipc a7, 0xe
x17 <- 0x8000E19C
mem[X,0b0010000000000000000000000110100000] -> 0x88B3
mem[X,0b0010000000000000000000000110100010] -> 0x40C8
[109] [M]: 0x800001A0 (0x40C888B3) sub a7, a7, a2
x17 <- 0x0000E000
mem[X,0b0010000000000000000000000110100100] -> 0xA223
mem[X,0b0010000000000000000000000110100110] -> 0x0115
[110] [M]: 0x800001A4 (0x0115A223) sw a7, 0x4(a1)
mem[0b0010000000000000000011000100011000] <- 0x0000E000
mem[X,0b0010000000000000000000000110101000] -> 0x0617
mem[X,0b0010000000000000000000000110101010] -> 0x0000
[111] [M]: 0x800001A8 (0x00000617) auipc a2, 0x0
x12 <- 0x800001A8
mem[X,0b0010000000000000000000000110101100] -> 0x0613
mem[X,0b0010000000000000000000000110101110] -> 0x0086
[112] [M]: 0x800001AC (0x00860613) addi a2, a2, 0x8
x12 <- 0x800001B0
mem[X,0b0010000000000000000000000110110000] -> 0xF217
mem[X,0b0010000000000000000000000110110010] -> 0xFFFF
[113] [M]: 0x800001B0 (0xFFFFF217) auipc tp, -0x1
x4 <- 0x7FFFF1B0
mem[X,0b0010000000000000000000000110110100] -> 0x0233
mem[X,0b0010000000000000000000000110110110] -> 0x40C2
[114] [M]: 0x800001B4 (0x40C20233) sub tp, tp, a2
x4 <- 0xFFFFF000
mem[X,0b0010000000000000000000000110111000] -> 0xA423
mem[X,0b0010000000000000000000000110111010] -> 0x0045
[115] [M]: 0x800001B8 (0x0045A423) sw tp, 0x8(a1)
mem[0b0010000000000000000011000100011100] <- 0xFFFFF000
mem[X,0b0010000000000000000000000110111100] -> 0x0617
mem[X,0b0010000000000000000000000110111110] -> 0x0000
[116] [M]: 0x800001BC (0x00000617) auipc a2, 0x0
x12 <- 0x800001BC
mem[X,0b0010000000000000000000000111000000] -> 0x0613
mem[X,0b0010000000000000000000000111000010] -> 0x0086
[117] [M]: 0x800001C0 (0x00860613) addi a2, a2, 0x8
x12 <- 0x800001C4
mem[X,0b0010000000000000000000000111000100] -> 0x3C17
mem[X,0b0010000000000000000000000111000110] -> 0x0000
[118] [M]: 0x800001C4 (0x00003C17) auipc s8, 0x3
x24 <- 0x800031C4
mem[X,0b0010000000000000000000000111001000] -> 0x0C33
mem[X,0b0010000000000000000000000111001010] -> 0x40CC
[119] [M]: 0x800001C8 (0x40CC0C33) sub s8, s8, a2
x24 <- 0x00003000
mem[X,0b0010000000000000000000000111001100] -> 0xA623
mem[X,0b0010000000000000000000000111001110] -> 0x0185
[120] [M]: 0x800001CC (0x0185A623) sw s8, 0xc(a1)
mem[0b0010000000000000000011000100100000] <- 0x00003000
mem[X,0b0010000000000000000000000111010000] -> 0x0617
mem[X,0b0010000000000000000000000111010010] -> 0x0000
[121] [M]: 0x800001D0 (0x00000617) auipc a2, 0x0
x12 <- 0x800001D0
mem[X,0b0010000000000000000000000111010100] -> 0x0613
mem[X,0b0010000000000000000000000111010110] -> 0x0086
[122] [M]: 0x800001D4 (0x00860613) addi a2, a2, 0x8
x12 <- 0x800001D8
mem[X,0b0010000000000000000000000111011000] -> 0x5A97
mem[X,0b0010000000000000000000000111011010] -> 0x5555
[123] [M]: 0x800001D8 (0x55555A97) auipc s5, 0x55555
x21 <- 0xD55551D8
mem[X,0b0010000000000000000000000111011100] -> 0x8AB3
mem[X,0b0010000000000000000000000111011110] -> 0x40CA
[124] [M]: 0x800001DC (0x40CA8AB3) sub s5, s5, a2
x21 <- 0x55555000
mem[X,0b0010000000000000000000000111100000] -> 0xA823
mem[X,0b0010000000000000000000000111100010] -> 0x0155
[125] [M]: 0x800001E0 (0x0155A823) sw s5, 0x10(a1)
mem[0b0010000000000000000011000100100100] <- 0x55555000
mem[X,0b0010000000000000000000000111100100] -> 0x0617
mem[X,0b0010000000000000000000000111100110] -> 0x0000
[126] [M]: 0x800001E4 (0x00000617) auipc a2, 0x0
x12 <- 0x800001E4
mem[X,0b0010000000000000000000000111101000] -> 0x0613
mem[X,0b0010000000000000000000000111101010] -> 0x0086
[127] [M]: 0x800001E8 (0x00860613) addi a2, a2, 0x8
x12 <- 0x800001EC
mem[X,0b0010000000000000000000000111101100] -> 0xA417
mem[X,0b0010000000000000000000000111101110] -> 0xAAAA
[128] [M]: 0x800001EC (0xAAAAA417) auipc fp, -0x55556
x8 <- 0x2AAAA1EC
mem[X,0b0010000000000000000000000111110000] -> 0x0433
mem[X,0b0010000000000000000000000111110010] -> 0x40C4
[129] [M]: 0x800001F0 (0x40C40433) sub fp, fp, a2
x8 <- 0xAAAAA000
mem[X,0b0010000000000000000000000111110100] -> 0xAA23
mem[X,0b0010000000000000000000000111110110] -> 0x0085
[130] [M]: 0x800001F4 (0x0085AA23) sw fp, 0x14(a1)
mem[0b0010000000000000000011000100101000] <- 0xAAAAA000
mem[X,0b0010000000000000000000000111111000] -> 0x0617
mem[X,0b0010000000000000000000000111111010] -> 0x0000
[131] [M]: 0x800001F8 (0x00000617) auipc a2, 0x0
x12 <- 0x800001F8
mem[X,0b0010000000000000000000000111111100] -> 0x0613
mem[X,0b0010000000000000000000000111111110] -> 0x0086
[132] [M]: 0x800001FC (0x00860613) addi a2, a2, 0x8
x12 <- 0x80000200
mem[X,0b0010000000000000000000001000000000] -> 0x5717
mem[X,0b0010000000000000000000001000000010] -> 0x0000
[133] [M]: 0x80000200 (0x00005717) auipc a4, 0x5
x14 <- 0x80005200
mem[X,0b0010000000000000000000001000000100] -> 0x0733
mem[X,0b0010000000000000000000001000000110] -> 0x40C7
[134] [M]: 0x80000204 (0x40C70733) sub a4, a4, a2
x14 <- 0x00005000
mem[X,0b0010000000000000000000001000001000] -> 0xAC23
mem[X,0b0010000000000000000000001000001010] -> 0x00E5
[135] [M]: 0x80000208 (0x00E5AC23) sw a4, 0x18(a1)
mem[0b0010000000000000000011000100101100] <- 0x00005000
mem[X,0b0010000000000000000000001000001100] -> 0x0617
mem[X,0b0010000000000000000000001000001110] -> 0x0000
[136] [M]: 0x8000020C (0x00000617) auipc a2, 0x0
x12 <- 0x8000020C
mem[X,0b0010000000000000000000001000010000] -> 0x0613
mem[X,0b0010000000000000000000001000010010] -> 0x0086
[137] [M]: 0x80000210 (0x00860613) addi a2, a2, 0x8
x12 <- 0x80000214
mem[X,0b0010000000000000000000001000010100] -> 0x3D17
mem[X,0b0010000000000000000000001000010110] -> 0x3333
[138] [M]: 0x80000214 (0x33333D17) auipc s10, 0x33333
x26 <- 0xB3333214
mem[X,0b0010000000000000000000001000011000] -> 0x0D33
mem[X,0b0010000000000000000000001000011010] -> 0x40CD
[139] [M]: 0x80000218 (0x40CD0D33) sub s10, s10, a2
x26 <- 0x33333000
mem[X,0b0010000000000000000000001000011100] -> 0xAE23
mem[X,0b0010000000000000000000001000011110] -> 0x01A5
[140] [M]: 0x8000021C (0x01A5AE23) sw s10, 0x1c(a1)
mem[0b0010000000000000000011000100110000] <- 0x33333000
mem[X,0b0010000000000000000000001000100000] -> 0x0617
mem[X,0b0010000000000000000000001000100010] -> 0x0000
[141] [M]: 0x80000220 (0x00000617) auipc a2, 0x0
x12 <- 0x80000220
mem[X,0b0010000000000000000000001000100100] -> 0x0613
mem[X,0b0010000000000000000000001000100110] -> 0x0086
[142] [M]: 0x80000224 (0x00860613) addi a2, a2, 0x8
x12 <- 0x80000228
mem[X,0b0010000000000000000000001000101000] -> 0x6497
mem[X,0b0010000000000000000000001000101010] -> 0x6666
[143] [M]: 0x80000228 (0x66666497) auipc s1, 0x66666
x9 <- 0xE6666228
mem[X,0b0010000000000000000000001000101100] -> 0x84B3
mem[X,0b0010000000000000000000001000101110] -> 0x40C4
[144] [M]: 0x8000022C (0x40C484B3) sub s1, s1, a2
x9 <- 0x66666000
mem[X,0b0010000000000000000000001000110000] -> 0xA023
mem[X,0b0010000000000000000000001000110010] -> 0x0295
[145] [M]: 0x80000230 (0x0295A023) sw s1, 0x20(a1)
mem[0b0010000000000000000011000100110100] <- 0x66666000
mem[X,0b0010000000000000000000001000110100] -> 0x0617
mem[X,0b0010000000000000000000001000110110] -> 0x0000
[146] [M]: 0x80000234 (0x00000617) auipc a2, 0x0
x12 <- 0x80000234
mem[X,0b0010000000000000000000001000111000] -> 0x0613
mem[X,0b0010000000000000000000001000111010] -> 0x0086
[147] [M]: 0x80000238 (0x00860613) addi a2, a2, 0x8
x12 <- 0x8000023C
mem[X,0b0010000000000000000000001000111100] -> 0x4797
mem[X,0b0010000000000000000000001000111110] -> 0x002D
[148] [M]: 0x8000023C (0x002D4797) auipc a5, 0x2d4
x15 <- 0x802D423C
mem[X,0b0010000000000000000000001001000000] -> 0x87B3
mem[X,0b0010000000000000000000001001000010] -> 0x40C7
[149] [M]: 0x80000240 (0x40C787B3) sub a5, a5, a2
x15 <- 0x002D4000
mem[X,0b0010000000000000000000001001000100] -> 0xA223
mem[X,0b0010000000000000000000001001000110] -> 0x02F5
[150] [M]: 0x80000244 (0x02F5A223) sw a5, 0x24(a1)
mem[0b0010000000000000000011000100111000] <- 0x002D4000
mem[X,0b0010000000000000000000001001001000] -> 0x0617
mem[X,0b0010000000000000000000001001001010] -> 0x0000
[151] [M]: 0x80000248 (0x00000617) auipc a2, 0x0
x12 <- 0x80000248
mem[X,0b0010000000000000000000001001001100] -> 0x0613
mem[X,0b0010000000000000000000001001001110] -> 0x0086
[152] [M]: 0x8000024C (0x00860613) addi a2, a2, 0x8
x12 <- 0x80000250
mem[X,0b0010000000000000000000001001010000] -> 0xF917
mem[X,0b0010000000000000000000001001010010] -> 0x003F
[153] [M]: 0x80000250 (0x003FF917) auipc s2, 0x3ff
x18 <- 0x803FF250
mem[X,0b0010000000000000000000001001010100] -> 0x0933
mem[X,0b0010000000000000000000001001010110] -> 0x40C9
[154] [M]: 0x80000254 (0x40C90933) sub s2, s2, a2
x18 <- 0x003FF000
mem[X,0b0010000000000000000000001001011000] -> 0xA423
mem[X,0b0010000000000000000000001001011010] -> 0x0325
[155] [M]: 0x80000258 (0x0325A423) sw s2, 0x28(a1)
mem[0b0010000000000000000011000100111100] <- 0x003FF000
mem[X,0b0010000000000000000000001001011100] -> 0x0617
mem[X,0b0010000000000000000000001001011110] -> 0x0000
[156] [M]: 0x8000025C (0x00000617) auipc a2, 0x0
x12 <- 0x8000025C
mem[X,0b0010000000000000000000001001100000] -> 0x0613
mem[X,0b0010000000000000000000001001100010] -> 0x0086
[157] [M]: 0x80000260 (0x00860613) addi a2, a2, 0x8
x12 <- 0x80000264
mem[X,0b0010000000000000000000001001100100] -> 0x2517
mem[X,0b0010000000000000000000001001100110] -> 0x0000
[158] [M]: 0x80000264 (0x00002517) auipc a0, 0x2
x10 <- 0x80002264
mem[X,0b0010000000000000000000001001101000] -> 0x0533
mem[X,0b0010000000000000000000001001101010] -> 0x40C5
[159] [M]: 0x80000268 (0x40C50533) sub a0, a0, a2
x10 <- 0x00002000
mem[X,0b0010000000000000000000001001101100] -> 0xA623
mem[X,0b0010000000000000000000001001101110] -> 0x02A5
[160] [M]: 0x8000026C (0x02A5A623) sw a0, 0x2c(a1)
mem[0b0010000000000000000011000101000000] <- 0x00002000
mem[X,0b0010000000000000000000001001110000] -> 0x0617
mem[X,0b0010000000000000000000001001110010] -> 0x0000
[161] [M]: 0x80000270 (0x00000617) auipc a2, 0x0
x12 <- 0x80000270
mem[X,0b0010000000000000000000001001110100] -> 0x0613
mem[X,0b0010000000000000000000001001110110] -> 0x0086
[162] [M]: 0x80000274 (0x00860613) addi a2, a2, 0x8
x12 <- 0x80000278
mem[X,0b0010000000000000000000001001111000] -> 0x4397
mem[X,0b0010000000000000000000001001111010] -> 0x5555
[163] [M]: 0x80000278 (0x55554397) auipc t2, 0x55554
x7 <- 0xD5554278
mem[X,0b0010000000000000000000001001111100] -> 0x83B3
mem[X,0b0010000000000000000000001001111110] -> 0x40C3
[164] [M]: 0x8000027C (0x40C383B3) sub t2, t2, a2
x7 <- 0x55554000
mem[X,0b0010000000000000000000001010000000] -> 0xA823
mem[X,0b0010000000000000000000001010000010] -> 0x0275
[165] [M]: 0x80000280 (0x0275A823) sw t2, 0x30(a1)
mem[0b0010000000000000000011000101000100] <- 0x55554000
mem[X,0b0010000000000000000000001010000100] -> 0x0617
mem[X,0b0010000000000000000000001010000110] -> 0x0000
[166] [M]: 0x80000284 (0x00000617) auipc a2, 0x0
x12 <- 0x80000284
mem[X,0b0010000000000000000000001010001000] -> 0x0613
mem[X,0b0010000000000000000000001010001010] -> 0x0086
[167] [M]: 0x80000288 (0x00860613) addi a2, a2, 0x8
x12 <- 0x8000028C
mem[X,0b0010000000000000000000001010001100] -> 0x9097
mem[X,0b0010000000000000000000001010001110] -> 0xAAAA
[168] [M]: 0x8000028C (0xAAAA9097) auipc ra, -0x55557
x1 <- 0x2AAA928C
mem[X,0b0010000000000000000000001010010000] -> 0x80B3
mem[X,0b0010000000000000000000001010010010] -> 0x40C0
[169] [M]: 0x80000290 (0x40C080B3) sub ra, ra, a2
x1 <- 0xAAAA9000
mem[X,0b0010000000000000000000001010010100] -> 0xAA23
mem[X,0b0010000000000000000000001010010110] -> 0x0215
[170] [M]: 0x80000294 (0x0215AA23) sw ra, 0x34(a1)
mem[0b0010000000000000000011000101001000] <- 0xAAAA9000
mem[X,0b0010000000000000000000001010011000] -> 0x0617
mem[X,0b0010000000000000000000001010011010] -> 0x0000
[171] [M]: 0x80000298 (0x00000617) auipc a2, 0x0
x12 <- 0x80000298
mem[X,0b0010000000000000000000001010011100] -> 0x0613
mem[X,0b0010000000000000000000001010011110] -> 0x0086
[172] [M]: 0x8000029C (0x00860613) addi a2, a2, 0x8
x12 <- 0x800002A0
mem[X,0b0010000000000000000000001010100000] -> 0x4C97
mem[X,0b0010000000000000000000001010100010] -> 0x0000
[173] [M]: 0x800002A0 (0x00004C97) auipc s9, 0x4
x25 <- 0x800042A0
mem[X,0b0010000000000000000000001010100100] -> 0x8CB3
mem[X,0b0010000000000000000000001010100110] -> 0x40CC
[174] [M]: 0x800002A4 (0x40CC8CB3) sub s9, s9, a2
x25 <- 0x00004000
mem[X,0b0010000000000000000000001010101000] -> 0xAC23
mem[X,0b0010000000000000000000001010101010] -> 0x0395
[175] [M]: 0x800002A8 (0x0395AC23) sw s9, 0x38(a1)
mem[0b0010000000000000000011000101001100] <- 0x00004000
mem[X,0b0010000000000000000000001010101100] -> 0x0617
mem[X,0b0010000000000000000000001010101110] -> 0x0000
[176] [M]: 0x800002AC (0x00000617) auipc a2, 0x0
x12 <- 0x800002AC
mem[X,0b0010000000000000000000001010110000] -> 0x0613
mem[X,0b0010000000000000000000001010110010] -> 0x0086
[177] [M]: 0x800002B0 (0x00860613) addi a2, a2, 0x8
x12 <- 0x800002B4
mem[X,0b0010000000000000000000001010110100] -> 0x2B97
mem[X,0b0010000000000000000000001010110110] -> 0x3333
[178] [M]: 0x800002B4 (0x33332B97) auipc s7, 0x33332
x23 <- 0xB33322B4
mem[X,0b0010000000000000000000001010111000] -> 0x8BB3
mem[X,0b0010000000000000000000001010111010] -> 0x40CB
[179] [M]: 0x800002B8 (0x40CB8BB3) sub s7, s7, a2
x23 <- 0x33332000
mem[X,0b0010000000000000000000001010111100] -> 0xAE23
mem[X,0b0010000000000000000000001010111110] -> 0x0375
[180] [M]: 0x800002BC (0x0375AE23) sw s7, 0x3c(a1)
mem[0b0010000000000000000011000101010000] <- 0x33332000
mem[X,0b0010000000000000000000001011000000] -> 0x0617
mem[X,0b0010000000000000000000001011000010] -> 0x0000
[181] [M]: 0x800002C0 (0x00000617) auipc a2, 0x0
x12 <- 0x800002C0
mem[X,0b0010000000000000000000001011000100] -> 0x0613
mem[X,0b0010000000000000000000001011000110] -> 0x0086
[182] [M]: 0x800002C4 (0x00860613) addi a2, a2, 0x8
x12 <- 0x800002C8
mem[X,0b0010000000000000000000001011001000] -> 0x5F97
mem[X,0b0010000000000000000000001011001010] -> 0x6666
[183] [M]: 0x800002C8 (0x66665F97) auipc t6, 0x66665
x31 <- 0xE66652C8
mem[X,0b0010000000000000000000001011001100] -> 0x8FB3
mem[X,0b0010000000000000000000001011001110] -> 0x40CF
[184] [M]: 0x800002CC (0x40CF8FB3) sub t6, t6, a2
x31 <- 0x66665000
mem[X,0b0010000000000000000000001011010000] -> 0xA023
mem[X,0b0010000000000000000000001011010010] -> 0x05F5
[185] [M]: 0x800002D0 (0x05F5A023) sw t6, 0x40(a1)
mem[0b0010000000000000000011000101010100] <- 0x66665000
mem[X,0b0010000000000000000000001011010100] -> 0x0617
mem[X,0b0010000000000000000000001011010110] -> 0x0000
[186] [M]: 0x800002D4 (0x00000617) auipc a2, 0x0
x12 <- 0x800002D4
mem[X,0b0010000000000000000000001011011000] -> 0x0613
mem[X,0b0010000000000000000000001011011010] -> 0x0086
[187] [M]: 0x800002D8 (0x00860613) addi a2, a2, 0x8
x12 <- 0x800002DC
mem[X,0b0010000000000000000000001011011100] -> 0x3297
mem[X,0b0010000000000000000000001011011110] -> 0x002D
[188] [M]: 0x800002DC (0x002D3297) auipc t0, 0x2d3
x5 <- 0x802D32DC
mem[X,0b0010000000000000000000001011100000] -> 0x82B3
mem[X,0b0010000000000000000000001011100010] -> 0x40C2
[189] [M]: 0x800002E0 (0x40C282B3) sub t0, t0, a2
x5 <- 0x002D3000
mem[X,0b0010000000000000000000001011100100] -> 0xA223
mem[X,0b0010000000000000000000001011100110] -> 0x0455
[190] [M]: 0x800002E4 (0x0455A223) sw t0, 0x44(a1)
mem[0b0010000000000000000011000101011000] <- 0x002D3000
mem[X,0b0010000000000000000000001011101000] -> 0x0617
mem[X,0b0010000000000000000000001011101010] -> 0x0000
[191] [M]: 0x800002E8 (0x00000617) auipc a2, 0x0
x12 <- 0x800002E8
mem[X,0b0010000000000000000000001011101100] -> 0x0613
mem[X,0b0010000000000000000000001011101110] -> 0x0086
[192] [M]: 0x800002EC (0x00860613) addi a2, a2, 0x8
x12 <- 0x800002F0
mem[X,0b0010000000000000000000001011110000] -> 0xEB17
mem[X,0b0010000000000000000000001011110010] -> 0x003F
[193] [M]: 0x800002F0 (0x003FEB17) auipc s6, 0x3fe
x22 <- 0x803FE2F0
mem[X,0b0010000000000000000000001011110100] -> 0x0B33
mem[X,0b0010000000000000000000001011110110] -> 0x40CB
[194] [M]: 0x800002F4 (0x40CB0B33) sub s6, s6, a2
x22 <- 0x003FE000
mem[X,0b0010000000000000000000001011111000] -> 0xA423
mem[X,0b0010000000000000000000001011111010] -> 0x0565
[195] [M]: 0x800002F8 (0x0565A423) sw s6, 0x48(a1)
mem[0b0010000000000000000011000101011100] <- 0x003FE000
mem[X,0b0010000000000000000000001011111100] -> 0x0617
mem[X,0b0010000000000000000000001011111110] -> 0x0000
[196] [M]: 0x800002FC (0x00000617) auipc a2, 0x0
x12 <- 0x800002FC
mem[X,0b0010000000000000000000001100000000] -> 0x0613
mem[X,0b0010000000000000000000001100000010] -> 0x0086
[197] [M]: 0x80000300 (0x00860613) addi a2, a2, 0x8
x12 <- 0x80000304
mem[X,0b0010000000000000000000001100000100] -> 0x6197
mem[X,0b0010000000000000000000001100000110] -> 0x5555
[198] [M]: 0x80000304 (0x55556197) auipc gp, 0x55556
x3 <- 0xD5556304
mem[X,0b0010000000000000000000001100001000] -> 0x81B3
mem[X,0b0010000000000000000000001100001010] -> 0x40C1
[199] [M]: 0x80000308 (0x40C181B3) sub gp, gp, a2
x3 <- 0x55556000
clint mtime 0x0000000000000002 (mip.MTI <- 0b1)
htif::tick 0x0000000000000000
mem[X,0b0010000000000000000000001100001100] -> 0xA623
mem[X,0b0010000000000000000000001100001110] -> 0x0435
[200] [M]: 0x8000030C (0x0435A623) sw gp, 0x4c(a1)
mem[0b0010000000000000000011000101100000] <- 0x55556000
mem[X,0b0010000000000000000000001100010000] -> 0x0617
mem[X,0b0010000000000000000000001100010010] -> 0x0000
[201] [M]: 0x80000310 (0x00000617) auipc a2, 0x0
x12 <- 0x80000310
mem[X,0b0010000000000000000000001100010100] -> 0x0613
mem[X,0b0010000000000000000000001100010110] -> 0x0086
[202] [M]: 0x80000314 (0x00860613) addi a2, a2, 0x8
x12 <- 0x80000318
mem[X,0b0010000000000000000000001100011000] -> 0xBF17
mem[X,0b0010000000000000000000001100011010] -> 0xAAAA
[203] [M]: 0x80000318 (0xAAAABF17) auipc t5, -0x55555
x30 <- 0x2AAAB318
mem[X,0b0010000000000000000000001100011100] -> 0x0F33
mem[X,0b0010000000000000000000001100011110] -> 0x40CF
[204] [M]: 0x8000031C (0x40CF0F33) sub t5, t5, a2
x30 <- 0xAAAAB000
mem[X,0b0010000000000000000000001100100000] -> 0xA823
mem[X,0b0010000000000000000000001100100010] -> 0x05E5
[205] [M]: 0x80000320 (0x05E5A823) sw t5, 0x50(a1)
mem[0b0010000000000000000011000101100100] <- 0xAAAAB000
mem[X,0b0010000000000000000000001100100100] -> 0x0617
mem[X,0b0010000000000000000000001100100110] -> 0x0000
[206] [M]: 0x80000324 (0x00000617) auipc a2, 0x0
x12 <- 0x80000324
mem[X,0b0010000000000000000000001100101000] -> 0x0613
mem[X,0b0010000000000000000000001100101010] -> 0x0086
[207] [M]: 0x80000328 (0x00860613) addi a2, a2, 0x8
x12 <- 0x8000032C
mem[X,0b0010000000000000000000001100101100] -> 0x6017
mem[X,0b0010000000000000000000001100101110] -> 0x0000
[208] [M]: 0x8000032C (0x00006017) auipc zero, 0x6
mem[X,0b0010000000000000000000001100110000] -> 0x0033
mem[X,0b0010000000000000000000001100110010] -> 0x40C0
[209] [M]: 0x80000330 (0x40C00033) sub zero, zero, a2
mem[X,0b0010000000000000000000001100110100] -> 0xAA23
mem[X,0b0010000000000000000000001100110110] -> 0x0405
[210] [M]: 0x80000334 (0x0405AA23) sw zero, 0x54(a1)
mem[0b0010000000000000000011000101101000] <- 0x00000000
mem[X,0b0010000000000000000000001100111000] -> 0x0617
mem[X,0b0010000000000000000000001100111010] -> 0x0000
[211] [M]: 0x80000338 (0x00000617) auipc a2, 0x0
x12 <- 0x80000338
mem[X,0b0010000000000000000000001100111100] -> 0x0613
mem[X,0b0010000000000000000000001100111110] -> 0x0086
[212] [M]: 0x8000033C (0x00860613) addi a2, a2, 0x8
x12 <- 0x80000340
mem[X,0b0010000000000000000000001101000000] -> 0x4817
mem[X,0b0010000000000000000000001101000010] -> 0x3333
[213] [M]: 0x80000340 (0x33334817) auipc a6, 0x33334
x16 <- 0xB3334340
mem[X,0b0010000000000000000000001101000100] -> 0x0833
mem[X,0b0010000000000000000000001101000110] -> 0x40C8
[214] [M]: 0x80000344 (0x40C80833) sub a6, a6, a2
x16 <- 0x33334000
mem[X,0b0010000000000000000000001101001000] -> 0xAC23
mem[X,0b0010000000000000000000001101001010] -> 0x0505
[215] [M]: 0x80000348 (0x0505AC23) sw a6, 0x58(a1)
mem[0b0010000000000000000011000101101100] <- 0x33334000
mem[X,0b0010000000000000000000001101001100] -> 0x0617
mem[X,0b0010000000000000000000001101001110] -> 0x0000
[216] [M]: 0x8000034C (0x00000617) auipc a2, 0x0
x12 <- 0x8000034C
mem[X,0b0010000000000000000000001101010000] -> 0x0613
mem[X,0b0010000000000000000000001101010010] -> 0x0086
[217] [M]: 0x80000350 (0x00860613) addi a2, a2, 0x8
x12 <- 0x80000354
mem[X,0b0010000000000000000000001101010100] -> 0x7997
mem[X,0b0010000000000000000000001101010110] -> 0x6666
[218] [M]: 0x80000354 (0x66667997) auipc s3, 0x66667
x19 <- 0xE6667354
mem[X,0b0010000000000000000000001101011000] -> 0x89B3
mem[X,0b0010000000000000000000001101011010] -> 0x40C9
[219] [M]: 0x80000358 (0x40C989B3) sub s3, s3, a2
x19 <- 0x66667000
mem[X,0b0010000000000000000000001101011100] -> 0xAE23
mem[X,0b0010000000000000000000001101011110] -> 0x0535
[220] [M]: 0x8000035C (0x0535AE23) sw s3, 0x5c(a1)
mem[0b0010000000000000000011000101110000] <- 0x66667000
mem[X,0b0010000000000000000000001101100000] -> 0x0617
mem[X,0b0010000000000000000000001101100010] -> 0x0000
[221] [M]: 0x80000360 (0x00000617) auipc a2, 0x0
x12 <- 0x80000360
mem[X,0b0010000000000000000000001101100100] -> 0x0613
mem[X,0b0010000000000000000000001101100110] -> 0x0086
[222] [M]: 0x80000364 (0x00860613) addi a2, a2, 0x8
x12 <- 0x80000368
mem[X,0b0010000000000000000000001101101000] -> 0x5E97
mem[X,0b0010000000000000000000001101101010] -> 0x002D
[223] [M]: 0x80000368 (0x002D5E97) auipc t4, 0x2d5
x29 <- 0x802D5368
mem[X,0b0010000000000000000000001101101100] -> 0x8EB3
mem[X,0b0010000000000000000000001101101110] -> 0x40CE
[224] [M]: 0x8000036C (0x40CE8EB3) sub t4, t4, a2
x29 <- 0x002D5000
mem[X,0b0010000000000000000000001101110000] -> 0xA023
mem[X,0b0010000000000000000000001101110010] -> 0x07D5
[225] [M]: 0x80000370 (0x07D5A023) sw t4, 0x60(a1)
mem[0b0010000000000000000011000101110100] <- 0x002D5000
mem[X,0b0010000000000000000000001101110100] -> 0x0617
mem[X,0b0010000000000000000000001101110110] -> 0x0000
[226] [M]: 0x80000374 (0x00000617) auipc a2, 0x0
x12 <- 0x80000374
mem[X,0b0010000000000000000000001101111000] -> 0x0613
mem[X,0b0010000000000000000000001101111010] -> 0x0086
[227] [M]: 0x80000378 (0x00860613) addi a2, a2, 0x8
x12 <- 0x8000037C
mem[X,0b0010000000000000000000001101111100] -> 0x1317
mem[X,0b0010000000000000000000001101111110] -> 0x0000
[228] [M]: 0x8000037C (0x00001317) auipc t1, 0x1
x6 <- 0x8000137C
mem[X,0b0010000000000000000000001110000000] -> 0x0333
mem[X,0b0010000000000000000000001110000010] -> 0x40C3
[229] [M]: 0x80000380 (0x40C30333) sub t1, t1, a2
x6 <- 0x00001000
mem[X,0b0010000000000000000000001110000100] -> 0xA223
mem[X,0b0010000000000000000000001110000110] -> 0x0665
[230] [M]: 0x80000384 (0x0665A223) sw t1, 0x64(a1)
mem[0b0010000000000000000011000101111000] <- 0x00001000
mem[X,0b0010000000000000000000001110001000] -> 0x0617
mem[X,0b0010000000000000000000001110001010] -> 0x0000
[231] [M]: 0x80000388 (0x00000617) auipc a2, 0x0
x12 <- 0x80000388
mem[X,0b0010000000000000000000001110001100] -> 0x0613
mem[X,0b0010000000000000000000001110001110] -> 0x0086
[232] [M]: 0x8000038C (0x00860613) addi a2, a2, 0x8
x12 <- 0x80000390
mem[X,0b0010000000000000000000001110010000] -> 0x0E17
mem[X,0b0010000000000000000000001110010010] -> 0x0040
[233] [M]: 0x80000390 (0x00400E17) auipc t3, 0x400
x28 <- 0x80400390
mem[X,0b0010000000000000000000001110010100] -> 0x0E33
mem[X,0b0010000000000000000000001110010110] -> 0x40CE
[234] [M]: 0x80000394 (0x40CE0E33) sub t3, t3, a2
x28 <- 0x00400000
mem[X,0b0010000000000000000000001110011000] -> 0xA423
mem[X,0b0010000000000000000000001110011010] -> 0x07C5
[235] [M]: 0x80000398 (0x07C5A423) sw t3, 0x68(a1)
mem[0b0010000000000000000011000101111100] <- 0x00400000
mem[X,0b0010000000000000000000001110011100] -> 0x0617
mem[X,0b0010000000000000000000001110011110] -> 0x0000
[236] [M]: 0x8000039C (0x00000617) auipc a2, 0x0
x12 <- 0x8000039C
mem[X,0b0010000000000000000000001110100000] -> 0x0613
mem[X,0b0010000000000000000000001110100010] -> 0x0086
[237] [M]: 0x800003A0 (0x00860613) addi a2, a2, 0x8
x12 <- 0x800003A4
mem[X,0b0010000000000000000000001110100100] -> 0x8117
mem[X,0b0010000000000000000000001110100110] -> 0x0000
[238] [M]: 0x800003A4 (0x00008117) auipc sp, 0x8
x2 <- 0x800083A4
mem[X,0b0010000000000000000000001110101000] -> 0x0133
mem[X,0b0010000000000000000000001110101010] -> 0x40C1
[239] [M]: 0x800003A8 (0x40C10133) sub sp, sp, a2
x2 <- 0x00008000
mem[X,0b0010000000000000000000001110101100] -> 0xA623
mem[X,0b0010000000000000000000001110101110] -> 0x0625
[240] [M]: 0x800003AC (0x0625A623) sw sp, 0x6c(a1)
mem[0b0010000000000000000011000110000000] <- 0x00008000
mem[X,0b0010000000000000000000001110110000] -> 0x0117
mem[X,0b0010000000000000000000001110110010] -> 0x0000
[241] [M]: 0x800003B0 (0x00000117) auipc sp, 0x0
x2 <- 0x800003B0
mem[X,0b0010000000000000000000001110110100] -> 0x0113
mem[X,0b0010000000000000000000001110110110] -> 0x0081
[242] [M]: 0x800003B4 (0x00810113) addi sp, sp, 0x8
x2 <- 0x800003B8
mem[X,0b0010000000000000000000001110111000] -> 0x0D97
mem[X,0b0010000000000000000000001110111010] -> 0x0001
[243] [M]: 0x800003B8 (0x00010D97) auipc s11, 0x10
x27 <- 0x800103B8
mem[X,0b0010000000000000000000001110111100] -> 0x8DB3
mem[X,0b0010000000000000000000001110111110] -> 0x402D
[244] [M]: 0x800003BC (0x402D8DB3) sub s11, s11, sp
x27 <- 0x00010000
mem[X,0b0010000000000000000000001111000000] -> 0xA823
mem[X,0b0010000000000000000000001111000010] -> 0x07B5
[245] [M]: 0x800003C0 (0x07B5A823) sw s11, 0x70(a1)
mem[0b0010000000000000000011000110000100] <- 0x00010000
mem[X,0b0010000000000000000000001111000100] -> 0x0013
mem[X,0b0010000000000000000000001111000110] -> 0x0000
[246] [M]: 0x800003C4 (0x00000013) addi zero, zero, 0x0
mem[X,0b0010000000000000000000001111001000] -> 0x0013
mem[X,0b0010000000000000000000001111001010] -> 0x0000
[247] [M]: 0x800003C8 (0x00000013) addi zero, zero, 0x0
mem[X,0b0010000000000000000000001111001100] -> 0x0013
mem[X,0b0010000000000000000000001111001110] -> 0x0000
[248] [M]: 0x800003CC (0x00000013) addi zero, zero, 0x0
mem[X,0b0010000000000000000000001111010000] -> 0x0013
mem[X,0b0010000000000000000000001111010010] -> 0x0000
[249] [M]: 0x800003D0 (0x00000013) addi zero, zero, 0x0
mem[X,0b0010000000000000000000001111010100] -> 0x0013
mem[X,0b0010000000000000000000001111010110] -> 0x0000
[250] [M]: 0x800003D4 (0x00000013) addi zero, zero, 0x0
mem[X,0b0010000000000000000000001111011000] -> 0x0013
mem[X,0b0010000000000000000000001111011010] -> 0x0000
[251] [M]: 0x800003D8 (0x00000013) addi zero, zero, 0x0
mem[X,0b0010000000000000000000001111011100] -> 0x0013
mem[X,0b0010000000000000000000001111011110] -> 0x0000
[252] [M]: 0x800003DC (0x00000013) addi zero, zero, 0x0
mem[X,0b0010000000000000000000001111100000] -> 0x3097
mem[X,0b0010000000000000000000001111100010] -> 0x0000
[253] [M]: 0x800003E0 (0x00003097) auipc ra, 0x3
x1 <- 0x800033E0
mem[X,0b0010000000000000000000001111100100] -> 0x8093
mem[X,0b0010000000000000000000001111100110] -> 0xDA80
[254] [M]: 0x800003E4 (0xDA808093) addi ra, ra, -0x258
x1 <- 0x80003188
mem[X,0b0010000000000000000000001111101000] -> 0x0013
mem[X,0b0010000000000000000000001111101010] -> 0x0000
[255] [M]: 0x800003E8 (0x00000013) addi zero, zero, 0x0
mem[X,0b0010000000000000000000001111101100] -> 0x0013
mem[X,0b0010000000000000000000001111101110] -> 0x0000
[256] [M]: 0x800003EC (0x00000013) addi zero, zero, 0x0
mem[X,0b0010000000000000000000001111110000] -> 0x0013
mem[X,0b0010000000000000000000001111110010] -> 0x0000
[257] [M]: 0x800003F0 (0x00000013) addi zero, zero, 0x0
mem[X,0b0010000000000000000000001111110100] -> 0x0013
mem[X,0b0010000000000000000000001111110110] -> 0x0000
[258] [M]: 0x800003F4 (0x00000013) addi zero, zero, 0x0
mem[X,0b0010000000000000000000001111111000] -> 0x0013
mem[X,0b0010000000000000000000001111111010] -> 0x0000
[259] [M]: 0x800003F8 (0x00000013) addi zero, zero, 0x0
mem[X,0b0010000000000000000000001111111100] -> 0x0013
mem[X,0b0010000000000000000000001111111110] -> 0x0000
[260] [M]: 0x800003FC (0x00000013) addi zero, zero, 0x0
mem[X,0b0010000000000000000000010000000000] -> 0x0117
mem[X,0b0010000000000000000000010000000010] -> 0x0000
[261] [M]: 0x80000400 (0x00000117) auipc sp, 0x0
x2 <- 0x80000400
mem[X,0b0010000000000000000000010000000100] -> 0x0113
mem[X,0b0010000000000000000000010000000110] -> 0x0081
[262] [M]: 0x80000404 (0x00810113) addi sp, sp, 0x8
x2 <- 0x80000408
mem[X,0b0010000000000000000000010000001000] -> 0x0697
mem[X,0b0010000000000000000000010000001010] -> 0x0002
[263] [M]: 0x80000408 (0x00020697) auipc a3, 0x20
x13 <- 0x80020408
mem[X,0b0010000000000000000000010000001100] -> 0x86B3
mem[X,0b0010000000000000000000010000001110] -> 0x4026
[264] [M]: 0x8000040C (0x402686B3) sub a3, a3, sp
x13 <- 0x00020000
mem[X,0b0010000000000000000000010000010000] -> 0xA023
mem[X,0b0010000000000000000000010000010010] -> 0x00D0
[265] [M]: 0x80000410 (0x00D0A023) sw a3, 0x0(ra)
mem[0b0010000000000000000011000110001000] <- 0x00020000
mem[X,0b0010000000000000000000010000010100] -> 0x0117
mem[X,0b0010000000000000000000010000010110] -> 0x0000
[266] [M]: 0x80000414 (0x00000117) auipc sp, 0x0
x2 <- 0x80000414
mem[X,0b0010000000000000000000010000011000] -> 0x0113
mem[X,0b0010000000000000000000010000011010] -> 0x0081
[267] [M]: 0x80000418 (0x00810113) addi sp, sp, 0x8
x2 <- 0x8000041C
mem[X,0b0010000000000000000000010000011100] -> 0x0597
mem[X,0b0010000000000000000000010000011110] -> 0x0004
[268] [M]: 0x8000041C (0x00040597) auipc a1, 0x40
x11 <- 0x8004041C
mem[X,0b0010000000000000000000010000100000] -> 0x85B3
mem[X,0b0010000000000000000000010000100010] -> 0x4025
[269] [M]: 0x80000420 (0x402585B3) sub a1, a1, sp
x11 <- 0x00040000
mem[X,0b0010000000000000000000010000100100] -> 0xA223
mem[X,0b0010000000000000000000010000100110] -> 0x00B0
[270] [M]: 0x80000424 (0x00B0A223) sw a1, 0x4(ra)
mem[0b0010000000000000000011000110001100] <- 0x00040000
mem[X,0b0010000000000000000000010000101000] -> 0x0117
mem[X,0b0010000000000000000000010000101010] -> 0x0000
[271] [M]: 0x80000428 (0x00000117) auipc sp, 0x0
x2 <- 0x80000428
mem[X,0b0010000000000000000000010000101100] -> 0x0113
mem[X,0b0010000000000000000000010000101110] -> 0x0081
[272] [M]: 0x8000042C (0x00810113) addi sp, sp, 0x8
x2 <- 0x80000430
mem[X,0b0010000000000000000000010000110000] -> 0x0617
mem[X,0b0010000000000000000000010000110010] -> 0x0008
[273] [M]: 0x80000430 (0x00080617) auipc a2, 0x80
x12 <- 0x80080430
mem[X,0b0010000000000000000000010000110100] -> 0x0633
mem[X,0b0010000000000000000000010000110110] -> 0x4026
[274] [M]: 0x80000434 (0x40260633) sub a2, a2, sp
x12 <- 0x00080000
mem[X,0b0010000000000000000000010000111000] -> 0xA423
mem[X,0b0010000000000000000000010000111010] -> 0x00C0
[275] [M]: 0x80000438 (0x00C0A423) sw a2, 0x8(ra)
mem[0b0010000000000000000011000110010000] <- 0x00080000
mem[X,0b0010000000000000000000010000111100] -> 0x0117
mem[X,0b0010000000000000000000010000111110] -> 0x0000
[276] [M]: 0x8000043C (0x00000117) auipc sp, 0x0
x2 <- 0x8000043C
mem[X,0b0010000000000000000000010001000000] -> 0x0113
mem[X,0b0010000000000000000000010001000010] -> 0x0081
[277] [M]: 0x80000440 (0x00810113) addi sp, sp, 0x8
x2 <- 0x80000444
mem[X,0b0010000000000000000000010001000100] -> 0xF517
mem[X,0b0010000000000000000000010001000110] -> 0xEFFF
[278] [M]: 0x80000444 (0xEFFFF517) auipc a0, -0x10001
x10 <- 0x6FFFF444
mem[X,0b0010000000000000000000010001001000] -> 0x0533
mem[X,0b0010000000000000000000010001001010] -> 0x4025
[279] [M]: 0x80000448 (0x40250533) sub a0, a0, sp
x10 <- 0xEFFFF000
mem[X,0b0010000000000000000000010001001100] -> 0xA623
mem[X,0b0010000000000000000000010001001110] -> 0x00A0
[280] [M]: 0x8000044C (0x00A0A623) sw a0, 0xc(ra)
mem[0b0010000000000000000011000110010100] <- 0xEFFFF000
mem[X,0b0010000000000000000000010001010000] -> 0x0117
mem[X,0b0010000000000000000000010001010010] -> 0x0000
[281] [M]: 0x80000450 (0x00000117) auipc sp, 0x0
x2 <- 0x80000450
mem[X,0b0010000000000000000000010001010100] -> 0x0113
mem[X,0b0010000000000000000000010001010110] -> 0x0081
[282] [M]: 0x80000454 (0x00810113) addi sp, sp, 0x8
x2 <- 0x80000458
mem[X,0b0010000000000000000000010001011000] -> 0xF517
mem[X,0b0010000000000000000000010001011010] -> 0xDFFF
[283] [M]: 0x80000458 (0xDFFFF517) auipc a0, -0x20001
x10 <- 0x5FFFF458
mem[X,0b0010000000000000000000010001011100] -> 0x0533
mem[X,0b0010000000000000000000010001011110] -> 0x4025
[284] [M]: 0x8000045C (0x40250533) sub a0, a0, sp
x10 <- 0xDFFFF000
mem[X,0b0010000000000000000000010001100000] -> 0xA823
mem[X,0b0010000000000000000000010001100010] -> 0x00A0
[285] [M]: 0x80000460 (0x00A0A823) sw a0, 0x10(ra)
mem[0b0010000000000000000011000110011000] <- 0xDFFFF000
mem[X,0b0010000000000000000000010001100100] -> 0x0117
mem[X,0b0010000000000000000000010001100110] -> 0x0000
[286] [M]: 0x80000464 (0x00000117) auipc sp, 0x0
x2 <- 0x80000464
mem[X,0b0010000000000000000000010001101000] -> 0x0113
mem[X,0b0010000000000000000000010001101010] -> 0x0081
[287] [M]: 0x80000468 (0x00810113) addi sp, sp, 0x8
x2 <- 0x8000046C
mem[X,0b0010000000000000000000010001101100] -> 0xF517
mem[X,0b0010000000000000000000010001101110] -> 0xBFFF
[288] [M]: 0x8000046C (0xBFFFF517) auipc a0, -0x40001
x10 <- 0x3FFFF46C
mem[X,0b0010000000000000000000010001110000] -> 0x0533
mem[X,0b0010000000000000000000010001110010] -> 0x4025
[289] [M]: 0x80000470 (0x40250533) sub a0, a0, sp
x10 <- 0xBFFFF000
mem[X,0b0010000000000000000000010001110100] -> 0xAA23
mem[X,0b0010000000000000000000010001110110] -> 0x00A0
[290] [M]: 0x80000474 (0x00A0AA23) sw a0, 0x14(ra)
mem[0b0010000000000000000011000110011100] <- 0xBFFFF000
mem[X,0b0010000000000000000000010001111000] -> 0x0117
mem[X,0b0010000000000000000000010001111010] -> 0x0000
[291] [M]: 0x80000478 (0x00000117) auipc sp, 0x0
x2 <- 0x80000478
mem[X,0b0010000000000000000000010001111100] -> 0x0113
mem[X,0b0010000000000000000000010001111110] -> 0x0081
[292] [M]: 0x8000047C (0x00810113) addi sp, sp, 0x8
x2 <- 0x80000480
mem[X,0b0010000000000000000000010010000000] -> 0xF517
mem[X,0b0010000000000000000000010010000010] -> 0x7FFF
[293] [M]: 0x80000480 (0x7FFFF517) auipc a0, 0x7ffff
x10 <- 0xFFFFF480
mem[X,0b0010000000000000000000010010000100] -> 0x0533
mem[X,0b0010000000000000000000010010000110] -> 0x4025
[294] [M]: 0x80000484 (0x40250533) sub a0, a0, sp
x10 <- 0x7FFFF000
mem[X,0b0010000000000000000000010010001000] -> 0xAC23
mem[X,0b0010000000000000000000010010001010] -> 0x00A0
[295] [M]: 0x80000488 (0x00A0AC23) sw a0, 0x18(ra)
mem[0b0010000000000000000011000110100000] <- 0x7FFFF000
mem[X,0b0010000000000000000000010010001100] -> 0x0117
mem[X,0b0010000000000000000000010010001110] -> 0x0000
[296] [M]: 0x8000048C (0x00000117) auipc sp, 0x0
x2 <- 0x8000048C
mem[X,0b0010000000000000000000010010010000] -> 0x0113
mem[X,0b0010000000000000000000010010010010] -> 0x0081
[297] [M]: 0x80000490 (0x00810113) addi sp, sp, 0x8
x2 <- 0x80000494
mem[X,0b0010000000000000000000010010010100] -> 0x0517
mem[X,0b0010000000000000000000010010010110] -> 0x0010
[298] [M]: 0x80000494 (0x00100517) auipc a0, 0x100
x10 <- 0x80100494
mem[X,0b0010000000000000000000010010011000] -> 0x0533
mem[X,0b0010000000000000000000010010011010] -> 0x4025
[299] [M]: 0x80000498 (0x40250533) sub a0, a0, sp
x10 <- 0x00100000
clint mtime 0x0000000000000003 (mip.MTI <- 0b1)
htif::tick 0x0000000000000000
mem[X,0b0010000000000000000000010010011100] -> 0xAE23
mem[X,0b0010000000000000000000010010011110] -> 0x00A0
[300] [M]: 0x8000049C (0x00A0AE23) sw a0, 0x1c(ra)
mem[0b0010000000000000000011000110100100] <- 0x00100000
mem[X,0b0010000000000000000000010010100000] -> 0x0117
mem[X,0b0010000000000000000000010010100010] -> 0x0000
[301] [M]: 0x800004A0 (0x00000117) auipc sp, 0x0
x2 <- 0x800004A0
mem[X,0b0010000000000000000000010010100100] -> 0x0113
mem[X,0b0010000000000000000000010010100110] -> 0x0081
[302] [M]: 0x800004A4 (0x00810113) addi sp, sp, 0x8
x2 <- 0x800004A8
mem[X,0b0010000000000000000000010010101000] -> 0x0517
mem[X,0b0010000000000000000000010010101010] -> 0x0020
[303] [M]: 0x800004A8 (0x00200517) auipc a0, 0x200
x10 <- 0x802004A8
mem[X,0b0010000000000000000000010010101100] -> 0x0533
mem[X,0b0010000000000000000000010010101110] -> 0x4025
[304] [M]: 0x800004AC (0x40250533) sub a0, a0, sp
x10 <- 0x00200000
mem[X,0b0010000000000000000000010010110000] -> 0xA023
mem[X,0b0010000000000000000000010010110010] -> 0x02A0
[305] [M]: 0x800004B0 (0x02A0A023) sw a0, 0x20(ra)
mem[0b0010000000000000000011000110101000] <- 0x00200000
mem[X,0b0010000000000000000000010010110100] -> 0x0117
mem[X,0b0010000000000000000000010010110110] -> 0x0000
[306] [M]: 0x800004B4 (0x00000117) auipc sp, 0x0
x2 <- 0x800004B4
mem[X,0b0010000000000000000000010010111000] -> 0x0113
mem[X,0b0010000000000000000000010010111010] -> 0x0081
[307] [M]: 0x800004B8 (0x00810113) addi sp, sp, 0x8
x2 <- 0x800004BC
mem[X,0b0010000000000000000000010010111100] -> 0x0517
mem[X,0b0010000000000000000000010010111110] -> 0x0080
[308] [M]: 0x800004BC (0x00800517) auipc a0, 0x800
x10 <- 0x808004BC
mem[X,0b0010000000000000000000010011000000] -> 0x0533
mem[X,0b0010000000000000000000010011000010] -> 0x4025
[309] [M]: 0x800004C0 (0x40250533) sub a0, a0, sp
x10 <- 0x00800000
mem[X,0b0010000000000000000000010011000100] -> 0xA223
mem[X,0b0010000000000000000000010011000110] -> 0x02A0
[310] [M]: 0x800004C4 (0x02A0A223) sw a0, 0x24(ra)
mem[0b0010000000000000000011000110101100] <- 0x00800000
mem[X,0b0010000000000000000000010011001000] -> 0x0117
mem[X,0b0010000000000000000000010011001010] -> 0x0000
[311] [M]: 0x800004C8 (0x00000117) auipc sp, 0x0
x2 <- 0x800004C8
mem[X,0b0010000000000000000000010011001100] -> 0x0113
mem[X,0b0010000000000000000000010011001110] -> 0x0081
[312] [M]: 0x800004CC (0x00810113) addi sp, sp, 0x8
x2 <- 0x800004D0
mem[X,0b0010000000000000000000010011010000] -> 0x0517
mem[X,0b0010000000000000000000010011010010] -> 0x0100
[313] [M]: 0x800004D0 (0x01000517) auipc a0, 0x1000
x10 <- 0x810004D0
mem[X,0b0010000000000000000000010011010100] -> 0x0533
mem[X,0b0010000000000000000000010011010110] -> 0x4025
[314] [M]: 0x800004D4 (0x40250533) sub a0, a0, sp
x10 <- 0x01000000
mem[X,0b0010000000000000000000010011011000] -> 0xA423
mem[X,0b0010000000000000000000010011011010] -> 0x02A0
[315] [M]: 0x800004D8 (0x02A0A423) sw a0, 0x28(ra)
mem[0b0010000000000000000011000110110000] <- 0x01000000
mem[X,0b0010000000000000000000010011011100] -> 0x0117
mem[X,0b0010000000000000000000010011011110] -> 0x0000
[316] [M]: 0x800004DC (0x00000117) auipc sp, 0x0
x2 <- 0x800004DC
mem[X,0b0010000000000000000000010011100000] -> 0x0113
mem[X,0b0010000000000000000000010011100010] -> 0x0081
[317] [M]: 0x800004E0 (0x00810113) addi sp, sp, 0x8
x2 <- 0x800004E4
mem[X,0b0010000000000000000000010011100100] -> 0x0517
mem[X,0b0010000000000000000000010011100110] -> 0x0200
[318] [M]: 0x800004E4 (0x02000517) auipc a0, 0x2000
x10 <- 0x820004E4
mem[X,0b0010000000000000000000010011101000] -> 0x0533
mem[X,0b0010000000000000000000010011101010] -> 0x4025
[319] [M]: 0x800004E8 (0x40250533) sub a0, a0, sp
x10 <- 0x02000000
mem[X,0b0010000000000000000000010011101100] -> 0xA623
mem[X,0b0010000000000000000000010011101110] -> 0x02A0
[320] [M]: 0x800004EC (0x02A0A623) sw a0, 0x2c(ra)
mem[0b0010000000000000000011000110110100] <- 0x02000000
mem[X,0b0010000000000000000000010011110000] -> 0x0117
mem[X,0b0010000000000000000000010011110010] -> 0x0000
[321] [M]: 0x800004F0 (0x00000117) auipc sp, 0x0
x2 <- 0x800004F0
mem[X,0b0010000000000000000000010011110100] -> 0x0113
mem[X,0b0010000000000000000000010011110110] -> 0x0081
[322] [M]: 0x800004F4 (0x00810113) addi sp, sp, 0x8
x2 <- 0x800004F8
mem[X,0b0010000000000000000000010011111000] -> 0x0517
mem[X,0b0010000000000000000000010011111010] -> 0x0400
[323] [M]: 0x800004F8 (0x04000517) auipc a0, 0x4000
x10 <- 0x840004F8
mem[X,0b0010000000000000000000010011111100] -> 0x0533
mem[X,0b0010000000000000000000010011111110] -> 0x4025
[324] [M]: 0x800004FC (0x40250533) sub a0, a0, sp
x10 <- 0x04000000
mem[X,0b0010000000000000000000010100000000] -> 0xA823
mem[X,0b0010000000000000000000010100000010] -> 0x02A0
[325] [M]: 0x80000500 (0x02A0A823) sw a0, 0x30(ra)
mem[0b0010000000000000000011000110111000] <- 0x04000000
mem[X,0b0010000000000000000000010100000100] -> 0x0117
mem[X,0b0010000000000000000000010100000110] -> 0x0000
[326] [M]: 0x80000504 (0x00000117) auipc sp, 0x0
x2 <- 0x80000504
mem[X,0b0010000000000000000000010100001000] -> 0x0113
mem[X,0b0010000000000000000000010100001010] -> 0x0081
[327] [M]: 0x80000508 (0x00810113) addi sp, sp, 0x8
x2 <- 0x8000050C
mem[X,0b0010000000000000000000010100001100] -> 0x0517
mem[X,0b0010000000000000000000010100001110] -> 0x0800
[328] [M]: 0x8000050C (0x08000517) auipc a0, 0x8000
x10 <- 0x8800050C
mem[X,0b0010000000000000000000010100010000] -> 0x0533
mem[X,0b0010000000000000000000010100010010] -> 0x4025
[329] [M]: 0x80000510 (0x40250533) sub a0, a0, sp
x10 <- 0x08000000
mem[X,0b0010000000000000000000010100010100] -> 0xAA23
mem[X,0b0010000000000000000000010100010110] -> 0x02A0
[330] [M]: 0x80000514 (0x02A0AA23) sw a0, 0x34(ra)
mem[0b0010000000000000000011000110111100] <- 0x08000000
mem[X,0b0010000000000000000000010100011000] -> 0x0117
mem[X,0b0010000000000000000000010100011010] -> 0x0000
[331] [M]: 0x80000518 (0x00000117) auipc sp, 0x0
x2 <- 0x80000518
mem[X,0b0010000000000000000000010100011100] -> 0x0113
mem[X,0b0010000000000000000000010100011110] -> 0x0081
[332] [M]: 0x8000051C (0x00810113) addi sp, sp, 0x8
x2 <- 0x80000520
mem[X,0b0010000000000000000000010100100000] -> 0x0517
mem[X,0b0010000000000000000000010100100010] -> 0x1000
[333] [M]: 0x80000520 (0x10000517) auipc a0, 0x10000
x10 <- 0x90000520
mem[X,0b0010000000000000000000010100100100] -> 0x0533
mem[X,0b0010000000000000000000010100100110] -> 0x4025
[334] [M]: 0x80000524 (0x40250533) sub a0, a0, sp
x10 <- 0x10000000
mem[X,0b0010000000000000000000010100101000] -> 0xAC23
mem[X,0b0010000000000000000000010100101010] -> 0x02A0
[335] [M]: 0x80000528 (0x02A0AC23) sw a0, 0x38(ra)
mem[0b0010000000000000000011000111000000] <- 0x10000000
mem[X,0b0010000000000000000000010100101100] -> 0x0117
mem[X,0b0010000000000000000000010100101110] -> 0x0000
[336] [M]: 0x8000052C (0x00000117) auipc sp, 0x0
x2 <- 0x8000052C
mem[X,0b0010000000000000000000010100110000] -> 0x0113
mem[X,0b0010000000000000000000010100110010] -> 0x0081
[337] [M]: 0x80000530 (0x00810113) addi sp, sp, 0x8
x2 <- 0x80000534
mem[X,0b0010000000000000000000010100110100] -> 0x0517
mem[X,0b0010000000000000000000010100110110] -> 0x2000
[338] [M]: 0x80000534 (0x20000517) auipc a0, 0x20000
x10 <- 0xA0000534
mem[X,0b0010000000000000000000010100111000] -> 0x0533
mem[X,0b0010000000000000000000010100111010] -> 0x4025
[339] [M]: 0x80000538 (0x40250533) sub a0, a0, sp
x10 <- 0x20000000
mem[X,0b0010000000000000000000010100111100] -> 0xAE23
mem[X,0b0010000000000000000000010100111110] -> 0x02A0
[340] [M]: 0x8000053C (0x02A0AE23) sw a0, 0x3c(ra)
mem[0b0010000000000000000011000111000100] <- 0x20000000
mem[X,0b0010000000000000000000010101000000] -> 0x0117
mem[X,0b0010000000000000000000010101000010] -> 0x0000
[341] [M]: 0x80000540 (0x00000117) auipc sp, 0x0
x2 <- 0x80000540
mem[X,0b0010000000000000000000010101000100] -> 0x0113
mem[X,0b0010000000000000000000010101000110] -> 0x0081
[342] [M]: 0x80000544 (0x00810113) addi sp, sp, 0x8
x2 <- 0x80000548
mem[X,0b0010000000000000000000010101001000] -> 0x0517
mem[X,0b0010000000000000000000010101001010] -> 0x4000
[343] [M]: 0x80000548 (0x40000517) auipc a0, 0x40000
x10 <- 0xC0000548
mem[X,0b0010000000000000000000010101001100] -> 0x0533
mem[X,0b0010000000000000000000010101001110] -> 0x4025
[344] [M]: 0x8000054C (0x40250533) sub a0, a0, sp
x10 <- 0x40000000
mem[X,0b0010000000000000000000010101010000] -> 0xA023
mem[X,0b0010000000000000000000010101010010] -> 0x04A0
[345] [M]: 0x80000550 (0x04A0A023) sw a0, 0x40(ra)
mem[0b0010000000000000000011000111001000] <- 0x40000000
mem[X,0b0010000000000000000000010101010100] -> 0x0117
mem[X,0b0010000000000000000000010101010110] -> 0x0000
[346] [M]: 0x80000554 (0x00000117) auipc sp, 0x0
x2 <- 0x80000554
mem[X,0b0010000000000000000000010101011000] -> 0x0113
mem[X,0b0010000000000000000000010101011010] -> 0x0081
[347] [M]: 0x80000558 (0x00810113) addi sp, sp, 0x8
x2 <- 0x8000055C
mem[X,0b0010000000000000000000010101011100] -> 0x0517
mem[X,0b0010000000000000000000010101011110] -> 0x8000
[348] [M]: 0x8000055C (0x80000517) auipc a0, -0x80000
x10 <- 0x0000055C
mem[X,0b0010000000000000000000010101100000] -> 0x0533
mem[X,0b0010000000000000000000010101100010] -> 0x4025
[349] [M]: 0x80000560 (0x40250533) sub a0, a0, sp
x10 <- 0x80000000
mem[X,0b0010000000000000000000010101100100] -> 0xA223
mem[X,0b0010000000000000000000010101100110] -> 0x04A0
[350] [M]: 0x80000564 (0x04A0A223) sw a0, 0x44(ra)
mem[0b0010000000000000000011000111001100] <- 0x80000000
mem[X,0b0010000000000000000000010101101000] -> 0x0117
mem[X,0b0010000000000000000000010101101010] -> 0x0000
[351] [M]: 0x80000568 (0x00000117) auipc sp, 0x0
x2 <- 0x80000568
mem[X,0b0010000000000000000000010101101100] -> 0x0113
mem[X,0b0010000000000000000000010101101110] -> 0x0081
[352] [M]: 0x8000056C (0x00810113) addi sp, sp, 0x8
x2 <- 0x80000570
mem[X,0b0010000000000000000000010101110000] -> 0xE517
mem[X,0b0010000000000000000000010101110010] -> 0xFFFF
[353] [M]: 0x80000570 (0xFFFFE517) auipc a0, -0x2
x10 <- 0x7FFFE570
mem[X,0b0010000000000000000000010101110100] -> 0x0533
mem[X,0b0010000000000000000000010101110110] -> 0x4025
[354] [M]: 0x80000574 (0x40250533) sub a0, a0, sp
x10 <- 0xFFFFE000
mem[X,0b0010000000000000000000010101111000] -> 0xA423
mem[X,0b0010000000000000000000010101111010] -> 0x04A0
[355] [M]: 0x80000578 (0x04A0A423) sw a0, 0x48(ra)
mem[0b0010000000000000000011000111010000] <- 0xFFFFE000
mem[X,0b0010000000000000000000010101111100] -> 0x0117
mem[X,0b0010000000000000000000010101111110] -> 0x0000
[356] [M]: 0x8000057C (0x00000117) auipc sp, 0x0
x2 <- 0x8000057C
mem[X,0b0010000000000000000000010110000000] -> 0x0113
mem[X,0b0010000000000000000000010110000010] -> 0x0081
[357] [M]: 0x80000580 (0x00810113) addi sp, sp, 0x8
x2 <- 0x80000584
mem[X,0b0010000000000000000000010110000100] -> 0xD517
mem[X,0b0010000000000000000000010110000110] -> 0xFFFF
[358] [M]: 0x80000584 (0xFFFFD517) auipc a0, -0x3
x10 <- 0x7FFFD584
mem[X,0b0010000000000000000000010110001000] -> 0x0533
mem[X,0b0010000000000000000000010110001010] -> 0x4025
[359] [M]: 0x80000588 (0x40250533) sub a0, a0, sp
x10 <- 0xFFFFD000
mem[X,0b0010000000000000000000010110001100] -> 0xA623
mem[X,0b0010000000000000000000010110001110] -> 0x04A0
[360] [M]: 0x8000058C (0x04A0A623) sw a0, 0x4c(ra)
mem[0b0010000000000000000011000111010100] <- 0xFFFFD000
mem[X,0b0010000000000000000000010110010000] -> 0x0117
mem[X,0b0010000000000000000000010110010010] -> 0x0000
[361] [M]: 0x80000590 (0x00000117) auipc sp, 0x0
x2 <- 0x80000590
mem[X,0b0010000000000000000000010110010100] -> 0x0113
mem[X,0b0010000000000000000000010110010110] -> 0x0081
[362] [M]: 0x80000594 (0x00810113) addi sp, sp, 0x8
x2 <- 0x80000598
mem[X,0b0010000000000000000000010110011000] -> 0xB517
mem[X,0b0010000000000000000000010110011010] -> 0xFFFF
[363] [M]: 0x80000598 (0xFFFFB517) auipc a0, -0x5
x10 <- 0x7FFFB598
mem[X,0b0010000000000000000000010110011100] -> 0x0533
mem[X,0b0010000000000000000000010110011110] -> 0x4025
[364] [M]: 0x8000059C (0x40250533) sub a0, a0, sp
x10 <- 0xFFFFB000
mem[X,0b0010000000000000000000010110100000] -> 0xA823
mem[X,0b0010000000000000000000010110100010] -> 0x04A0
[365] [M]: 0x800005A0 (0x04A0A823) sw a0, 0x50(ra)
mem[0b0010000000000000000011000111011000] <- 0xFFFFB000
mem[X,0b0010000000000000000000010110100100] -> 0x0117
mem[X,0b0010000000000000000000010110100110] -> 0x0000
[366] [M]: 0x800005A4 (0x00000117) auipc sp, 0x0
x2 <- 0x800005A4
mem[X,0b0010000000000000000000010110101000] -> 0x0113
mem[X,0b0010000000000000000000010110101010] -> 0x0081
[367] [M]: 0x800005A8 (0x00810113) addi sp, sp, 0x8
x2 <- 0x800005AC
mem[X,0b0010000000000000000000010110101100] -> 0x7517
mem[X,0b0010000000000000000000010110101110] -> 0xFFFF
[368] [M]: 0x800005AC (0xFFFF7517) auipc a0, -0x9
x10 <- 0x7FFF75AC
mem[X,0b0010000000000000000000010110110000] -> 0x0533
mem[X,0b0010000000000000000000010110110010] -> 0x4025
[369] [M]: 0x800005B0 (0x40250533) sub a0, a0, sp
x10 <- 0xFFFF7000
mem[X,0b0010000000000000000000010110110100] -> 0xAA23
mem[X,0b0010000000000000000000010110110110] -> 0x04A0
[370] [M]: 0x800005B4 (0x04A0AA23) sw a0, 0x54(ra)
mem[0b0010000000000000000011000111011100] <- 0xFFFF7000
mem[X,0b0010000000000000000000010110111000] -> 0x0117
mem[X,0b0010000000000000000000010110111010] -> 0x0000
[371] [M]: 0x800005B8 (0x00000117) auipc sp, 0x0
x2 <- 0x800005B8
mem[X,0b0010000000000000000000010110111100] -> 0x0113
mem[X,0b0010000000000000000000010110111110] -> 0x0081
[372] [M]: 0x800005BC (0x00810113) addi sp, sp, 0x8
x2 <- 0x800005C0
mem[X,0b0010000000000000000000010111000000] -> 0xF517
mem[X,0b0010000000000000000000010111000010] -> 0xFFFE
[373] [M]: 0x800005C0 (0xFFFEF517) auipc a0, -0x11
x10 <- 0x7FFEF5C0
mem[X,0b0010000000000000000000010111000100] -> 0x0533
mem[X,0b0010000000000000000000010111000110] -> 0x4025
[374] [M]: 0x800005C4 (0x40250533) sub a0, a0, sp
x10 <- 0xFFFEF000
mem[X,0b0010000000000000000000010111001000] -> 0xAC23
mem[X,0b0010000000000000000000010111001010] -> 0x04A0
[375] [M]: 0x800005C8 (0x04A0AC23) sw a0, 0x58(ra)
mem[0b0010000000000000000011000111100000] <- 0xFFFEF000
mem[X,0b0010000000000000000000010111001100] -> 0x0117
mem[X,0b0010000000000000000000010111001110] -> 0x0000
[376] [M]: 0x800005CC (0x00000117) auipc sp, 0x0
x2 <- 0x800005CC
mem[X,0b0010000000000000000000010111010000] -> 0x0113
mem[X,0b0010000000000000000000010111010010] -> 0x0081
[377] [M]: 0x800005D0 (0x00810113) addi sp, sp, 0x8
x2 <- 0x800005D4
mem[X,0b0010000000000000000000010111010100] -> 0xF517
mem[X,0b0010000000000000000000010111010110] -> 0xFFFD
[378] [M]: 0x800005D4 (0xFFFDF517) auipc a0, -0x21
x10 <- 0x7FFDF5D4
mem[X,0b0010000000000000000000010111011000] -> 0x0533
mem[X,0b0010000000000000000000010111011010] -> 0x4025
[379] [M]: 0x800005D8 (0x40250533) sub a0, a0, sp
x10 <- 0xFFFDF000
mem[X,0b0010000000000000000000010111011100] -> 0xAE23
mem[X,0b0010000000000000000000010111011110] -> 0x04A0
[380] [M]: 0x800005DC (0x04A0AE23) sw a0, 0x5c(ra)
mem[0b0010000000000000000011000111100100] <- 0xFFFDF000
mem[X,0b0010000000000000000000010111100000] -> 0x0117
mem[X,0b0010000000000000000000010111100010] -> 0x0000
[381] [M]: 0x800005E0 (0x00000117) auipc sp, 0x0
x2 <- 0x800005E0
mem[X,0b0010000000000000000000010111100100] -> 0x0113
mem[X,0b0010000000000000000000010111100110] -> 0x0081
[382] [M]: 0x800005E4 (0x00810113) addi sp, sp, 0x8
x2 <- 0x800005E8
mem[X,0b0010000000000000000000010111101000] -> 0xF517
mem[X,0b0010000000000000000000010111101010] -> 0xFFFB
[383] [M]: 0x800005E8 (0xFFFBF517) auipc a0, -0x41
x10 <- 0x7FFBF5E8
mem[X,0b0010000000000000000000010111101100] -> 0x0533
mem[X,0b0010000000000000000000010111101110] -> 0x4025
[384] [M]: 0x800005EC (0x40250533) sub a0, a0, sp
x10 <- 0xFFFBF000
mem[X,0b0010000000000000000000010111110000] -> 0xA023
mem[X,0b0010000000000000000000010111110010] -> 0x06A0
[385] [M]: 0x800005F0 (0x06A0A023) sw a0, 0x60(ra)
mem[0b0010000000000000000011000111101000] <- 0xFFFBF000
mem[X,0b0010000000000000000000010111110100] -> 0x0117
mem[X,0b0010000000000000000000010111110110] -> 0x0000
[386] [M]: 0x800005F4 (0x00000117) auipc sp, 0x0
x2 <- 0x800005F4
mem[X,0b0010000000000000000000010111111000] -> 0x0113
mem[X,0b0010000000000000000000010111111010] -> 0x0081
[387] [M]: 0x800005F8 (0x00810113) addi sp, sp, 0x8
x2 <- 0x800005FC
mem[X,0b0010000000000000000000010111111100] -> 0xF517
mem[X,0b0010000000000000000000010111111110] -> 0xFFF7
[388] [M]: 0x800005FC (0xFFF7F517) auipc a0, -0x81
x10 <- 0x7FF7F5FC
mem[X,0b0010000000000000000000011000000000] -> 0x0533
mem[X,0b0010000000000000000000011000000010] -> 0x4025
[389] [M]: 0x80000600 (0x40250533) sub a0, a0, sp
x10 <- 0xFFF7F000
mem[X,0b0010000000000000000000011000000100] -> 0xA223
mem[X,0b0010000000000000000000011000000110] -> 0x06A0
[390] [M]: 0x80000604 (0x06A0A223) sw a0, 0x64(ra)
mem[0b0010000000000000000011000111101100] <- 0xFFF7F000
mem[X,0b0010000000000000000000011000001000] -> 0x0117
mem[X,0b0010000000000000000000011000001010] -> 0x0000
[391] [M]: 0x80000608 (0x00000117) auipc sp, 0x0
x2 <- 0x80000608
mem[X,0b0010000000000000000000011000001100] -> 0x0113
mem[X,0b0010000000000000000000011000001110] -> 0x0081
[392] [M]: 0x8000060C (0x00810113) addi sp, sp, 0x8
x2 <- 0x80000610
mem[X,0b0010000000000000000000011000010000] -> 0xF517
mem[X,0b0010000000000000000000011000010010] -> 0xFFEF
[393] [M]: 0x80000610 (0xFFEFF517) auipc a0, -0x101
x10 <- 0x7FEFF610
mem[X,0b0010000000000000000000011000010100] -> 0x0533
mem[X,0b0010000000000000000000011000010110] -> 0x4025
[394] [M]: 0x80000614 (0x40250533) sub a0, a0, sp
x10 <- 0xFFEFF000
mem[X,0b0010000000000000000000011000011000] -> 0xA423
mem[X,0b0010000000000000000000011000011010] -> 0x06A0
[395] [M]: 0x80000618 (0x06A0A423) sw a0, 0x68(ra)
mem[0b0010000000000000000011000111110000] <- 0xFFEFF000
mem[X,0b0010000000000000000000011000011100] -> 0x0117
mem[X,0b0010000000000000000000011000011110] -> 0x0000
[396] [M]: 0x8000061C (0x00000117) auipc sp, 0x0
x2 <- 0x8000061C
mem[X,0b0010000000000000000000011000100000] -> 0x0113
mem[X,0b0010000000000000000000011000100010] -> 0x0081
[397] [M]: 0x80000620 (0x00810113) addi sp, sp, 0x8
x2 <- 0x80000624
mem[X,0b0010000000000000000000011000100100] -> 0xF517
mem[X,0b0010000000000000000000011000100110] -> 0xFFDF
[398] [M]: 0x80000624 (0xFFDFF517) auipc a0, -0x201
x10 <- 0x7FDFF624
mem[X,0b0010000000000000000000011000101000] -> 0x0533
mem[X,0b0010000000000000000000011000101010] -> 0x4025
[399] [M]: 0x80000628 (0x40250533) sub a0, a0, sp
x10 <- 0xFFDFF000
clint mtime 0x0000000000000004 (mip.MTI <- 0b1)
htif::tick 0x0000000000000000
mem[X,0b0010000000000000000000011000101100] -> 0xA623
mem[X,0b0010000000000000000000011000101110] -> 0x06A0
[400] [M]: 0x8000062C (0x06A0A623) sw a0, 0x6c(ra)
mem[0b0010000000000000000011000111110100] <- 0xFFDFF000
mem[X,0b0010000000000000000000011000110000] -> 0x0117
mem[X,0b0010000000000000000000011000110010] -> 0x0000
[401] [M]: 0x80000630 (0x00000117) auipc sp, 0x0
x2 <- 0x80000630
mem[X,0b0010000000000000000000011000110100] -> 0x0113
mem[X,0b0010000000000000000000011000110110] -> 0x0081
[402] [M]: 0x80000634 (0x00810113) addi sp, sp, 0x8
x2 <- 0x80000638
mem[X,0b0010000000000000000000011000111000] -> 0xF517
mem[X,0b0010000000000000000000011000111010] -> 0xFFBF
[403] [M]: 0x80000638 (0xFFBFF517) auipc a0, -0x401
x10 <- 0x7FBFF638
mem[X,0b0010000000000000000000011000111100] -> 0x0533
mem[X,0b0010000000000000000000011000111110] -> 0x4025
[404] [M]: 0x8000063C (0x40250533) sub a0, a0, sp
x10 <- 0xFFBFF000
mem[X,0b0010000000000000000000011001000000] -> 0xA823
mem[X,0b0010000000000000000000011001000010] -> 0x06A0
[405] [M]: 0x80000640 (0x06A0A823) sw a0, 0x70(ra)
mem[0b0010000000000000000011000111111000] <- 0xFFBFF000
mem[X,0b0010000000000000000000011001000100] -> 0x0117
mem[X,0b0010000000000000000000011001000110] -> 0x0000
[406] [M]: 0x80000644 (0x00000117) auipc sp, 0x0
x2 <- 0x80000644
mem[X,0b0010000000000000000000011001001000] -> 0x0113
mem[X,0b0010000000000000000000011001001010] -> 0x0081
[407] [M]: 0x80000648 (0x00810113) addi sp, sp, 0x8
x2 <- 0x8000064C
mem[X,0b0010000000000000000000011001001100] -> 0xF517
mem[X,0b0010000000000000000000011001001110] -> 0xFF7F
[408] [M]: 0x8000064C (0xFF7FF517) auipc a0, -0x801
x10 <- 0x7F7FF64C
mem[X,0b0010000000000000000000011001010000] -> 0x0533
mem[X,0b0010000000000000000000011001010010] -> 0x4025
[409] [M]: 0x80000650 (0x40250533) sub a0, a0, sp
x10 <- 0xFF7FF000
mem[X,0b0010000000000000000000011001010100] -> 0xAA23
mem[X,0b0010000000000000000000011001010110] -> 0x06A0
[410] [M]: 0x80000654 (0x06A0AA23) sw a0, 0x74(ra)
mem[0b0010000000000000000011000111111100] <- 0xFF7FF000
mem[X,0b0010000000000000000000011001011000] -> 0x0117
mem[X,0b0010000000000000000000011001011010] -> 0x0000
[411] [M]: 0x80000658 (0x00000117) auipc sp, 0x0
x2 <- 0x80000658
mem[X,0b0010000000000000000000011001011100] -> 0x0113
mem[X,0b0010000000000000000000011001011110] -> 0x0081
[412] [M]: 0x8000065C (0x00810113) addi sp, sp, 0x8
x2 <- 0x80000660
mem[X,0b0010000000000000000000011001100000] -> 0xF517
mem[X,0b0010000000000000000000011001100010] -> 0xFEFF
[413] [M]: 0x80000660 (0xFEFFF517) auipc a0, -0x1001
x10 <- 0x7EFFF660
mem[X,0b0010000000000000000000011001100100] -> 0x0533
mem[X,0b0010000000000000000000011001100110] -> 0x4025
[414] [M]: 0x80000664 (0x40250533) sub a0, a0, sp
x10 <- 0xFEFFF000
mem[X,0b0010000000000000000000011001101000] -> 0xAC23
mem[X,0b0010000000000000000000011001101010] -> 0x06A0
[415] [M]: 0x80000668 (0x06A0AC23) sw a0, 0x78(ra)
mem[0b0010000000000000000011001000000000] <- 0xFEFFF000
mem[X,0b0010000000000000000000011001101100] -> 0x0117
mem[X,0b0010000000000000000000011001101110] -> 0x0000
[416] [M]: 0x8000066C (0x00000117) auipc sp, 0x0
x2 <- 0x8000066C
mem[X,0b0010000000000000000000011001110000] -> 0x0113
mem[X,0b0010000000000000000000011001110010] -> 0x0081
[417] [M]: 0x80000670 (0x00810113) addi sp, sp, 0x8
x2 <- 0x80000674
mem[X,0b0010000000000000000000011001110100] -> 0xF517
mem[X,0b0010000000000000000000011001110110] -> 0xFDFF
[418] [M]: 0x80000674 (0xFDFFF517) auipc a0, -0x2001
x10 <- 0x7DFFF674
mem[X,0b0010000000000000000000011001111000] -> 0x0533
mem[X,0b0010000000000000000000011001111010] -> 0x4025
[419] [M]: 0x80000678 (0x40250533) sub a0, a0, sp
x10 <- 0xFDFFF000
mem[X,0b0010000000000000000000011001111100] -> 0xAE23
mem[X,0b0010000000000000000000011001111110] -> 0x06A0
[420] [M]: 0x8000067C (0x06A0AE23) sw a0, 0x7c(ra)
mem[0b0010000000000000000011001000000100] <- 0xFDFFF000
mem[X,0b0010000000000000000000011010000000] -> 0x0117
mem[X,0b0010000000000000000000011010000010] -> 0x0000
[421] [M]: 0x80000680 (0x00000117) auipc sp, 0x0
x2 <- 0x80000680
mem[X,0b0010000000000000000000011010000100] -> 0x0113
mem[X,0b0010000000000000000000011010000110] -> 0x0081
[422] [M]: 0x80000684 (0x00810113) addi sp, sp, 0x8
x2 <- 0x80000688
mem[X,0b0010000000000000000000011010001000] -> 0xF517
mem[X,0b0010000000000000000000011010001010] -> 0xFBFF
[423] [M]: 0x80000688 (0xFBFFF517) auipc a0, -0x4001
x10 <- 0x7BFFF688
mem[X,0b0010000000000000000000011010001100] -> 0x0533
mem[X,0b0010000000000000000000011010001110] -> 0x4025
[424] [M]: 0x8000068C (0x40250533) sub a0, a0, sp
x10 <- 0xFBFFF000
mem[X,0b0010000000000000000000011010010000] -> 0xA023
mem[X,0b0010000000000000000000011010010010] -> 0x08A0
[425] [M]: 0x80000690 (0x08A0A023) sw a0, 0x80(ra)
mem[0b0010000000000000000011001000001000] <- 0xFBFFF000
mem[X,0b0010000000000000000000011010010100] -> 0x0117
mem[X,0b0010000000000000000000011010010110] -> 0x0000
[426] [M]: 0x80000694 (0x00000117) auipc sp, 0x0
x2 <- 0x80000694
mem[X,0b0010000000000000000000011010011000] -> 0x0113
mem[X,0b0010000000000000000000011010011010] -> 0x0081
[427] [M]: 0x80000698 (0x00810113) addi sp, sp, 0x8
x2 <- 0x8000069C
mem[X,0b0010000000000000000000011010011100] -> 0xF517
mem[X,0b0010000000000000000000011010011110] -> 0xF7FF
[428] [M]: 0x8000069C (0xF7FFF517) auipc a0, -0x8001
x10 <- 0x77FFF69C
mem[X,0b0010000000000000000000011010100000] -> 0x0533
mem[X,0b0010000000000000000000011010100010] -> 0x4025
[429] [M]: 0x800006A0 (0x40250533) sub a0, a0, sp
x10 <- 0xF7FFF000
mem[X,0b0010000000000000000000011010100100] -> 0xA223
mem[X,0b0010000000000000000000011010100110] -> 0x08A0
[430] [M]: 0x800006A4 (0x08A0A223) sw a0, 0x84(ra)
mem[0b0010000000000000000011001000001100] <- 0xF7FFF000
mem[X,0b0010000000000000000000011010101000] -> 0x0117
mem[X,0b0010000000000000000000011010101010] -> 0x0000
[431] [M]: 0x800006A8 (0x00000117) auipc sp, 0x0
x2 <- 0x800006A8
mem[X,0b0010000000000000000000011010101100] -> 0x0113
mem[X,0b0010000000000000000000011010101110] -> 0x0081
[432] [M]: 0x800006AC (0x00810113) addi sp, sp, 0x8
x2 <- 0x800006B0
mem[X,0b0010000000000000000000011010110000] -> 0x6517
mem[X,0b0010000000000000000000011010110010] -> 0x0000
[433] [M]: 0x800006B0 (0x00006517) auipc a0, 0x6
x10 <- 0x800066B0
mem[X,0b0010000000000000000000011010110100] -> 0x0533
mem[X,0b0010000000000000000000011010110110] -> 0x4025
[434] [M]: 0x800006B4 (0x40250533) sub a0, a0, sp
x10 <- 0x00006000
mem[X,0b0010000000000000000000011010111000] -> 0xA423
mem[X,0b0010000000000000000000011010111010] -> 0x08A0
[435] [M]: 0x800006B8 (0x08A0A423) sw a0, 0x88(ra)
mem[0b0010000000000000000011001000010000] <- 0x00006000
mem[X,0b0010000000000000000000011010111100] -> 0x006F
mem[X,0b0010000000000000000000011010111110] -> 0x0200
[436] [M]: 0x800006BC (0x0200006F) jal zero, 0x20
mem[X,0b0010000000000000000000011011011100] -> 0x0093
mem[X,0b0010000000000000000000011011011110] -> 0x0010
[437] [M]: 0x800006DC (0x00100093) addi ra, zero, 0x1
x1 <- 0x00000001
mem[X,0b0010000000000000000000011011100000] -> 0x1F17
mem[X,0b0010000000000000000000011011100010] -> 0x0000
[438] [M]: 0x800006E0 (0x00001F17) auipc t5, 0x1
x30 <- 0x800016E0
mem[X,0b0010000000000000000000011011100100] -> 0x2023
mem[X,0b0010000000000000000000011011100110] -> 0x921F
[439] [M]: 0x800006E4 (0x921F2023) sw ra, -0x6e0(t5)
htif[0b0010000000000000000001000000000000] <- 0x00000001
mem[X,0b0010000000000000000000011011101000] -> 0xF06F
mem[X,0b0010000000000000000000011011101010] -> 0xFF9F
[440] [M]: 0x800006E8 (0xFF9FF06F) jal zero, -0x8
mem[X,0b0010000000000000000000011011100000] -> 0x1F17
mem[X,0b0010000000000000000000011011100010] -> 0x0000
[441] [M]: 0x800006E0 (0x00001F17) auipc t5, 0x1
x30 <- 0x800016E0
mem[X,0b0010000000000000000000011011100100] -> 0x2023
mem[X,0b0010000000000000000000011011100110] -> 0x921F
[442] [M]: 0x800006E4 (0x921F2023) sw ra, -0x6e0(t5)
htif[0b0010000000000000000001000000000000] <- 0x00000001
mem[X,0b0010000000000000000000011011101000] -> 0xF06F
mem[X,0b0010000000000000000000011011101010] -> 0xFF9F
[443] [M]: 0x800006E8 (0xFF9FF06F) jal zero, -0x8
mem[X,0b0010000000000000000000011011100000] -> 0x1F17
mem[X,0b0010000000000000000000011011100010] -> 0x0000
[444] [M]: 0x800006E0 (0x00001F17) auipc t5, 0x1
x30 <- 0x800016E0
mem[X,0b0010000000000000000000011011100100] -> 0x2023
mem[X,0b0010000000000000000000011011100110] -> 0x921F
[445] [M]: 0x800006E4 (0x921F2023) sw ra, -0x6e0(t5)
htif[0b0010000000000000000001000000000000] <- 0x00000001
htif-syscall-proxy cmd: 0x000000000001
SUCCESS
