using /home/eason/Desktop/ComputerArchitecture/Final_Project/rv32_core/riscof_work/I/src/fence-01.S/ref/Reference-sail_c_simulator.signature for test-signature output.
tohost located at 0x80001000
Running file ref.elf.
ELF Entry @ 0x80000000
begin_signature: 0x80003110
end_signature: 0x80003120
CSR mstatus <- 0x00000000 (input: 0x00000000)
mem[X,0b0000000000000000000001000000000000] -> 0x0297
mem[X,0b0000000000000000000001000000000010] -> 0x0000
[0] [M]: 0x00001000 (0x00000297) auipc t0, 0x0
x5 <- 0x00001000
mem[X,0b0000000000000000000001000000000100] -> 0x8593
mem[X,0b0000000000000000000001000000000110] -> 0x0202
[1] [M]: 0x00001004 (0x02028593) addi a1, t0, 0x20
x11 <- 0x00001020
mem[X,0b0000000000000000000001000000001000] -> 0x2573
mem[X,0b0000000000000000000001000000001010] -> 0xF140
[2] [M]: 0x00001008 (0xF1402573) csrrs a0, mhartid, zero
CSR mhartid -> 0x00000000
x10 <- 0x00000000
mem[X,0b0000000000000000000001000000001100] -> 0xA283
mem[X,0b0000000000000000000001000000001110] -> 0x0182
[3] [M]: 0x0000100C (0x0182A283) lw t0, 0x18(t0)
mem[R,0b0000000000000000000001000000011000] -> 0x80000000
x5 <- 0x80000000
mem[X,0b0000000000000000000001000000010000] -> 0x8067
mem[X,0b0000000000000000000001000000010010] -> 0x0002
[4] [M]: 0x00001010 (0x00028067) jalr zero, 0x0(t0)
mem[X,0b0010000000000000000000000000000000] -> 0x0837
mem[X,0b0010000000000000000000000000000010] -> 0x7D5C
[5] [M]: 0x80000000 (0x7D5C0837) lui a6, 0x7d5c0
x16 <- 0x7D5C0000
mem[X,0b0010000000000000000000000000000100] -> 0x0813
mem[X,0b0010000000000000000000000000000110] -> 0xDDB8
[6] [M]: 0x80000004 (0xDDB80813) addi a6, a6, -0x225
x16 <- 0x7D5BFDDB
mem[X,0b0010000000000000000000000000001000] -> 0x5893
mem[X,0b0010000000000000000000000000001010] -> 0x0078
[7] [M]: 0x80000008 (0x00785893) srli a7, a6, 0x7
x17 <- 0x00FAB7FB
mem[X,0b0010000000000000000000000000001100] -> 0x5793
mem[X,0b0010000000000000000000000000001110] -> 0x0198
[8] [M]: 0x8000000C (0x01985793) srli a5, a6, 0x19
x15 <- 0x0000003E
mem[X,0b0010000000000000000000000000010000] -> 0xE8B3
mem[X,0b0010000000000000000000000000010010] -> 0x00F8
[9] [M]: 0x80000010 (0x00F8E8B3) or a7, a7, a5
x17 <- 0x00FAB7FF
mem[X,0b0010000000000000000000000000010100] -> 0xD913
mem[X,0b0010000000000000000000000000010110] -> 0x0078
[10] [M]: 0x80000014 (0x0078D913) srli s2, a7, 0x7
x18 <- 0x0001F56F
mem[X,0b0010000000000000000000000000011000] -> 0xD793
mem[X,0b0010000000000000000000000000011010] -> 0x0198
[11] [M]: 0x80000018 (0x0198D793) srli a5, a7, 0x19
x15 <- 0x00000000
mem[X,0b0010000000000000000000000000011100] -> 0x6933
mem[X,0b0010000000000000000000000000011110] -> 0x00F9
[12] [M]: 0x8000001C (0x00F96933) or s2, s2, a5
x18 <- 0x0001F56F
mem[X,0b0010000000000000000000000000100000] -> 0x5993
mem[X,0b0010000000000000000000000000100010] -> 0x0079
[13] [M]: 0x80000020 (0x00795993) srli s3, s2, 0x7
x19 <- 0x000003EA
mem[X,0b0010000000000000000000000000100100] -> 0x5793
mem[X,0b0010000000000000000000000000100110] -> 0x0199
[14] [M]: 0x80000024 (0x01995793) srli a5, s2, 0x19
x15 <- 0x00000000
mem[X,0b0010000000000000000000000000101000] -> 0xE9B3
mem[X,0b0010000000000000000000000000101010] -> 0x00F9
[15] [M]: 0x80000028 (0x00F9E9B3) or s3, s3, a5
x19 <- 0x000003EA
mem[X,0b0010000000000000000000000000101100] -> 0xDA13
mem[X,0b0010000000000000000000000000101110] -> 0x0079
[16] [M]: 0x8000002C (0x0079DA13) srli s4, s3, 0x7
x20 <- 0x00000007
mem[X,0b0010000000000000000000000000110000] -> 0xD793
mem[X,0b0010000000000000000000000000110010] -> 0x0199
[17] [M]: 0x80000030 (0x0199D793) srli a5, s3, 0x19
x15 <- 0x00000000
mem[X,0b0010000000000000000000000000110100] -> 0x6A33
mem[X,0b0010000000000000000000000000110110] -> 0x00FA
[18] [M]: 0x80000034 (0x00FA6A33) or s4, s4, a5
x20 <- 0x00000007
mem[X,0b0010000000000000000000000000111000] -> 0x5A93
mem[X,0b0010000000000000000000000000111010] -> 0x007A
[19] [M]: 0x80000038 (0x007A5A93) srli s5, s4, 0x7
x21 <- 0x00000000
mem[X,0b0010000000000000000000000000111100] -> 0x5793
mem[X,0b0010000000000000000000000000111110] -> 0x019A
[20] [M]: 0x8000003C (0x019A5793) srli a5, s4, 0x19
x15 <- 0x00000000
mem[X,0b0010000000000000000000000001000000] -> 0xEAB3
mem[X,0b0010000000000000000000000001000010] -> 0x00FA
[21] [M]: 0x80000040 (0x00FAEAB3) or s5, s5, a5
x21 <- 0x00000000
mem[X,0b0010000000000000000000000001000100] -> 0xDB13
mem[X,0b0010000000000000000000000001000110] -> 0x007A
[22] [M]: 0x80000044 (0x007ADB13) srli s6, s5, 0x7
x22 <- 0x00000000
mem[X,0b0010000000000000000000000001001000] -> 0xD793
mem[X,0b0010000000000000000000000001001010] -> 0x019A
[23] [M]: 0x80000048 (0x019AD793) srli a5, s5, 0x19
x15 <- 0x00000000
mem[X,0b0010000000000000000000000001001100] -> 0x6B33
mem[X,0b0010000000000000000000000001001110] -> 0x00FB
[24] [M]: 0x8000004C (0x00FB6B33) or s6, s6, a5
x22 <- 0x00000000
mem[X,0b0010000000000000000000000001010000] -> 0x5B93
mem[X,0b0010000000000000000000000001010010] -> 0x007B
[25] [M]: 0x80000050 (0x007B5B93) srli s7, s6, 0x7
x23 <- 0x00000000
mem[X,0b0010000000000000000000000001010100] -> 0x5793
mem[X,0b0010000000000000000000000001010110] -> 0x019B
[26] [M]: 0x80000054 (0x019B5793) srli a5, s6, 0x19
x15 <- 0x00000000
mem[X,0b0010000000000000000000000001011000] -> 0xEBB3
mem[X,0b0010000000000000000000000001011010] -> 0x00FB
[27] [M]: 0x80000058 (0x00FBEBB3) or s7, s7, a5
x23 <- 0x00000000
mem[X,0b0010000000000000000000000001011100] -> 0xDC13
mem[X,0b0010000000000000000000000001011110] -> 0x007B
[28] [M]: 0x8000005C (0x007BDC13) srli s8, s7, 0x7
x24 <- 0x00000000
mem[X,0b0010000000000000000000000001100000] -> 0xD793
mem[X,0b0010000000000000000000000001100010] -> 0x019B
[29] [M]: 0x80000060 (0x019BD793) srli a5, s7, 0x19
x15 <- 0x00000000
mem[X,0b0010000000000000000000000001100100] -> 0x6C33
mem[X,0b0010000000000000000000000001100110] -> 0x00FC
[30] [M]: 0x80000064 (0x00FC6C33) or s8, s8, a5
x24 <- 0x00000000
mem[X,0b0010000000000000000000000001101000] -> 0x5C93
mem[X,0b0010000000000000000000000001101010] -> 0x007C
[31] [M]: 0x80000068 (0x007C5C93) srli s9, s8, 0x7
x25 <- 0x00000000
mem[X,0b0010000000000000000000000001101100] -> 0x5793
mem[X,0b0010000000000000000000000001101110] -> 0x019C
[32] [M]: 0x8000006C (0x019C5793) srli a5, s8, 0x19
x15 <- 0x00000000
mem[X,0b0010000000000000000000000001110000] -> 0xECB3
mem[X,0b0010000000000000000000000001110010] -> 0x00FC
[33] [M]: 0x80000070 (0x00FCECB3) or s9, s9, a5
x25 <- 0x00000000
mem[X,0b0010000000000000000000000001110100] -> 0xDD13
mem[X,0b0010000000000000000000000001110110] -> 0x007C
[34] [M]: 0x80000074 (0x007CDD13) srli s10, s9, 0x7
x26 <- 0x00000000
mem[X,0b0010000000000000000000000001111000] -> 0xD793
mem[X,0b0010000000000000000000000001111010] -> 0x019C
[35] [M]: 0x80000078 (0x019CD793) srli a5, s9, 0x19
x15 <- 0x00000000
mem[X,0b0010000000000000000000000001111100] -> 0x6D33
mem[X,0b0010000000000000000000000001111110] -> 0x00FD
[36] [M]: 0x8000007C (0x00FD6D33) or s10, s10, a5
x26 <- 0x00000000
mem[X,0b0010000000000000000000000010000000] -> 0x5D93
mem[X,0b0010000000000000000000000010000010] -> 0x007D
[37] [M]: 0x80000080 (0x007D5D93) srli s11, s10, 0x7
x27 <- 0x00000000
mem[X,0b0010000000000000000000000010000100] -> 0x5793
mem[X,0b0010000000000000000000000010000110] -> 0x019D
[38] [M]: 0x80000084 (0x019D5793) srli a5, s10, 0x19
x15 <- 0x00000000
mem[X,0b0010000000000000000000000010001000] -> 0xEDB3
mem[X,0b0010000000000000000000000010001010] -> 0x00FD
[39] [M]: 0x80000088 (0x00FDEDB3) or s11, s11, a5
x27 <- 0x00000000
mem[X,0b0010000000000000000000000010001100] -> 0xDE13
mem[X,0b0010000000000000000000000010001110] -> 0x007D
[40] [M]: 0x8000008C (0x007DDE13) srli t3, s11, 0x7
x28 <- 0x00000000
mem[X,0b0010000000000000000000000010010000] -> 0xD793
mem[X,0b0010000000000000000000000010010010] -> 0x019D
[41] [M]: 0x80000090 (0x019DD793) srli a5, s11, 0x19
x15 <- 0x00000000
mem[X,0b0010000000000000000000000010010100] -> 0x6E33
mem[X,0b0010000000000000000000000010010110] -> 0x00FE
[42] [M]: 0x80000094 (0x00FE6E33) or t3, t3, a5
x28 <- 0x00000000
mem[X,0b0010000000000000000000000010011000] -> 0x5E93
mem[X,0b0010000000000000000000000010011010] -> 0x007E
[43] [M]: 0x80000098 (0x007E5E93) srli t4, t3, 0x7
x29 <- 0x00000000
mem[X,0b0010000000000000000000000010011100] -> 0x5793
mem[X,0b0010000000000000000000000010011110] -> 0x019E
[44] [M]: 0x8000009C (0x019E5793) srli a5, t3, 0x19
x15 <- 0x00000000
mem[X,0b0010000000000000000000000010100000] -> 0xEEB3
mem[X,0b0010000000000000000000000010100010] -> 0x00FE
[45] [M]: 0x800000A0 (0x00FEEEB3) or t4, t4, a5
x29 <- 0x00000000
mem[X,0b0010000000000000000000000010100100] -> 0xDF13
mem[X,0b0010000000000000000000000010100110] -> 0x007E
[46] [M]: 0x800000A4 (0x007EDF13) srli t5, t4, 0x7
x30 <- 0x00000000
mem[X,0b0010000000000000000000000010101000] -> 0xD793
mem[X,0b0010000000000000000000000010101010] -> 0x019E
[47] [M]: 0x800000A8 (0x019ED793) srli a5, t4, 0x19
x15 <- 0x00000000
mem[X,0b0010000000000000000000000010101100] -> 0x6F33
mem[X,0b0010000000000000000000000010101110] -> 0x00FF
[48] [M]: 0x800000AC (0x00FF6F33) or t5, t5, a5
x30 <- 0x00000000
mem[X,0b0010000000000000000000000010110000] -> 0xC0B7
mem[X,0b0010000000000000000000000010110010] -> 0xFEED
[49] [M]: 0x800000B0 (0xFEEDC0B7) lui ra, -0x1124
x1 <- 0xFEEDC000
mem[X,0b0010000000000000000000000010110100] -> 0x8093
mem[X,0b0010000000000000000000000010110110] -> 0xEAD0
[50] [M]: 0x800000B4 (0xEAD08093) addi ra, ra, -0x153
x1 <- 0xFEEDBEAD
mem[X,0b0010000000000000000000000010111000] -> 0xD113
mem[X,0b0010000000000000000000000010111010] -> 0x0070
[51] [M]: 0x800000B8 (0x0070D113) srli sp, ra, 0x7
x2 <- 0x01FDDB7D
mem[X,0b0010000000000000000000000010111100] -> 0xD793
mem[X,0b0010000000000000000000000010111110] -> 0x0190
[52] [M]: 0x800000BC (0x0190D793) srli a5, ra, 0x19
x15 <- 0x0000007F
mem[X,0b0010000000000000000000000011000000] -> 0x6133
mem[X,0b0010000000000000000000000011000010] -> 0x00F1
[53] [M]: 0x800000C0 (0x00F16133) or sp, sp, a5
x2 <- 0x01FDDB7F
mem[X,0b0010000000000000000000000011000100] -> 0x5193
mem[X,0b0010000000000000000000000011000110] -> 0x0071
[54] [M]: 0x800000C4 (0x00715193) srli gp, sp, 0x7
x3 <- 0x0003FBB6
mem[X,0b0010000000000000000000000011001000] -> 0x5793
mem[X,0b0010000000000000000000000011001010] -> 0x0191
[55] [M]: 0x800000C8 (0x01915793) srli a5, sp, 0x19
x15 <- 0x00000000
mem[X,0b0010000000000000000000000011001100] -> 0xE1B3
mem[X,0b0010000000000000000000000011001110] -> 0x00F1
[56] [M]: 0x800000CC (0x00F1E1B3) or gp, gp, a5
x3 <- 0x0003FBB6
mem[X,0b0010000000000000000000000011010000] -> 0xD213
mem[X,0b0010000000000000000000000011010010] -> 0x0071
[57] [M]: 0x800000D0 (0x0071D213) srli tp, gp, 0x7
x4 <- 0x000007F7
mem[X,0b0010000000000000000000000011010100] -> 0xD793
mem[X,0b0010000000000000000000000011010110] -> 0x0191
[58] [M]: 0x800000D4 (0x0191D793) srli a5, gp, 0x19
x15 <- 0x00000000
mem[X,0b0010000000000000000000000011011000] -> 0x6233
mem[X,0b0010000000000000000000000011011010] -> 0x00F2
[59] [M]: 0x800000D8 (0x00F26233) or tp, tp, a5
x4 <- 0x000007F7
mem[X,0b0010000000000000000000000011011100] -> 0x5293
mem[X,0b0010000000000000000000000011011110] -> 0x0072
[60] [M]: 0x800000DC (0x00725293) srli t0, tp, 0x7
x5 <- 0x0000000F
mem[X,0b0010000000000000000000000011100000] -> 0x5793
mem[X,0b0010000000000000000000000011100010] -> 0x0192
[61] [M]: 0x800000E0 (0x01925793) srli a5, tp, 0x19
x15 <- 0x00000000
mem[X,0b0010000000000000000000000011100100] -> 0xE2B3
mem[X,0b0010000000000000000000000011100110] -> 0x00F2
[62] [M]: 0x800000E4 (0x00F2E2B3) or t0, t0, a5
x5 <- 0x0000000F
mem[X,0b0010000000000000000000000011101000] -> 0xD313
mem[X,0b0010000000000000000000000011101010] -> 0x0072
[63] [M]: 0x800000E8 (0x0072D313) srli t1, t0, 0x7
x6 <- 0x00000000
mem[X,0b0010000000000000000000000011101100] -> 0xD793
mem[X,0b0010000000000000000000000011101110] -> 0x0192
[64] [M]: 0x800000EC (0x0192D793) srli a5, t0, 0x19
x15 <- 0x00000000
mem[X,0b0010000000000000000000000011110000] -> 0x6333
mem[X,0b0010000000000000000000000011110010] -> 0x00F3
[65] [M]: 0x800000F0 (0x00F36333) or t1, t1, a5
x6 <- 0x00000000
mem[X,0b0010000000000000000000000011110100] -> 0x5393
mem[X,0b0010000000000000000000000011110110] -> 0x0073
[66] [M]: 0x800000F4 (0x00735393) srli t2, t1, 0x7
x7 <- 0x00000000
mem[X,0b0010000000000000000000000011111000] -> 0x5793
mem[X,0b0010000000000000000000000011111010] -> 0x0193
[67] [M]: 0x800000F8 (0x01935793) srli a5, t1, 0x19
x15 <- 0x00000000
mem[X,0b0010000000000000000000000011111100] -> 0xE3B3
mem[X,0b0010000000000000000000000011111110] -> 0x00F3
[68] [M]: 0x800000FC (0x00F3E3B3) or t2, t2, a5
x7 <- 0x00000000
mem[X,0b0010000000000000000000000100000000] -> 0xD413
mem[X,0b0010000000000000000000000100000010] -> 0x0073
[69] [M]: 0x80000100 (0x0073D413) srli fp, t2, 0x7
x8 <- 0x00000000
mem[X,0b0010000000000000000000000100000100] -> 0xD793
mem[X,0b0010000000000000000000000100000110] -> 0x0193
[70] [M]: 0x80000104 (0x0193D793) srli a5, t2, 0x19
x15 <- 0x00000000
mem[X,0b0010000000000000000000000100001000] -> 0x6433
mem[X,0b0010000000000000000000000100001010] -> 0x00F4
[71] [M]: 0x80000108 (0x00F46433) or fp, fp, a5
x8 <- 0x00000000
mem[X,0b0010000000000000000000000100001100] -> 0x5493
mem[X,0b0010000000000000000000000100001110] -> 0x0074
[72] [M]: 0x8000010C (0x00745493) srli s1, fp, 0x7
x9 <- 0x00000000
mem[X,0b0010000000000000000000000100010000] -> 0x5793
mem[X,0b0010000000000000000000000100010010] -> 0x0194
[73] [M]: 0x80000110 (0x01945793) srli a5, fp, 0x19
x15 <- 0x00000000
mem[X,0b0010000000000000000000000100010100] -> 0xE4B3
mem[X,0b0010000000000000000000000100010110] -> 0x00F4
[74] [M]: 0x80000114 (0x00F4E4B3) or s1, s1, a5
x9 <- 0x00000000
mem[X,0b0010000000000000000000000100011000] -> 0xD513
mem[X,0b0010000000000000000000000100011010] -> 0x0074
[75] [M]: 0x80000118 (0x0074D513) srli a0, s1, 0x7
x10 <- 0x00000000
mem[X,0b0010000000000000000000000100011100] -> 0xD793
mem[X,0b0010000000000000000000000100011110] -> 0x0194
[76] [M]: 0x8000011C (0x0194D793) srli a5, s1, 0x19
x15 <- 0x00000000
mem[X,0b0010000000000000000000000100100000] -> 0x6533
mem[X,0b0010000000000000000000000100100010] -> 0x00F5
[77] [M]: 0x80000120 (0x00F56533) or a0, a0, a5
x10 <- 0x00000000
mem[X,0b0010000000000000000000000100100100] -> 0x5593
mem[X,0b0010000000000000000000000100100110] -> 0x0075
[78] [M]: 0x80000124 (0x00755593) srli a1, a0, 0x7
x11 <- 0x00000000
mem[X,0b0010000000000000000000000100101000] -> 0x5793
mem[X,0b0010000000000000000000000100101010] -> 0x0195
[79] [M]: 0x80000128 (0x01955793) srli a5, a0, 0x19
x15 <- 0x00000000
mem[X,0b0010000000000000000000000100101100] -> 0xE5B3
mem[X,0b0010000000000000000000000100101110] -> 0x00F5
[80] [M]: 0x8000012C (0x00F5E5B3) or a1, a1, a5
x11 <- 0x00000000
mem[X,0b0010000000000000000000000100110000] -> 0xD613
mem[X,0b0010000000000000000000000100110010] -> 0x0075
[81] [M]: 0x80000130 (0x0075D613) srli a2, a1, 0x7
x12 <- 0x00000000
mem[X,0b0010000000000000000000000100110100] -> 0xD793
mem[X,0b0010000000000000000000000100110110] -> 0x0195
[82] [M]: 0x80000134 (0x0195D793) srli a5, a1, 0x19
x15 <- 0x00000000
mem[X,0b0010000000000000000000000100111000] -> 0x6633
mem[X,0b0010000000000000000000000100111010] -> 0x00F6
[83] [M]: 0x80000138 (0x00F66633) or a2, a2, a5
x12 <- 0x00000000
mem[X,0b0010000000000000000000000100111100] -> 0x5693
mem[X,0b0010000000000000000000000100111110] -> 0x0076
[84] [M]: 0x8000013C (0x00765693) srli a3, a2, 0x7
x13 <- 0x00000000
mem[X,0b0010000000000000000000000101000000] -> 0x5793
mem[X,0b0010000000000000000000000101000010] -> 0x0196
[85] [M]: 0x80000140 (0x01965793) srli a5, a2, 0x19
x15 <- 0x00000000
mem[X,0b0010000000000000000000000101000100] -> 0xE6B3
mem[X,0b0010000000000000000000000101000110] -> 0x00F6
[86] [M]: 0x80000144 (0x00F6E6B3) or a3, a3, a5
x13 <- 0x00000000
mem[X,0b0010000000000000000000000101001000] -> 0x0013
mem[X,0b0010000000000000000000000101001010] -> 0x0000
[87] [M]: 0x80000148 (0x00000013) addi zero, zero, 0x0
mem[X,0b0010000000000000000000000101001100] -> 0x0013
mem[X,0b0010000000000000000000000101001110] -> 0x0000
[88] [M]: 0x8000014C (0x00000013) addi zero, zero, 0x0
mem[X,0b0010000000000000000000000101010000] -> 0x0013
mem[X,0b0010000000000000000000000101010010] -> 0x0000
[89] [M]: 0x80000150 (0x00000013) addi zero, zero, 0x0
mem[X,0b0010000000000000000000000101010100] -> 0x0013
mem[X,0b0010000000000000000000000101010110] -> 0x0000
[90] [M]: 0x80000154 (0x00000013) addi zero, zero, 0x0
mem[X,0b0010000000000000000000000101011000] -> 0x0013
mem[X,0b0010000000000000000000000101011010] -> 0x0000
[91] [M]: 0x80000158 (0x00000013) addi zero, zero, 0x0
mem[X,0b0010000000000000000000000101011100] -> 0x0013
mem[X,0b0010000000000000000000000101011110] -> 0x0000
[92] [M]: 0x8000015C (0x00000013) addi zero, zero, 0x0
mem[X,0b0010000000000000000000000101100000] -> 0x2497
mem[X,0b0010000000000000000000000101100010] -> 0x0000
[93] [M]: 0x80000160 (0x00002497) auipc s1, 0x2
x9 <- 0x80002160
mem[X,0b0010000000000000000000000101100100] -> 0x8493
mem[X,0b0010000000000000000000000101100110] -> 0xEA04
[94] [M]: 0x80000164 (0xEA048493) addi s1, s1, -0x160
x9 <- 0x80002000
mem[X,0b0010000000000000000000000101101000] -> 0x0013
mem[X,0b0010000000000000000000000101101010] -> 0x0000
[95] [M]: 0x80000168 (0x00000013) addi zero, zero, 0x0
mem[X,0b0010000000000000000000000101101100] -> 0x0013
mem[X,0b0010000000000000000000000101101110] -> 0x0000
[96] [M]: 0x8000016C (0x00000013) addi zero, zero, 0x0
mem[X,0b0010000000000000000000000101110000] -> 0x0013
mem[X,0b0010000000000000000000000101110010] -> 0x0000
[97] [M]: 0x80000170 (0x00000013) addi zero, zero, 0x0
mem[X,0b0010000000000000000000000101110100] -> 0x0013
mem[X,0b0010000000000000000000000101110110] -> 0x0000
[98] [M]: 0x80000174 (0x00000013) addi zero, zero, 0x0
mem[X,0b0010000000000000000000000101111000] -> 0x0013
mem[X,0b0010000000000000000000000101111010] -> 0x0000
[99] [M]: 0x80000178 (0x00000013) addi zero, zero, 0x0
clint mtime 0x0000000000000001 (mip.MTI <- 0b1)
htif::tick 0x0000000000000000
mem[X,0b0010000000000000000000000101111100] -> 0x0013
mem[X,0b0010000000000000000000000101111110] -> 0x0000
[100] [M]: 0x8000017C (0x00000013) addi zero, zero, 0x0
mem[X,0b0010000000000000000000000110000000] -> 0x0413
mem[X,0b0010000000000000000000000110000010] -> 0xFFF0
[101] [M]: 0x80000180 (0xFFF00413) addi fp, zero, -0x1
x8 <- 0xFFFFFFFF
mem[X,0b0010000000000000000000000110000100] -> 0xA023
mem[X,0b0010000000000000000000000110000110] -> 0x0084
[102] [M]: 0x80000184 (0x0084A023) sw fp, 0x0(s1)
mem[0b0010000000000000000010000000000000] <- 0xFFFFFFFF
mem[X,0b0010000000000000000000000110001000] -> 0x000F
mem[X,0b0010000000000000000000000110001010] -> 0x0FF0
[103] [M]: 0x80000188 (0x0FF0000F) fence iorw, iorw
mem[X,0b0010000000000000000000000110001100] -> 0xA183
mem[X,0b0010000000000000000000000110001110] -> 0x0004
[104] [M]: 0x8000018C (0x0004A183) lw gp, 0x0(s1)
mem[R,0b0010000000000000000010000000000000] -> 0xFFFFFFFF
x3 <- 0xFFFFFFFF
mem[X,0b0010000000000000000000000110010000] -> 0x0013
mem[X,0b0010000000000000000000000110010010] -> 0x0000
[105] [M]: 0x80000190 (0x00000013) addi zero, zero, 0x0
mem[X,0b0010000000000000000000000110010100] -> 0x0013
mem[X,0b0010000000000000000000000110010110] -> 0x0000
[106] [M]: 0x80000194 (0x00000013) addi zero, zero, 0x0
mem[X,0b0010000000000000000000000110011000] -> 0x0013
mem[X,0b0010000000000000000000000110011010] -> 0x0000
[107] [M]: 0x80000198 (0x00000013) addi zero, zero, 0x0
mem[X,0b0010000000000000000000000110011100] -> 0x0013
mem[X,0b0010000000000000000000000110011110] -> 0x0000
[108] [M]: 0x8000019C (0x00000013) addi zero, zero, 0x0
mem[X,0b0010000000000000000000000110100000] -> 0x3497
mem[X,0b0010000000000000000000000110100010] -> 0x0000
[109] [M]: 0x800001A0 (0x00003497) auipc s1, 0x3
x9 <- 0x800031A0
mem[X,0b0010000000000000000000000110100100] -> 0x8493
mem[X,0b0010000000000000000000000110100110] -> 0xF744
[110] [M]: 0x800001A4 (0xF7448493) addi s1, s1, -0x8c
x9 <- 0x80003114
mem[X,0b0010000000000000000000000110101000] -> 0x0013
mem[X,0b0010000000000000000000000110101010] -> 0x0000
[111] [M]: 0x800001A8 (0x00000013) addi zero, zero, 0x0
mem[X,0b0010000000000000000000000110101100] -> 0x0013
mem[X,0b0010000000000000000000000110101110] -> 0x0000
[112] [M]: 0x800001AC (0x00000013) addi zero, zero, 0x0
mem[X,0b0010000000000000000000000110110000] -> 0x0013
mem[X,0b0010000000000000000000000110110010] -> 0x0000
[113] [M]: 0x800001B0 (0x00000013) addi zero, zero, 0x0
mem[X,0b0010000000000000000000000110110100] -> 0x0013
mem[X,0b0010000000000000000000000110110110] -> 0x0000
[114] [M]: 0x800001B4 (0x00000013) addi zero, zero, 0x0
mem[X,0b0010000000000000000000000110111000] -> 0x0013
mem[X,0b0010000000000000000000000110111010] -> 0x0000
[115] [M]: 0x800001B8 (0x00000013) addi zero, zero, 0x0
mem[X,0b0010000000000000000000000110111100] -> 0x0013
mem[X,0b0010000000000000000000000110111110] -> 0x0000
[116] [M]: 0x800001BC (0x00000013) addi zero, zero, 0x0
mem[X,0b0010000000000000000000000111000000] -> 0xA023
mem[X,0b0010000000000000000000000111000010] -> 0x0034
[117] [M]: 0x800001C0 (0x0034A023) sw gp, 0x0(s1)
mem[0b0010000000000000000011000100010100] <- 0xFFFFFFFF
mem[X,0b0010000000000000000000000111000100] -> 0x006F
mem[X,0b0010000000000000000000000111000110] -> 0x0200
[118] [M]: 0x800001C4 (0x0200006F) jal zero, 0x20
mem[X,0b0010000000000000000000000111100100] -> 0x0093
mem[X,0b0010000000000000000000000111100110] -> 0x0010
[119] [M]: 0x800001E4 (0x00100093) addi ra, zero, 0x1
x1 <- 0x00000001
mem[X,0b0010000000000000000000000111101000] -> 0x1F17
mem[X,0b0010000000000000000000000111101010] -> 0x0000
[120] [M]: 0x800001E8 (0x00001F17) auipc t5, 0x1
x30 <- 0x800011E8
mem[X,0b0010000000000000000000000111101100] -> 0x2C23
mem[X,0b0010000000000000000000000111101110] -> 0xE01F
[121] [M]: 0x800001EC (0xE01F2C23) sw ra, -0x1e8(t5)
htif[0b0010000000000000000001000000000000] <- 0x00000001
mem[X,0b0010000000000000000000000111110000] -> 0xF06F
mem[X,0b0010000000000000000000000111110010] -> 0xFF9F
[122] [M]: 0x800001F0 (0xFF9FF06F) jal zero, -0x8
mem[X,0b0010000000000000000000000111101000] -> 0x1F17
mem[X,0b0010000000000000000000000111101010] -> 0x0000
[123] [M]: 0x800001E8 (0x00001F17) auipc t5, 0x1
x30 <- 0x800011E8
mem[X,0b0010000000000000000000000111101100] -> 0x2C23
mem[X,0b0010000000000000000000000111101110] -> 0xE01F
[124] [M]: 0x800001EC (0xE01F2C23) sw ra, -0x1e8(t5)
htif[0b0010000000000000000001000000000000] <- 0x00000001
mem[X,0b0010000000000000000000000111110000] -> 0xF06F
mem[X,0b0010000000000000000000000111110010] -> 0xFF9F
[125] [M]: 0x800001F0 (0xFF9FF06F) jal zero, -0x8
mem[X,0b0010000000000000000000000111101000] -> 0x1F17
mem[X,0b0010000000000000000000000111101010] -> 0x0000
[126] [M]: 0x800001E8 (0x00001F17) auipc t5, 0x1
x30 <- 0x800011E8
mem[X,0b0010000000000000000000000111101100] -> 0x2C23
mem[X,0b0010000000000000000000000111101110] -> 0xE01F
[127] [M]: 0x800001EC (0xE01F2C23) sw ra, -0x1e8(t5)
htif[0b0010000000000000000001000000000000] <- 0x00000001
htif-syscall-proxy cmd: 0x000000000001
SUCCESS
