using /home/eason/Desktop/ComputerArchitecture/Final_Project/rv32_core/riscof_work/I/src/slli-01.S/ref/Reference-sail_c_simulator.signature for test-signature output.
tohost located at 0x80001000
Running file ref.elf.
ELF Entry @ 0x80000000
begin_signature: 0x80003110
end_signature: 0x80003280
CSR mstatus <- 0x00000000 (input: 0x00000000)
mem[X,0b0000000000000000000001000000000000] -> 0x0297
mem[X,0b0000000000000000000001000000000010] -> 0x0000
[0] [M]: 0x00001000 (0x00000297) auipc t0, 0x0
x5 <- 0x00001000
mem[X,0b0000000000000000000001000000000100] -> 0x8593
mem[X,0b0000000000000000000001000000000110] -> 0x0202
[1] [M]: 0x00001004 (0x02028593) addi a1, t0, 0x20
x11 <- 0x00001020
mem[X,0b0000000000000000000001000000001000] -> 0x2573
mem[X,0b0000000000000000000001000000001010] -> 0xF140
[2] [M]: 0x00001008 (0xF1402573) csrrs a0, mhartid, zero
CSR mhartid -> 0x00000000
x10 <- 0x00000000
mem[X,0b0000000000000000000001000000001100] -> 0xA283
mem[X,0b0000000000000000000001000000001110] -> 0x0182
[3] [M]: 0x0000100C (0x0182A283) lw t0, 0x18(t0)
mem[R,0b0000000000000000000001000000011000] -> 0x80000000
x5 <- 0x80000000
mem[X,0b0000000000000000000001000000010000] -> 0x8067
mem[X,0b0000000000000000000001000000010010] -> 0x0002
[4] [M]: 0x00001010 (0x00028067) jalr zero, 0x0(t0)
mem[X,0b0010000000000000000000000000000000] -> 0x0837
mem[X,0b0010000000000000000000000000000010] -> 0x7D5C
[5] [M]: 0x80000000 (0x7D5C0837) lui a6, 0x7d5c0
x16 <- 0x7D5C0000
mem[X,0b0010000000000000000000000000000100] -> 0x0813
mem[X,0b0010000000000000000000000000000110] -> 0xDDB8
[6] [M]: 0x80000004 (0xDDB80813) addi a6, a6, -0x225
x16 <- 0x7D5BFDDB
mem[X,0b0010000000000000000000000000001000] -> 0x5893
mem[X,0b0010000000000000000000000000001010] -> 0x0078
[7] [M]: 0x80000008 (0x00785893) srli a7, a6, 0x7
x17 <- 0x00FAB7FB
mem[X,0b0010000000000000000000000000001100] -> 0x5793
mem[X,0b0010000000000000000000000000001110] -> 0x0198
[8] [M]: 0x8000000C (0x01985793) srli a5, a6, 0x19
x15 <- 0x0000003E
mem[X,0b0010000000000000000000000000010000] -> 0xE8B3
mem[X,0b0010000000000000000000000000010010] -> 0x00F8
[9] [M]: 0x80000010 (0x00F8E8B3) or a7, a7, a5
x17 <- 0x00FAB7FF
mem[X,0b0010000000000000000000000000010100] -> 0xD913
mem[X,0b0010000000000000000000000000010110] -> 0x0078
[10] [M]: 0x80000014 (0x0078D913) srli s2, a7, 0x7
x18 <- 0x0001F56F
mem[X,0b0010000000000000000000000000011000] -> 0xD793
mem[X,0b0010000000000000000000000000011010] -> 0x0198
[11] [M]: 0x80000018 (0x0198D793) srli a5, a7, 0x19
x15 <- 0x00000000
mem[X,0b0010000000000000000000000000011100] -> 0x6933
mem[X,0b0010000000000000000000000000011110] -> 0x00F9
[12] [M]: 0x8000001C (0x00F96933) or s2, s2, a5
x18 <- 0x0001F56F
mem[X,0b0010000000000000000000000000100000] -> 0x5993
mem[X,0b0010000000000000000000000000100010] -> 0x0079
[13] [M]: 0x80000020 (0x00795993) srli s3, s2, 0x7
x19 <- 0x000003EA
mem[X,0b0010000000000000000000000000100100] -> 0x5793
mem[X,0b0010000000000000000000000000100110] -> 0x0199
[14] [M]: 0x80000024 (0x01995793) srli a5, s2, 0x19
x15 <- 0x00000000
mem[X,0b0010000000000000000000000000101000] -> 0xE9B3
mem[X,0b0010000000000000000000000000101010] -> 0x00F9
[15] [M]: 0x80000028 (0x00F9E9B3) or s3, s3, a5
x19 <- 0x000003EA
mem[X,0b0010000000000000000000000000101100] -> 0xDA13
mem[X,0b0010000000000000000000000000101110] -> 0x0079
[16] [M]: 0x8000002C (0x0079DA13) srli s4, s3, 0x7
x20 <- 0x00000007
mem[X,0b0010000000000000000000000000110000] -> 0xD793
mem[X,0b0010000000000000000000000000110010] -> 0x0199
[17] [M]: 0x80000030 (0x0199D793) srli a5, s3, 0x19
x15 <- 0x00000000
mem[X,0b0010000000000000000000000000110100] -> 0x6A33
mem[X,0b0010000000000000000000000000110110] -> 0x00FA
[18] [M]: 0x80000034 (0x00FA6A33) or s4, s4, a5
x20 <- 0x00000007
mem[X,0b0010000000000000000000000000111000] -> 0x5A93
mem[X,0b0010000000000000000000000000111010] -> 0x007A
[19] [M]: 0x80000038 (0x007A5A93) srli s5, s4, 0x7
x21 <- 0x00000000
mem[X,0b0010000000000000000000000000111100] -> 0x5793
mem[X,0b0010000000000000000000000000111110] -> 0x019A
[20] [M]: 0x8000003C (0x019A5793) srli a5, s4, 0x19
x15 <- 0x00000000
mem[X,0b0010000000000000000000000001000000] -> 0xEAB3
mem[X,0b0010000000000000000000000001000010] -> 0x00FA
[21] [M]: 0x80000040 (0x00FAEAB3) or s5, s5, a5
x21 <- 0x00000000
mem[X,0b0010000000000000000000000001000100] -> 0xDB13
mem[X,0b0010000000000000000000000001000110] -> 0x007A
[22] [M]: 0x80000044 (0x007ADB13) srli s6, s5, 0x7
x22 <- 0x00000000
mem[X,0b0010000000000000000000000001001000] -> 0xD793
mem[X,0b0010000000000000000000000001001010] -> 0x019A
[23] [M]: 0x80000048 (0x019AD793) srli a5, s5, 0x19
x15 <- 0x00000000
mem[X,0b0010000000000000000000000001001100] -> 0x6B33
mem[X,0b0010000000000000000000000001001110] -> 0x00FB
[24] [M]: 0x8000004C (0x00FB6B33) or s6, s6, a5
x22 <- 0x00000000
mem[X,0b0010000000000000000000000001010000] -> 0x5B93
mem[X,0b0010000000000000000000000001010010] -> 0x007B
[25] [M]: 0x80000050 (0x007B5B93) srli s7, s6, 0x7
x23 <- 0x00000000
mem[X,0b0010000000000000000000000001010100] -> 0x5793
mem[X,0b0010000000000000000000000001010110] -> 0x019B
[26] [M]: 0x80000054 (0x019B5793) srli a5, s6, 0x19
x15 <- 0x00000000
mem[X,0b0010000000000000000000000001011000] -> 0xEBB3
mem[X,0b0010000000000000000000000001011010] -> 0x00FB
[27] [M]: 0x80000058 (0x00FBEBB3) or s7, s7, a5
x23 <- 0x00000000
mem[X,0b0010000000000000000000000001011100] -> 0xDC13
mem[X,0b0010000000000000000000000001011110] -> 0x007B
[28] [M]: 0x8000005C (0x007BDC13) srli s8, s7, 0x7
x24 <- 0x00000000
mem[X,0b0010000000000000000000000001100000] -> 0xD793
mem[X,0b0010000000000000000000000001100010] -> 0x019B
[29] [M]: 0x80000060 (0x019BD793) srli a5, s7, 0x19
x15 <- 0x00000000
mem[X,0b0010000000000000000000000001100100] -> 0x6C33
mem[X,0b0010000000000000000000000001100110] -> 0x00FC
[30] [M]: 0x80000064 (0x00FC6C33) or s8, s8, a5
x24 <- 0x00000000
mem[X,0b0010000000000000000000000001101000] -> 0x5C93
mem[X,0b0010000000000000000000000001101010] -> 0x007C
[31] [M]: 0x80000068 (0x007C5C93) srli s9, s8, 0x7
x25 <- 0x00000000
mem[X,0b0010000000000000000000000001101100] -> 0x5793
mem[X,0b0010000000000000000000000001101110] -> 0x019C
[32] [M]: 0x8000006C (0x019C5793) srli a5, s8, 0x19
x15 <- 0x00000000
mem[X,0b0010000000000000000000000001110000] -> 0xECB3
mem[X,0b0010000000000000000000000001110010] -> 0x00FC
[33] [M]: 0x80000070 (0x00FCECB3) or s9, s9, a5
x25 <- 0x00000000
mem[X,0b0010000000000000000000000001110100] -> 0xDD13
mem[X,0b0010000000000000000000000001110110] -> 0x007C
[34] [M]: 0x80000074 (0x007CDD13) srli s10, s9, 0x7
x26 <- 0x00000000
mem[X,0b0010000000000000000000000001111000] -> 0xD793
mem[X,0b0010000000000000000000000001111010] -> 0x019C
[35] [M]: 0x80000078 (0x019CD793) srli a5, s9, 0x19
x15 <- 0x00000000
mem[X,0b0010000000000000000000000001111100] -> 0x6D33
mem[X,0b0010000000000000000000000001111110] -> 0x00FD
[36] [M]: 0x8000007C (0x00FD6D33) or s10, s10, a5
x26 <- 0x00000000
mem[X,0b0010000000000000000000000010000000] -> 0x5D93
mem[X,0b0010000000000000000000000010000010] -> 0x007D
[37] [M]: 0x80000080 (0x007D5D93) srli s11, s10, 0x7
x27 <- 0x00000000
mem[X,0b0010000000000000000000000010000100] -> 0x5793
mem[X,0b0010000000000000000000000010000110] -> 0x019D
[38] [M]: 0x80000084 (0x019D5793) srli a5, s10, 0x19
x15 <- 0x00000000
mem[X,0b0010000000000000000000000010001000] -> 0xEDB3
mem[X,0b0010000000000000000000000010001010] -> 0x00FD
[39] [M]: 0x80000088 (0x00FDEDB3) or s11, s11, a5
x27 <- 0x00000000
mem[X,0b0010000000000000000000000010001100] -> 0xDE13
mem[X,0b0010000000000000000000000010001110] -> 0x007D
[40] [M]: 0x8000008C (0x007DDE13) srli t3, s11, 0x7
x28 <- 0x00000000
mem[X,0b0010000000000000000000000010010000] -> 0xD793
mem[X,0b0010000000000000000000000010010010] -> 0x019D
[41] [M]: 0x80000090 (0x019DD793) srli a5, s11, 0x19
x15 <- 0x00000000
mem[X,0b0010000000000000000000000010010100] -> 0x6E33
mem[X,0b0010000000000000000000000010010110] -> 0x00FE
[42] [M]: 0x80000094 (0x00FE6E33) or t3, t3, a5
x28 <- 0x00000000
mem[X,0b0010000000000000000000000010011000] -> 0x5E93
mem[X,0b0010000000000000000000000010011010] -> 0x007E
[43] [M]: 0x80000098 (0x007E5E93) srli t4, t3, 0x7
x29 <- 0x00000000
mem[X,0b0010000000000000000000000010011100] -> 0x5793
mem[X,0b0010000000000000000000000010011110] -> 0x019E
[44] [M]: 0x8000009C (0x019E5793) srli a5, t3, 0x19
x15 <- 0x00000000
mem[X,0b0010000000000000000000000010100000] -> 0xEEB3
mem[X,0b0010000000000000000000000010100010] -> 0x00FE
[45] [M]: 0x800000A0 (0x00FEEEB3) or t4, t4, a5
x29 <- 0x00000000
mem[X,0b0010000000000000000000000010100100] -> 0xDF13
mem[X,0b0010000000000000000000000010100110] -> 0x007E
[46] [M]: 0x800000A4 (0x007EDF13) srli t5, t4, 0x7
x30 <- 0x00000000
mem[X,0b0010000000000000000000000010101000] -> 0xD793
mem[X,0b0010000000000000000000000010101010] -> 0x019E
[47] [M]: 0x800000A8 (0x019ED793) srli a5, t4, 0x19
x15 <- 0x00000000
mem[X,0b0010000000000000000000000010101100] -> 0x6F33
mem[X,0b0010000000000000000000000010101110] -> 0x00FF
[48] [M]: 0x800000AC (0x00FF6F33) or t5, t5, a5
x30 <- 0x00000000
mem[X,0b0010000000000000000000000010110000] -> 0xC0B7
mem[X,0b0010000000000000000000000010110010] -> 0xFEED
[49] [M]: 0x800000B0 (0xFEEDC0B7) lui ra, -0x1124
x1 <- 0xFEEDC000
mem[X,0b0010000000000000000000000010110100] -> 0x8093
mem[X,0b0010000000000000000000000010110110] -> 0xEAD0
[50] [M]: 0x800000B4 (0xEAD08093) addi ra, ra, -0x153
x1 <- 0xFEEDBEAD
mem[X,0b0010000000000000000000000010111000] -> 0xD113
mem[X,0b0010000000000000000000000010111010] -> 0x0070
[51] [M]: 0x800000B8 (0x0070D113) srli sp, ra, 0x7
x2 <- 0x01FDDB7D
mem[X,0b0010000000000000000000000010111100] -> 0xD793
mem[X,0b0010000000000000000000000010111110] -> 0x0190
[52] [M]: 0x800000BC (0x0190D793) srli a5, ra, 0x19
x15 <- 0x0000007F
mem[X,0b0010000000000000000000000011000000] -> 0x6133
mem[X,0b0010000000000000000000000011000010] -> 0x00F1
[53] [M]: 0x800000C0 (0x00F16133) or sp, sp, a5
x2 <- 0x01FDDB7F
mem[X,0b0010000000000000000000000011000100] -> 0x5193
mem[X,0b0010000000000000000000000011000110] -> 0x0071
[54] [M]: 0x800000C4 (0x00715193) srli gp, sp, 0x7
x3 <- 0x0003FBB6
mem[X,0b0010000000000000000000000011001000] -> 0x5793
mem[X,0b0010000000000000000000000011001010] -> 0x0191
[55] [M]: 0x800000C8 (0x01915793) srli a5, sp, 0x19
x15 <- 0x00000000
mem[X,0b0010000000000000000000000011001100] -> 0xE1B3
mem[X,0b0010000000000000000000000011001110] -> 0x00F1
[56] [M]: 0x800000CC (0x00F1E1B3) or gp, gp, a5
x3 <- 0x0003FBB6
mem[X,0b0010000000000000000000000011010000] -> 0xD213
mem[X,0b0010000000000000000000000011010010] -> 0x0071
[57] [M]: 0x800000D0 (0x0071D213) srli tp, gp, 0x7
x4 <- 0x000007F7
mem[X,0b0010000000000000000000000011010100] -> 0xD793
mem[X,0b0010000000000000000000000011010110] -> 0x0191
[58] [M]: 0x800000D4 (0x0191D793) srli a5, gp, 0x19
x15 <- 0x00000000
mem[X,0b0010000000000000000000000011011000] -> 0x6233
mem[X,0b0010000000000000000000000011011010] -> 0x00F2
[59] [M]: 0x800000D8 (0x00F26233) or tp, tp, a5
x4 <- 0x000007F7
mem[X,0b0010000000000000000000000011011100] -> 0x5293
mem[X,0b0010000000000000000000000011011110] -> 0x0072
[60] [M]: 0x800000DC (0x00725293) srli t0, tp, 0x7
x5 <- 0x0000000F
mem[X,0b0010000000000000000000000011100000] -> 0x5793
mem[X,0b0010000000000000000000000011100010] -> 0x0192
[61] [M]: 0x800000E0 (0x01925793) srli a5, tp, 0x19
x15 <- 0x00000000
mem[X,0b0010000000000000000000000011100100] -> 0xE2B3
mem[X,0b0010000000000000000000000011100110] -> 0x00F2
[62] [M]: 0x800000E4 (0x00F2E2B3) or t0, t0, a5
x5 <- 0x0000000F
mem[X,0b0010000000000000000000000011101000] -> 0xD313
mem[X,0b0010000000000000000000000011101010] -> 0x0072
[63] [M]: 0x800000E8 (0x0072D313) srli t1, t0, 0x7
x6 <- 0x00000000
mem[X,0b0010000000000000000000000011101100] -> 0xD793
mem[X,0b0010000000000000000000000011101110] -> 0x0192
[64] [M]: 0x800000EC (0x0192D793) srli a5, t0, 0x19
x15 <- 0x00000000
mem[X,0b0010000000000000000000000011110000] -> 0x6333
mem[X,0b0010000000000000000000000011110010] -> 0x00F3
[65] [M]: 0x800000F0 (0x00F36333) or t1, t1, a5
x6 <- 0x00000000
mem[X,0b0010000000000000000000000011110100] -> 0x5393
mem[X,0b0010000000000000000000000011110110] -> 0x0073
[66] [M]: 0x800000F4 (0x00735393) srli t2, t1, 0x7
x7 <- 0x00000000
mem[X,0b0010000000000000000000000011111000] -> 0x5793
mem[X,0b0010000000000000000000000011111010] -> 0x0193
[67] [M]: 0x800000F8 (0x01935793) srli a5, t1, 0x19
x15 <- 0x00000000
mem[X,0b0010000000000000000000000011111100] -> 0xE3B3
mem[X,0b0010000000000000000000000011111110] -> 0x00F3
[68] [M]: 0x800000FC (0x00F3E3B3) or t2, t2, a5
x7 <- 0x00000000
mem[X,0b0010000000000000000000000100000000] -> 0xD413
mem[X,0b0010000000000000000000000100000010] -> 0x0073
[69] [M]: 0x80000100 (0x0073D413) srli fp, t2, 0x7
x8 <- 0x00000000
mem[X,0b0010000000000000000000000100000100] -> 0xD793
mem[X,0b0010000000000000000000000100000110] -> 0x0193
[70] [M]: 0x80000104 (0x0193D793) srli a5, t2, 0x19
x15 <- 0x00000000
mem[X,0b0010000000000000000000000100001000] -> 0x6433
mem[X,0b0010000000000000000000000100001010] -> 0x00F4
[71] [M]: 0x80000108 (0x00F46433) or fp, fp, a5
x8 <- 0x00000000
mem[X,0b0010000000000000000000000100001100] -> 0x5493
mem[X,0b0010000000000000000000000100001110] -> 0x0074
[72] [M]: 0x8000010C (0x00745493) srli s1, fp, 0x7
x9 <- 0x00000000
mem[X,0b0010000000000000000000000100010000] -> 0x5793
mem[X,0b0010000000000000000000000100010010] -> 0x0194
[73] [M]: 0x80000110 (0x01945793) srli a5, fp, 0x19
x15 <- 0x00000000
mem[X,0b0010000000000000000000000100010100] -> 0xE4B3
mem[X,0b0010000000000000000000000100010110] -> 0x00F4
[74] [M]: 0x80000114 (0x00F4E4B3) or s1, s1, a5
x9 <- 0x00000000
mem[X,0b0010000000000000000000000100011000] -> 0xD513
mem[X,0b0010000000000000000000000100011010] -> 0x0074
[75] [M]: 0x80000118 (0x0074D513) srli a0, s1, 0x7
x10 <- 0x00000000
mem[X,0b0010000000000000000000000100011100] -> 0xD793
mem[X,0b0010000000000000000000000100011110] -> 0x0194
[76] [M]: 0x8000011C (0x0194D793) srli a5, s1, 0x19
x15 <- 0x00000000
mem[X,0b0010000000000000000000000100100000] -> 0x6533
mem[X,0b0010000000000000000000000100100010] -> 0x00F5
[77] [M]: 0x80000120 (0x00F56533) or a0, a0, a5
x10 <- 0x00000000
mem[X,0b0010000000000000000000000100100100] -> 0x5593
mem[X,0b0010000000000000000000000100100110] -> 0x0075
[78] [M]: 0x80000124 (0x00755593) srli a1, a0, 0x7
x11 <- 0x00000000
mem[X,0b0010000000000000000000000100101000] -> 0x5793
mem[X,0b0010000000000000000000000100101010] -> 0x0195
[79] [M]: 0x80000128 (0x01955793) srli a5, a0, 0x19
x15 <- 0x00000000
mem[X,0b0010000000000000000000000100101100] -> 0xE5B3
mem[X,0b0010000000000000000000000100101110] -> 0x00F5
[80] [M]: 0x8000012C (0x00F5E5B3) or a1, a1, a5
x11 <- 0x00000000
mem[X,0b0010000000000000000000000100110000] -> 0xD613
mem[X,0b0010000000000000000000000100110010] -> 0x0075
[81] [M]: 0x80000130 (0x0075D613) srli a2, a1, 0x7
x12 <- 0x00000000
mem[X,0b0010000000000000000000000100110100] -> 0xD793
mem[X,0b0010000000000000000000000100110110] -> 0x0195
[82] [M]: 0x80000134 (0x0195D793) srli a5, a1, 0x19
x15 <- 0x00000000
mem[X,0b0010000000000000000000000100111000] -> 0x6633
mem[X,0b0010000000000000000000000100111010] -> 0x00F6
[83] [M]: 0x80000138 (0x00F66633) or a2, a2, a5
x12 <- 0x00000000
mem[X,0b0010000000000000000000000100111100] -> 0x5693
mem[X,0b0010000000000000000000000100111110] -> 0x0076
[84] [M]: 0x8000013C (0x00765693) srli a3, a2, 0x7
x13 <- 0x00000000
mem[X,0b0010000000000000000000000101000000] -> 0x5793
mem[X,0b0010000000000000000000000101000010] -> 0x0196
[85] [M]: 0x80000140 (0x01965793) srli a5, a2, 0x19
x15 <- 0x00000000
mem[X,0b0010000000000000000000000101000100] -> 0xE6B3
mem[X,0b0010000000000000000000000101000110] -> 0x00F6
[86] [M]: 0x80000144 (0x00F6E6B3) or a3, a3, a5
x13 <- 0x00000000
mem[X,0b0010000000000000000000000101001000] -> 0x0013
mem[X,0b0010000000000000000000000101001010] -> 0x0000
[87] [M]: 0x80000148 (0x00000013) addi zero, zero, 0x0
mem[X,0b0010000000000000000000000101001100] -> 0x0013
mem[X,0b0010000000000000000000000101001110] -> 0x0000
[88] [M]: 0x8000014C (0x00000013) addi zero, zero, 0x0
mem[X,0b0010000000000000000000000101010000] -> 0x0013
mem[X,0b0010000000000000000000000101010010] -> 0x0000
[89] [M]: 0x80000150 (0x00000013) addi zero, zero, 0x0
mem[X,0b0010000000000000000000000101010100] -> 0x0013
mem[X,0b0010000000000000000000000101010110] -> 0x0000
[90] [M]: 0x80000154 (0x00000013) addi zero, zero, 0x0
mem[X,0b0010000000000000000000000101011000] -> 0x0013
mem[X,0b0010000000000000000000000101011010] -> 0x0000
[91] [M]: 0x80000158 (0x00000013) addi zero, zero, 0x0
mem[X,0b0010000000000000000000000101011100] -> 0x0013
mem[X,0b0010000000000000000000000101011110] -> 0x0000
[92] [M]: 0x8000015C (0x00000013) addi zero, zero, 0x0
mem[X,0b0010000000000000000000000101100000] -> 0x3197
mem[X,0b0010000000000000000000000101100010] -> 0x0000
[93] [M]: 0x80000160 (0x00003197) auipc gp, 0x3
x3 <- 0x80003160
mem[X,0b0010000000000000000000000101100100] -> 0x8193
mem[X,0b0010000000000000000000000101100110] -> 0xFB41
[94] [M]: 0x80000164 (0xFB418193) addi gp, gp, -0x4c
x3 <- 0x80003114
mem[X,0b0010000000000000000000000101101000] -> 0x0013
mem[X,0b0010000000000000000000000101101010] -> 0x0000
[95] [M]: 0x80000168 (0x00000013) addi zero, zero, 0x0
mem[X,0b0010000000000000000000000101101100] -> 0x0013
mem[X,0b0010000000000000000000000101101110] -> 0x0000
[96] [M]: 0x8000016C (0x00000013) addi zero, zero, 0x0
mem[X,0b0010000000000000000000000101110000] -> 0x0013
mem[X,0b0010000000000000000000000101110010] -> 0x0000
[97] [M]: 0x80000170 (0x00000013) addi zero, zero, 0x0
mem[X,0b0010000000000000000000000101110100] -> 0x0013
mem[X,0b0010000000000000000000000101110110] -> 0x0000
[98] [M]: 0x80000174 (0x00000013) addi zero, zero, 0x0
mem[X,0b0010000000000000000000000101111000] -> 0x0013
mem[X,0b0010000000000000000000000101111010] -> 0x0000
[99] [M]: 0x80000178 (0x00000013) addi zero, zero, 0x0
clint mtime 0x0000000000000001 (mip.MTI <- 0b1)
htif::tick 0x0000000000000000
mem[X,0b0010000000000000000000000101111100] -> 0x0013
mem[X,0b0010000000000000000000000101111110] -> 0x0000
[100] [M]: 0x8000017C (0x00000013) addi zero, zero, 0x0
mem[X,0b0010000000000000000000000110000000] -> 0x08B7
mem[X,0b0010000000000000000000000110000010] -> 0xC000
[101] [M]: 0x80000180 (0xC00008B7) lui a7, -0x40000
x17 <- 0xC0000000
mem[X,0b0010000000000000000000000110000100] -> 0x8893
mem[X,0b0010000000000000000000000110000110] -> 0xFFF8
[102] [M]: 0x80000184 (0xFFF88893) addi a7, a7, -0x1
x17 <- 0xBFFFFFFF
mem[X,0b0010000000000000000000000110001000] -> 0x9D93
mem[X,0b0010000000000000000000000110001010] -> 0x01D8
[103] [M]: 0x80000188 (0x01D89D93) slli s11, a7, 0x1d
x27 <- 0xE0000000
mem[X,0b0010000000000000000000000110001100] -> 0xA023
mem[X,0b0010000000000000000000000110001110] -> 0x01B1
[104] [M]: 0x8000018C (0x01B1A023) sw s11, 0x0(gp)
mem[0b0010000000000000000011000100010100] <- 0xE0000000
mem[X,0b0010000000000000000000000110010000] -> 0x6D37
mem[X,0b0010000000000000000000000110010010] -> 0x6666
[105] [M]: 0x80000190 (0x66666D37) lui s10, 0x66666
x26 <- 0x66666000
mem[X,0b0010000000000000000000000110010100] -> 0x0D13
mem[X,0b0010000000000000000000000110010110] -> 0x666D
[106] [M]: 0x80000194 (0x666D0D13) addi s10, s10, 0x666
x26 <- 0x66666666
mem[X,0b0010000000000000000000000110011000] -> 0x1D13
mem[X,0b0010000000000000000000000110011010] -> 0x00FD
[107] [M]: 0x80000198 (0x00FD1D13) slli s10, s10, 0xf
x26 <- 0x33330000
mem[X,0b0010000000000000000000000110011100] -> 0xA223
mem[X,0b0010000000000000000000000110011110] -> 0x01A1
[108] [M]: 0x8000019C (0x01A1A223) sw s10, 0x4(gp)
mem[0b0010000000000000000011000100011000] <- 0x33330000
mem[X,0b0010000000000000000000000110100000] -> 0x0B37
mem[X,0b0010000000000000000000000110100010] -> 0xFFFF
[109] [M]: 0x800001A0 (0xFFFF0B37) lui s6, -0x10
x22 <- 0xFFFF0000
mem[X,0b0010000000000000000000000110100100] -> 0x0B13
mem[X,0b0010000000000000000000000110100110] -> 0xFFFB
[110] [M]: 0x800001A4 (0xFFFB0B13) addi s6, s6, -0x1
x22 <- 0xFFFEFFFF
mem[X,0b0010000000000000000000000110101000] -> 0x1593
mem[X,0b0010000000000000000000000110101010] -> 0x000B
[111] [M]: 0x800001A8 (0x000B1593) slli a1, s6, 0x0
x11 <- 0xFFFEFFFF
mem[X,0b0010000000000000000000000110101100] -> 0xA423
mem[X,0b0010000000000000000000000110101110] -> 0x00B1
[112] [M]: 0x800001AC (0x00B1A423) sw a1, 0x8(gp)
mem[0b0010000000000000000011000100011100] <- 0xFFFEFFFF
mem[X,0b0010000000000000000000000110110000] -> 0x0793
mem[X,0b0010000000000000000000000110110010] -> 0x0040
[113] [M]: 0x800001B0 (0x00400793) addi a5, zero, 0x4
x15 <- 0x00000004
mem[X,0b0010000000000000000000000110110100] -> 0x9313
mem[X,0b0010000000000000000000000110110110] -> 0x0007
[114] [M]: 0x800001B4 (0x00079313) slli t1, a5, 0x0
x6 <- 0x00000004
mem[X,0b0010000000000000000000000110111000] -> 0xA623
mem[X,0b0010000000000000000000000110111010] -> 0x0061
[115] [M]: 0x800001B8 (0x0061A623) sw t1, 0xc(gp)
mem[0b0010000000000000000011000100100000] <- 0x00000004
mem[X,0b0010000000000000000000000110111100] -> 0x04B7
mem[X,0b0010000000000000000000000110111110] -> 0xFFC0
[116] [M]: 0x800001BC (0xFFC004B7) lui s1, -0x400
x9 <- 0xFFC00000
mem[X,0b0010000000000000000000000111000000] -> 0x8493
mem[X,0b0010000000000000000000000111000010] -> 0xFFF4
[117] [M]: 0x800001C0 (0xFFF48493) addi s1, s1, -0x1
x9 <- 0xFFBFFFFF
mem[X,0b0010000000000000000000000111000100] -> 0x9813
mem[X,0b0010000000000000000000000111000110] -> 0x01F4
[118] [M]: 0x800001C4 (0x01F49813) slli a6, s1, 0x1f
x16 <- 0x80000000
mem[X,0b0010000000000000000000000111001000] -> 0xA823
mem[X,0b0010000000000000000000000111001010] -> 0x0101
[119] [M]: 0x800001C8 (0x0101A823) sw a6, 0x10(gp)
mem[0b0010000000000000000011000100100100] <- 0x80000000
mem[X,0b0010000000000000000000000111001100] -> 0x0593
mem[X,0b0010000000000000000000000111001110] -> 0x0040
[120] [M]: 0x800001CC (0x00400593) addi a1, zero, 0x4
x11 <- 0x00000004
mem[X,0b0010000000000000000000000111010000] -> 0x9A13
mem[X,0b0010000000000000000000000111010010] -> 0x01F5
[121] [M]: 0x800001D0 (0x01F59A13) slli s4, a1, 0x1f
x20 <- 0x00000000
mem[X,0b0010000000000000000000000111010100] -> 0xAA23
mem[X,0b0010000000000000000000000111010110] -> 0x0141
[122] [M]: 0x800001D4 (0x0141AA23) sw s4, 0x14(gp)
mem[0b0010000000000000000011000100101000] <- 0x00000000
mem[X,0b0010000000000000000000000111011000] -> 0x0093
mem[X,0b0010000000000000000000000111011010] -> 0x0080
[123] [M]: 0x800001D8 (0x00800093) addi ra, zero, 0x8
x1 <- 0x00000008
mem[X,0b0010000000000000000000000111011100] -> 0x9993
mem[X,0b0010000000000000000000000111011110] -> 0x0080
[124] [M]: 0x800001DC (0x00809993) slli s3, ra, 0x8
x19 <- 0x00000800
mem[X,0b0010000000000000000000000111100000] -> 0xAC23
mem[X,0b0010000000000000000000000111100010] -> 0x0131
[125] [M]: 0x800001E0 (0x0131AC23) sw s3, 0x18(gp)
mem[0b0010000000000000000011000100101100] <- 0x00000800
mem[X,0b0010000000000000000000000111100100] -> 0x09B7
mem[X,0b0010000000000000000000000111100110] -> 0x8000
[126] [M]: 0x800001E4 (0x800009B7) lui s3, -0x80000
x19 <- 0x80000000
mem[X,0b0010000000000000000000000111101000] -> 0x9C93
mem[X,0b0010000000000000000000000111101010] -> 0x0109
[127] [M]: 0x800001E8 (0x01099C93) slli s9, s3, 0x10
x25 <- 0x00000000
mem[X,0b0010000000000000000000000111101100] -> 0xAE23
mem[X,0b0010000000000000000000000111101110] -> 0x0191
[128] [M]: 0x800001EC (0x0191AE23) sw s9, 0x1c(gp)
mem[0b0010000000000000000011000100110000] <- 0x00000000
mem[X,0b0010000000000000000000000111110000] -> 0x0413
mem[X,0b0010000000000000000000000111110010] -> 0x0000
[129] [M]: 0x800001F0 (0x00000413) addi fp, zero, 0x0
x8 <- 0x00000000
mem[X,0b0010000000000000000000000111110100] -> 0x1613
mem[X,0b0010000000000000000000000111110110] -> 0x00C4
[130] [M]: 0x800001F4 (0x00C41613) slli a2, fp, 0xc
x12 <- 0x00000000
mem[X,0b0010000000000000000000000111111000] -> 0xA023
mem[X,0b0010000000000000000000000111111010] -> 0x02C1
[131] [M]: 0x800001F8 (0x02C1A023) sw a2, 0x20(gp)
mem[0b0010000000000000000011000100110100] <- 0x00000000
mem[X,0b0010000000000000000000000111111100] -> 0x0DB7
mem[X,0b0010000000000000000000000111111110] -> 0x8000
[132] [M]: 0x800001FC (0x80000DB7) lui s11, -0x80000
x27 <- 0x80000000
mem[X,0b0010000000000000000000001000000000] -> 0x8D93
mem[X,0b0010000000000000000000001000000010] -> 0xFFFD
[133] [M]: 0x80000200 (0xFFFD8D93) addi s11, s11, -0x1
x27 <- 0x7FFFFFFF
mem[X,0b0010000000000000000000001000000100] -> 0x9F13
mem[X,0b0010000000000000000000001000000110] -> 0x008D
[134] [M]: 0x80000204 (0x008D9F13) slli t5, s11, 0x8
x30 <- 0xFFFFFF00
mem[X,0b0010000000000000000000001000001000] -> 0xA223
mem[X,0b0010000000000000000000001000001010] -> 0x03E1
[135] [M]: 0x80000208 (0x03E1A223) sw t5, 0x24(gp)
mem[0b0010000000000000000011000100111000] <- 0xFFFFFF00
mem[X,0b0010000000000000000000001000001100] -> 0x0113
mem[X,0b0010000000000000000000001000001110] -> 0x0010
[136] [M]: 0x8000020C (0x00100113) addi sp, zero, 0x1
x2 <- 0x00000001
mem[X,0b0010000000000000000000001000010000] -> 0x1213
mem[X,0b0010000000000000000000001000010010] -> 0x0011
[137] [M]: 0x80000210 (0x00111213) slli tp, sp, 0x1
x4 <- 0x00000002
mem[X,0b0010000000000000000000001000010100] -> 0xA423
mem[X,0b0010000000000000000000001000010110] -> 0x0241
[138] [M]: 0x80000214 (0x0241A423) sw tp, 0x28(gp)
mem[0b0010000000000000000011000100111100] <- 0x00000002
mem[X,0b0010000000000000000000001000011000] -> 0x0F93
mem[X,0b0010000000000000000000001000011010] -> 0x0020
[139] [M]: 0x80000218 (0x00200F93) addi t6, zero, 0x2
x31 <- 0x00000002
mem[X,0b0010000000000000000000001000011100] -> 0x9713
mem[X,0b0010000000000000000000001000011110] -> 0x006F
[140] [M]: 0x8000021C (0x006F9713) slli a4, t6, 0x6
x14 <- 0x00000080
mem[X,0b0010000000000000000000001000100000] -> 0xA623
mem[X,0b0010000000000000000000001000100010] -> 0x02E1
[141] [M]: 0x80000220 (0x02E1A623) sw a4, 0x2c(gp)
mem[0b0010000000000000000011000101000000] <- 0x00000080
mem[X,0b0010000000000000000000001000100100] -> 0x0C13
mem[X,0b0010000000000000000000001000100110] -> 0x0100
[142] [M]: 0x80000224 (0x01000C13) addi s8, zero, 0x10
x24 <- 0x00000010
mem[X,0b0010000000000000000000001000101000] -> 0x1893
mem[X,0b0010000000000000000000001000101010] -> 0x00EC
[143] [M]: 0x80000228 (0x00EC1893) slli a7, s8, 0xe
x17 <- 0x00040000
mem[X,0b0010000000000000000000001000101100] -> 0xA823
mem[X,0b0010000000000000000000001000101110] -> 0x0311
[144] [M]: 0x8000022C (0x0311A823) sw a7, 0x30(gp)
mem[0b0010000000000000000011000101000100] <- 0x00040000
mem[X,0b0010000000000000000000001000110000] -> 0x0213
mem[X,0b0010000000000000000000001000110010] -> 0x0200
[145] [M]: 0x80000230 (0x02000213) addi tp, zero, 0x20
x4 <- 0x00000020
mem[X,0b0010000000000000000000001000110100] -> 0x1513
mem[X,0b0010000000000000000000001000110110] -> 0x0032
[146] [M]: 0x80000234 (0x00321513) slli a0, tp, 0x3
x10 <- 0x00000100
mem[X,0b0010000000000000000000001000111000] -> 0xAA23
mem[X,0b0010000000000000000000001000111010] -> 0x02A1
[147] [M]: 0x80000238 (0x02A1AA23) sw a0, 0x34(gp)
mem[0b0010000000000000000011000101001000] <- 0x00000100
mem[X,0b0010000000000000000000001000111100] -> 0x0913
mem[X,0b0010000000000000000000001000111110] -> 0x0400
[148] [M]: 0x8000023C (0x04000913) addi s2, zero, 0x40
x18 <- 0x00000040
mem[X,0b0010000000000000000000001001000000] -> 0x1113
mem[X,0b0010000000000000000000001001000010] -> 0x0159
[149] [M]: 0x80000240 (0x01591113) slli sp, s2, 0x15
x2 <- 0x08000000
mem[X,0b0010000000000000000000001001000100] -> 0xAC23
mem[X,0b0010000000000000000000001001000110] -> 0x0221
[150] [M]: 0x80000244 (0x0221AC23) sw sp, 0x38(gp)
mem[0b0010000000000000000011000101001100] <- 0x08000000
mem[X,0b0010000000000000000000001001001000] -> 0x0293
mem[X,0b0010000000000000000000001001001010] -> 0x0800
[151] [M]: 0x80000248 (0x08000293) addi t0, zero, 0x80
x5 <- 0x00000080
mem[X,0b0010000000000000000000001001001100] -> 0x9B93
mem[X,0b0010000000000000000000001001001110] -> 0x0152
[152] [M]: 0x8000024C (0x01529B93) slli s7, t0, 0x15
x23 <- 0x10000000
mem[X,0b0010000000000000000000001001010000] -> 0xAE23
mem[X,0b0010000000000000000000001001010010] -> 0x0371
[153] [M]: 0x80000250 (0x0371AE23) sw s7, 0x3c(gp)
mem[0b0010000000000000000011000101010000] <- 0x10000000
mem[X,0b0010000000000000000000001001010100] -> 0x0693
mem[X,0b0010000000000000000000001001010110] -> 0x1000
[154] [M]: 0x80000254 (0x10000693) addi a3, zero, 0x100
x13 <- 0x00000100
mem[X,0b0010000000000000000000001001011000] -> 0x9413
mem[X,0b0010000000000000000000001001011010] -> 0x0016
[155] [M]: 0x80000258 (0x00169413) slli fp, a3, 0x1
x8 <- 0x00000200
mem[X,0b0010000000000000000000001001011100] -> 0xA023
mem[X,0b0010000000000000000000001001011110] -> 0x0481
[156] [M]: 0x8000025C (0x0481A023) sw fp, 0x40(gp)
mem[0b0010000000000000000011000101010100] <- 0x00000200
mem[X,0b0010000000000000000000001001100000] -> 0x0A13
mem[X,0b0010000000000000000000001001100010] -> 0x2000
[157] [M]: 0x80000260 (0x20000A13) addi s4, zero, 0x200
x20 <- 0x00000200
mem[X,0b0010000000000000000000001001100100] -> 0x1013
mem[X,0b0010000000000000000000001001100110] -> 0x000A
[158] [M]: 0x80000264 (0x000A1013) slli zero, s4, 0x0
mem[X,0b0010000000000000000000001001101000] -> 0xA223
mem[X,0b0010000000000000000000001001101010] -> 0x0401
[159] [M]: 0x80000268 (0x0401A223) sw zero, 0x44(gp)
mem[0b0010000000000000000011000101011000] <- 0x00000000
mem[X,0b0010000000000000000000001001101100] -> 0x0813
mem[X,0b0010000000000000000000001001101110] -> 0x4000
[160] [M]: 0x8000026C (0x40000813) addi a6, zero, 0x400
x16 <- 0x00000400
mem[X,0b0010000000000000000000001001110000] -> 0x1493
mem[X,0b0010000000000000000000001001110010] -> 0x0028
[161] [M]: 0x80000270 (0x00281493) slli s1, a6, 0x2
x9 <- 0x00001000
mem[X,0b0010000000000000000000001001110100] -> 0xA423
mem[X,0b0010000000000000000000001001110110] -> 0x0491
[162] [M]: 0x80000274 (0x0491A423) sw s1, 0x48(gp)
mem[0b0010000000000000000011000101011100] <- 0x00001000
mem[X,0b0010000000000000000000001001111000] -> 0x1AB7
mem[X,0b0010000000000000000000001001111010] -> 0x0000
[163] [M]: 0x80000278 (0x00001AB7) lui s5, 0x1
x21 <- 0x00001000
mem[X,0b0010000000000000000000001001111100] -> 0x8A93
mem[X,0b0010000000000000000000001001111110] -> 0x800A
[164] [M]: 0x8000027C (0x800A8A93) addi s5, s5, -0x800
x21 <- 0x00000800
mem[X,0b0010000000000000000000001010000000] -> 0x9293
mem[X,0b0010000000000000000000001010000010] -> 0x013A
[165] [M]: 0x80000280 (0x013A9293) slli t0, s5, 0x13
x5 <- 0x40000000
mem[X,0b0010000000000000000000001010000100] -> 0xA623
mem[X,0b0010000000000000000000001010000110] -> 0x0451
[166] [M]: 0x80000284 (0x0451A623) sw t0, 0x4c(gp)
mem[0b0010000000000000000011000101100000] <- 0x40000000
mem[X,0b0010000000000000000000001010001000] -> 0x1BB7
mem[X,0b0010000000000000000000001010001010] -> 0x0000
[167] [M]: 0x80000288 (0x00001BB7) lui s7, 0x1
x23 <- 0x00001000
mem[X,0b0010000000000000000000001010001100] -> 0x9093
mem[X,0b0010000000000000000000001010001110] -> 0x007B
[168] [M]: 0x8000028C (0x007B9093) slli ra, s7, 0x7
x1 <- 0x00080000
mem[X,0b0010000000000000000000001010010000] -> 0xA823
mem[X,0b0010000000000000000000001010010010] -> 0x0411
[169] [M]: 0x80000290 (0x0411A823) sw ra, 0x50(gp)
mem[0b0010000000000000000011000101100100] <- 0x00080000
mem[X,0b0010000000000000000000001010010100] -> 0x2637
mem[X,0b0010000000000000000000001010010110] -> 0x0000
[170] [M]: 0x80000294 (0x00002637) lui a2, 0x2
x12 <- 0x00002000
mem[X,0b0010000000000000000000001010011000] -> 0x1913
mem[X,0b0010000000000000000000001010011010] -> 0x0106
[171] [M]: 0x80000298 (0x01061913) slli s2, a2, 0x10
x18 <- 0x20000000
mem[X,0b0010000000000000000000001010011100] -> 0xAA23
mem[X,0b0010000000000000000000001010011110] -> 0x0521
[172] [M]: 0x8000029C (0x0521AA23) sw s2, 0x54(gp)
mem[0b0010000000000000000011000101101000] <- 0x20000000
mem[X,0b0010000000000000000000001010100000] -> 0x4EB7
mem[X,0b0010000000000000000000001010100010] -> 0x0000
[173] [M]: 0x800002A0 (0x00004EB7) lui t4, 0x4
x29 <- 0x00004000
mem[X,0b0010000000000000000000001010100100] -> 0x9793
mem[X,0b0010000000000000000000001010100110] -> 0x00BE
[174] [M]: 0x800002A4 (0x00BE9793) slli a5, t4, 0xb
x15 <- 0x02000000
mem[X,0b0010000000000000000000001010101000] -> 0xAC23
mem[X,0b0010000000000000000000001010101010] -> 0x04F1
[175] [M]: 0x800002A8 (0x04F1AC23) sw a5, 0x58(gp)
mem[0b0010000000000000000011000101101100] <- 0x02000000
mem[X,0b0010000000000000000000001010101100] -> 0x0013
mem[X,0b0010000000000000000000001010101110] -> 0x0000
[176] [M]: 0x800002AC (0x00000013) addi zero, zero, 0x0
mem[X,0b0010000000000000000000001010110000] -> 0x0013
mem[X,0b0010000000000000000000001010110010] -> 0x0000
[177] [M]: 0x800002B0 (0x00000013) addi zero, zero, 0x0
mem[X,0b0010000000000000000000001010110100] -> 0x0013
mem[X,0b0010000000000000000000001010110110] -> 0x0000
[178] [M]: 0x800002B4 (0x00000013) addi zero, zero, 0x0
mem[X,0b0010000000000000000000001010111000] -> 0x0013
mem[X,0b0010000000000000000000001010111010] -> 0x0000
[179] [M]: 0x800002B8 (0x00000013) addi zero, zero, 0x0
mem[X,0b0010000000000000000000001010111100] -> 0x0013
mem[X,0b0010000000000000000000001010111110] -> 0x0000
[180] [M]: 0x800002BC (0x00000013) addi zero, zero, 0x0
mem[X,0b0010000000000000000000001011000000] -> 0x3097
mem[X,0b0010000000000000000000001011000010] -> 0x0000
[181] [M]: 0x800002C0 (0x00003097) auipc ra, 0x3
x1 <- 0x800032C0
mem[X,0b0010000000000000000000001011000100] -> 0x8093
mem[X,0b0010000000000000000000001011000110] -> 0xEB00
[182] [M]: 0x800002C4 (0xEB008093) addi ra, ra, -0x150
x1 <- 0x80003170
mem[X,0b0010000000000000000000001011001000] -> 0x0013
mem[X,0b0010000000000000000000001011001010] -> 0x0000
[183] [M]: 0x800002C8 (0x00000013) addi zero, zero, 0x0
mem[X,0b0010000000000000000000001011001100] -> 0x0013
mem[X,0b0010000000000000000000001011001110] -> 0x0000
[184] [M]: 0x800002CC (0x00000013) addi zero, zero, 0x0
mem[X,0b0010000000000000000000001011010000] -> 0x0013
mem[X,0b0010000000000000000000001011010010] -> 0x0000
[185] [M]: 0x800002D0 (0x00000013) addi zero, zero, 0x0
mem[X,0b0010000000000000000000001011010100] -> 0x0013
mem[X,0b0010000000000000000000001011010110] -> 0x0000
[186] [M]: 0x800002D4 (0x00000013) addi zero, zero, 0x0
mem[X,0b0010000000000000000000001011011000] -> 0x0013
mem[X,0b0010000000000000000000001011011010] -> 0x0000
[187] [M]: 0x800002D8 (0x00000013) addi zero, zero, 0x0
mem[X,0b0010000000000000000000001011011100] -> 0x0013
mem[X,0b0010000000000000000000001011011110] -> 0x0000
[188] [M]: 0x800002DC (0x00000013) addi zero, zero, 0x0
mem[X,0b0010000000000000000000001011100000] -> 0x81B7
mem[X,0b0010000000000000000000001011100010] -> 0x0000
[189] [M]: 0x800002E0 (0x000081B7) lui gp, 0x8
x3 <- 0x00008000
mem[X,0b0010000000000000000000001011100100] -> 0x9A93
mem[X,0b0010000000000000000000001011100110] -> 0x0171
[190] [M]: 0x800002E4 (0x01719A93) slli s5, gp, 0x17
x21 <- 0x00000000
mem[X,0b0010000000000000000000001011101000] -> 0xA023
mem[X,0b0010000000000000000000001011101010] -> 0x0150
[191] [M]: 0x800002E8 (0x0150A023) sw s5, 0x0(ra)
mem[0b0010000000000000000011000101110000] <- 0x00000000
mem[X,0b0010000000000000000000001011101100] -> 0x0013
mem[X,0b0010000000000000000000001011101110] -> 0x0000
[192] [M]: 0x800002EC (0x00000013) addi zero, zero, 0x0
mem[X,0b0010000000000000000000001011110000] -> 0x1F93
mem[X,0b0010000000000000000000001011110010] -> 0x0010
[193] [M]: 0x800002F0 (0x00101F93) slli t6, zero, 0x1
x31 <- 0x00000000
mem[X,0b0010000000000000000000001011110100] -> 0xA223
mem[X,0b0010000000000000000000001011110110] -> 0x01F0
[194] [M]: 0x800002F4 (0x01F0A223) sw t6, 0x4(ra)
mem[0b0010000000000000000011000101110100] <- 0x00000000
mem[X,0b0010000000000000000000001011111000] -> 0x0737
mem[X,0b0010000000000000000000001011111010] -> 0x0002
[195] [M]: 0x800002F8 (0x00020737) lui a4, 0x20
x14 <- 0x00020000
mem[X,0b0010000000000000000000001011111100] -> 0x1193
mem[X,0b0010000000000000000000001011111110] -> 0x01B7
[196] [M]: 0x800002FC (0x01B71193) slli gp, a4, 0x1b
x3 <- 0x00000000
mem[X,0b0010000000000000000000001100000000] -> 0xA423
mem[X,0b0010000000000000000000001100000010] -> 0x0030
[197] [M]: 0x80000300 (0x0030A423) sw gp, 0x8(ra)
mem[0b0010000000000000000011000101111000] <- 0x00000000
mem[X,0b0010000000000000000000001100000100] -> 0x0CB7
mem[X,0b0010000000000000000000001100000110] -> 0x0004
[198] [M]: 0x80000304 (0x00040CB7) lui s9, 0x40
x25 <- 0x00040000
mem[X,0b0010000000000000000000001100001000] -> 0x9C13
mem[X,0b0010000000000000000000001100001010] -> 0x01FC
[199] [M]: 0x80000308 (0x01FC9C13) slli s8, s9, 0x1f
x24 <- 0x00000000
clint mtime 0x0000000000000002 (mip.MTI <- 0b1)
htif::tick 0x0000000000000000
mem[X,0b0010000000000000000000001100001100] -> 0xA623
mem[X,0b0010000000000000000000001100001110] -> 0x0180
[200] [M]: 0x8000030C (0x0180A623) sw s8, 0xc(ra)
mem[0b0010000000000000000011000101111100] <- 0x00000000
mem[X,0b0010000000000000000000001100010000] -> 0x0F37
mem[X,0b0010000000000000000000001100010010] -> 0x0008
[201] [M]: 0x80000310 (0x00080F37) lui t5, 0x80
x30 <- 0x00080000
mem[X,0b0010000000000000000000001100010100] -> 0x1E93
mem[X,0b0010000000000000000000001100010110] -> 0x00FF
[202] [M]: 0x80000314 (0x00FF1E93) slli t4, t5, 0xf
x29 <- 0x00000000
mem[X,0b0010000000000000000000001100011000] -> 0xA823
mem[X,0b0010000000000000000000001100011010] -> 0x01D0
[203] [M]: 0x80000318 (0x01D0A823) sw t4, 0x10(ra)
mem[0b0010000000000000000011000110000000] <- 0x00000000
mem[X,0b0010000000000000000000001100011100] -> 0x0E37
mem[X,0b0010000000000000000000001100011110] -> 0x0010
[204] [M]: 0x8000031C (0x00100E37) lui t3, 0x100
x28 <- 0x00100000
mem[X,0b0010000000000000000000001100100000] -> 0x1693
mem[X,0b0010000000000000000000001100100010] -> 0x017E
[205] [M]: 0x80000320 (0x017E1693) slli a3, t3, 0x17
x13 <- 0x00000000
mem[X,0b0010000000000000000000001100100100] -> 0xAA23
mem[X,0b0010000000000000000000001100100110] -> 0x00D0
[206] [M]: 0x80000324 (0x00D0AA23) sw a3, 0x14(ra)
mem[0b0010000000000000000011000110000100] <- 0x00000000
mem[X,0b0010000000000000000000001100101000] -> 0x0537
mem[X,0b0010000000000000000000001100101010] -> 0x0020
[207] [M]: 0x80000328 (0x00200537) lui a0, 0x200
x10 <- 0x00200000
mem[X,0b0010000000000000000000001100101100] -> 0x1393
mem[X,0b0010000000000000000000001100101110] -> 0x0075
[208] [M]: 0x8000032C (0x00751393) slli t2, a0, 0x7
x7 <- 0x10000000
mem[X,0b0010000000000000000000001100110000] -> 0xAC23
mem[X,0b0010000000000000000000001100110010] -> 0x0070
[209] [M]: 0x80000330 (0x0070AC23) sw t2, 0x18(ra)
mem[0b0010000000000000000011000110001000] <- 0x10000000
mem[X,0b0010000000000000000000001100110100] -> 0x03B7
mem[X,0b0010000000000000000000001100110110] -> 0x0040
[210] [M]: 0x80000334 (0x004003B7) lui t2, 0x400
x7 <- 0x00400000
mem[X,0b0010000000000000000000001100111000] -> 0x9B13
mem[X,0b0010000000000000000000001100111010] -> 0x01D3
[211] [M]: 0x80000338 (0x01D39B13) slli s6, t2, 0x1d
x22 <- 0x00000000
mem[X,0b0010000000000000000000001100111100] -> 0xAE23
mem[X,0b0010000000000000000000001100111110] -> 0x0160
[212] [M]: 0x8000033C (0x0160AE23) sw s6, 0x1c(ra)
mem[0b0010000000000000000011000110001100] <- 0x00000000
mem[X,0b0010000000000000000000001101000000] -> 0x0337
mem[X,0b0010000000000000000000001101000010] -> 0x0080
[213] [M]: 0x80000340 (0x00800337) lui t1, 0x800
x6 <- 0x00800000
mem[X,0b0010000000000000000000001101000100] -> 0x1E13
mem[X,0b0010000000000000000000001101000110] -> 0x0023
[214] [M]: 0x80000344 (0x00231E13) slli t3, t1, 0x2
x28 <- 0x02000000
mem[X,0b0010000000000000000000001101001000] -> 0xA023
mem[X,0b0010000000000000000000001101001010] -> 0x03C0
[215] [M]: 0x80000348 (0x03C0A023) sw t3, 0x20(ra)
mem[0b0010000000000000000011000110010000] <- 0x02000000
mem[X,0b0010000000000000000000001101001100] -> 0x0537
mem[X,0b0010000000000000000000001101001110] -> 0x0100
[216] [M]: 0x8000034C (0x01000537) lui a0, 0x1000
x10 <- 0x01000000
mem[X,0b0010000000000000000000001101010000] -> 0x1593
mem[X,0b0010000000000000000000001101010010] -> 0x0065
[217] [M]: 0x80000350 (0x00651593) slli a1, a0, 0x6
x11 <- 0x40000000
mem[X,0b0010000000000000000000001101010100] -> 0xA223
mem[X,0b0010000000000000000000001101010110] -> 0x02B0
[218] [M]: 0x80000354 (0x02B0A223) sw a1, 0x24(ra)
mem[0b0010000000000000000011000110010100] <- 0x40000000
mem[X,0b0010000000000000000000001101011000] -> 0x0537
mem[X,0b0010000000000000000000001101011010] -> 0x0200
[219] [M]: 0x80000358 (0x02000537) lui a0, 0x2000
x10 <- 0x02000000
mem[X,0b0010000000000000000000001101011100] -> 0x1593
mem[X,0b0010000000000000000000001101011110] -> 0x0055
[220] [M]: 0x8000035C (0x00551593) slli a1, a0, 0x5
x11 <- 0x40000000
mem[X,0b0010000000000000000000001101100000] -> 0xA423
mem[X,0b0010000000000000000000001101100010] -> 0x02B0
[221] [M]: 0x80000360 (0x02B0A423) sw a1, 0x28(ra)
mem[0b0010000000000000000011000110011000] <- 0x40000000
mem[X,0b0010000000000000000000001101100100] -> 0x0537
mem[X,0b0010000000000000000000001101100110] -> 0x0400
[222] [M]: 0x80000364 (0x04000537) lui a0, 0x4000
x10 <- 0x04000000
mem[X,0b0010000000000000000000001101101000] -> 0x1593
mem[X,0b0010000000000000000000001101101010] -> 0x0115
[223] [M]: 0x80000368 (0x01151593) slli a1, a0, 0x11
x11 <- 0x00000000
mem[X,0b0010000000000000000000001101101100] -> 0xA623
mem[X,0b0010000000000000000000001101101110] -> 0x02B0
[224] [M]: 0x8000036C (0x02B0A623) sw a1, 0x2c(ra)
mem[0b0010000000000000000011000110011100] <- 0x00000000
mem[X,0b0010000000000000000000001101110000] -> 0x0537
mem[X,0b0010000000000000000000001101110010] -> 0x0800
[225] [M]: 0x80000370 (0x08000537) lui a0, 0x8000
x10 <- 0x08000000
mem[X,0b0010000000000000000000001101110100] -> 0x1593
mem[X,0b0010000000000000000000001101110110] -> 0x0005
[226] [M]: 0x80000374 (0x00051593) slli a1, a0, 0x0
x11 <- 0x08000000
mem[X,0b0010000000000000000000001101111000] -> 0xA823
mem[X,0b0010000000000000000000001101111010] -> 0x02B0
[227] [M]: 0x80000378 (0x02B0A823) sw a1, 0x30(ra)
mem[0b0010000000000000000011000110100000] <- 0x08000000
mem[X,0b0010000000000000000000001101111100] -> 0x0537
mem[X,0b0010000000000000000000001101111110] -> 0x1000
[228] [M]: 0x8000037C (0x10000537) lui a0, 0x10000
x10 <- 0x10000000
mem[X,0b0010000000000000000000001110000000] -> 0x1593
mem[X,0b0010000000000000000000001110000010] -> 0x0035
[229] [M]: 0x80000380 (0x00351593) slli a1, a0, 0x3
x11 <- 0x80000000
mem[X,0b0010000000000000000000001110000100] -> 0xAA23
mem[X,0b0010000000000000000000001110000110] -> 0x02B0
[230] [M]: 0x80000384 (0x02B0AA23) sw a1, 0x34(ra)
mem[0b0010000000000000000011000110100100] <- 0x80000000
mem[X,0b0010000000000000000000001110001000] -> 0x0537
mem[X,0b0010000000000000000000001110001010] -> 0x2000
[231] [M]: 0x80000388 (0x20000537) lui a0, 0x20000
x10 <- 0x20000000
mem[X,0b0010000000000000000000001110001100] -> 0x1593
mem[X,0b0010000000000000000000001110001110] -> 0x00C5
[232] [M]: 0x8000038C (0x00C51593) slli a1, a0, 0xc
x11 <- 0x00000000
mem[X,0b0010000000000000000000001110010000] -> 0xAC23
mem[X,0b0010000000000000000000001110010010] -> 0x02B0
[233] [M]: 0x80000390 (0x02B0AC23) sw a1, 0x38(ra)
mem[0b0010000000000000000011000110101000] <- 0x00000000
mem[X,0b0010000000000000000000001110010100] -> 0x0537
mem[X,0b0010000000000000000000001110010110] -> 0x4000
[234] [M]: 0x80000394 (0x40000537) lui a0, 0x40000
x10 <- 0x40000000
mem[X,0b0010000000000000000000001110011000] -> 0x1593
mem[X,0b0010000000000000000000001110011010] -> 0x00B5
[235] [M]: 0x80000398 (0x00B51593) slli a1, a0, 0xb
x11 <- 0x00000000
mem[X,0b0010000000000000000000001110011100] -> 0xAE23
mem[X,0b0010000000000000000000001110011110] -> 0x02B0
[236] [M]: 0x8000039C (0x02B0AE23) sw a1, 0x3c(ra)
mem[0b0010000000000000000011000110101100] <- 0x00000000
mem[X,0b0010000000000000000000001110100000] -> 0x0513
mem[X,0b0010000000000000000000001110100010] -> 0xFFE0
[237] [M]: 0x800003A0 (0xFFE00513) addi a0, zero, -0x2
x10 <- 0xFFFFFFFE
mem[X,0b0010000000000000000000001110100100] -> 0x1593
mem[X,0b0010000000000000000000001110100110] -> 0x00E5
[238] [M]: 0x800003A4 (0x00E51593) slli a1, a0, 0xe
x11 <- 0xFFFF8000
mem[X,0b0010000000000000000000001110101000] -> 0xA023
mem[X,0b0010000000000000000000001110101010] -> 0x04B0
[239] [M]: 0x800003A8 (0x04B0A023) sw a1, 0x40(ra)
mem[0b0010000000000000000011000110110000] <- 0xFFFF8000
mem[X,0b0010000000000000000000001110101100] -> 0x0513
mem[X,0b0010000000000000000000001110101110] -> 0xFFD0
[240] [M]: 0x800003AC (0xFFD00513) addi a0, zero, -0x3
x10 <- 0xFFFFFFFD
mem[X,0b0010000000000000000000001110110000] -> 0x1593
mem[X,0b0010000000000000000000001110110010] -> 0x0015
[241] [M]: 0x800003B0 (0x00151593) slli a1, a0, 0x1
x11 <- 0xFFFFFFFA
mem[X,0b0010000000000000000000001110110100] -> 0xA223
mem[X,0b0010000000000000000000001110110110] -> 0x04B0
[242] [M]: 0x800003B4 (0x04B0A223) sw a1, 0x44(ra)
mem[0b0010000000000000000011000110110100] <- 0xFFFFFFFA
mem[X,0b0010000000000000000000001110111000] -> 0x0513
mem[X,0b0010000000000000000000001110111010] -> 0xFFB0
[243] [M]: 0x800003B8 (0xFFB00513) addi a0, zero, -0x5
x10 <- 0xFFFFFFFB
mem[X,0b0010000000000000000000001110111100] -> 0x1593
mem[X,0b0010000000000000000000001110111110] -> 0x0075
[244] [M]: 0x800003BC (0x00751593) slli a1, a0, 0x7
x11 <- 0xFFFFFD80
mem[X,0b0010000000000000000000001111000000] -> 0xA423
mem[X,0b0010000000000000000000001111000010] -> 0x04B0
[245] [M]: 0x800003C0 (0x04B0A423) sw a1, 0x48(ra)
mem[0b0010000000000000000011000110111000] <- 0xFFFFFD80
mem[X,0b0010000000000000000000001111000100] -> 0x0513
mem[X,0b0010000000000000000000001111000110] -> 0xFF70
[246] [M]: 0x800003C4 (0xFF700513) addi a0, zero, -0x9
x10 <- 0xFFFFFFF7
mem[X,0b0010000000000000000000001111001000] -> 0x1593
mem[X,0b0010000000000000000000001111001010] -> 0x00A5
[247] [M]: 0x800003C8 (0x00A51593) slli a1, a0, 0xa
x11 <- 0xFFFFDC00
mem[X,0b0010000000000000000000001111001100] -> 0xA623
mem[X,0b0010000000000000000000001111001110] -> 0x04B0
[248] [M]: 0x800003CC (0x04B0A623) sw a1, 0x4c(ra)
mem[0b0010000000000000000011000110111100] <- 0xFFFFDC00
mem[X,0b0010000000000000000000001111010000] -> 0x0513
mem[X,0b0010000000000000000000001111010010] -> 0xFEF0
[249] [M]: 0x800003D0 (0xFEF00513) addi a0, zero, -0x11
x10 <- 0xFFFFFFEF
mem[X,0b0010000000000000000000001111010100] -> 0x1593
mem[X,0b0010000000000000000000001111010110] -> 0x0115
[250] [M]: 0x800003D4 (0x01151593) slli a1, a0, 0x11
x11 <- 0xFFDE0000
mem[X,0b0010000000000000000000001111011000] -> 0xA823
mem[X,0b0010000000000000000000001111011010] -> 0x04B0
[251] [M]: 0x800003D8 (0x04B0A823) sw a1, 0x50(ra)
mem[0b0010000000000000000011000111000000] <- 0xFFDE0000
mem[X,0b0010000000000000000000001111011100] -> 0x0513
mem[X,0b0010000000000000000000001111011110] -> 0xFDF0
[252] [M]: 0x800003DC (0xFDF00513) addi a0, zero, -0x21
x10 <- 0xFFFFFFDF
mem[X,0b0010000000000000000000001111100000] -> 0x1593
mem[X,0b0010000000000000000000001111100010] -> 0x00E5
[253] [M]: 0x800003E0 (0x00E51593) slli a1, a0, 0xe
x11 <- 0xFFF7C000
mem[X,0b0010000000000000000000001111100100] -> 0xAA23
mem[X,0b0010000000000000000000001111100110] -> 0x04B0
[254] [M]: 0x800003E4 (0x04B0AA23) sw a1, 0x54(ra)
mem[0b0010000000000000000011000111000100] <- 0xFFF7C000
mem[X,0b0010000000000000000000001111101000] -> 0x0513
mem[X,0b0010000000000000000000001111101010] -> 0xFBF0
[255] [M]: 0x800003E8 (0xFBF00513) addi a0, zero, -0x41
x10 <- 0xFFFFFFBF
mem[X,0b0010000000000000000000001111101100] -> 0x1593
mem[X,0b0010000000000000000000001111101110] -> 0x0135
[256] [M]: 0x800003EC (0x01351593) slli a1, a0, 0x13
x11 <- 0xFDF80000
mem[X,0b0010000000000000000000001111110000] -> 0xAC23
mem[X,0b0010000000000000000000001111110010] -> 0x04B0
[257] [M]: 0x800003F0 (0x04B0AC23) sw a1, 0x58(ra)
mem[0b0010000000000000000011000111001000] <- 0xFDF80000
mem[X,0b0010000000000000000000001111110100] -> 0x0513
mem[X,0b0010000000000000000000001111110110] -> 0xF7F0
[258] [M]: 0x800003F4 (0xF7F00513) addi a0, zero, -0x81
x10 <- 0xFFFFFF7F
mem[X,0b0010000000000000000000001111111000] -> 0x1593
mem[X,0b0010000000000000000000001111111010] -> 0x0105
[259] [M]: 0x800003F8 (0x01051593) slli a1, a0, 0x10
x11 <- 0xFF7F0000
mem[X,0b0010000000000000000000001111111100] -> 0xAE23
mem[X,0b0010000000000000000000001111111110] -> 0x04B0
[260] [M]: 0x800003FC (0x04B0AE23) sw a1, 0x5c(ra)
mem[0b0010000000000000000011000111001100] <- 0xFF7F0000
mem[X,0b0010000000000000000000010000000000] -> 0x0513
mem[X,0b0010000000000000000000010000000010] -> 0xEFF0
[261] [M]: 0x80000400 (0xEFF00513) addi a0, zero, -0x101
x10 <- 0xFFFFFEFF
mem[X,0b0010000000000000000000010000000100] -> 0x1593
mem[X,0b0010000000000000000000010000000110] -> 0x00B5
[262] [M]: 0x80000404 (0x00B51593) slli a1, a0, 0xb
x11 <- 0xFFF7F800
mem[X,0b0010000000000000000000010000001000] -> 0xA023
mem[X,0b0010000000000000000000010000001010] -> 0x06B0
[263] [M]: 0x80000408 (0x06B0A023) sw a1, 0x60(ra)
mem[0b0010000000000000000011000111010000] <- 0xFFF7F800
mem[X,0b0010000000000000000000010000001100] -> 0x0513
mem[X,0b0010000000000000000000010000001110] -> 0xDFF0
[264] [M]: 0x8000040C (0xDFF00513) addi a0, zero, -0x201
x10 <- 0xFFFFFDFF
mem[X,0b0010000000000000000000010000010000] -> 0x1593
mem[X,0b0010000000000000000000010000010010] -> 0x0115
[265] [M]: 0x80000410 (0x01151593) slli a1, a0, 0x11
x11 <- 0xFBFE0000
mem[X,0b0010000000000000000000010000010100] -> 0xA223
mem[X,0b0010000000000000000000010000010110] -> 0x06B0
[266] [M]: 0x80000414 (0x06B0A223) sw a1, 0x64(ra)
mem[0b0010000000000000000011000111010100] <- 0xFBFE0000
mem[X,0b0010000000000000000000010000011000] -> 0x0513
mem[X,0b0010000000000000000000010000011010] -> 0xBFF0
[267] [M]: 0x80000418 (0xBFF00513) addi a0, zero, -0x401
x10 <- 0xFFFFFBFF
mem[X,0b0010000000000000000000010000011100] -> 0x1593
mem[X,0b0010000000000000000000010000011110] -> 0x0075
[268] [M]: 0x8000041C (0x00751593) slli a1, a0, 0x7
x11 <- 0xFFFDFF80
mem[X,0b0010000000000000000000010000100000] -> 0xA423
mem[X,0b0010000000000000000000010000100010] -> 0x06B0
[269] [M]: 0x80000420 (0x06B0A423) sw a1, 0x68(ra)
mem[0b0010000000000000000011000111011000] <- 0xFFFDFF80
mem[X,0b0010000000000000000000010000100100] -> 0xF537
mem[X,0b0010000000000000000000010000100110] -> 0xFFFF
[270] [M]: 0x80000424 (0xFFFFF537) lui a0, -0x1
x10 <- 0xFFFFF000
mem[X,0b0010000000000000000000010000101000] -> 0x0513
mem[X,0b0010000000000000000000010000101010] -> 0x7FF5
[271] [M]: 0x80000428 (0x7FF50513) addi a0, a0, 0x7ff
x10 <- 0xFFFFF7FF
mem[X,0b0010000000000000000000010000101100] -> 0x1593
mem[X,0b0010000000000000000000010000101110] -> 0x00F5
[272] [M]: 0x8000042C (0x00F51593) slli a1, a0, 0xf
x11 <- 0xFBFF8000
mem[X,0b0010000000000000000000010000110000] -> 0xA623
mem[X,0b0010000000000000000000010000110010] -> 0x06B0
[273] [M]: 0x80000430 (0x06B0A623) sw a1, 0x6c(ra)
mem[0b0010000000000000000011000111011100] <- 0xFBFF8000
mem[X,0b0010000000000000000000010000110100] -> 0xF537
mem[X,0b0010000000000000000000010000110110] -> 0xFFFF
[274] [M]: 0x80000434 (0xFFFFF537) lui a0, -0x1
x10 <- 0xFFFFF000
mem[X,0b0010000000000000000000010000111000] -> 0x0513
mem[X,0b0010000000000000000000010000111010] -> 0xFFF5
[275] [M]: 0x80000438 (0xFFF50513) addi a0, a0, -0x1
x10 <- 0xFFFFEFFF
mem[X,0b0010000000000000000000010000111100] -> 0x1593
mem[X,0b0010000000000000000000010000111110] -> 0x00A5
[276] [M]: 0x8000043C (0x00A51593) slli a1, a0, 0xa
x11 <- 0xFFBFFC00
mem[X,0b0010000000000000000000010001000000] -> 0xA823
mem[X,0b0010000000000000000000010001000010] -> 0x06B0
[277] [M]: 0x80000440 (0x06B0A823) sw a1, 0x70(ra)
mem[0b0010000000000000000011000111100000] <- 0xFFBFFC00
mem[X,0b0010000000000000000000010001000100] -> 0xE537
mem[X,0b0010000000000000000000010001000110] -> 0xFFFF
[278] [M]: 0x80000444 (0xFFFFE537) lui a0, -0x2
x10 <- 0xFFFFE000
mem[X,0b0010000000000000000000010001001000] -> 0x0513
mem[X,0b0010000000000000000000010001001010] -> 0xFFF5
[279] [M]: 0x80000448 (0xFFF50513) addi a0, a0, -0x1
x10 <- 0xFFFFDFFF
mem[X,0b0010000000000000000000010001001100] -> 0x1593
mem[X,0b0010000000000000000000010001001110] -> 0x0065
[280] [M]: 0x8000044C (0x00651593) slli a1, a0, 0x6
x11 <- 0xFFF7FFC0
mem[X,0b0010000000000000000000010001010000] -> 0xAA23
mem[X,0b0010000000000000000000010001010010] -> 0x06B0
[281] [M]: 0x80000450 (0x06B0AA23) sw a1, 0x74(ra)
mem[0b0010000000000000000011000111100100] <- 0xFFF7FFC0
mem[X,0b0010000000000000000000010001010100] -> 0xC537
mem[X,0b0010000000000000000000010001010110] -> 0xFFFF
[282] [M]: 0x80000454 (0xFFFFC537) lui a0, -0x4
x10 <- 0xFFFFC000
mem[X,0b0010000000000000000000010001011000] -> 0x0513
mem[X,0b0010000000000000000000010001011010] -> 0xFFF5
[283] [M]: 0x80000458 (0xFFF50513) addi a0, a0, -0x1
x10 <- 0xFFFFBFFF
mem[X,0b0010000000000000000000010001011100] -> 0x1593
mem[X,0b0010000000000000000000010001011110] -> 0x0025
[284] [M]: 0x8000045C (0x00251593) slli a1, a0, 0x2
x11 <- 0xFFFEFFFC
mem[X,0b0010000000000000000000010001100000] -> 0xAC23
mem[X,0b0010000000000000000000010001100010] -> 0x06B0
[285] [M]: 0x80000460 (0x06B0AC23) sw a1, 0x78(ra)
mem[0b0010000000000000000011000111101000] <- 0xFFFEFFFC
mem[X,0b0010000000000000000000010001100100] -> 0x8537
mem[X,0b0010000000000000000000010001100110] -> 0xFFFF
[286] [M]: 0x80000464 (0xFFFF8537) lui a0, -0x8
x10 <- 0xFFFF8000
mem[X,0b0010000000000000000000010001101000] -> 0x0513
mem[X,0b0010000000000000000000010001101010] -> 0xFFF5
[287] [M]: 0x80000468 (0xFFF50513) addi a0, a0, -0x1
x10 <- 0xFFFF7FFF
mem[X,0b0010000000000000000000010001101100] -> 0x1593
mem[X,0b0010000000000000000000010001101110] -> 0x0035
[288] [M]: 0x8000046C (0x00351593) slli a1, a0, 0x3
x11 <- 0xFFFBFFF8
mem[X,0b0010000000000000000000010001110000] -> 0xAE23
mem[X,0b0010000000000000000000010001110010] -> 0x06B0
[289] [M]: 0x80000470 (0x06B0AE23) sw a1, 0x7c(ra)
mem[0b0010000000000000000011000111101100] <- 0xFFFBFFF8
mem[X,0b0010000000000000000000010001110100] -> 0x0537
mem[X,0b0010000000000000000000010001110110] -> 0xFFFE
[290] [M]: 0x80000474 (0xFFFE0537) lui a0, -0x20
x10 <- 0xFFFE0000
mem[X,0b0010000000000000000000010001111000] -> 0x0513
mem[X,0b0010000000000000000000010001111010] -> 0xFFF5
[291] [M]: 0x80000478 (0xFFF50513) addi a0, a0, -0x1
x10 <- 0xFFFDFFFF
mem[X,0b0010000000000000000000010001111100] -> 0x1593
mem[X,0b0010000000000000000000010001111110] -> 0x01D5
[292] [M]: 0x8000047C (0x01D51593) slli a1, a0, 0x1d
x11 <- 0xE0000000
mem[X,0b0010000000000000000000010010000000] -> 0xA023
mem[X,0b0010000000000000000000010010000010] -> 0x08B0
[293] [M]: 0x80000480 (0x08B0A023) sw a1, 0x80(ra)
mem[0b0010000000000000000011000111110000] <- 0xE0000000
mem[X,0b0010000000000000000000010010000100] -> 0x0537
mem[X,0b0010000000000000000000010010000110] -> 0xFFFC
[294] [M]: 0x80000484 (0xFFFC0537) lui a0, -0x40
x10 <- 0xFFFC0000
mem[X,0b0010000000000000000000010010001000] -> 0x0513
mem[X,0b0010000000000000000000010010001010] -> 0xFFF5
[295] [M]: 0x80000488 (0xFFF50513) addi a0, a0, -0x1
x10 <- 0xFFFBFFFF
mem[X,0b0010000000000000000000010010001100] -> 0x1593
mem[X,0b0010000000000000000000010010001110] -> 0x01D5
[296] [M]: 0x8000048C (0x01D51593) slli a1, a0, 0x1d
x11 <- 0xE0000000
mem[X,0b0010000000000000000000010010010000] -> 0xA223
mem[X,0b0010000000000000000000010010010010] -> 0x08B0
[297] [M]: 0x80000490 (0x08B0A223) sw a1, 0x84(ra)
mem[0b0010000000000000000011000111110100] <- 0xE0000000
mem[X,0b0010000000000000000000010010010100] -> 0x0537
mem[X,0b0010000000000000000000010010010110] -> 0xFFF8
[298] [M]: 0x80000494 (0xFFF80537) lui a0, -0x80
x10 <- 0xFFF80000
mem[X,0b0010000000000000000000010010011000] -> 0x0513
mem[X,0b0010000000000000000000010010011010] -> 0xFFF5
[299] [M]: 0x80000498 (0xFFF50513) addi a0, a0, -0x1
x10 <- 0xFFF7FFFF
clint mtime 0x0000000000000003 (mip.MTI <- 0b1)
htif::tick 0x0000000000000000
mem[X,0b0010000000000000000000010010011100] -> 0x1593
mem[X,0b0010000000000000000000010010011110] -> 0x00C5
[300] [M]: 0x8000049C (0x00C51593) slli a1, a0, 0xc
x11 <- 0x7FFFF000
mem[X,0b0010000000000000000000010010100000] -> 0xA423
mem[X,0b0010000000000000000000010010100010] -> 0x08B0
[301] [M]: 0x800004A0 (0x08B0A423) sw a1, 0x88(ra)
mem[0b0010000000000000000011000111111000] <- 0x7FFFF000
mem[X,0b0010000000000000000000010010100100] -> 0x0537
mem[X,0b0010000000000000000000010010100110] -> 0xFFE0
[302] [M]: 0x800004A4 (0xFFE00537) lui a0, -0x200
x10 <- 0xFFE00000
mem[X,0b0010000000000000000000010010101000] -> 0x0513
mem[X,0b0010000000000000000000010010101010] -> 0xFFF5
[303] [M]: 0x800004A8 (0xFFF50513) addi a0, a0, -0x1
x10 <- 0xFFDFFFFF
mem[X,0b0010000000000000000000010010101100] -> 0x1593
mem[X,0b0010000000000000000000010010101110] -> 0x0065
[304] [M]: 0x800004AC (0x00651593) slli a1, a0, 0x6
x11 <- 0xF7FFFFC0
mem[X,0b0010000000000000000000010010110000] -> 0xA623
mem[X,0b0010000000000000000000010010110010] -> 0x08B0
[305] [M]: 0x800004B0 (0x08B0A623) sw a1, 0x8c(ra)
mem[0b0010000000000000000011000111111100] <- 0xF7FFFFC0
mem[X,0b0010000000000000000000010010110100] -> 0x0537
mem[X,0b0010000000000000000000010010110110] -> 0xFF80
[306] [M]: 0x800004B4 (0xFF800537) lui a0, -0x800
x10 <- 0xFF800000
mem[X,0b0010000000000000000000010010111000] -> 0x0513
mem[X,0b0010000000000000000000010010111010] -> 0xFFF5
[307] [M]: 0x800004B8 (0xFFF50513) addi a0, a0, -0x1
x10 <- 0xFF7FFFFF
mem[X,0b0010000000000000000000010010111100] -> 0x1593
mem[X,0b0010000000000000000000010010111110] -> 0x0135
[308] [M]: 0x800004BC (0x01351593) slli a1, a0, 0x13
x11 <- 0xFFF80000
mem[X,0b0010000000000000000000010011000000] -> 0xA823
mem[X,0b0010000000000000000000010011000010] -> 0x08B0
[309] [M]: 0x800004C0 (0x08B0A823) sw a1, 0x90(ra)
mem[0b0010000000000000000011001000000000] <- 0xFFF80000
mem[X,0b0010000000000000000000010011000100] -> 0x0537
mem[X,0b0010000000000000000000010011000110] -> 0xFF00
[310] [M]: 0x800004C4 (0xFF000537) lui a0, -0x1000
x10 <- 0xFF000000
mem[X,0b0010000000000000000000010011001000] -> 0x0513
mem[X,0b0010000000000000000000010011001010] -> 0xFFF5
[311] [M]: 0x800004C8 (0xFFF50513) addi a0, a0, -0x1
x10 <- 0xFEFFFFFF
mem[X,0b0010000000000000000000010011001100] -> 0x1593
mem[X,0b0010000000000000000000010011001110] -> 0x0115
[312] [M]: 0x800004CC (0x01151593) slli a1, a0, 0x11
x11 <- 0xFFFE0000
mem[X,0b0010000000000000000000010011010000] -> 0xAA23
mem[X,0b0010000000000000000000010011010010] -> 0x08B0
[313] [M]: 0x800004D0 (0x08B0AA23) sw a1, 0x94(ra)
mem[0b0010000000000000000011001000000100] <- 0xFFFE0000
mem[X,0b0010000000000000000000010011010100] -> 0x0537
mem[X,0b0010000000000000000000010011010110] -> 0xFE00
[314] [M]: 0x800004D4 (0xFE000537) lui a0, -0x2000
x10 <- 0xFE000000
mem[X,0b0010000000000000000000010011011000] -> 0x0513
mem[X,0b0010000000000000000000010011011010] -> 0xFFF5
[315] [M]: 0x800004D8 (0xFFF50513) addi a0, a0, -0x1
x10 <- 0xFDFFFFFF
mem[X,0b0010000000000000000000010011011100] -> 0x1593
mem[X,0b0010000000000000000000010011011110] -> 0x00F5
[316] [M]: 0x800004DC (0x00F51593) slli a1, a0, 0xf
x11 <- 0xFFFF8000
mem[X,0b0010000000000000000000010011100000] -> 0xAC23
mem[X,0b0010000000000000000000010011100010] -> 0x08B0
[317] [M]: 0x800004E0 (0x08B0AC23) sw a1, 0x98(ra)
mem[0b0010000000000000000011001000001000] <- 0xFFFF8000
mem[X,0b0010000000000000000000010011100100] -> 0x0537
mem[X,0b0010000000000000000000010011100110] -> 0xFC00
[318] [M]: 0x800004E4 (0xFC000537) lui a0, -0x4000
x10 <- 0xFC000000
mem[X,0b0010000000000000000000010011101000] -> 0x0513
mem[X,0b0010000000000000000000010011101010] -> 0xFFF5
[319] [M]: 0x800004E8 (0xFFF50513) addi a0, a0, -0x1
x10 <- 0xFBFFFFFF
mem[X,0b0010000000000000000000010011101100] -> 0x1593
mem[X,0b0010000000000000000000010011101110] -> 0x00D5
[320] [M]: 0x800004EC (0x00D51593) slli a1, a0, 0xd
x11 <- 0xFFFFE000
mem[X,0b0010000000000000000000010011110000] -> 0xAE23
mem[X,0b0010000000000000000000010011110010] -> 0x08B0
[321] [M]: 0x800004F0 (0x08B0AE23) sw a1, 0x9c(ra)
mem[0b0010000000000000000011001000001100] <- 0xFFFFE000
mem[X,0b0010000000000000000000010011110100] -> 0x0537
mem[X,0b0010000000000000000000010011110110] -> 0xF800
[322] [M]: 0x800004F4 (0xF8000537) lui a0, -0x8000
x10 <- 0xF8000000
mem[X,0b0010000000000000000000010011111000] -> 0x0513
mem[X,0b0010000000000000000000010011111010] -> 0xFFF5
[323] [M]: 0x800004F8 (0xFFF50513) addi a0, a0, -0x1
x10 <- 0xF7FFFFFF
mem[X,0b0010000000000000000000010011111100] -> 0x1593
mem[X,0b0010000000000000000000010011111110] -> 0x00E5
[324] [M]: 0x800004FC (0x00E51593) slli a1, a0, 0xe
x11 <- 0xFFFFC000
mem[X,0b0010000000000000000000010100000000] -> 0xA023
mem[X,0b0010000000000000000000010100000010] -> 0x0AB0
[325] [M]: 0x80000500 (0x0AB0A023) sw a1, 0xa0(ra)
mem[0b0010000000000000000011001000010000] <- 0xFFFFC000
mem[X,0b0010000000000000000000010100000100] -> 0x0537
mem[X,0b0010000000000000000000010100000110] -> 0xF000
[326] [M]: 0x80000504 (0xF0000537) lui a0, -0x10000
x10 <- 0xF0000000
mem[X,0b0010000000000000000000010100001000] -> 0x0513
mem[X,0b0010000000000000000000010100001010] -> 0xFFF5
[327] [M]: 0x80000508 (0xFFF50513) addi a0, a0, -0x1
x10 <- 0xEFFFFFFF
mem[X,0b0010000000000000000000010100001100] -> 0x1593
mem[X,0b0010000000000000000000010100001110] -> 0x0075
[328] [M]: 0x8000050C (0x00751593) slli a1, a0, 0x7
x11 <- 0xFFFFFF80
mem[X,0b0010000000000000000000010100010000] -> 0xA223
mem[X,0b0010000000000000000000010100010010] -> 0x0AB0
[329] [M]: 0x80000510 (0x0AB0A223) sw a1, 0xa4(ra)
mem[0b0010000000000000000011001000010100] <- 0xFFFFFF80
mem[X,0b0010000000000000000000010100010100] -> 0x0537
mem[X,0b0010000000000000000000010100010110] -> 0xE000
[330] [M]: 0x80000514 (0xE0000537) lui a0, -0x20000
x10 <- 0xE0000000
mem[X,0b0010000000000000000000010100011000] -> 0x0513
mem[X,0b0010000000000000000000010100011010] -> 0xFFF5
[331] [M]: 0x80000518 (0xFFF50513) addi a0, a0, -0x1
x10 <- 0xDFFFFFFF
mem[X,0b0010000000000000000000010100011100] -> 0x1593
mem[X,0b0010000000000000000000010100011110] -> 0x00B5
[332] [M]: 0x8000051C (0x00B51593) slli a1, a0, 0xb
x11 <- 0xFFFFF800
mem[X,0b0010000000000000000000010100100000] -> 0xA423
mem[X,0b0010000000000000000000010100100010] -> 0x0AB0
[333] [M]: 0x80000520 (0x0AB0A423) sw a1, 0xa8(ra)
mem[0b0010000000000000000011001000011000] <- 0xFFFFF800
mem[X,0b0010000000000000000000010100100100] -> 0x5537
mem[X,0b0010000000000000000000010100100110] -> 0x5555
[334] [M]: 0x80000524 (0x55555537) lui a0, 0x55555
x10 <- 0x55555000
mem[X,0b0010000000000000000000010100101000] -> 0x0513
mem[X,0b0010000000000000000000010100101010] -> 0x5555
[335] [M]: 0x80000528 (0x55550513) addi a0, a0, 0x555
x10 <- 0x55555555
mem[X,0b0010000000000000000000010100101100] -> 0x1593
mem[X,0b0010000000000000000000010100101110] -> 0x0115
[336] [M]: 0x8000052C (0x01151593) slli a1, a0, 0x11
x11 <- 0xAAAA0000
mem[X,0b0010000000000000000000010100110000] -> 0xA623
mem[X,0b0010000000000000000000010100110010] -> 0x0AB0
[337] [M]: 0x80000530 (0x0AB0A623) sw a1, 0xac(ra)
mem[0b0010000000000000000011001000011100] <- 0xAAAA0000
mem[X,0b0010000000000000000000010100110100] -> 0xB537
mem[X,0b0010000000000000000000010100110110] -> 0xAAAA
[338] [M]: 0x80000534 (0xAAAAB537) lui a0, -0x55555
x10 <- 0xAAAAB000
mem[X,0b0010000000000000000000010100111000] -> 0x0513
mem[X,0b0010000000000000000000010100111010] -> 0xAAA5
[339] [M]: 0x80000538 (0xAAA50513) addi a0, a0, -0x556
x10 <- 0xAAAAAAAA
mem[X,0b0010000000000000000000010100111100] -> 0x1593
mem[X,0b0010000000000000000000010100111110] -> 0x0175
[340] [M]: 0x8000053C (0x01751593) slli a1, a0, 0x17
x11 <- 0x55000000
mem[X,0b0010000000000000000000010101000000] -> 0xA823
mem[X,0b0010000000000000000000010101000010] -> 0x0AB0
[341] [M]: 0x80000540 (0x0AB0A823) sw a1, 0xb0(ra)
mem[0b0010000000000000000011001000100000] <- 0x55000000
mem[X,0b0010000000000000000000010101000100] -> 0x0513
mem[X,0b0010000000000000000000010101000110] -> 0x0030
[342] [M]: 0x80000544 (0x00300513) addi a0, zero, 0x3
x10 <- 0x00000003
mem[X,0b0010000000000000000000010101001000] -> 0x1593
mem[X,0b0010000000000000000000010101001010] -> 0x0135
[343] [M]: 0x80000548 (0x01351593) slli a1, a0, 0x13
x11 <- 0x00180000
mem[X,0b0010000000000000000000010101001100] -> 0xAA23
mem[X,0b0010000000000000000000010101001110] -> 0x0AB0
[344] [M]: 0x8000054C (0x0AB0AA23) sw a1, 0xb4(ra)
mem[0b0010000000000000000011001000100100] <- 0x00180000
mem[X,0b0010000000000000000000010101010000] -> 0x0513
mem[X,0b0010000000000000000000010101010010] -> 0x0050
[345] [M]: 0x80000550 (0x00500513) addi a0, zero, 0x5
x10 <- 0x00000005
mem[X,0b0010000000000000000000010101010100] -> 0x1593
mem[X,0b0010000000000000000000010101010110] -> 0x0015
[346] [M]: 0x80000554 (0x00151593) slli a1, a0, 0x1
x11 <- 0x0000000A
mem[X,0b0010000000000000000000010101011000] -> 0xAC23
mem[X,0b0010000000000000000000010101011010] -> 0x0AB0
[347] [M]: 0x80000558 (0x0AB0AC23) sw a1, 0xb8(ra)
mem[0b0010000000000000000011001000101000] <- 0x0000000A
mem[X,0b0010000000000000000000010101011100] -> 0x3537
mem[X,0b0010000000000000000000010101011110] -> 0x3333
[348] [M]: 0x8000055C (0x33333537) lui a0, 0x33333
x10 <- 0x33333000
mem[X,0b0010000000000000000000010101100000] -> 0x0513
mem[X,0b0010000000000000000000010101100010] -> 0x3335
[349] [M]: 0x80000560 (0x33350513) addi a0, a0, 0x333
x10 <- 0x33333333
mem[X,0b0010000000000000000000010101100100] -> 0x1593
mem[X,0b0010000000000000000000010101100110] -> 0x0035
[350] [M]: 0x80000564 (0x00351593) slli a1, a0, 0x3
x11 <- 0x99999998
mem[X,0b0010000000000000000000010101101000] -> 0xAE23
mem[X,0b0010000000000000000000010101101010] -> 0x0AB0
[351] [M]: 0x80000568 (0x0AB0AE23) sw a1, 0xbc(ra)
mem[0b0010000000000000000011001000101100] <- 0x99999998
mem[X,0b0010000000000000000000010101101100] -> 0x5537
mem[X,0b0010000000000000000000010101101110] -> 0xFFFF
[352] [M]: 0x8000056C (0xFFFF5537) lui a0, -0xb
x10 <- 0xFFFF5000
mem[X,0b0010000000000000000000010101110000] -> 0x0513
mem[X,0b0010000000000000000000010101110010] -> 0xAFC5
[353] [M]: 0x80000570 (0xAFC50513) addi a0, a0, -0x504
x10 <- 0xFFFF4AFC
mem[X,0b0010000000000000000000010101110100] -> 0x1593
mem[X,0b0010000000000000000000010101110110] -> 0x0065
[354] [M]: 0x80000574 (0x00651593) slli a1, a0, 0x6
x11 <- 0xFFD2BF00
mem[X,0b0010000000000000000000010101111000] -> 0xA023
mem[X,0b0010000000000000000000010101111010] -> 0x0CB0
[355] [M]: 0x80000578 (0x0CB0A023) sw a1, 0xc0(ra)
mem[0b0010000000000000000011001000110000] <- 0xFFD2BF00
mem[X,0b0010000000000000000000010101111100] -> 0x6537
mem[X,0b0010000000000000000000010101111110] -> 0x6666
[356] [M]: 0x8000057C (0x66666537) lui a0, 0x66666
x10 <- 0x66666000
mem[X,0b0010000000000000000000010110000000] -> 0x0513
mem[X,0b0010000000000000000000010110000010] -> 0x6675
[357] [M]: 0x80000580 (0x66750513) addi a0, a0, 0x667
x10 <- 0x66666667
mem[X,0b0010000000000000000000010110000100] -> 0x1593
mem[X,0b0010000000000000000000010110000110] -> 0x0175
[358] [M]: 0x80000584 (0x01751593) slli a1, a0, 0x17
x11 <- 0x33800000
mem[X,0b0010000000000000000000010110001000] -> 0xA223
mem[X,0b0010000000000000000000010110001010] -> 0x0CB0
[359] [M]: 0x80000588 (0x0CB0A223) sw a1, 0xc4(ra)
mem[0b0010000000000000000011001000110100] <- 0x33800000
mem[X,0b0010000000000000000000010110001100] -> 0x5537
mem[X,0b0010000000000000000000010110001110] -> 0xFFFF
[360] [M]: 0x8000058C (0xFFFF5537) lui a0, -0xb
x10 <- 0xFFFF5000
mem[X,0b0010000000000000000000010110010000] -> 0x0513
mem[X,0b0010000000000000000000010110010010] -> 0xAFD5
[361] [M]: 0x80000590 (0xAFD50513) addi a0, a0, -0x503
x10 <- 0xFFFF4AFD
mem[X,0b0010000000000000000000010110010100] -> 0x1593
mem[X,0b0010000000000000000000010110010110] -> 0x0065
[362] [M]: 0x80000594 (0x00651593) slli a1, a0, 0x6
x11 <- 0xFFD2BF40
mem[X,0b0010000000000000000000010110011000] -> 0xA423
mem[X,0b0010000000000000000000010110011010] -> 0x0CB0
[363] [M]: 0x80000598 (0x0CB0A423) sw a1, 0xc8(ra)
mem[0b0010000000000000000011001000111000] <- 0xFFD2BF40
mem[X,0b0010000000000000000000010110011100] -> 0xB537
mem[X,0b0010000000000000000000010110011110] -> 0x0000
[364] [M]: 0x8000059C (0x0000B537) lui a0, 0xb
x10 <- 0x0000B000
mem[X,0b0010000000000000000000010110100000] -> 0x0513
mem[X,0b0010000000000000000000010110100010] -> 0x5055
[365] [M]: 0x800005A0 (0x50550513) addi a0, a0, 0x505
x10 <- 0x0000B505
mem[X,0b0010000000000000000000010110100100] -> 0x1593
mem[X,0b0010000000000000000000010110100110] -> 0x01F5
[366] [M]: 0x800005A4 (0x01F51593) slli a1, a0, 0x1f
x11 <- 0x80000000
mem[X,0b0010000000000000000000010110101000] -> 0xA623
mem[X,0b0010000000000000000000010110101010] -> 0x0CB0
[367] [M]: 0x800005A8 (0x0CB0A623) sw a1, 0xcc(ra)
mem[0b0010000000000000000011001000111100] <- 0x80000000
mem[X,0b0010000000000000000000010110101100] -> 0x3537
mem[X,0b0010000000000000000000010110101110] -> 0x3333
[368] [M]: 0x800005AC (0x33333537) lui a0, 0x33333
x10 <- 0x33333000
mem[X,0b0010000000000000000000010110110000] -> 0x0513
mem[X,0b0010000000000000000000010110110010] -> 0x3325
[369] [M]: 0x800005B0 (0x33250513) addi a0, a0, 0x332
x10 <- 0x33333332
mem[X,0b0010000000000000000000010110110100] -> 0x1593
mem[X,0b0010000000000000000000010110110110] -> 0x0045
[370] [M]: 0x800005B4 (0x00451593) slli a1, a0, 0x4
x11 <- 0x33333320
mem[X,0b0010000000000000000000010110111000] -> 0xA823
mem[X,0b0010000000000000000000010110111010] -> 0x0CB0
[371] [M]: 0x800005B8 (0x0CB0A823) sw a1, 0xd0(ra)
mem[0b0010000000000000000011001001000000] <- 0x33333320
mem[X,0b0010000000000000000000010110111100] -> 0x0513
mem[X,0b0010000000000000000000010110111110] -> 0xFFA0
[372] [M]: 0x800005BC (0xFFA00513) addi a0, zero, -0x6
x10 <- 0xFFFFFFFA
mem[X,0b0010000000000000000000010111000000] -> 0x1593
mem[X,0b0010000000000000000000010111000010] -> 0x01E5
[373] [M]: 0x800005C0 (0x01E51593) slli a1, a0, 0x1e
x11 <- 0x80000000
mem[X,0b0010000000000000000000010111000100] -> 0xAA23
mem[X,0b0010000000000000000000010111000110] -> 0x0CB0
[374] [M]: 0x800005C4 (0x0CB0AA23) sw a1, 0xd4(ra)
mem[0b0010000000000000000011001001000100] <- 0x80000000
mem[X,0b0010000000000000000000010111001000] -> 0xB537
mem[X,0b0010000000000000000000010111001010] -> 0x0000
[375] [M]: 0x800005C8 (0x0000B537) lui a0, 0xb
x10 <- 0x0000B000
mem[X,0b0010000000000000000000010111001100] -> 0x0513
mem[X,0b0010000000000000000000010111001110] -> 0x5045
[376] [M]: 0x800005CC (0x50450513) addi a0, a0, 0x504
x10 <- 0x0000B504
mem[X,0b0010000000000000000000010111010000] -> 0x1593
mem[X,0b0010000000000000000000010111010010] -> 0x0075
[377] [M]: 0x800005D0 (0x00751593) slli a1, a0, 0x7
x11 <- 0x005A8200
mem[X,0b0010000000000000000000010111010100] -> 0xAC23
mem[X,0b0010000000000000000000010111010110] -> 0x0CB0
[378] [M]: 0x800005D4 (0x0CB0AC23) sw a1, 0xd8(ra)
mem[0b0010000000000000000011001001001000] <- 0x005A8200
mem[X,0b0010000000000000000000010111011000] -> 0x0537
mem[X,0b0010000000000000000000010111011010] -> 0xFFF0
[379] [M]: 0x800005D8 (0xFFF00537) lui a0, -0x100
x10 <- 0xFFF00000
mem[X,0b0010000000000000000000010111011100] -> 0x0513
mem[X,0b0010000000000000000000010111011110] -> 0xFFF5
[380] [M]: 0x800005DC (0xFFF50513) addi a0, a0, -0x1
x10 <- 0xFFEFFFFF
mem[X,0b0010000000000000000000010111100000] -> 0x1593
mem[X,0b0010000000000000000000010111100010] -> 0x0085
[381] [M]: 0x800005E0 (0x00851593) slli a1, a0, 0x8
x11 <- 0xEFFFFF00
mem[X,0b0010000000000000000000010111100100] -> 0xAE23
mem[X,0b0010000000000000000000010111100110] -> 0x0CB0
[382] [M]: 0x800005E4 (0x0CB0AE23) sw a1, 0xdc(ra)
mem[0b0010000000000000000011001001001100] <- 0xEFFFFF00
mem[X,0b0010000000000000000000010111101000] -> 0x5537
mem[X,0b0010000000000000000000010111101010] -> 0x5555
[383] [M]: 0x800005E8 (0x55555537) lui a0, 0x55555
x10 <- 0x55555000
mem[X,0b0010000000000000000000010111101100] -> 0x0513
mem[X,0b0010000000000000000000010111101110] -> 0x5545
[384] [M]: 0x800005EC (0x55450513) addi a0, a0, 0x554
x10 <- 0x55555554
mem[X,0b0010000000000000000000010111110000] -> 0x1593
mem[X,0b0010000000000000000000010111110010] -> 0x0035
[385] [M]: 0x800005F0 (0x00351593) slli a1, a0, 0x3
x11 <- 0xAAAAAAA0
mem[X,0b0010000000000000000000010111110100] -> 0xA023
mem[X,0b0010000000000000000000010111110110] -> 0x0EB0
[386] [M]: 0x800005F4 (0x0EB0A023) sw a1, 0xe0(ra)
mem[0b0010000000000000000011001001010000] <- 0xAAAAAAA0
mem[X,0b0010000000000000000000010111111000] -> 0x6537
mem[X,0b0010000000000000000000010111111010] -> 0x6666
[387] [M]: 0x800005F8 (0x66666537) lui a0, 0x66666
x10 <- 0x66666000
mem[X,0b0010000000000000000000010111111100] -> 0x0513
mem[X,0b0010000000000000000000010111111110] -> 0x6655
[388] [M]: 0x800005FC (0x66550513) addi a0, a0, 0x665
x10 <- 0x66666665
mem[X,0b0010000000000000000000011000000000] -> 0x1593
mem[X,0b0010000000000000000000011000000010] -> 0x0105
[389] [M]: 0x80000600 (0x01051593) slli a1, a0, 0x10
x11 <- 0x66650000
mem[X,0b0010000000000000000000011000000100] -> 0xA223
mem[X,0b0010000000000000000000011000000110] -> 0x0EB0
[390] [M]: 0x80000604 (0x0EB0A223) sw a1, 0xe4(ra)
mem[0b0010000000000000000011001001010100] <- 0x66650000
mem[X,0b0010000000000000000000011000001000] -> 0xB537
mem[X,0b0010000000000000000000011000001010] -> 0x0000
[391] [M]: 0x80000608 (0x0000B537) lui a0, 0xb
x10 <- 0x0000B000
mem[X,0b0010000000000000000000011000001100] -> 0x0513
mem[X,0b0010000000000000000000011000001110] -> 0x5035
[392] [M]: 0x8000060C (0x50350513) addi a0, a0, 0x503
x10 <- 0x0000B503
mem[X,0b0010000000000000000000011000010000] -> 0x1593
mem[X,0b0010000000000000000000011000010010] -> 0x0105
[393] [M]: 0x80000610 (0x01051593) slli a1, a0, 0x10
x11 <- 0xB5030000
mem[X,0b0010000000000000000000011000010100] -> 0xA423
mem[X,0b0010000000000000000000011000010110] -> 0x0EB0
[394] [M]: 0x80000614 (0x0EB0A423) sw a1, 0xe8(ra)
mem[0b0010000000000000000011001001011000] <- 0xB5030000
mem[X,0b0010000000000000000000011000011000] -> 0x5537
mem[X,0b0010000000000000000000011000011010] -> 0x5555
[395] [M]: 0x80000618 (0x55555537) lui a0, 0x55555
x10 <- 0x55555000
mem[X,0b0010000000000000000000011000011100] -> 0x0513
mem[X,0b0010000000000000000000011000011110] -> 0x5565
[396] [M]: 0x8000061C (0x55650513) addi a0, a0, 0x556
x10 <- 0x55555556
mem[X,0b0010000000000000000000011000100000] -> 0x1593
mem[X,0b0010000000000000000000011000100010] -> 0x0175
[397] [M]: 0x80000620 (0x01751593) slli a1, a0, 0x17
x11 <- 0xAB000000
mem[X,0b0010000000000000000000011000100100] -> 0xA623
mem[X,0b0010000000000000000000011000100110] -> 0x0EB0
[398] [M]: 0x80000624 (0x0EB0A623) sw a1, 0xec(ra)
mem[0b0010000000000000000011001001011100] <- 0xAB000000
mem[X,0b0010000000000000000000011000101000] -> 0xB537
mem[X,0b0010000000000000000000011000101010] -> 0xAAAA
[399] [M]: 0x80000628 (0xAAAAB537) lui a0, -0x55555
x10 <- 0xAAAAB000
clint mtime 0x0000000000000004 (mip.MTI <- 0b1)
htif::tick 0x0000000000000000
mem[X,0b0010000000000000000000011000101100] -> 0x0513
mem[X,0b0010000000000000000000011000101110] -> 0xAAB5
[400] [M]: 0x8000062C (0xAAB50513) addi a0, a0, -0x555
x10 <- 0xAAAAAAAB
mem[X,0b0010000000000000000000011000110000] -> 0x1593
mem[X,0b0010000000000000000000011000110010] -> 0x00E5
[401] [M]: 0x80000630 (0x00E51593) slli a1, a0, 0xe
x11 <- 0xAAAAC000
mem[X,0b0010000000000000000000011000110100] -> 0xA823
mem[X,0b0010000000000000000000011000110110] -> 0x0EB0
[402] [M]: 0x80000634 (0x0EB0A823) sw a1, 0xf0(ra)
mem[0b0010000000000000000011001001100000] <- 0xAAAAC000
mem[X,0b0010000000000000000000011000111000] -> 0x0513
mem[X,0b0010000000000000000000011000111010] -> 0x0060
[403] [M]: 0x80000638 (0x00600513) addi a0, zero, 0x6
x10 <- 0x00000006
mem[X,0b0010000000000000000000011000111100] -> 0x1593
mem[X,0b0010000000000000000000011000111110] -> 0x01E5
[404] [M]: 0x8000063C (0x01E51593) slli a1, a0, 0x1e
x11 <- 0x80000000
mem[X,0b0010000000000000000000011001000000] -> 0xAA23
mem[X,0b0010000000000000000000011001000010] -> 0x0EB0
[405] [M]: 0x80000640 (0x0EB0AA23) sw a1, 0xf4(ra)
mem[0b0010000000000000000011001001100100] <- 0x80000000
mem[X,0b0010000000000000000000011001000100] -> 0x3537
mem[X,0b0010000000000000000000011001000110] -> 0x3333
[406] [M]: 0x80000644 (0x33333537) lui a0, 0x33333
x10 <- 0x33333000
mem[X,0b0010000000000000000000011001001000] -> 0x0513
mem[X,0b0010000000000000000000011001001010] -> 0x3345
[407] [M]: 0x80000648 (0x33450513) addi a0, a0, 0x334
x10 <- 0x33333334
mem[X,0b0010000000000000000000011001001100] -> 0x1593
mem[X,0b0010000000000000000000011001001110] -> 0x01D5
[408] [M]: 0x8000064C (0x01D51593) slli a1, a0, 0x1d
x11 <- 0x80000000
mem[X,0b0010000000000000000000011001010000] -> 0xAC23
mem[X,0b0010000000000000000000011001010010] -> 0x0EB0
[409] [M]: 0x80000650 (0x0EB0AC23) sw a1, 0xf8(ra)
mem[0b0010000000000000000011001001101000] <- 0x80000000
mem[X,0b0010000000000000000000011001010100] -> 0x0513
mem[X,0b0010000000000000000000011001010110] -> 0x2000
[410] [M]: 0x80000654 (0x20000513) addi a0, zero, 0x200
x10 <- 0x00000200
mem[X,0b0010000000000000000000011001011000] -> 0x1593
mem[X,0b0010000000000000000000011001011010] -> 0x0005
[411] [M]: 0x80000658 (0x00051593) slli a1, a0, 0x0
x11 <- 0x00000200
mem[X,0b0010000000000000000000011001011100] -> 0xAE23
mem[X,0b0010000000000000000000011001011110] -> 0x0EB0
[412] [M]: 0x8000065C (0x0EB0AE23) sw a1, 0xfc(ra)
mem[0b0010000000000000000011001001101100] <- 0x00000200
mem[X,0b0010000000000000000000011001100000] -> 0x0537
mem[X,0b0010000000000000000000011001100010] -> 0x0001
[413] [M]: 0x80000660 (0x00010537) lui a0, 0x10
x10 <- 0x00010000
mem[X,0b0010000000000000000000011001100100] -> 0x1593
mem[X,0b0010000000000000000000011001100110] -> 0x0015
[414] [M]: 0x80000664 (0x00151593) slli a1, a0, 0x1
x11 <- 0x00020000
mem[X,0b0010000000000000000000011001101000] -> 0xA023
mem[X,0b0010000000000000000000011001101010] -> 0x10B0
[415] [M]: 0x80000668 (0x10B0A023) sw a1, 0x100(ra)
mem[0b0010000000000000000011001001110000] <- 0x00020000
mem[X,0b0010000000000000000000011001101100] -> 0x006F
mem[X,0b0010000000000000000000011001101110] -> 0x0200
[416] [M]: 0x8000066C (0x0200006F) jal zero, 0x20
mem[X,0b0010000000000000000000011010001100] -> 0x0093
mem[X,0b0010000000000000000000011010001110] -> 0x0010
[417] [M]: 0x8000068C (0x00100093) addi ra, zero, 0x1
x1 <- 0x00000001
mem[X,0b0010000000000000000000011010010000] -> 0x1F17
mem[X,0b0010000000000000000000011010010010] -> 0x0000
[418] [M]: 0x80000690 (0x00001F17) auipc t5, 0x1
x30 <- 0x80001690
mem[X,0b0010000000000000000000011010010100] -> 0x2823
mem[X,0b0010000000000000000000011010010110] -> 0x961F
[419] [M]: 0x80000694 (0x961F2823) sw ra, -0x690(t5)
htif[0b0010000000000000000001000000000000] <- 0x00000001
mem[X,0b0010000000000000000000011010011000] -> 0xF06F
mem[X,0b0010000000000000000000011010011010] -> 0xFF9F
[420] [M]: 0x80000698 (0xFF9FF06F) jal zero, -0x8
mem[X,0b0010000000000000000000011010010000] -> 0x1F17
mem[X,0b0010000000000000000000011010010010] -> 0x0000
[421] [M]: 0x80000690 (0x00001F17) auipc t5, 0x1
x30 <- 0x80001690
mem[X,0b0010000000000000000000011010010100] -> 0x2823
mem[X,0b0010000000000000000000011010010110] -> 0x961F
[422] [M]: 0x80000694 (0x961F2823) sw ra, -0x690(t5)
htif[0b0010000000000000000001000000000000] <- 0x00000001
mem[X,0b0010000000000000000000011010011000] -> 0xF06F
mem[X,0b0010000000000000000000011010011010] -> 0xFF9F
[423] [M]: 0x80000698 (0xFF9FF06F) jal zero, -0x8
mem[X,0b0010000000000000000000011010010000] -> 0x1F17
mem[X,0b0010000000000000000000011010010010] -> 0x0000
[424] [M]: 0x80000690 (0x00001F17) auipc t5, 0x1
x30 <- 0x80001690
mem[X,0b0010000000000000000000011010010100] -> 0x2823
mem[X,0b0010000000000000000000011010010110] -> 0x961F
[425] [M]: 0x80000694 (0x961F2823) sw ra, -0x690(t5)
htif[0b0010000000000000000001000000000000] <- 0x00000001
htif-syscall-proxy cmd: 0x000000000001
SUCCESS
