using /home/eason/Desktop/ComputerArchitecture/Final_Project/rv32_core/riscof_work/I/src/sra-01.S/ref/Reference-sail_c_simulator.signature for test-signature output.
tohost located at 0x80001000
Running file ref.elf.
ELF Entry @ 0x80000000
begin_signature: 0x80003110
end_signature: 0x80003280
CSR mstatus <- 0x00000000 (input: 0x00000000)
mem[X,0b0000000000000000000001000000000000] -> 0x0297
mem[X,0b0000000000000000000001000000000010] -> 0x0000
[0] [M]: 0x00001000 (0x00000297) auipc t0, 0x0
x5 <- 0x00001000
mem[X,0b0000000000000000000001000000000100] -> 0x8593
mem[X,0b0000000000000000000001000000000110] -> 0x0202
[1] [M]: 0x00001004 (0x02028593) addi a1, t0, 0x20
x11 <- 0x00001020
mem[X,0b0000000000000000000001000000001000] -> 0x2573
mem[X,0b0000000000000000000001000000001010] -> 0xF140
[2] [M]: 0x00001008 (0xF1402573) csrrs a0, mhartid, zero
CSR mhartid -> 0x00000000
x10 <- 0x00000000
mem[X,0b0000000000000000000001000000001100] -> 0xA283
mem[X,0b0000000000000000000001000000001110] -> 0x0182
[3] [M]: 0x0000100C (0x0182A283) lw t0, 0x18(t0)
mem[R,0b0000000000000000000001000000011000] -> 0x80000000
x5 <- 0x80000000
mem[X,0b0000000000000000000001000000010000] -> 0x8067
mem[X,0b0000000000000000000001000000010010] -> 0x0002
[4] [M]: 0x00001010 (0x00028067) jalr zero, 0x0(t0)
mem[X,0b0010000000000000000000000000000000] -> 0x0837
mem[X,0b0010000000000000000000000000000010] -> 0x7D5C
[5] [M]: 0x80000000 (0x7D5C0837) lui a6, 0x7d5c0
x16 <- 0x7D5C0000
mem[X,0b0010000000000000000000000000000100] -> 0x0813
mem[X,0b0010000000000000000000000000000110] -> 0xDDB8
[6] [M]: 0x80000004 (0xDDB80813) addi a6, a6, -0x225
x16 <- 0x7D5BFDDB
mem[X,0b0010000000000000000000000000001000] -> 0x5893
mem[X,0b0010000000000000000000000000001010] -> 0x0078
[7] [M]: 0x80000008 (0x00785893) srli a7, a6, 0x7
x17 <- 0x00FAB7FB
mem[X,0b0010000000000000000000000000001100] -> 0x5793
mem[X,0b0010000000000000000000000000001110] -> 0x0198
[8] [M]: 0x8000000C (0x01985793) srli a5, a6, 0x19
x15 <- 0x0000003E
mem[X,0b0010000000000000000000000000010000] -> 0xE8B3
mem[X,0b0010000000000000000000000000010010] -> 0x00F8
[9] [M]: 0x80000010 (0x00F8E8B3) or a7, a7, a5
x17 <- 0x00FAB7FF
mem[X,0b0010000000000000000000000000010100] -> 0xD913
mem[X,0b0010000000000000000000000000010110] -> 0x0078
[10] [M]: 0x80000014 (0x0078D913) srli s2, a7, 0x7
x18 <- 0x0001F56F
mem[X,0b0010000000000000000000000000011000] -> 0xD793
mem[X,0b0010000000000000000000000000011010] -> 0x0198
[11] [M]: 0x80000018 (0x0198D793) srli a5, a7, 0x19
x15 <- 0x00000000
mem[X,0b0010000000000000000000000000011100] -> 0x6933
mem[X,0b0010000000000000000000000000011110] -> 0x00F9
[12] [M]: 0x8000001C (0x00F96933) or s2, s2, a5
x18 <- 0x0001F56F
mem[X,0b0010000000000000000000000000100000] -> 0x5993
mem[X,0b0010000000000000000000000000100010] -> 0x0079
[13] [M]: 0x80000020 (0x00795993) srli s3, s2, 0x7
x19 <- 0x000003EA
mem[X,0b0010000000000000000000000000100100] -> 0x5793
mem[X,0b0010000000000000000000000000100110] -> 0x0199
[14] [M]: 0x80000024 (0x01995793) srli a5, s2, 0x19
x15 <- 0x00000000
mem[X,0b0010000000000000000000000000101000] -> 0xE9B3
mem[X,0b0010000000000000000000000000101010] -> 0x00F9
[15] [M]: 0x80000028 (0x00F9E9B3) or s3, s3, a5
x19 <- 0x000003EA
mem[X,0b0010000000000000000000000000101100] -> 0xDA13
mem[X,0b0010000000000000000000000000101110] -> 0x0079
[16] [M]: 0x8000002C (0x0079DA13) srli s4, s3, 0x7
x20 <- 0x00000007
mem[X,0b0010000000000000000000000000110000] -> 0xD793
mem[X,0b0010000000000000000000000000110010] -> 0x0199
[17] [M]: 0x80000030 (0x0199D793) srli a5, s3, 0x19
x15 <- 0x00000000
mem[X,0b0010000000000000000000000000110100] -> 0x6A33
mem[X,0b0010000000000000000000000000110110] -> 0x00FA
[18] [M]: 0x80000034 (0x00FA6A33) or s4, s4, a5
x20 <- 0x00000007
mem[X,0b0010000000000000000000000000111000] -> 0x5A93
mem[X,0b0010000000000000000000000000111010] -> 0x007A
[19] [M]: 0x80000038 (0x007A5A93) srli s5, s4, 0x7
x21 <- 0x00000000
mem[X,0b0010000000000000000000000000111100] -> 0x5793
mem[X,0b0010000000000000000000000000111110] -> 0x019A
[20] [M]: 0x8000003C (0x019A5793) srli a5, s4, 0x19
x15 <- 0x00000000
mem[X,0b0010000000000000000000000001000000] -> 0xEAB3
mem[X,0b0010000000000000000000000001000010] -> 0x00FA
[21] [M]: 0x80000040 (0x00FAEAB3) or s5, s5, a5
x21 <- 0x00000000
mem[X,0b0010000000000000000000000001000100] -> 0xDB13
mem[X,0b0010000000000000000000000001000110] -> 0x007A
[22] [M]: 0x80000044 (0x007ADB13) srli s6, s5, 0x7
x22 <- 0x00000000
mem[X,0b0010000000000000000000000001001000] -> 0xD793
mem[X,0b0010000000000000000000000001001010] -> 0x019A
[23] [M]: 0x80000048 (0x019AD793) srli a5, s5, 0x19
x15 <- 0x00000000
mem[X,0b0010000000000000000000000001001100] -> 0x6B33
mem[X,0b0010000000000000000000000001001110] -> 0x00FB
[24] [M]: 0x8000004C (0x00FB6B33) or s6, s6, a5
x22 <- 0x00000000
mem[X,0b0010000000000000000000000001010000] -> 0x5B93
mem[X,0b0010000000000000000000000001010010] -> 0x007B
[25] [M]: 0x80000050 (0x007B5B93) srli s7, s6, 0x7
x23 <- 0x00000000
mem[X,0b0010000000000000000000000001010100] -> 0x5793
mem[X,0b0010000000000000000000000001010110] -> 0x019B
[26] [M]: 0x80000054 (0x019B5793) srli a5, s6, 0x19
x15 <- 0x00000000
mem[X,0b0010000000000000000000000001011000] -> 0xEBB3
mem[X,0b0010000000000000000000000001011010] -> 0x00FB
[27] [M]: 0x80000058 (0x00FBEBB3) or s7, s7, a5
x23 <- 0x00000000
mem[X,0b0010000000000000000000000001011100] -> 0xDC13
mem[X,0b0010000000000000000000000001011110] -> 0x007B
[28] [M]: 0x8000005C (0x007BDC13) srli s8, s7, 0x7
x24 <- 0x00000000
mem[X,0b0010000000000000000000000001100000] -> 0xD793
mem[X,0b0010000000000000000000000001100010] -> 0x019B
[29] [M]: 0x80000060 (0x019BD793) srli a5, s7, 0x19
x15 <- 0x00000000
mem[X,0b0010000000000000000000000001100100] -> 0x6C33
mem[X,0b0010000000000000000000000001100110] -> 0x00FC
[30] [M]: 0x80000064 (0x00FC6C33) or s8, s8, a5
x24 <- 0x00000000
mem[X,0b0010000000000000000000000001101000] -> 0x5C93
mem[X,0b0010000000000000000000000001101010] -> 0x007C
[31] [M]: 0x80000068 (0x007C5C93) srli s9, s8, 0x7
x25 <- 0x00000000
mem[X,0b0010000000000000000000000001101100] -> 0x5793
mem[X,0b0010000000000000000000000001101110] -> 0x019C
[32] [M]: 0x8000006C (0x019C5793) srli a5, s8, 0x19
x15 <- 0x00000000
mem[X,0b0010000000000000000000000001110000] -> 0xECB3
mem[X,0b0010000000000000000000000001110010] -> 0x00FC
[33] [M]: 0x80000070 (0x00FCECB3) or s9, s9, a5
x25 <- 0x00000000
mem[X,0b0010000000000000000000000001110100] -> 0xDD13
mem[X,0b0010000000000000000000000001110110] -> 0x007C
[34] [M]: 0x80000074 (0x007CDD13) srli s10, s9, 0x7
x26 <- 0x00000000
mem[X,0b0010000000000000000000000001111000] -> 0xD793
mem[X,0b0010000000000000000000000001111010] -> 0x019C
[35] [M]: 0x80000078 (0x019CD793) srli a5, s9, 0x19
x15 <- 0x00000000
mem[X,0b0010000000000000000000000001111100] -> 0x6D33
mem[X,0b0010000000000000000000000001111110] -> 0x00FD
[36] [M]: 0x8000007C (0x00FD6D33) or s10, s10, a5
x26 <- 0x00000000
mem[X,0b0010000000000000000000000010000000] -> 0x5D93
mem[X,0b0010000000000000000000000010000010] -> 0x007D
[37] [M]: 0x80000080 (0x007D5D93) srli s11, s10, 0x7
x27 <- 0x00000000
mem[X,0b0010000000000000000000000010000100] -> 0x5793
mem[X,0b0010000000000000000000000010000110] -> 0x019D
[38] [M]: 0x80000084 (0x019D5793) srli a5, s10, 0x19
x15 <- 0x00000000
mem[X,0b0010000000000000000000000010001000] -> 0xEDB3
mem[X,0b0010000000000000000000000010001010] -> 0x00FD
[39] [M]: 0x80000088 (0x00FDEDB3) or s11, s11, a5
x27 <- 0x00000000
mem[X,0b0010000000000000000000000010001100] -> 0xDE13
mem[X,0b0010000000000000000000000010001110] -> 0x007D
[40] [M]: 0x8000008C (0x007DDE13) srli t3, s11, 0x7
x28 <- 0x00000000
mem[X,0b0010000000000000000000000010010000] -> 0xD793
mem[X,0b0010000000000000000000000010010010] -> 0x019D
[41] [M]: 0x80000090 (0x019DD793) srli a5, s11, 0x19
x15 <- 0x00000000
mem[X,0b0010000000000000000000000010010100] -> 0x6E33
mem[X,0b0010000000000000000000000010010110] -> 0x00FE
[42] [M]: 0x80000094 (0x00FE6E33) or t3, t3, a5
x28 <- 0x00000000
mem[X,0b0010000000000000000000000010011000] -> 0x5E93
mem[X,0b0010000000000000000000000010011010] -> 0x007E
[43] [M]: 0x80000098 (0x007E5E93) srli t4, t3, 0x7
x29 <- 0x00000000
mem[X,0b0010000000000000000000000010011100] -> 0x5793
mem[X,0b0010000000000000000000000010011110] -> 0x019E
[44] [M]: 0x8000009C (0x019E5793) srli a5, t3, 0x19
x15 <- 0x00000000
mem[X,0b0010000000000000000000000010100000] -> 0xEEB3
mem[X,0b0010000000000000000000000010100010] -> 0x00FE
[45] [M]: 0x800000A0 (0x00FEEEB3) or t4, t4, a5
x29 <- 0x00000000
mem[X,0b0010000000000000000000000010100100] -> 0xDF13
mem[X,0b0010000000000000000000000010100110] -> 0x007E
[46] [M]: 0x800000A4 (0x007EDF13) srli t5, t4, 0x7
x30 <- 0x00000000
mem[X,0b0010000000000000000000000010101000] -> 0xD793
mem[X,0b0010000000000000000000000010101010] -> 0x019E
[47] [M]: 0x800000A8 (0x019ED793) srli a5, t4, 0x19
x15 <- 0x00000000
mem[X,0b0010000000000000000000000010101100] -> 0x6F33
mem[X,0b0010000000000000000000000010101110] -> 0x00FF
[48] [M]: 0x800000AC (0x00FF6F33) or t5, t5, a5
x30 <- 0x00000000
mem[X,0b0010000000000000000000000010110000] -> 0xC0B7
mem[X,0b0010000000000000000000000010110010] -> 0xFEED
[49] [M]: 0x800000B0 (0xFEEDC0B7) lui ra, -0x1124
x1 <- 0xFEEDC000
mem[X,0b0010000000000000000000000010110100] -> 0x8093
mem[X,0b0010000000000000000000000010110110] -> 0xEAD0
[50] [M]: 0x800000B4 (0xEAD08093) addi ra, ra, -0x153
x1 <- 0xFEEDBEAD
mem[X,0b0010000000000000000000000010111000] -> 0xD113
mem[X,0b0010000000000000000000000010111010] -> 0x0070
[51] [M]: 0x800000B8 (0x0070D113) srli sp, ra, 0x7
x2 <- 0x01FDDB7D
mem[X,0b0010000000000000000000000010111100] -> 0xD793
mem[X,0b0010000000000000000000000010111110] -> 0x0190
[52] [M]: 0x800000BC (0x0190D793) srli a5, ra, 0x19
x15 <- 0x0000007F
mem[X,0b0010000000000000000000000011000000] -> 0x6133
mem[X,0b0010000000000000000000000011000010] -> 0x00F1
[53] [M]: 0x800000C0 (0x00F16133) or sp, sp, a5
x2 <- 0x01FDDB7F
mem[X,0b0010000000000000000000000011000100] -> 0x5193
mem[X,0b0010000000000000000000000011000110] -> 0x0071
[54] [M]: 0x800000C4 (0x00715193) srli gp, sp, 0x7
x3 <- 0x0003FBB6
mem[X,0b0010000000000000000000000011001000] -> 0x5793
mem[X,0b0010000000000000000000000011001010] -> 0x0191
[55] [M]: 0x800000C8 (0x01915793) srli a5, sp, 0x19
x15 <- 0x00000000
mem[X,0b0010000000000000000000000011001100] -> 0xE1B3
mem[X,0b0010000000000000000000000011001110] -> 0x00F1
[56] [M]: 0x800000CC (0x00F1E1B3) or gp, gp, a5
x3 <- 0x0003FBB6
mem[X,0b0010000000000000000000000011010000] -> 0xD213
mem[X,0b0010000000000000000000000011010010] -> 0x0071
[57] [M]: 0x800000D0 (0x0071D213) srli tp, gp, 0x7
x4 <- 0x000007F7
mem[X,0b0010000000000000000000000011010100] -> 0xD793
mem[X,0b0010000000000000000000000011010110] -> 0x0191
[58] [M]: 0x800000D4 (0x0191D793) srli a5, gp, 0x19
x15 <- 0x00000000
mem[X,0b0010000000000000000000000011011000] -> 0x6233
mem[X,0b0010000000000000000000000011011010] -> 0x00F2
[59] [M]: 0x800000D8 (0x00F26233) or tp, tp, a5
x4 <- 0x000007F7
mem[X,0b0010000000000000000000000011011100] -> 0x5293
mem[X,0b0010000000000000000000000011011110] -> 0x0072
[60] [M]: 0x800000DC (0x00725293) srli t0, tp, 0x7
x5 <- 0x0000000F
mem[X,0b0010000000000000000000000011100000] -> 0x5793
mem[X,0b0010000000000000000000000011100010] -> 0x0192
[61] [M]: 0x800000E0 (0x01925793) srli a5, tp, 0x19
x15 <- 0x00000000
mem[X,0b0010000000000000000000000011100100] -> 0xE2B3
mem[X,0b0010000000000000000000000011100110] -> 0x00F2
[62] [M]: 0x800000E4 (0x00F2E2B3) or t0, t0, a5
x5 <- 0x0000000F
mem[X,0b0010000000000000000000000011101000] -> 0xD313
mem[X,0b0010000000000000000000000011101010] -> 0x0072
[63] [M]: 0x800000E8 (0x0072D313) srli t1, t0, 0x7
x6 <- 0x00000000
mem[X,0b0010000000000000000000000011101100] -> 0xD793
mem[X,0b0010000000000000000000000011101110] -> 0x0192
[64] [M]: 0x800000EC (0x0192D793) srli a5, t0, 0x19
x15 <- 0x00000000
mem[X,0b0010000000000000000000000011110000] -> 0x6333
mem[X,0b0010000000000000000000000011110010] -> 0x00F3
[65] [M]: 0x800000F0 (0x00F36333) or t1, t1, a5
x6 <- 0x00000000
mem[X,0b0010000000000000000000000011110100] -> 0x5393
mem[X,0b0010000000000000000000000011110110] -> 0x0073
[66] [M]: 0x800000F4 (0x00735393) srli t2, t1, 0x7
x7 <- 0x00000000
mem[X,0b0010000000000000000000000011111000] -> 0x5793
mem[X,0b0010000000000000000000000011111010] -> 0x0193
[67] [M]: 0x800000F8 (0x01935793) srli a5, t1, 0x19
x15 <- 0x00000000
mem[X,0b0010000000000000000000000011111100] -> 0xE3B3
mem[X,0b0010000000000000000000000011111110] -> 0x00F3
[68] [M]: 0x800000FC (0x00F3E3B3) or t2, t2, a5
x7 <- 0x00000000
mem[X,0b0010000000000000000000000100000000] -> 0xD413
mem[X,0b0010000000000000000000000100000010] -> 0x0073
[69] [M]: 0x80000100 (0x0073D413) srli fp, t2, 0x7
x8 <- 0x00000000
mem[X,0b0010000000000000000000000100000100] -> 0xD793
mem[X,0b0010000000000000000000000100000110] -> 0x0193
[70] [M]: 0x80000104 (0x0193D793) srli a5, t2, 0x19
x15 <- 0x00000000
mem[X,0b0010000000000000000000000100001000] -> 0x6433
mem[X,0b0010000000000000000000000100001010] -> 0x00F4
[71] [M]: 0x80000108 (0x00F46433) or fp, fp, a5
x8 <- 0x00000000
mem[X,0b0010000000000000000000000100001100] -> 0x5493
mem[X,0b0010000000000000000000000100001110] -> 0x0074
[72] [M]: 0x8000010C (0x00745493) srli s1, fp, 0x7
x9 <- 0x00000000
mem[X,0b0010000000000000000000000100010000] -> 0x5793
mem[X,0b0010000000000000000000000100010010] -> 0x0194
[73] [M]: 0x80000110 (0x01945793) srli a5, fp, 0x19
x15 <- 0x00000000
mem[X,0b0010000000000000000000000100010100] -> 0xE4B3
mem[X,0b0010000000000000000000000100010110] -> 0x00F4
[74] [M]: 0x80000114 (0x00F4E4B3) or s1, s1, a5
x9 <- 0x00000000
mem[X,0b0010000000000000000000000100011000] -> 0xD513
mem[X,0b0010000000000000000000000100011010] -> 0x0074
[75] [M]: 0x80000118 (0x0074D513) srli a0, s1, 0x7
x10 <- 0x00000000
mem[X,0b0010000000000000000000000100011100] -> 0xD793
mem[X,0b0010000000000000000000000100011110] -> 0x0194
[76] [M]: 0x8000011C (0x0194D793) srli a5, s1, 0x19
x15 <- 0x00000000
mem[X,0b0010000000000000000000000100100000] -> 0x6533
mem[X,0b0010000000000000000000000100100010] -> 0x00F5
[77] [M]: 0x80000120 (0x00F56533) or a0, a0, a5
x10 <- 0x00000000
mem[X,0b0010000000000000000000000100100100] -> 0x5593
mem[X,0b0010000000000000000000000100100110] -> 0x0075
[78] [M]: 0x80000124 (0x00755593) srli a1, a0, 0x7
x11 <- 0x00000000
mem[X,0b0010000000000000000000000100101000] -> 0x5793
mem[X,0b0010000000000000000000000100101010] -> 0x0195
[79] [M]: 0x80000128 (0x01955793) srli a5, a0, 0x19
x15 <- 0x00000000
mem[X,0b0010000000000000000000000100101100] -> 0xE5B3
mem[X,0b0010000000000000000000000100101110] -> 0x00F5
[80] [M]: 0x8000012C (0x00F5E5B3) or a1, a1, a5
x11 <- 0x00000000
mem[X,0b0010000000000000000000000100110000] -> 0xD613
mem[X,0b0010000000000000000000000100110010] -> 0x0075
[81] [M]: 0x80000130 (0x0075D613) srli a2, a1, 0x7
x12 <- 0x00000000
mem[X,0b0010000000000000000000000100110100] -> 0xD793
mem[X,0b0010000000000000000000000100110110] -> 0x0195
[82] [M]: 0x80000134 (0x0195D793) srli a5, a1, 0x19
x15 <- 0x00000000
mem[X,0b0010000000000000000000000100111000] -> 0x6633
mem[X,0b0010000000000000000000000100111010] -> 0x00F6
[83] [M]: 0x80000138 (0x00F66633) or a2, a2, a5
x12 <- 0x00000000
mem[X,0b0010000000000000000000000100111100] -> 0x5693
mem[X,0b0010000000000000000000000100111110] -> 0x0076
[84] [M]: 0x8000013C (0x00765693) srli a3, a2, 0x7
x13 <- 0x00000000
mem[X,0b0010000000000000000000000101000000] -> 0x5793
mem[X,0b0010000000000000000000000101000010] -> 0x0196
[85] [M]: 0x80000140 (0x01965793) srli a5, a2, 0x19
x15 <- 0x00000000
mem[X,0b0010000000000000000000000101000100] -> 0xE6B3
mem[X,0b0010000000000000000000000101000110] -> 0x00F6
[86] [M]: 0x80000144 (0x00F6E6B3) or a3, a3, a5
x13 <- 0x00000000
mem[X,0b0010000000000000000000000101001000] -> 0x0013
mem[X,0b0010000000000000000000000101001010] -> 0x0000
[87] [M]: 0x80000148 (0x00000013) addi zero, zero, 0x0
mem[X,0b0010000000000000000000000101001100] -> 0x0013
mem[X,0b0010000000000000000000000101001110] -> 0x0000
[88] [M]: 0x8000014C (0x00000013) addi zero, zero, 0x0
mem[X,0b0010000000000000000000000101010000] -> 0x0013
mem[X,0b0010000000000000000000000101010010] -> 0x0000
[89] [M]: 0x80000150 (0x00000013) addi zero, zero, 0x0
mem[X,0b0010000000000000000000000101010100] -> 0x0013
mem[X,0b0010000000000000000000000101010110] -> 0x0000
[90] [M]: 0x80000154 (0x00000013) addi zero, zero, 0x0
mem[X,0b0010000000000000000000000101011000] -> 0x0013
mem[X,0b0010000000000000000000000101011010] -> 0x0000
[91] [M]: 0x80000158 (0x00000013) addi zero, zero, 0x0
mem[X,0b0010000000000000000000000101011100] -> 0x0013
mem[X,0b0010000000000000000000000101011110] -> 0x0000
[92] [M]: 0x8000015C (0x00000013) addi zero, zero, 0x0
mem[X,0b0010000000000000000000000101100000] -> 0x3A17
mem[X,0b0010000000000000000000000101100010] -> 0x0000
[93] [M]: 0x80000160 (0x00003A17) auipc s4, 0x3
x20 <- 0x80003160
mem[X,0b0010000000000000000000000101100100] -> 0x0A13
mem[X,0b0010000000000000000000000101100110] -> 0xFB4A
[94] [M]: 0x80000164 (0xFB4A0A13) addi s4, s4, -0x4c
x20 <- 0x80003114
mem[X,0b0010000000000000000000000101101000] -> 0x0013
mem[X,0b0010000000000000000000000101101010] -> 0x0000
[95] [M]: 0x80000168 (0x00000013) addi zero, zero, 0x0
mem[X,0b0010000000000000000000000101101100] -> 0x0013
mem[X,0b0010000000000000000000000101101110] -> 0x0000
[96] [M]: 0x8000016C (0x00000013) addi zero, zero, 0x0
mem[X,0b0010000000000000000000000101110000] -> 0x0013
mem[X,0b0010000000000000000000000101110010] -> 0x0000
[97] [M]: 0x80000170 (0x00000013) addi zero, zero, 0x0
mem[X,0b0010000000000000000000000101110100] -> 0x0013
mem[X,0b0010000000000000000000000101110110] -> 0x0000
[98] [M]: 0x80000174 (0x00000013) addi zero, zero, 0x0
mem[X,0b0010000000000000000000000101111000] -> 0x0013
mem[X,0b0010000000000000000000000101111010] -> 0x0000
[99] [M]: 0x80000178 (0x00000013) addi zero, zero, 0x0
clint mtime 0x0000000000000001 (mip.MTI <- 0b1)
htif::tick 0x0000000000000000
mem[X,0b0010000000000000000000000101111100] -> 0x0013
mem[X,0b0010000000000000000000000101111110] -> 0x0000
[100] [M]: 0x8000017C (0x00000013) addi zero, zero, 0x0
mem[X,0b0010000000000000000000000110000000] -> 0x0837
mem[X,0b0010000000000000000000000110000010] -> 0x8000
[101] [M]: 0x80000180 (0x80000837) lui a6, -0x80000
x16 <- 0x80000000
mem[X,0b0010000000000000000000000110000100] -> 0x0D93
mem[X,0b0010000000000000000000000110000110] -> 0x0080
[102] [M]: 0x80000184 (0x00800D93) addi s11, zero, 0x8
x27 <- 0x00000008
mem[X,0b0010000000000000000000000110001000] -> 0x5DB3
mem[X,0b0010000000000000000000000110001010] -> 0x41B8
[103] [M]: 0x80000188 (0x41B85DB3) sra s11, a6, s11
x27 <- 0xFF800000
mem[X,0b0010000000000000000000000110001100] -> 0x2023
mem[X,0b0010000000000000000000000110001110] -> 0x01BA
[104] [M]: 0x8000018C (0x01BA2023) sw s11, 0x0(s4)
mem[0b0010000000000000000011000100010100] <- 0xFF800000
mem[X,0b0010000000000000000000000110010000] -> 0x0637
mem[X,0b0010000000000000000000000110010010] -> 0x0200
[105] [M]: 0x80000190 (0x02000637) lui a2, 0x2000
x12 <- 0x02000000
mem[X,0b0010000000000000000000000110010100] -> 0x0637
mem[X,0b0010000000000000000000000110010110] -> 0x0200
[106] [M]: 0x80000194 (0x02000637) lui a2, 0x2000
x12 <- 0x02000000
mem[X,0b0010000000000000000000000110011000] -> 0x5833
mem[X,0b0010000000000000000000000110011010] -> 0x40C6
[107] [M]: 0x80000198 (0x40C65833) sra a6, a2, a2
x16 <- 0x02000000
mem[X,0b0010000000000000000000000110011100] -> 0x2223
mem[X,0b0010000000000000000000000110011110] -> 0x010A
[108] [M]: 0x8000019C (0x010A2223) sw a6, 0x4(s4)
mem[0b0010000000000000000011000100011000] <- 0x02000000
mem[X,0b0010000000000000000000000110100000] -> 0xF0B7
mem[X,0b0010000000000000000000000110100010] -> 0xFFFF
[109] [M]: 0x800001A0 (0xFFFFF0B7) lui ra, -0x1
x1 <- 0xFFFFF000
mem[X,0b0010000000000000000000000110100100] -> 0x8093
mem[X,0b0010000000000000000000000110100110] -> 0x7FF0
[110] [M]: 0x800001A4 (0x7FF08093) addi ra, ra, 0x7ff
x1 <- 0xFFFFF7FF
mem[X,0b0010000000000000000000000110101000] -> 0xF0B7
mem[X,0b0010000000000000000000000110101010] -> 0xFFFF
[111] [M]: 0x800001A8 (0xFFFFF0B7) lui ra, -0x1
x1 <- 0xFFFFF000
mem[X,0b0010000000000000000000000110101100] -> 0x8093
mem[X,0b0010000000000000000000000110101110] -> 0x7FF0
[112] [M]: 0x800001AC (0x7FF08093) addi ra, ra, 0x7ff
x1 <- 0xFFFFF7FF
mem[X,0b0010000000000000000000000110110000] -> 0xD0B3
mem[X,0b0010000000000000000000000110110010] -> 0x4010
[113] [M]: 0x800001B0 (0x4010D0B3) sra ra, ra, ra
x1 <- 0xFFFFFFFF
mem[X,0b0010000000000000000000000110110100] -> 0x2423
mem[X,0b0010000000000000000000000110110110] -> 0x001A
[114] [M]: 0x800001B4 (0x001A2423) sw ra, 0x8(s4)
mem[0b0010000000000000000011000100011100] <- 0xFFFFFFFF
mem[X,0b0010000000000000000000000110111000] -> 0x36B7
mem[X,0b0010000000000000000000000110111010] -> 0x3333
[115] [M]: 0x800001B8 (0x333336B7) lui a3, 0x33333
x13 <- 0x33333000
mem[X,0b0010000000000000000000000110111100] -> 0x8693
mem[X,0b0010000000000000000000000110111110] -> 0x3336
[116] [M]: 0x800001BC (0x33368693) addi a3, a3, 0x333
x13 <- 0x33333333
mem[X,0b0010000000000000000000000111000000] -> 0x0993
mem[X,0b0010000000000000000000000111000010] -> 0x0000
[117] [M]: 0x800001C0 (0x00000993) addi s3, zero, 0x0
x19 <- 0x00000000
mem[X,0b0010000000000000000000000111000100] -> 0xD6B3
mem[X,0b0010000000000000000000000111000110] -> 0x4136
[118] [M]: 0x800001C4 (0x4136D6B3) sra a3, a3, s3
x13 <- 0x33333333
mem[X,0b0010000000000000000000000111001000] -> 0x2623
mem[X,0b0010000000000000000000000111001010] -> 0x00DA
[119] [M]: 0x800001C8 (0x00DA2623) sw a3, 0xc(s4)
mem[0b0010000000000000000011000100100000] <- 0x33333333
mem[X,0b0010000000000000000000000111001100] -> 0x0E13
mem[X,0b0010000000000000000000000111001110] -> 0x0060
[120] [M]: 0x800001CC (0x00600E13) addi t3, zero, 0x6
x28 <- 0x00000006
mem[X,0b0010000000000000000000000111010000] -> 0x0113
mem[X,0b0010000000000000000000000111010010] -> 0x0060
[121] [M]: 0x800001D0 (0x00600113) addi sp, zero, 0x6
x2 <- 0x00000006
mem[X,0b0010000000000000000000000111010100] -> 0x5433
mem[X,0b0010000000000000000000000111010110] -> 0x402E
[122] [M]: 0x800001D4 (0x402E5433) sra fp, t3, sp
x8 <- 0x00000000
mem[X,0b0010000000000000000000000111011000] -> 0x2823
mem[X,0b0010000000000000000000000111011010] -> 0x008A
[123] [M]: 0x800001D8 (0x008A2823) sw fp, 0x10(s4)
mem[0b0010000000000000000011000100100100] <- 0x00000000
mem[X,0b0010000000000000000000000111011100] -> 0x0D13
mem[X,0b0010000000000000000000000111011110] -> 0x0000
[124] [M]: 0x800001DC (0x00000D13) addi s10, zero, 0x0
x26 <- 0x00000000
mem[X,0b0010000000000000000000000111100000] -> 0x0F93
mem[X,0b0010000000000000000000000111100010] -> 0x0030
[125] [M]: 0x800001E0 (0x00300F93) addi t6, zero, 0x3
x31 <- 0x00000003
mem[X,0b0010000000000000000000000111100100] -> 0x59B3
mem[X,0b0010000000000000000000000111100110] -> 0x41FD
[126] [M]: 0x800001E4 (0x41FD59B3) sra s3, s10, t6
x19 <- 0x00000000
mem[X,0b0010000000000000000000000111101000] -> 0x2A23
mem[X,0b0010000000000000000000000111101010] -> 0x013A
[127] [M]: 0x800001E8 (0x013A2A23) sw s3, 0x14(s4)
mem[0b0010000000000000000011000100101000] <- 0x00000000
mem[X,0b0010000000000000000000000111101100] -> 0x0737
mem[X,0b0010000000000000000000000111101110] -> 0x8000
[128] [M]: 0x800001EC (0x80000737) lui a4, -0x80000
x14 <- 0x80000000
mem[X,0b0010000000000000000000000111110000] -> 0x0713
mem[X,0b0010000000000000000000000111110010] -> 0xFFF7
[129] [M]: 0x800001F0 (0xFFF70713) addi a4, a4, -0x1
x14 <- 0x7FFFFFFF
mem[X,0b0010000000000000000000000111110100] -> 0x0E13
mem[X,0b0010000000000000000000000111110110] -> 0x0120
[130] [M]: 0x800001F4 (0x01200E13) addi t3, zero, 0x12
x28 <- 0x00000012
mem[X,0b0010000000000000000000000111111000] -> 0x5EB3
mem[X,0b0010000000000000000000000111111010] -> 0x41C7
[131] [M]: 0x800001F8 (0x41C75EB3) sra t4, a4, t3
x29 <- 0x00001FFF
mem[X,0b0010000000000000000000000111111100] -> 0x2C23
mem[X,0b0010000000000000000000000111111110] -> 0x01DA
[132] [M]: 0x800001FC (0x01DA2C23) sw t4, 0x18(s4)
mem[0b0010000000000000000011000100101100] <- 0x00001FFF
mem[X,0b0010000000000000000000001000000000] -> 0x0513
mem[X,0b0010000000000000000000001000000010] -> 0x0010
[133] [M]: 0x80000200 (0x00100513) addi a0, zero, 0x1
x10 <- 0x00000001
mem[X,0b0010000000000000000000001000000100] -> 0x0D13
mem[X,0b0010000000000000000000001000000110] -> 0x0020
[134] [M]: 0x80000204 (0x00200D13) addi s10, zero, 0x2
x26 <- 0x00000002
mem[X,0b0010000000000000000000001000001000] -> 0x5633
mem[X,0b0010000000000000000000001000001010] -> 0x41A5
[135] [M]: 0x80000208 (0x41A55633) sra a2, a0, s10
x12 <- 0x00000000
mem[X,0b0010000000000000000000001000001100] -> 0x2E23
mem[X,0b0010000000000000000000001000001110] -> 0x00CA
[136] [M]: 0x8000020C (0x00CA2E23) sw a2, 0x1c(s4)
mem[0b0010000000000000000011000100110000] <- 0x00000000
mem[X,0b0010000000000000000000001000010000] -> 0x0F13
mem[X,0b0010000000000000000000001000010010] -> 0x0020
[137] [M]: 0x80000210 (0x00200F13) addi t5, zero, 0x2
x30 <- 0x00000002
mem[X,0b0010000000000000000000001000010100] -> 0x0813
mem[X,0b0010000000000000000000001000010110] -> 0x0040
[138] [M]: 0x80000214 (0x00400813) addi a6, zero, 0x4
x16 <- 0x00000004
mem[X,0b0010000000000000000000001000011000] -> 0x57B3
mem[X,0b0010000000000000000000001000011010] -> 0x410F
[139] [M]: 0x80000218 (0x410F57B3) sra a5, t5, a6
x15 <- 0x00000000
mem[X,0b0010000000000000000000001000011100] -> 0x2023
mem[X,0b0010000000000000000000001000011110] -> 0x02FA
[140] [M]: 0x8000021C (0x02FA2023) sw a5, 0x20(s4)
mem[0b0010000000000000000011000100110100] <- 0x00000000
mem[X,0b0010000000000000000000001000100000] -> 0x0C13
mem[X,0b0010000000000000000000001000100010] -> 0x0040
[141] [M]: 0x80000220 (0x00400C13) addi s8, zero, 0x4
x24 <- 0x00000004
mem[X,0b0010000000000000000000001000100100] -> 0x0013
mem[X,0b0010000000000000000000001000100110] -> 0x0000
[142] [M]: 0x80000224 (0x00000013) addi zero, zero, 0x0
mem[X,0b0010000000000000000000001000101000] -> 0x5333
mem[X,0b0010000000000000000000001000101010] -> 0x400C
[143] [M]: 0x80000228 (0x400C5333) sra t1, s8, zero
x6 <- 0x00000004
mem[X,0b0010000000000000000000001000101100] -> 0x2223
mem[X,0b0010000000000000000000001000101110] -> 0x026A
[144] [M]: 0x8000022C (0x026A2223) sw t1, 0x24(s4)
mem[0b0010000000000000000011000100111000] <- 0x00000004
mem[X,0b0010000000000000000000001000110000] -> 0x0A93
mem[X,0b0010000000000000000000001000110010] -> 0x0080
[145] [M]: 0x80000230 (0x00800A93) addi s5, zero, 0x8
x21 <- 0x00000008
mem[X,0b0010000000000000000000001000110100] -> 0x0793
mem[X,0b0010000000000000000000001000110110] -> 0x00A0
[146] [M]: 0x80000234 (0x00A00793) addi a5, zero, 0xa
x15 <- 0x0000000A
mem[X,0b0010000000000000000000001000111000] -> 0xD1B3
mem[X,0b0010000000000000000000001000111010] -> 0x40FA
[147] [M]: 0x80000238 (0x40FAD1B3) sra gp, s5, a5
x3 <- 0x00000000
mem[X,0b0010000000000000000000001000111100] -> 0x2423
mem[X,0b0010000000000000000000001000111110] -> 0x023A
[148] [M]: 0x8000023C (0x023A2423) sw gp, 0x28(s4)
mem[0b0010000000000000000011000100111100] <- 0x00000000
mem[X,0b0010000000000000000000001001000000] -> 0x0793
mem[X,0b0010000000000000000000001001000010] -> 0x0100
[149] [M]: 0x80000240 (0x01000793) addi a5, zero, 0x10
x15 <- 0x00000010
mem[X,0b0010000000000000000000001001000100] -> 0x0F13
mem[X,0b0010000000000000000000001001000110] -> 0x0000
[150] [M]: 0x80000244 (0x00000F13) addi t5, zero, 0x0
x30 <- 0x00000000
mem[X,0b0010000000000000000000001001001000] -> 0xD533
mem[X,0b0010000000000000000000001001001010] -> 0x41E7
[151] [M]: 0x80000248 (0x41E7D533) sra a0, a5, t5
x10 <- 0x00000010
mem[X,0b0010000000000000000000001001001100] -> 0x2623
mem[X,0b0010000000000000000000001001001110] -> 0x02AA
[152] [M]: 0x8000024C (0x02AA2623) sw a0, 0x2c(s4)
mem[0b0010000000000000000011000101000000] <- 0x00000010
mem[X,0b0010000000000000000000001001010000] -> 0x0913
mem[X,0b0010000000000000000000001001010010] -> 0x0200
[153] [M]: 0x80000250 (0x02000913) addi s2, zero, 0x20
x18 <- 0x00000020
mem[X,0b0010000000000000000000001001010100] -> 0x0213
mem[X,0b0010000000000000000000001001010110] -> 0x0030
[154] [M]: 0x80000254 (0x00300213) addi tp, zero, 0x3
x4 <- 0x00000003
mem[X,0b0010000000000000000000001001011000] -> 0x5B33
mem[X,0b0010000000000000000000001001011010] -> 0x4049
[155] [M]: 0x80000258 (0x40495B33) sra s6, s2, tp
x22 <- 0x00000004
mem[X,0b0010000000000000000000001001011100] -> 0x2823
mem[X,0b0010000000000000000000001001011110] -> 0x036A
[156] [M]: 0x8000025C (0x036A2823) sw s6, 0x30(s4)
mem[0b0010000000000000000011000101000100] <- 0x00000004
mem[X,0b0010000000000000000000001001100000] -> 0x0993
mem[X,0b0010000000000000000000001001100010] -> 0x0400
[157] [M]: 0x80000260 (0x04000993) addi s3, zero, 0x40
x19 <- 0x00000040
mem[X,0b0010000000000000000000001001100100] -> 0x0893
mem[X,0b0010000000000000000000001001100110] -> 0x0170
[158] [M]: 0x80000264 (0x01700893) addi a7, zero, 0x17
x17 <- 0x00000017
mem[X,0b0010000000000000000000001001101000] -> 0xD5B3
mem[X,0b0010000000000000000000001001101010] -> 0x4119
[159] [M]: 0x80000268 (0x4119D5B3) sra a1, s3, a7
x11 <- 0x00000000
mem[X,0b0010000000000000000000001001101100] -> 0x2A23
mem[X,0b0010000000000000000000001001101110] -> 0x02BA
[160] [M]: 0x8000026C (0x02BA2A23) sw a1, 0x34(s4)
mem[0b0010000000000000000011000101001000] <- 0x00000000
mem[X,0b0010000000000000000000001001110000] -> 0x0293
mem[X,0b0010000000000000000000001001110010] -> 0x0800
[161] [M]: 0x80000270 (0x08000293) addi t0, zero, 0x80
x5 <- 0x00000080
mem[X,0b0010000000000000000000001001110100] -> 0x0713
mem[X,0b0010000000000000000000001001110110] -> 0x0080
[162] [M]: 0x80000274 (0x00800713) addi a4, zero, 0x8
x14 <- 0x00000008
mem[X,0b0010000000000000000000001001111000] -> 0xD033
mem[X,0b0010000000000000000000001001111010] -> 0x40E2
[163] [M]: 0x80000278 (0x40E2D033) sra zero, t0, a4
mem[X,0b0010000000000000000000001001111100] -> 0x2C23
mem[X,0b0010000000000000000000001001111110] -> 0x020A
[164] [M]: 0x8000027C (0x020A2C23) sw zero, 0x38(s4)
mem[0b0010000000000000000011000101001100] <- 0x00000000
mem[X,0b0010000000000000000000001010000000] -> 0x0313
mem[X,0b0010000000000000000000001010000010] -> 0x1000
[165] [M]: 0x80000280 (0x10000313) addi t1, zero, 0x100
x6 <- 0x00000100
mem[X,0b0010000000000000000000001010000100] -> 0x0C13
mem[X,0b0010000000000000000000001010000110] -> 0x0040
[166] [M]: 0x80000284 (0x00400C13) addi s8, zero, 0x4
x24 <- 0x00000004
mem[X,0b0010000000000000000000001010001000] -> 0x52B3
mem[X,0b0010000000000000000000001010001010] -> 0x4183
[167] [M]: 0x80000288 (0x418352B3) sra t0, t1, s8
x5 <- 0x00000010
mem[X,0b0010000000000000000000001010001100] -> 0x2E23
mem[X,0b0010000000000000000000001010001110] -> 0x025A
[168] [M]: 0x8000028C (0x025A2E23) sw t0, 0x3c(s4)
mem[0b0010000000000000000011000101010000] <- 0x00000010
mem[X,0b0010000000000000000000001010010000] -> 0x0393
mem[X,0b0010000000000000000000001010010010] -> 0x2000
[169] [M]: 0x80000290 (0x20000393) addi t2, zero, 0x200
x7 <- 0x00000200
mem[X,0b0010000000000000000000001010010100] -> 0x0913
mem[X,0b0010000000000000000000001010010110] -> 0x01F0
[170] [M]: 0x80000294 (0x01F00913) addi s2, zero, 0x1f
x18 <- 0x0000001F
mem[X,0b0010000000000000000000001010011000] -> 0xDFB3
mem[X,0b0010000000000000000000001010011010] -> 0x4123
[171] [M]: 0x80000298 (0x4123DFB3) sra t6, t2, s2
x31 <- 0x00000000
mem[X,0b0010000000000000000000001010011100] -> 0x2023
mem[X,0b0010000000000000000000001010011110] -> 0x05FA
[172] [M]: 0x8000029C (0x05FA2023) sw t6, 0x40(s4)
mem[0b0010000000000000000011000101010100] <- 0x00000000
mem[X,0b0010000000000000000000001010100000] -> 0x0F93
mem[X,0b0010000000000000000000001010100010] -> 0x4000
[173] [M]: 0x800002A0 (0x40000F93) addi t6, zero, 0x400
x31 <- 0x00000400
mem[X,0b0010000000000000000000001010100100] -> 0x0A93
mem[X,0b0010000000000000000000001010100110] -> 0x0100
[174] [M]: 0x800002A4 (0x01000A93) addi s5, zero, 0x10
x21 <- 0x00000010
mem[X,0b0010000000000000000000001010101000] -> 0xDF33
mem[X,0b0010000000000000000000001010101010] -> 0x415F
[175] [M]: 0x800002A8 (0x415FDF33) sra t5, t6, s5
x30 <- 0x00000000
mem[X,0b0010000000000000000000001010101100] -> 0x2223
mem[X,0b0010000000000000000000001010101110] -> 0x05EA
[176] [M]: 0x800002AC (0x05EA2223) sw t5, 0x44(s4)
mem[0b0010000000000000000011000101011000] <- 0x00000000
mem[X,0b0010000000000000000000001010110000] -> 0x1237
mem[X,0b0010000000000000000000001010110010] -> 0x0000
[177] [M]: 0x800002B0 (0x00001237) lui tp, 0x1
x4 <- 0x00001000
mem[X,0b0010000000000000000000001010110100] -> 0x0213
mem[X,0b0010000000000000000000001010110110] -> 0x8002
[178] [M]: 0x800002B4 (0x80020213) addi tp, tp, -0x800
x4 <- 0x00000800
mem[X,0b0010000000000000000000001010111000] -> 0x0593
mem[X,0b0010000000000000000000001010111010] -> 0x0130
[179] [M]: 0x800002B8 (0x01300593) addi a1, zero, 0x13
x11 <- 0x00000013
mem[X,0b0010000000000000000000001010111100] -> 0x5133
mem[X,0b0010000000000000000000001010111110] -> 0x40B2
[180] [M]: 0x800002BC (0x40B25133) sra sp, tp, a1
x2 <- 0x00000000
mem[X,0b0010000000000000000000001011000000] -> 0x2423
mem[X,0b0010000000000000000000001011000010] -> 0x042A
[181] [M]: 0x800002C0 (0x042A2423) sw sp, 0x48(s4)
mem[0b0010000000000000000011000101011100] <- 0x00000000
mem[X,0b0010000000000000000000001011000100] -> 0x1B37
mem[X,0b0010000000000000000000001011000110] -> 0x0000
[182] [M]: 0x800002C4 (0x00001B37) lui s6, 0x1
x22 <- 0x00001000
mem[X,0b0010000000000000000000001011001000] -> 0x0C93
mem[X,0b0010000000000000000000001011001010] -> 0x0020
[183] [M]: 0x800002C8 (0x00200C93) addi s9, zero, 0x2
x25 <- 0x00000002
mem[X,0b0010000000000000000000001011001100] -> 0x54B3
mem[X,0b0010000000000000000000001011001110] -> 0x419B
[184] [M]: 0x800002CC (0x419B54B3) sra s1, s6, s9
x9 <- 0x00000400
mem[X,0b0010000000000000000000001011010000] -> 0x2623
mem[X,0b0010000000000000000000001011010010] -> 0x049A
[185] [M]: 0x800002D0 (0x049A2623) sw s1, 0x4c(s4)
mem[0b0010000000000000000011000101100000] <- 0x00000400
mem[X,0b0010000000000000000000001011010100] -> 0x0013
mem[X,0b0010000000000000000000001011010110] -> 0x0000
[186] [M]: 0x800002D4 (0x00000013) addi zero, zero, 0x0
mem[X,0b0010000000000000000000001011011000] -> 0x0013
mem[X,0b0010000000000000000000001011011010] -> 0x0000
[187] [M]: 0x800002D8 (0x00000013) addi zero, zero, 0x0
mem[X,0b0010000000000000000000001011011100] -> 0x0013
mem[X,0b0010000000000000000000001011011110] -> 0x0000
[188] [M]: 0x800002DC (0x00000013) addi zero, zero, 0x0
mem[X,0b0010000000000000000000001011100000] -> 0x3097
mem[X,0b0010000000000000000000001011100010] -> 0x0000
[189] [M]: 0x800002E0 (0x00003097) auipc ra, 0x3
x1 <- 0x800032E0
mem[X,0b0010000000000000000000001011100100] -> 0x8093
mem[X,0b0010000000000000000000001011100110] -> 0xE840
[190] [M]: 0x800002E4 (0xE8408093) addi ra, ra, -0x17c
x1 <- 0x80003164
mem[X,0b0010000000000000000000001011101000] -> 0x0013
mem[X,0b0010000000000000000000001011101010] -> 0x0000
[191] [M]: 0x800002E8 (0x00000013) addi zero, zero, 0x0
mem[X,0b0010000000000000000000001011101100] -> 0x0013
mem[X,0b0010000000000000000000001011101110] -> 0x0000
[192] [M]: 0x800002EC (0x00000013) addi zero, zero, 0x0
mem[X,0b0010000000000000000000001011110000] -> 0x0013
mem[X,0b0010000000000000000000001011110010] -> 0x0000
[193] [M]: 0x800002F0 (0x00000013) addi zero, zero, 0x0
mem[X,0b0010000000000000000000001011110100] -> 0x0013
mem[X,0b0010000000000000000000001011110110] -> 0x0000
[194] [M]: 0x800002F4 (0x00000013) addi zero, zero, 0x0
mem[X,0b0010000000000000000000001011111000] -> 0x0013
mem[X,0b0010000000000000000000001011111010] -> 0x0000
[195] [M]: 0x800002F8 (0x00000013) addi zero, zero, 0x0
mem[X,0b0010000000000000000000001011111100] -> 0x0013
mem[X,0b0010000000000000000000001011111110] -> 0x0000
[196] [M]: 0x800002FC (0x00000013) addi zero, zero, 0x0
mem[X,0b0010000000000000000000001100000000] -> 0x2BB7
mem[X,0b0010000000000000000000001100000010] -> 0x0000
[197] [M]: 0x80000300 (0x00002BB7) lui s7, 0x2
x23 <- 0x00002000
mem[X,0b0010000000000000000000001100000100] -> 0x0693
mem[X,0b0010000000000000000000001100000110] -> 0x01F0
[198] [M]: 0x80000304 (0x01F00693) addi a3, zero, 0x1f
x13 <- 0x0000001F
mem[X,0b0010000000000000000000001100001000] -> 0xD733
mem[X,0b0010000000000000000000001100001010] -> 0x40DB
[199] [M]: 0x80000308 (0x40DBD733) sra a4, s7, a3
x14 <- 0x00000000
clint mtime 0x0000000000000002 (mip.MTI <- 0b1)
htif::tick 0x0000000000000000
mem[X,0b0010000000000000000000001100001100] -> 0xA023
mem[X,0b0010000000000000000000001100001110] -> 0x00E0
[200] [M]: 0x8000030C (0x00E0A023) sw a4, 0x0(ra)
mem[0b0010000000000000000011000101100100] <- 0x00000000
mem[X,0b0010000000000000000000001100010000] -> 0x4437
mem[X,0b0010000000000000000000001100010010] -> 0x0000
[201] [M]: 0x80000310 (0x00004437) lui fp, 0x4
x8 <- 0x00004000
mem[X,0b0010000000000000000000001100010100] -> 0x0E93
mem[X,0b0010000000000000000000001100010110] -> 0x00A0
[202] [M]: 0x80000314 (0x00A00E93) addi t4, zero, 0xa
x29 <- 0x0000000A
mem[X,0b0010000000000000000000001100011000] -> 0x5E33
mem[X,0b0010000000000000000000001100011010] -> 0x41D4
[203] [M]: 0x80000318 (0x41D45E33) sra t3, fp, t4
x28 <- 0x00000010
mem[X,0b0010000000000000000000001100011100] -> 0xA223
mem[X,0b0010000000000000000000001100011110] -> 0x01C0
[204] [M]: 0x8000031C (0x01C0A223) sw t3, 0x4(ra)
mem[0b0010000000000000000011000101101000] <- 0x00000010
mem[X,0b0010000000000000000000001100100000] -> 0x88B7
mem[X,0b0010000000000000000000001100100010] -> 0x0000
[205] [M]: 0x80000320 (0x000088B7) lui a7, 0x8
x17 <- 0x00008000
mem[X,0b0010000000000000000000001100100100] -> 0x0413
mem[X,0b0010000000000000000000001100100110] -> 0x0130
[206] [M]: 0x80000324 (0x01300413) addi fp, zero, 0x13
x8 <- 0x00000013
mem[X,0b0010000000000000000000001100101000] -> 0xDD33
mem[X,0b0010000000000000000000001100101010] -> 0x4088
[207] [M]: 0x80000328 (0x4088DD33) sra s10, a7, fp
x26 <- 0x00000000
mem[X,0b0010000000000000000000001100101100] -> 0xA423
mem[X,0b0010000000000000000000001100101110] -> 0x01A0
[208] [M]: 0x8000032C (0x01A0A423) sw s10, 0x8(ra)
mem[0b0010000000000000000011000101101100] <- 0x00000000
mem[X,0b0010000000000000000000001100110000] -> 0x0EB7
mem[X,0b0010000000000000000000001100110010] -> 0x0001
[209] [M]: 0x80000330 (0x00010EB7) lui t4, 0x10
x29 <- 0x00010000
mem[X,0b0010000000000000000000001100110100] -> 0x0193
mem[X,0b0010000000000000000000001100110110] -> 0x0100
[210] [M]: 0x80000334 (0x01000193) addi gp, zero, 0x10
x3 <- 0x00000010
mem[X,0b0010000000000000000000001100111000] -> 0xDBB3
mem[X,0b0010000000000000000000001100111010] -> 0x403E
[211] [M]: 0x80000338 (0x403EDBB3) sra s7, t4, gp
x23 <- 0x00000001
mem[X,0b0010000000000000000000001100111100] -> 0xA623
mem[X,0b0010000000000000000000001100111110] -> 0x0170
[212] [M]: 0x8000033C (0x0170A623) sw s7, 0xc(ra)
mem[0b0010000000000000000011000101110000] <- 0x00000001
mem[X,0b0010000000000000000000001101000000] -> 0x04B7
mem[X,0b0010000000000000000000001101000010] -> 0x0002
[213] [M]: 0x80000340 (0x000204B7) lui s1, 0x20
x9 <- 0x00020000
mem[X,0b0010000000000000000000001101000100] -> 0x0293
mem[X,0b0010000000000000000000001101000110] -> 0x0000
[214] [M]: 0x80000344 (0x00000293) addi t0, zero, 0x0
x5 <- 0x00000000
mem[X,0b0010000000000000000000001101001000] -> 0xD3B3
mem[X,0b0010000000000000000000001101001010] -> 0x4054
[215] [M]: 0x80000348 (0x4054D3B3) sra t2, s1, t0
x7 <- 0x00020000
mem[X,0b0010000000000000000000001101001100] -> 0xA823
mem[X,0b0010000000000000000000001101001110] -> 0x0070
[216] [M]: 0x8000034C (0x0070A823) sw t2, 0x10(ra)
mem[0b0010000000000000000011000101110100] <- 0x00020000
mem[X,0b0010000000000000000000001101010000] -> 0x0A37
mem[X,0b0010000000000000000000001101010010] -> 0x0004
[217] [M]: 0x80000350 (0x00040A37) lui s4, 0x40
x20 <- 0x00040000
mem[X,0b0010000000000000000000001101010100] -> 0x0393
mem[X,0b0010000000000000000000001101010110] -> 0x0080
[218] [M]: 0x80000354 (0x00800393) addi t2, zero, 0x8
x7 <- 0x00000008
mem[X,0b0010000000000000000000001101011000] -> 0x5C33
mem[X,0b0010000000000000000000001101011010] -> 0x407A
[219] [M]: 0x80000358 (0x407A5C33) sra s8, s4, t2
x24 <- 0x00000400
mem[X,0b0010000000000000000000001101011100] -> 0xAA23
mem[X,0b0010000000000000000000001101011110] -> 0x0180
[220] [M]: 0x8000035C (0x0180AA23) sw s8, 0x14(ra)
mem[0b0010000000000000000011000101111000] <- 0x00000400
mem[X,0b0010000000000000000000001101100000] -> 0x0CB7
mem[X,0b0010000000000000000000001101100010] -> 0x0008
[221] [M]: 0x80000360 (0x00080CB7) lui s9, 0x80
x25 <- 0x00080000
mem[X,0b0010000000000000000000001101100100] -> 0x0513
mem[X,0b0010000000000000000000001101100110] -> 0x0080
[222] [M]: 0x80000364 (0x00800513) addi a0, zero, 0x8
x10 <- 0x00000008
mem[X,0b0010000000000000000000001101101000] -> 0xD8B3
mem[X,0b0010000000000000000000001101101010] -> 0x40AC
[223] [M]: 0x80000368 (0x40ACD8B3) sra a7, s9, a0
x17 <- 0x00000800
mem[X,0b0010000000000000000000001101101100] -> 0xAC23
mem[X,0b0010000000000000000000001101101110] -> 0x0110
[224] [M]: 0x8000036C (0x0110AC23) sw a7, 0x18(ra)
mem[0b0010000000000000000011000101111100] <- 0x00000800
mem[X,0b0010000000000000000000001101110000] -> 0x0DB7
mem[X,0b0010000000000000000000001101110010] -> 0x0010
[225] [M]: 0x80000370 (0x00100DB7) lui s11, 0x100
x27 <- 0x00100000
mem[X,0b0010000000000000000000001101110100] -> 0x0B13
mem[X,0b0010000000000000000000001101110110] -> 0x01B0
[226] [M]: 0x80000374 (0x01B00B13) addi s6, zero, 0x1b
x22 <- 0x0000001B
mem[X,0b0010000000000000000000001101111000] -> 0xDA33
mem[X,0b0010000000000000000000001101111010] -> 0x416D
[227] [M]: 0x80000378 (0x416DDA33) sra s4, s11, s6
x20 <- 0x00000000
mem[X,0b0010000000000000000000001101111100] -> 0xAE23
mem[X,0b0010000000000000000000001101111110] -> 0x0140
[228] [M]: 0x8000037C (0x0140AE23) sw s4, 0x1c(ra)
mem[0b0010000000000000000011000110000000] <- 0x00000000
mem[X,0b0010000000000000000000001110000000] -> 0x01B7
mem[X,0b0010000000000000000000001110000010] -> 0x0020
[229] [M]: 0x80000380 (0x002001B7) lui gp, 0x200
x3 <- 0x00200000
mem[X,0b0010000000000000000000001110000100] -> 0x0313
mem[X,0b0010000000000000000000001110000110] -> 0x00B0
[230] [M]: 0x80000384 (0x00B00313) addi t1, zero, 0xb
x6 <- 0x0000000B
mem[X,0b0010000000000000000000001110001000] -> 0xDCB3
mem[X,0b0010000000000000000000001110001010] -> 0x4061
[231] [M]: 0x80000388 (0x4061DCB3) sra s9, gp, t1
x25 <- 0x00000400
mem[X,0b0010000000000000000000001110001100] -> 0xA023
mem[X,0b0010000000000000000000001110001110] -> 0x0390
[232] [M]: 0x8000038C (0x0390A023) sw s9, 0x20(ra)
mem[0b0010000000000000000011000110000100] <- 0x00000400
mem[X,0b0010000000000000000000001110010000] -> 0x0013
mem[X,0b0010000000000000000000001110010010] -> 0x0000
[233] [M]: 0x80000390 (0x00000013) addi zero, zero, 0x0
mem[X,0b0010000000000000000000001110010100] -> 0x0B93
mem[X,0b0010000000000000000000001110010110] -> 0x0080
[234] [M]: 0x80000394 (0x00800B93) addi s7, zero, 0x8
x23 <- 0x00000008
mem[X,0b0010000000000000000000001110011000] -> 0x5233
mem[X,0b0010000000000000000000001110011010] -> 0x4170
[235] [M]: 0x80000398 (0x41705233) sra tp, zero, s7
x4 <- 0x00000000
mem[X,0b0010000000000000000000001110011100] -> 0xA223
mem[X,0b0010000000000000000000001110011110] -> 0x0240
[236] [M]: 0x8000039C (0x0240A223) sw tp, 0x24(ra)
mem[0b0010000000000000000011000110001000] <- 0x00000000
mem[X,0b0010000000000000000000001110100000] -> 0x0137
mem[X,0b0010000000000000000000001110100010] -> 0x0080
[237] [M]: 0x800003A0 (0x00800137) lui sp, 0x800
x2 <- 0x00800000
mem[X,0b0010000000000000000000001110100100] -> 0x0A13
mem[X,0b0010000000000000000000001110100110] -> 0x01B0
[238] [M]: 0x800003A4 (0x01B00A13) addi s4, zero, 0x1b
x20 <- 0x0000001B
mem[X,0b0010000000000000000000001110101000] -> 0x5933
mem[X,0b0010000000000000000000001110101010] -> 0x4141
[239] [M]: 0x800003A8 (0x41415933) sra s2, sp, s4
x18 <- 0x00000000
mem[X,0b0010000000000000000000001110101100] -> 0xA423
mem[X,0b0010000000000000000000001110101110] -> 0x0320
[240] [M]: 0x800003AC (0x0320A423) sw s2, 0x28(ra)
mem[0b0010000000000000000011000110001100] <- 0x00000000
mem[X,0b0010000000000000000000001110110000] -> 0x05B7
mem[X,0b0010000000000000000000001110110010] -> 0x0100
[241] [M]: 0x800003B0 (0x010005B7) lui a1, 0x1000
x11 <- 0x01000000
mem[X,0b0010000000000000000000001110110100] -> 0x0493
mem[X,0b0010000000000000000000001110110110] -> 0x00B0
[242] [M]: 0x800003B4 (0x00B00493) addi s1, zero, 0xb
x9 <- 0x0000000B
mem[X,0b0010000000000000000000001110111000] -> 0xDAB3
mem[X,0b0010000000000000000000001110111010] -> 0x4095
[243] [M]: 0x800003B8 (0x4095DAB3) sra s5, a1, s1
x21 <- 0x00002000
mem[X,0b0010000000000000000000001110111100] -> 0xA623
mem[X,0b0010000000000000000000001110111110] -> 0x0350
[244] [M]: 0x800003BC (0x0350A623) sw s5, 0x2c(ra)
mem[0b0010000000000000000011000110010000] <- 0x00002000
mem[X,0b0010000000000000000000001111000000] -> 0x0537
mem[X,0b0010000000000000000000001111000010] -> 0x0400
[245] [M]: 0x800003C0 (0x04000537) lui a0, 0x4000
x10 <- 0x04000000
mem[X,0b0010000000000000000000001111000100] -> 0x0593
mem[X,0b0010000000000000000000001111000110] -> 0x00C0
[246] [M]: 0x800003C4 (0x00C00593) addi a1, zero, 0xc
x11 <- 0x0000000C
mem[X,0b0010000000000000000000001111001000] -> 0x5633
mem[X,0b0010000000000000000000001111001010] -> 0x40B5
[247] [M]: 0x800003C8 (0x40B55633) sra a2, a0, a1
x12 <- 0x00004000
mem[X,0b0010000000000000000000001111001100] -> 0xA823
mem[X,0b0010000000000000000000001111001110] -> 0x02C0
[248] [M]: 0x800003CC (0x02C0A823) sw a2, 0x30(ra)
mem[0b0010000000000000000011000110010100] <- 0x00004000
mem[X,0b0010000000000000000000001111010000] -> 0x0537
mem[X,0b0010000000000000000000001111010010] -> 0x0800
[249] [M]: 0x800003D0 (0x08000537) lui a0, 0x8000
x10 <- 0x08000000
mem[X,0b0010000000000000000000001111010100] -> 0x0593
mem[X,0b0010000000000000000000001111010110] -> 0x0040
[250] [M]: 0x800003D4 (0x00400593) addi a1, zero, 0x4
x11 <- 0x00000004
mem[X,0b0010000000000000000000001111011000] -> 0x5633
mem[X,0b0010000000000000000000001111011010] -> 0x40B5
[251] [M]: 0x800003D8 (0x40B55633) sra a2, a0, a1
x12 <- 0x00800000
mem[X,0b0010000000000000000000001111011100] -> 0xAA23
mem[X,0b0010000000000000000000001111011110] -> 0x02C0
[252] [M]: 0x800003DC (0x02C0AA23) sw a2, 0x34(ra)
mem[0b0010000000000000000011000110011000] <- 0x00800000
mem[X,0b0010000000000000000000001111100000] -> 0x0537
mem[X,0b0010000000000000000000001111100010] -> 0x1000
[253] [M]: 0x800003E0 (0x10000537) lui a0, 0x10000
x10 <- 0x10000000
mem[X,0b0010000000000000000000001111100100] -> 0x0593
mem[X,0b0010000000000000000000001111100110] -> 0x00B0
[254] [M]: 0x800003E4 (0x00B00593) addi a1, zero, 0xb
x11 <- 0x0000000B
mem[X,0b0010000000000000000000001111101000] -> 0x5633
mem[X,0b0010000000000000000000001111101010] -> 0x40B5
[255] [M]: 0x800003E8 (0x40B55633) sra a2, a0, a1
x12 <- 0x00020000
mem[X,0b0010000000000000000000001111101100] -> 0xAC23
mem[X,0b0010000000000000000000001111101110] -> 0x02C0
[256] [M]: 0x800003EC (0x02C0AC23) sw a2, 0x38(ra)
mem[0b0010000000000000000011000110011100] <- 0x00020000
mem[X,0b0010000000000000000000001111110000] -> 0x0537
mem[X,0b0010000000000000000000001111110010] -> 0x2000
[257] [M]: 0x800003F0 (0x20000537) lui a0, 0x20000
x10 <- 0x20000000
mem[X,0b0010000000000000000000001111110100] -> 0x0593
mem[X,0b0010000000000000000000001111110110] -> 0x00A0
[258] [M]: 0x800003F4 (0x00A00593) addi a1, zero, 0xa
x11 <- 0x0000000A
mem[X,0b0010000000000000000000001111111000] -> 0x5633
mem[X,0b0010000000000000000000001111111010] -> 0x40B5
[259] [M]: 0x800003F8 (0x40B55633) sra a2, a0, a1
x12 <- 0x00080000
mem[X,0b0010000000000000000000001111111100] -> 0xAE23
mem[X,0b0010000000000000000000001111111110] -> 0x02C0
[260] [M]: 0x800003FC (0x02C0AE23) sw a2, 0x3c(ra)
mem[0b0010000000000000000011000110100000] <- 0x00080000
mem[X,0b0010000000000000000000010000000000] -> 0x0537
mem[X,0b0010000000000000000000010000000010] -> 0x4000
[261] [M]: 0x80000400 (0x40000537) lui a0, 0x40000
x10 <- 0x40000000
mem[X,0b0010000000000000000000010000000100] -> 0x0593
mem[X,0b0010000000000000000000010000000110] -> 0x00F0
[262] [M]: 0x80000404 (0x00F00593) addi a1, zero, 0xf
x11 <- 0x0000000F
mem[X,0b0010000000000000000000010000001000] -> 0x5633
mem[X,0b0010000000000000000000010000001010] -> 0x40B5
[263] [M]: 0x80000408 (0x40B55633) sra a2, a0, a1
x12 <- 0x00008000
mem[X,0b0010000000000000000000010000001100] -> 0xA023
mem[X,0b0010000000000000000000010000001110] -> 0x04C0
[264] [M]: 0x8000040C (0x04C0A023) sw a2, 0x40(ra)
mem[0b0010000000000000000011000110100100] <- 0x00008000
mem[X,0b0010000000000000000000010000010000] -> 0x0513
mem[X,0b0010000000000000000000010000010010] -> 0xFFE0
[265] [M]: 0x80000410 (0xFFE00513) addi a0, zero, -0x2
x10 <- 0xFFFFFFFE
mem[X,0b0010000000000000000000010000010100] -> 0x0593
mem[X,0b0010000000000000000000010000010110] -> 0x0070
[266] [M]: 0x80000414 (0x00700593) addi a1, zero, 0x7
x11 <- 0x00000007
mem[X,0b0010000000000000000000010000011000] -> 0x5633
mem[X,0b0010000000000000000000010000011010] -> 0x40B5
[267] [M]: 0x80000418 (0x40B55633) sra a2, a0, a1
x12 <- 0xFFFFFFFF
mem[X,0b0010000000000000000000010000011100] -> 0xA223
mem[X,0b0010000000000000000000010000011110] -> 0x04C0
[268] [M]: 0x8000041C (0x04C0A223) sw a2, 0x44(ra)
mem[0b0010000000000000000011000110101000] <- 0xFFFFFFFF
mem[X,0b0010000000000000000000010000100000] -> 0x0513
mem[X,0b0010000000000000000000010000100010] -> 0xFFD0
[269] [M]: 0x80000420 (0xFFD00513) addi a0, zero, -0x3
x10 <- 0xFFFFFFFD
mem[X,0b0010000000000000000000010000100100] -> 0x0593
mem[X,0b0010000000000000000000010000100110] -> 0x0120
[270] [M]: 0x80000424 (0x01200593) addi a1, zero, 0x12
x11 <- 0x00000012
mem[X,0b0010000000000000000000010000101000] -> 0x5633
mem[X,0b0010000000000000000000010000101010] -> 0x40B5
[271] [M]: 0x80000428 (0x40B55633) sra a2, a0, a1
x12 <- 0xFFFFFFFF
mem[X,0b0010000000000000000000010000101100] -> 0xA423
mem[X,0b0010000000000000000000010000101110] -> 0x04C0
[272] [M]: 0x8000042C (0x04C0A423) sw a2, 0x48(ra)
mem[0b0010000000000000000011000110101100] <- 0xFFFFFFFF
mem[X,0b0010000000000000000000010000110000] -> 0x0513
mem[X,0b0010000000000000000000010000110010] -> 0xFFB0
[273] [M]: 0x80000430 (0xFFB00513) addi a0, zero, -0x5
x10 <- 0xFFFFFFFB
mem[X,0b0010000000000000000000010000110100] -> 0x0593
mem[X,0b0010000000000000000000010000110110] -> 0x0040
[274] [M]: 0x80000434 (0x00400593) addi a1, zero, 0x4
x11 <- 0x00000004
mem[X,0b0010000000000000000000010000111000] -> 0x5633
mem[X,0b0010000000000000000000010000111010] -> 0x40B5
[275] [M]: 0x80000438 (0x40B55633) sra a2, a0, a1
x12 <- 0xFFFFFFFF
mem[X,0b0010000000000000000000010000111100] -> 0xA623
mem[X,0b0010000000000000000000010000111110] -> 0x04C0
[276] [M]: 0x8000043C (0x04C0A623) sw a2, 0x4c(ra)
mem[0b0010000000000000000011000110110000] <- 0xFFFFFFFF
mem[X,0b0010000000000000000000010001000000] -> 0x0513
mem[X,0b0010000000000000000000010001000010] -> 0xFF70
[277] [M]: 0x80000440 (0xFF700513) addi a0, zero, -0x9
x10 <- 0xFFFFFFF7
mem[X,0b0010000000000000000000010001000100] -> 0x0593
mem[X,0b0010000000000000000000010001000110] -> 0x0050
[278] [M]: 0x80000444 (0x00500593) addi a1, zero, 0x5
x11 <- 0x00000005
mem[X,0b0010000000000000000000010001001000] -> 0x5633
mem[X,0b0010000000000000000000010001001010] -> 0x40B5
[279] [M]: 0x80000448 (0x40B55633) sra a2, a0, a1
x12 <- 0xFFFFFFFF
mem[X,0b0010000000000000000000010001001100] -> 0xA823
mem[X,0b0010000000000000000000010001001110] -> 0x04C0
[280] [M]: 0x8000044C (0x04C0A823) sw a2, 0x50(ra)
mem[0b0010000000000000000011000110110100] <- 0xFFFFFFFF
mem[X,0b0010000000000000000000010001010000] -> 0x0513
mem[X,0b0010000000000000000000010001010010] -> 0xFEF0
[281] [M]: 0x80000450 (0xFEF00513) addi a0, zero, -0x11
x10 <- 0xFFFFFFEF
mem[X,0b0010000000000000000000010001010100] -> 0x0593
mem[X,0b0010000000000000000000010001010110] -> 0x01D0
[282] [M]: 0x80000454 (0x01D00593) addi a1, zero, 0x1d
x11 <- 0x0000001D
mem[X,0b0010000000000000000000010001011000] -> 0x5633
mem[X,0b0010000000000000000000010001011010] -> 0x40B5
[283] [M]: 0x80000458 (0x40B55633) sra a2, a0, a1
x12 <- 0xFFFFFFFF
mem[X,0b0010000000000000000000010001011100] -> 0xAA23
mem[X,0b0010000000000000000000010001011110] -> 0x04C0
[284] [M]: 0x8000045C (0x04C0AA23) sw a2, 0x54(ra)
mem[0b0010000000000000000011000110111000] <- 0xFFFFFFFF
mem[X,0b0010000000000000000000010001100000] -> 0x0513
mem[X,0b0010000000000000000000010001100010] -> 0xFDF0
[285] [M]: 0x80000460 (0xFDF00513) addi a0, zero, -0x21
x10 <- 0xFFFFFFDF
mem[X,0b0010000000000000000000010001100100] -> 0x0593
mem[X,0b0010000000000000000000010001100110] -> 0x00D0
[286] [M]: 0x80000464 (0x00D00593) addi a1, zero, 0xd
x11 <- 0x0000000D
mem[X,0b0010000000000000000000010001101000] -> 0x5633
mem[X,0b0010000000000000000000010001101010] -> 0x40B5
[287] [M]: 0x80000468 (0x40B55633) sra a2, a0, a1
x12 <- 0xFFFFFFFF
mem[X,0b0010000000000000000000010001101100] -> 0xAC23
mem[X,0b0010000000000000000000010001101110] -> 0x04C0
[288] [M]: 0x8000046C (0x04C0AC23) sw a2, 0x58(ra)
mem[0b0010000000000000000011000110111100] <- 0xFFFFFFFF
mem[X,0b0010000000000000000000010001110000] -> 0x0513
mem[X,0b0010000000000000000000010001110010] -> 0xFBF0
[289] [M]: 0x80000470 (0xFBF00513) addi a0, zero, -0x41
x10 <- 0xFFFFFFBF
mem[X,0b0010000000000000000000010001110100] -> 0x0593
mem[X,0b0010000000000000000000010001110110] -> 0x0170
[290] [M]: 0x80000474 (0x01700593) addi a1, zero, 0x17
x11 <- 0x00000017
mem[X,0b0010000000000000000000010001111000] -> 0x5633
mem[X,0b0010000000000000000000010001111010] -> 0x40B5
[291] [M]: 0x80000478 (0x40B55633) sra a2, a0, a1
x12 <- 0xFFFFFFFF
mem[X,0b0010000000000000000000010001111100] -> 0xAE23
mem[X,0b0010000000000000000000010001111110] -> 0x04C0
[292] [M]: 0x8000047C (0x04C0AE23) sw a2, 0x5c(ra)
mem[0b0010000000000000000011000111000000] <- 0xFFFFFFFF
mem[X,0b0010000000000000000000010010000000] -> 0x0513
mem[X,0b0010000000000000000000010010000010] -> 0xF7F0
[293] [M]: 0x80000480 (0xF7F00513) addi a0, zero, -0x81
x10 <- 0xFFFFFF7F
mem[X,0b0010000000000000000000010010000100] -> 0x0593
mem[X,0b0010000000000000000000010010000110] -> 0x00D0
[294] [M]: 0x80000484 (0x00D00593) addi a1, zero, 0xd
x11 <- 0x0000000D
mem[X,0b0010000000000000000000010010001000] -> 0x5633
mem[X,0b0010000000000000000000010010001010] -> 0x40B5
[295] [M]: 0x80000488 (0x40B55633) sra a2, a0, a1
x12 <- 0xFFFFFFFF
mem[X,0b0010000000000000000000010010001100] -> 0xA023
mem[X,0b0010000000000000000000010010001110] -> 0x06C0
[296] [M]: 0x8000048C (0x06C0A023) sw a2, 0x60(ra)
mem[0b0010000000000000000011000111000100] <- 0xFFFFFFFF
mem[X,0b0010000000000000000000010010010000] -> 0x0513
mem[X,0b0010000000000000000000010010010010] -> 0xEFF0
[297] [M]: 0x80000490 (0xEFF00513) addi a0, zero, -0x101
x10 <- 0xFFFFFEFF
mem[X,0b0010000000000000000000010010010100] -> 0x0593
mem[X,0b0010000000000000000000010010010110] -> 0x0130
[298] [M]: 0x80000494 (0x01300593) addi a1, zero, 0x13
x11 <- 0x00000013
mem[X,0b0010000000000000000000010010011000] -> 0x5633
mem[X,0b0010000000000000000000010010011010] -> 0x40B5
[299] [M]: 0x80000498 (0x40B55633) sra a2, a0, a1
x12 <- 0xFFFFFFFF
clint mtime 0x0000000000000003 (mip.MTI <- 0b1)
htif::tick 0x0000000000000000
mem[X,0b0010000000000000000000010010011100] -> 0xA223
mem[X,0b0010000000000000000000010010011110] -> 0x06C0
[300] [M]: 0x8000049C (0x06C0A223) sw a2, 0x64(ra)
mem[0b0010000000000000000011000111001000] <- 0xFFFFFFFF
mem[X,0b0010000000000000000000010010100000] -> 0x0513
mem[X,0b0010000000000000000000010010100010] -> 0xDFF0
[301] [M]: 0x800004A0 (0xDFF00513) addi a0, zero, -0x201
x10 <- 0xFFFFFDFF
mem[X,0b0010000000000000000000010010100100] -> 0x0593
mem[X,0b0010000000000000000000010010100110] -> 0x0010
[302] [M]: 0x800004A4 (0x00100593) addi a1, zero, 0x1
x11 <- 0x00000001
mem[X,0b0010000000000000000000010010101000] -> 0x5633
mem[X,0b0010000000000000000000010010101010] -> 0x40B5
[303] [M]: 0x800004A8 (0x40B55633) sra a2, a0, a1
x12 <- 0xFFFFFEFF
mem[X,0b0010000000000000000000010010101100] -> 0xA423
mem[X,0b0010000000000000000000010010101110] -> 0x06C0
[304] [M]: 0x800004AC (0x06C0A423) sw a2, 0x68(ra)
mem[0b0010000000000000000011000111001100] <- 0xFFFFFEFF
mem[X,0b0010000000000000000000010010110000] -> 0x0513
mem[X,0b0010000000000000000000010010110010] -> 0xBFF0
[305] [M]: 0x800004B0 (0xBFF00513) addi a0, zero, -0x401
x10 <- 0xFFFFFBFF
mem[X,0b0010000000000000000000010010110100] -> 0x0593
mem[X,0b0010000000000000000000010010110110] -> 0x0150
[306] [M]: 0x800004B4 (0x01500593) addi a1, zero, 0x15
x11 <- 0x00000015
mem[X,0b0010000000000000000000010010111000] -> 0x5633
mem[X,0b0010000000000000000000010010111010] -> 0x40B5
[307] [M]: 0x800004B8 (0x40B55633) sra a2, a0, a1
x12 <- 0xFFFFFFFF
mem[X,0b0010000000000000000000010010111100] -> 0xA623
mem[X,0b0010000000000000000000010010111110] -> 0x06C0
[308] [M]: 0x800004BC (0x06C0A623) sw a2, 0x6c(ra)
mem[0b0010000000000000000011000111010000] <- 0xFFFFFFFF
mem[X,0b0010000000000000000000010011000000] -> 0xF537
mem[X,0b0010000000000000000000010011000010] -> 0xFFFF
[309] [M]: 0x800004C0 (0xFFFFF537) lui a0, -0x1
x10 <- 0xFFFFF000
mem[X,0b0010000000000000000000010011000100] -> 0x0513
mem[X,0b0010000000000000000000010011000110] -> 0xFFF5
[310] [M]: 0x800004C4 (0xFFF50513) addi a0, a0, -0x1
x10 <- 0xFFFFEFFF
mem[X,0b0010000000000000000000010011001000] -> 0x0593
mem[X,0b0010000000000000000000010011001010] -> 0x00E0
[311] [M]: 0x800004C8 (0x00E00593) addi a1, zero, 0xe
x11 <- 0x0000000E
mem[X,0b0010000000000000000000010011001100] -> 0x5633
mem[X,0b0010000000000000000000010011001110] -> 0x40B5
[312] [M]: 0x800004CC (0x40B55633) sra a2, a0, a1
x12 <- 0xFFFFFFFF
mem[X,0b0010000000000000000000010011010000] -> 0xA823
mem[X,0b0010000000000000000000010011010010] -> 0x06C0
[313] [M]: 0x800004D0 (0x06C0A823) sw a2, 0x70(ra)
mem[0b0010000000000000000011000111010100] <- 0xFFFFFFFF
mem[X,0b0010000000000000000000010011010100] -> 0xE537
mem[X,0b0010000000000000000000010011010110] -> 0xFFFF
[314] [M]: 0x800004D4 (0xFFFFE537) lui a0, -0x2
x10 <- 0xFFFFE000
mem[X,0b0010000000000000000000010011011000] -> 0x0513
mem[X,0b0010000000000000000000010011011010] -> 0xFFF5
[315] [M]: 0x800004D8 (0xFFF50513) addi a0, a0, -0x1
x10 <- 0xFFFFDFFF
mem[X,0b0010000000000000000000010011011100] -> 0x0593
mem[X,0b0010000000000000000000010011011110] -> 0x0080
[316] [M]: 0x800004DC (0x00800593) addi a1, zero, 0x8
x11 <- 0x00000008
mem[X,0b0010000000000000000000010011100000] -> 0x5633
mem[X,0b0010000000000000000000010011100010] -> 0x40B5
[317] [M]: 0x800004E0 (0x40B55633) sra a2, a0, a1
x12 <- 0xFFFFFFDF
mem[X,0b0010000000000000000000010011100100] -> 0xAA23
mem[X,0b0010000000000000000000010011100110] -> 0x06C0
[318] [M]: 0x800004E4 (0x06C0AA23) sw a2, 0x74(ra)
mem[0b0010000000000000000011000111011000] <- 0xFFFFFFDF
mem[X,0b0010000000000000000000010011101000] -> 0xC537
mem[X,0b0010000000000000000000010011101010] -> 0xFFFF
[319] [M]: 0x800004E8 (0xFFFFC537) lui a0, -0x4
x10 <- 0xFFFFC000
mem[X,0b0010000000000000000000010011101100] -> 0x0513
mem[X,0b0010000000000000000000010011101110] -> 0xFFF5
[320] [M]: 0x800004EC (0xFFF50513) addi a0, a0, -0x1
x10 <- 0xFFFFBFFF
mem[X,0b0010000000000000000000010011110000] -> 0x0593
mem[X,0b0010000000000000000000010011110010] -> 0x00E0
[321] [M]: 0x800004F0 (0x00E00593) addi a1, zero, 0xe
x11 <- 0x0000000E
mem[X,0b0010000000000000000000010011110100] -> 0x5633
mem[X,0b0010000000000000000000010011110110] -> 0x40B5
[322] [M]: 0x800004F4 (0x40B55633) sra a2, a0, a1
x12 <- 0xFFFFFFFE
mem[X,0b0010000000000000000000010011111000] -> 0xAC23
mem[X,0b0010000000000000000000010011111010] -> 0x06C0
[323] [M]: 0x800004F8 (0x06C0AC23) sw a2, 0x78(ra)
mem[0b0010000000000000000011000111011100] <- 0xFFFFFFFE
mem[X,0b0010000000000000000000010011111100] -> 0x8537
mem[X,0b0010000000000000000000010011111110] -> 0xFFFF
[324] [M]: 0x800004FC (0xFFFF8537) lui a0, -0x8
x10 <- 0xFFFF8000
mem[X,0b0010000000000000000000010100000000] -> 0x0513
mem[X,0b0010000000000000000000010100000010] -> 0xFFF5
[325] [M]: 0x80000500 (0xFFF50513) addi a0, a0, -0x1
x10 <- 0xFFFF7FFF
mem[X,0b0010000000000000000000010100000100] -> 0x0593
mem[X,0b0010000000000000000000010100000110] -> 0x00C0
[326] [M]: 0x80000504 (0x00C00593) addi a1, zero, 0xc
x11 <- 0x0000000C
mem[X,0b0010000000000000000000010100001000] -> 0x5633
mem[X,0b0010000000000000000000010100001010] -> 0x40B5
[327] [M]: 0x80000508 (0x40B55633) sra a2, a0, a1
x12 <- 0xFFFFFFF7
mem[X,0b0010000000000000000000010100001100] -> 0xAE23
mem[X,0b0010000000000000000000010100001110] -> 0x06C0
[328] [M]: 0x8000050C (0x06C0AE23) sw a2, 0x7c(ra)
mem[0b0010000000000000000011000111100000] <- 0xFFFFFFF7
mem[X,0b0010000000000000000000010100010000] -> 0x0537
mem[X,0b0010000000000000000000010100010010] -> 0xFFFF
[329] [M]: 0x80000510 (0xFFFF0537) lui a0, -0x10
x10 <- 0xFFFF0000
mem[X,0b0010000000000000000000010100010100] -> 0x0513
mem[X,0b0010000000000000000000010100010110] -> 0xFFF5
[330] [M]: 0x80000514 (0xFFF50513) addi a0, a0, -0x1
x10 <- 0xFFFEFFFF
mem[X,0b0010000000000000000000010100011000] -> 0x0593
mem[X,0b0010000000000000000000010100011010] -> 0x0170
[331] [M]: 0x80000518 (0x01700593) addi a1, zero, 0x17
x11 <- 0x00000017
mem[X,0b0010000000000000000000010100011100] -> 0x5633
mem[X,0b0010000000000000000000010100011110] -> 0x40B5
[332] [M]: 0x8000051C (0x40B55633) sra a2, a0, a1
x12 <- 0xFFFFFFFF
mem[X,0b0010000000000000000000010100100000] -> 0xA023
mem[X,0b0010000000000000000000010100100010] -> 0x08C0
[333] [M]: 0x80000520 (0x08C0A023) sw a2, 0x80(ra)
mem[0b0010000000000000000011000111100100] <- 0xFFFFFFFF
mem[X,0b0010000000000000000000010100100100] -> 0x0537
mem[X,0b0010000000000000000000010100100110] -> 0xFFFE
[334] [M]: 0x80000524 (0xFFFE0537) lui a0, -0x20
x10 <- 0xFFFE0000
mem[X,0b0010000000000000000000010100101000] -> 0x0513
mem[X,0b0010000000000000000000010100101010] -> 0xFFF5
[335] [M]: 0x80000528 (0xFFF50513) addi a0, a0, -0x1
x10 <- 0xFFFDFFFF
mem[X,0b0010000000000000000000010100101100] -> 0x0593
mem[X,0b0010000000000000000000010100101110] -> 0x00A0
[336] [M]: 0x8000052C (0x00A00593) addi a1, zero, 0xa
x11 <- 0x0000000A
mem[X,0b0010000000000000000000010100110000] -> 0x5633
mem[X,0b0010000000000000000000010100110010] -> 0x40B5
[337] [M]: 0x80000530 (0x40B55633) sra a2, a0, a1
x12 <- 0xFFFFFF7F
mem[X,0b0010000000000000000000010100110100] -> 0xA223
mem[X,0b0010000000000000000000010100110110] -> 0x08C0
[338] [M]: 0x80000534 (0x08C0A223) sw a2, 0x84(ra)
mem[0b0010000000000000000011000111101000] <- 0xFFFFFF7F
mem[X,0b0010000000000000000000010100111000] -> 0x0537
mem[X,0b0010000000000000000000010100111010] -> 0xFFFC
[339] [M]: 0x80000538 (0xFFFC0537) lui a0, -0x40
x10 <- 0xFFFC0000
mem[X,0b0010000000000000000000010100111100] -> 0x0513
mem[X,0b0010000000000000000000010100111110] -> 0xFFF5
[340] [M]: 0x8000053C (0xFFF50513) addi a0, a0, -0x1
x10 <- 0xFFFBFFFF
mem[X,0b0010000000000000000000010101000000] -> 0x0593
mem[X,0b0010000000000000000000010101000010] -> 0x00B0
[341] [M]: 0x80000540 (0x00B00593) addi a1, zero, 0xb
x11 <- 0x0000000B
mem[X,0b0010000000000000000000010101000100] -> 0x5633
mem[X,0b0010000000000000000000010101000110] -> 0x40B5
[342] [M]: 0x80000544 (0x40B55633) sra a2, a0, a1
x12 <- 0xFFFFFF7F
mem[X,0b0010000000000000000000010101001000] -> 0xA423
mem[X,0b0010000000000000000000010101001010] -> 0x08C0
[343] [M]: 0x80000548 (0x08C0A423) sw a2, 0x88(ra)
mem[0b0010000000000000000011000111101100] <- 0xFFFFFF7F
mem[X,0b0010000000000000000000010101001100] -> 0x0537
mem[X,0b0010000000000000000000010101001110] -> 0xFFF8
[344] [M]: 0x8000054C (0xFFF80537) lui a0, -0x80
x10 <- 0xFFF80000
mem[X,0b0010000000000000000000010101010000] -> 0x0513
mem[X,0b0010000000000000000000010101010010] -> 0xFFF5
[345] [M]: 0x80000550 (0xFFF50513) addi a0, a0, -0x1
x10 <- 0xFFF7FFFF
mem[X,0b0010000000000000000000010101010100] -> 0x0593
mem[X,0b0010000000000000000000010101010110] -> 0x0000
[346] [M]: 0x80000554 (0x00000593) addi a1, zero, 0x0
x11 <- 0x00000000
mem[X,0b0010000000000000000000010101011000] -> 0x5633
mem[X,0b0010000000000000000000010101011010] -> 0x40B5
[347] [M]: 0x80000558 (0x40B55633) sra a2, a0, a1
x12 <- 0xFFF7FFFF
mem[X,0b0010000000000000000000010101011100] -> 0xA623
mem[X,0b0010000000000000000000010101011110] -> 0x08C0
[348] [M]: 0x8000055C (0x08C0A623) sw a2, 0x8c(ra)
mem[0b0010000000000000000011000111110000] <- 0xFFF7FFFF
mem[X,0b0010000000000000000000010101100000] -> 0x0537
mem[X,0b0010000000000000000000010101100010] -> 0xFF80
[349] [M]: 0x80000560 (0xFF800537) lui a0, -0x800
x10 <- 0xFF800000
mem[X,0b0010000000000000000000010101100100] -> 0x0513
mem[X,0b0010000000000000000000010101100110] -> 0xFFF5
[350] [M]: 0x80000564 (0xFFF50513) addi a0, a0, -0x1
x10 <- 0xFF7FFFFF
mem[X,0b0010000000000000000000010101101000] -> 0x0593
mem[X,0b0010000000000000000000010101101010] -> 0x0130
[351] [M]: 0x80000568 (0x01300593) addi a1, zero, 0x13
x11 <- 0x00000013
mem[X,0b0010000000000000000000010101101100] -> 0x5633
mem[X,0b0010000000000000000000010101101110] -> 0x40B5
[352] [M]: 0x8000056C (0x40B55633) sra a2, a0, a1
x12 <- 0xFFFFFFEF
mem[X,0b0010000000000000000000010101110000] -> 0xA823
mem[X,0b0010000000000000000000010101110010] -> 0x08C0
[353] [M]: 0x80000570 (0x08C0A823) sw a2, 0x90(ra)
mem[0b0010000000000000000011000111110100] <- 0xFFFFFFEF
mem[X,0b0010000000000000000000010101110100] -> 0x0537
mem[X,0b0010000000000000000000010101110110] -> 0xFF00
[354] [M]: 0x80000574 (0xFF000537) lui a0, -0x1000
x10 <- 0xFF000000
mem[X,0b0010000000000000000000010101111000] -> 0x0513
mem[X,0b0010000000000000000000010101111010] -> 0xFFF5
[355] [M]: 0x80000578 (0xFFF50513) addi a0, a0, -0x1
x10 <- 0xFEFFFFFF
mem[X,0b0010000000000000000000010101111100] -> 0x0593
mem[X,0b0010000000000000000000010101111110] -> 0x00C0
[356] [M]: 0x8000057C (0x00C00593) addi a1, zero, 0xc
x11 <- 0x0000000C
mem[X,0b0010000000000000000000010110000000] -> 0x5633
mem[X,0b0010000000000000000000010110000010] -> 0x40B5
[357] [M]: 0x80000580 (0x40B55633) sra a2, a0, a1
x12 <- 0xFFFFEFFF
mem[X,0b0010000000000000000000010110000100] -> 0xAA23
mem[X,0b0010000000000000000000010110000110] -> 0x08C0
[358] [M]: 0x80000584 (0x08C0AA23) sw a2, 0x94(ra)
mem[0b0010000000000000000011000111111000] <- 0xFFFFEFFF
mem[X,0b0010000000000000000000010110001000] -> 0x0537
mem[X,0b0010000000000000000000010110001010] -> 0xFE00
[359] [M]: 0x80000588 (0xFE000537) lui a0, -0x2000
x10 <- 0xFE000000
mem[X,0b0010000000000000000000010110001100] -> 0x0513
mem[X,0b0010000000000000000000010110001110] -> 0xFFF5
[360] [M]: 0x8000058C (0xFFF50513) addi a0, a0, -0x1
x10 <- 0xFDFFFFFF
mem[X,0b0010000000000000000000010110010000] -> 0x0593
mem[X,0b0010000000000000000000010110010010] -> 0x01F0
[361] [M]: 0x80000590 (0x01F00593) addi a1, zero, 0x1f
x11 <- 0x0000001F
mem[X,0b0010000000000000000000010110010100] -> 0x5633
mem[X,0b0010000000000000000000010110010110] -> 0x40B5
[362] [M]: 0x80000594 (0x40B55633) sra a2, a0, a1
x12 <- 0xFFFFFFFF
mem[X,0b0010000000000000000000010110011000] -> 0xAC23
mem[X,0b0010000000000000000000010110011010] -> 0x08C0
[363] [M]: 0x80000598 (0x08C0AC23) sw a2, 0x98(ra)
mem[0b0010000000000000000011000111111100] <- 0xFFFFFFFF
mem[X,0b0010000000000000000000010110011100] -> 0x0537
mem[X,0b0010000000000000000000010110011110] -> 0xFC00
[364] [M]: 0x8000059C (0xFC000537) lui a0, -0x4000
x10 <- 0xFC000000
mem[X,0b0010000000000000000000010110100000] -> 0x0513
mem[X,0b0010000000000000000000010110100010] -> 0xFFF5
[365] [M]: 0x800005A0 (0xFFF50513) addi a0, a0, -0x1
x10 <- 0xFBFFFFFF
mem[X,0b0010000000000000000000010110100100] -> 0x0593
mem[X,0b0010000000000000000000010110100110] -> 0x00B0
[366] [M]: 0x800005A4 (0x00B00593) addi a1, zero, 0xb
x11 <- 0x0000000B
mem[X,0b0010000000000000000000010110101000] -> 0x5633
mem[X,0b0010000000000000000000010110101010] -> 0x40B5
[367] [M]: 0x800005A8 (0x40B55633) sra a2, a0, a1
x12 <- 0xFFFF7FFF
mem[X,0b0010000000000000000000010110101100] -> 0xAE23
mem[X,0b0010000000000000000000010110101110] -> 0x08C0
[368] [M]: 0x800005AC (0x08C0AE23) sw a2, 0x9c(ra)
mem[0b0010000000000000000011001000000000] <- 0xFFFF7FFF
mem[X,0b0010000000000000000000010110110000] -> 0x0537
mem[X,0b0010000000000000000000010110110010] -> 0xF800
[369] [M]: 0x800005B0 (0xF8000537) lui a0, -0x8000
x10 <- 0xF8000000
mem[X,0b0010000000000000000000010110110100] -> 0x0513
mem[X,0b0010000000000000000000010110110110] -> 0xFFF5
[370] [M]: 0x800005B4 (0xFFF50513) addi a0, a0, -0x1
x10 <- 0xF7FFFFFF
mem[X,0b0010000000000000000000010110111000] -> 0x0593
mem[X,0b0010000000000000000000010110111010] -> 0x00A0
[371] [M]: 0x800005B8 (0x00A00593) addi a1, zero, 0xa
x11 <- 0x0000000A
mem[X,0b0010000000000000000000010110111100] -> 0x5633
mem[X,0b0010000000000000000000010110111110] -> 0x40B5
[372] [M]: 0x800005BC (0x40B55633) sra a2, a0, a1
x12 <- 0xFFFDFFFF
mem[X,0b0010000000000000000000010111000000] -> 0xA023
mem[X,0b0010000000000000000000010111000010] -> 0x0AC0
[373] [M]: 0x800005C0 (0x0AC0A023) sw a2, 0xa0(ra)
mem[0b0010000000000000000011001000000100] <- 0xFFFDFFFF
mem[X,0b0010000000000000000000010111000100] -> 0x0537
mem[X,0b0010000000000000000000010111000110] -> 0xF000
[374] [M]: 0x800005C4 (0xF0000537) lui a0, -0x10000
x10 <- 0xF0000000
mem[X,0b0010000000000000000000010111001000] -> 0x0513
mem[X,0b0010000000000000000000010111001010] -> 0xFFF5
[375] [M]: 0x800005C8 (0xFFF50513) addi a0, a0, -0x1
x10 <- 0xEFFFFFFF
mem[X,0b0010000000000000000000010111001100] -> 0x0593
mem[X,0b0010000000000000000000010111001110] -> 0x0040
[376] [M]: 0x800005CC (0x00400593) addi a1, zero, 0x4
x11 <- 0x00000004
mem[X,0b0010000000000000000000010111010000] -> 0x5633
mem[X,0b0010000000000000000000010111010010] -> 0x40B5
[377] [M]: 0x800005D0 (0x40B55633) sra a2, a0, a1
x12 <- 0xFEFFFFFF
mem[X,0b0010000000000000000000010111010100] -> 0xA223
mem[X,0b0010000000000000000000010111010110] -> 0x0AC0
[378] [M]: 0x800005D4 (0x0AC0A223) sw a2, 0xa4(ra)
mem[0b0010000000000000000011001000001000] <- 0xFEFFFFFF
mem[X,0b0010000000000000000000010111011000] -> 0x0537
mem[X,0b0010000000000000000000010111011010] -> 0xE000
[379] [M]: 0x800005D8 (0xE0000537) lui a0, -0x20000
x10 <- 0xE0000000
mem[X,0b0010000000000000000000010111011100] -> 0x0513
mem[X,0b0010000000000000000000010111011110] -> 0xFFF5
[380] [M]: 0x800005DC (0xFFF50513) addi a0, a0, -0x1
x10 <- 0xDFFFFFFF
mem[X,0b0010000000000000000000010111100000] -> 0x0593
mem[X,0b0010000000000000000000010111100010] -> 0x0070
[381] [M]: 0x800005E0 (0x00700593) addi a1, zero, 0x7
x11 <- 0x00000007
mem[X,0b0010000000000000000000010111100100] -> 0x5633
mem[X,0b0010000000000000000000010111100110] -> 0x40B5
[382] [M]: 0x800005E4 (0x40B55633) sra a2, a0, a1
x12 <- 0xFFBFFFFF
mem[X,0b0010000000000000000000010111101000] -> 0xA423
mem[X,0b0010000000000000000000010111101010] -> 0x0AC0
[383] [M]: 0x800005E8 (0x0AC0A423) sw a2, 0xa8(ra)
mem[0b0010000000000000000011001000001100] <- 0xFFBFFFFF
mem[X,0b0010000000000000000000010111101100] -> 0x0537
mem[X,0b0010000000000000000000010111101110] -> 0xC000
[384] [M]: 0x800005EC (0xC0000537) lui a0, -0x40000
x10 <- 0xC0000000
mem[X,0b0010000000000000000000010111110000] -> 0x0513
mem[X,0b0010000000000000000000010111110010] -> 0xFFF5
[385] [M]: 0x800005F0 (0xFFF50513) addi a0, a0, -0x1
x10 <- 0xBFFFFFFF
mem[X,0b0010000000000000000000010111110100] -> 0x0593
mem[X,0b0010000000000000000000010111110110] -> 0x0050
[386] [M]: 0x800005F4 (0x00500593) addi a1, zero, 0x5
x11 <- 0x00000005
mem[X,0b0010000000000000000000010111111000] -> 0x5633
mem[X,0b0010000000000000000000010111111010] -> 0x40B5
[387] [M]: 0x800005F8 (0x40B55633) sra a2, a0, a1
x12 <- 0xFDFFFFFF
mem[X,0b0010000000000000000000010111111100] -> 0xA623
mem[X,0b0010000000000000000000010111111110] -> 0x0AC0
[388] [M]: 0x800005FC (0x0AC0A623) sw a2, 0xac(ra)
mem[0b0010000000000000000011001000010000] <- 0xFDFFFFFF
mem[X,0b0010000000000000000000011000000000] -> 0x5537
mem[X,0b0010000000000000000000011000000010] -> 0x5555
[389] [M]: 0x80000600 (0x55555537) lui a0, 0x55555
x10 <- 0x55555000
mem[X,0b0010000000000000000000011000000100] -> 0x0513
mem[X,0b0010000000000000000000011000000110] -> 0x5555
[390] [M]: 0x80000604 (0x55550513) addi a0, a0, 0x555
x10 <- 0x55555555
mem[X,0b0010000000000000000000011000001000] -> 0x0593
mem[X,0b0010000000000000000000011000001010] -> 0x00B0
[391] [M]: 0x80000608 (0x00B00593) addi a1, zero, 0xb
x11 <- 0x0000000B
mem[X,0b0010000000000000000000011000001100] -> 0x5633
mem[X,0b0010000000000000000000011000001110] -> 0x40B5
[392] [M]: 0x8000060C (0x40B55633) sra a2, a0, a1
x12 <- 0x000AAAAA
mem[X,0b0010000000000000000000011000010000] -> 0xA823
mem[X,0b0010000000000000000000011000010010] -> 0x0AC0
[393] [M]: 0x80000610 (0x0AC0A823) sw a2, 0xb0(ra)
mem[0b0010000000000000000011001000010100] <- 0x000AAAAA
mem[X,0b0010000000000000000000011000010100] -> 0xB537
mem[X,0b0010000000000000000000011000010110] -> 0xAAAA
[394] [M]: 0x80000614 (0xAAAAB537) lui a0, -0x55555
x10 <- 0xAAAAB000
mem[X,0b0010000000000000000000011000011000] -> 0x0513
mem[X,0b0010000000000000000000011000011010] -> 0xAAA5
[395] [M]: 0x80000618 (0xAAA50513) addi a0, a0, -0x556
x10 <- 0xAAAAAAAA
mem[X,0b0010000000000000000000011000011100] -> 0x0593
mem[X,0b0010000000000000000000011000011110] -> 0x0130
[396] [M]: 0x8000061C (0x01300593) addi a1, zero, 0x13
x11 <- 0x00000013
mem[X,0b0010000000000000000000011000100000] -> 0x5633
mem[X,0b0010000000000000000000011000100010] -> 0x40B5
[397] [M]: 0x80000620 (0x40B55633) sra a2, a0, a1
x12 <- 0xFFFFF555
mem[X,0b0010000000000000000000011000100100] -> 0xAA23
mem[X,0b0010000000000000000000011000100110] -> 0x0AC0
[398] [M]: 0x80000624 (0x0AC0AA23) sw a2, 0xb4(ra)
mem[0b0010000000000000000011001000011000] <- 0xFFFFF555
mem[X,0b0010000000000000000000011000101000] -> 0x0513
mem[X,0b0010000000000000000000011000101010] -> 0x0030
[399] [M]: 0x80000628 (0x00300513) addi a0, zero, 0x3
x10 <- 0x00000003
clint mtime 0x0000000000000004 (mip.MTI <- 0b1)
htif::tick 0x0000000000000000
mem[X,0b0010000000000000000000011000101100] -> 0x0593
mem[X,0b0010000000000000000000011000101110] -> 0x0170
[400] [M]: 0x8000062C (0x01700593) addi a1, zero, 0x17
x11 <- 0x00000017
mem[X,0b0010000000000000000000011000110000] -> 0x5633
mem[X,0b0010000000000000000000011000110010] -> 0x40B5
[401] [M]: 0x80000630 (0x40B55633) sra a2, a0, a1
x12 <- 0x00000000
mem[X,0b0010000000000000000000011000110100] -> 0xAC23
mem[X,0b0010000000000000000000011000110110] -> 0x0AC0
[402] [M]: 0x80000634 (0x0AC0AC23) sw a2, 0xb8(ra)
mem[0b0010000000000000000011001000011100] <- 0x00000000
mem[X,0b0010000000000000000000011000111000] -> 0x0513
mem[X,0b0010000000000000000000011000111010] -> 0x0050
[403] [M]: 0x80000638 (0x00500513) addi a0, zero, 0x5
x10 <- 0x00000005
mem[X,0b0010000000000000000000011000111100] -> 0x0593
mem[X,0b0010000000000000000000011000111110] -> 0x00E0
[404] [M]: 0x8000063C (0x00E00593) addi a1, zero, 0xe
x11 <- 0x0000000E
mem[X,0b0010000000000000000000011001000000] -> 0x5633
mem[X,0b0010000000000000000000011001000010] -> 0x40B5
[405] [M]: 0x80000640 (0x40B55633) sra a2, a0, a1
x12 <- 0x00000000
mem[X,0b0010000000000000000000011001000100] -> 0xAE23
mem[X,0b0010000000000000000000011001000110] -> 0x0AC0
[406] [M]: 0x80000644 (0x0AC0AE23) sw a2, 0xbc(ra)
mem[0b0010000000000000000011001000100000] <- 0x00000000
mem[X,0b0010000000000000000000011001001000] -> 0x6537
mem[X,0b0010000000000000000000011001001010] -> 0x6666
[407] [M]: 0x80000648 (0x66666537) lui a0, 0x66666
x10 <- 0x66666000
mem[X,0b0010000000000000000000011001001100] -> 0x0513
mem[X,0b0010000000000000000000011001001110] -> 0x6665
[408] [M]: 0x8000064C (0x66650513) addi a0, a0, 0x666
x10 <- 0x66666666
mem[X,0b0010000000000000000000011001010000] -> 0x0593
mem[X,0b0010000000000000000000011001010010] -> 0x0130
[409] [M]: 0x80000650 (0x01300593) addi a1, zero, 0x13
x11 <- 0x00000013
mem[X,0b0010000000000000000000011001010100] -> 0x5633
mem[X,0b0010000000000000000000011001010110] -> 0x40B5
[410] [M]: 0x80000654 (0x40B55633) sra a2, a0, a1
x12 <- 0x00000CCC
mem[X,0b0010000000000000000000011001011000] -> 0xA023
mem[X,0b0010000000000000000000011001011010] -> 0x0CC0
[411] [M]: 0x80000658 (0x0CC0A023) sw a2, 0xc0(ra)
mem[0b0010000000000000000011001000100100] <- 0x00000CCC
mem[X,0b0010000000000000000000011001011100] -> 0x5537
mem[X,0b0010000000000000000000011001011110] -> 0xFFFF
[412] [M]: 0x8000065C (0xFFFF5537) lui a0, -0xb
x10 <- 0xFFFF5000
mem[X,0b0010000000000000000000011001100000] -> 0x0513
mem[X,0b0010000000000000000000011001100010] -> 0xAFC5
[413] [M]: 0x80000660 (0xAFC50513) addi a0, a0, -0x504
x10 <- 0xFFFF4AFC
mem[X,0b0010000000000000000000011001100100] -> 0x0593
mem[X,0b0010000000000000000000011001100110] -> 0x0010
[414] [M]: 0x80000664 (0x00100593) addi a1, zero, 0x1
x11 <- 0x00000001
mem[X,0b0010000000000000000000011001101000] -> 0x5633
mem[X,0b0010000000000000000000011001101010] -> 0x40B5
[415] [M]: 0x80000668 (0x40B55633) sra a2, a0, a1
x12 <- 0xFFFFA57E
mem[X,0b0010000000000000000000011001101100] -> 0xA223
mem[X,0b0010000000000000000000011001101110] -> 0x0CC0
[416] [M]: 0x8000066C (0x0CC0A223) sw a2, 0xc4(ra)
mem[0b0010000000000000000011001000101000] <- 0xFFFFA57E
mem[X,0b0010000000000000000000011001110000] -> 0xB537
mem[X,0b0010000000000000000000011001110010] -> 0x0000
[417] [M]: 0x80000670 (0x0000B537) lui a0, 0xb
x10 <- 0x0000B000
mem[X,0b0010000000000000000000011001110100] -> 0x0513
mem[X,0b0010000000000000000000011001110110] -> 0x5055
[418] [M]: 0x80000674 (0x50550513) addi a0, a0, 0x505
x10 <- 0x0000B505
mem[X,0b0010000000000000000000011001111000] -> 0x0593
mem[X,0b0010000000000000000000011001111010] -> 0x0080
[419] [M]: 0x80000678 (0x00800593) addi a1, zero, 0x8
x11 <- 0x00000008
mem[X,0b0010000000000000000000011001111100] -> 0x5633
mem[X,0b0010000000000000000000011001111110] -> 0x40B5
[420] [M]: 0x8000067C (0x40B55633) sra a2, a0, a1
x12 <- 0x000000B5
mem[X,0b0010000000000000000000011010000000] -> 0xA423
mem[X,0b0010000000000000000000011010000010] -> 0x0CC0
[421] [M]: 0x80000680 (0x0CC0A423) sw a2, 0xc8(ra)
mem[0b0010000000000000000011001000101100] <- 0x000000B5
mem[X,0b0010000000000000000000011010000100] -> 0x0513
mem[X,0b0010000000000000000000011010000110] -> 0x0000
[422] [M]: 0x80000684 (0x00000513) addi a0, zero, 0x0
x10 <- 0x00000000
mem[X,0b0010000000000000000000011010001000] -> 0x0593
mem[X,0b0010000000000000000000011010001010] -> 0x01E0
[423] [M]: 0x80000688 (0x01E00593) addi a1, zero, 0x1e
x11 <- 0x0000001E
mem[X,0b0010000000000000000000011010001100] -> 0x5633
mem[X,0b0010000000000000000000011010001110] -> 0x40B5
[424] [M]: 0x8000068C (0x40B55633) sra a2, a0, a1
x12 <- 0x00000000
mem[X,0b0010000000000000000000011010010000] -> 0xA623
mem[X,0b0010000000000000000000011010010010] -> 0x0CC0
[425] [M]: 0x80000690 (0x0CC0A623) sw a2, 0xcc(ra)
mem[0b0010000000000000000011001000110000] <- 0x00000000
mem[X,0b0010000000000000000000011010010100] -> 0xB537
mem[X,0b0010000000000000000000011010010110] -> 0x0000
[426] [M]: 0x80000694 (0x0000B537) lui a0, 0xb
x10 <- 0x0000B000
mem[X,0b0010000000000000000000011010011000] -> 0x0513
mem[X,0b0010000000000000000000011010011010] -> 0x5045
[427] [M]: 0x80000698 (0x50450513) addi a0, a0, 0x504
x10 <- 0x0000B504
mem[X,0b0010000000000000000000011010011100] -> 0x0593
mem[X,0b0010000000000000000000011010011110] -> 0x00E0
[428] [M]: 0x8000069C (0x00E00593) addi a1, zero, 0xe
x11 <- 0x0000000E
mem[X,0b0010000000000000000000011010100000] -> 0x5633
mem[X,0b0010000000000000000000011010100010] -> 0x40B5
[429] [M]: 0x800006A0 (0x40B55633) sra a2, a0, a1
x12 <- 0x00000002
mem[X,0b0010000000000000000000011010100100] -> 0xA823
mem[X,0b0010000000000000000000011010100110] -> 0x0CC0
[430] [M]: 0x800006A4 (0x0CC0A823) sw a2, 0xd0(ra)
mem[0b0010000000000000000011001000110100] <- 0x00000002
mem[X,0b0010000000000000000000011010101000] -> 0x5537
mem[X,0b0010000000000000000000011010101010] -> 0x5555
[431] [M]: 0x800006A8 (0x55555537) lui a0, 0x55555
x10 <- 0x55555000
mem[X,0b0010000000000000000000011010101100] -> 0x0513
mem[X,0b0010000000000000000000011010101110] -> 0x5545
[432] [M]: 0x800006AC (0x55450513) addi a0, a0, 0x554
x10 <- 0x55555554
mem[X,0b0010000000000000000000011010110000] -> 0x0593
mem[X,0b0010000000000000000000011010110010] -> 0x00C0
[433] [M]: 0x800006B0 (0x00C00593) addi a1, zero, 0xc
x11 <- 0x0000000C
mem[X,0b0010000000000000000000011010110100] -> 0x5633
mem[X,0b0010000000000000000000011010110110] -> 0x40B5
[434] [M]: 0x800006B4 (0x40B55633) sra a2, a0, a1
x12 <- 0x00055555
mem[X,0b0010000000000000000000011010111000] -> 0xAA23
mem[X,0b0010000000000000000000011010111010] -> 0x0CC0
[435] [M]: 0x800006B8 (0x0CC0AA23) sw a2, 0xd4(ra)
mem[0b0010000000000000000011001000111000] <- 0x00055555
mem[X,0b0010000000000000000000011010111100] -> 0x0537
mem[X,0b0010000000000000000000011010111110] -> 0xFFC0
[436] [M]: 0x800006BC (0xFFC00537) lui a0, -0x400
x10 <- 0xFFC00000
mem[X,0b0010000000000000000000011011000000] -> 0x0513
mem[X,0b0010000000000000000000011011000010] -> 0xFFF5
[437] [M]: 0x800006C0 (0xFFF50513) addi a0, a0, -0x1
x10 <- 0xFFBFFFFF
mem[X,0b0010000000000000000000011011000100] -> 0x0593
mem[X,0b0010000000000000000000011011000110] -> 0x0130
[438] [M]: 0x800006C4 (0x01300593) addi a1, zero, 0x13
x11 <- 0x00000013
mem[X,0b0010000000000000000000011011001000] -> 0x5633
mem[X,0b0010000000000000000000011011001010] -> 0x40B5
[439] [M]: 0x800006C8 (0x40B55633) sra a2, a0, a1
x12 <- 0xFFFFFFF7
mem[X,0b0010000000000000000000011011001100] -> 0xAC23
mem[X,0b0010000000000000000000011011001110] -> 0x0CC0
[440] [M]: 0x800006CC (0x0CC0AC23) sw a2, 0xd8(ra)
mem[0b0010000000000000000011001000111100] <- 0xFFFFFFF7
mem[X,0b0010000000000000000000011011010000] -> 0x3537
mem[X,0b0010000000000000000000011011010010] -> 0x3333
[441] [M]: 0x800006D0 (0x33333537) lui a0, 0x33333
x10 <- 0x33333000
mem[X,0b0010000000000000000000011011010100] -> 0x0513
mem[X,0b0010000000000000000000011011010110] -> 0x3345
[442] [M]: 0x800006D4 (0x33450513) addi a0, a0, 0x334
x10 <- 0x33333334
mem[X,0b0010000000000000000000011011011000] -> 0x0593
mem[X,0b0010000000000000000000011011011010] -> 0x0070
[443] [M]: 0x800006D8 (0x00700593) addi a1, zero, 0x7
x11 <- 0x00000007
mem[X,0b0010000000000000000000011011011100] -> 0x5633
mem[X,0b0010000000000000000000011011011110] -> 0x40B5
[444] [M]: 0x800006DC (0x40B55633) sra a2, a0, a1
x12 <- 0x00666666
mem[X,0b0010000000000000000000011011100000] -> 0xAE23
mem[X,0b0010000000000000000000011011100010] -> 0x0CC0
[445] [M]: 0x800006E0 (0x0CC0AE23) sw a2, 0xdc(ra)
mem[0b0010000000000000000011001001000000] <- 0x00666666
mem[X,0b0010000000000000000000011011100100] -> 0x0537
mem[X,0b0010000000000000000000011011100110] -> 0xFFE0
[446] [M]: 0x800006E4 (0xFFE00537) lui a0, -0x200
x10 <- 0xFFE00000
mem[X,0b0010000000000000000000011011101000] -> 0x0513
mem[X,0b0010000000000000000000011011101010] -> 0xFFF5
[447] [M]: 0x800006E8 (0xFFF50513) addi a0, a0, -0x1
x10 <- 0xFFDFFFFF
mem[X,0b0010000000000000000000011011101100] -> 0x0593
mem[X,0b0010000000000000000000011011101110] -> 0x0020
[448] [M]: 0x800006EC (0x00200593) addi a1, zero, 0x2
x11 <- 0x00000002
mem[X,0b0010000000000000000000011011110000] -> 0x5633
mem[X,0b0010000000000000000000011011110010] -> 0x40B5
[449] [M]: 0x800006F0 (0x40B55633) sra a2, a0, a1
x12 <- 0xFFF7FFFF
mem[X,0b0010000000000000000000011011110100] -> 0xA023
mem[X,0b0010000000000000000000011011110110] -> 0x0EC0
[450] [M]: 0x800006F4 (0x0EC0A023) sw a2, 0xe0(ra)
mem[0b0010000000000000000011001001000100] <- 0xFFF7FFFF
mem[X,0b0010000000000000000000011011111000] -> 0x3537
mem[X,0b0010000000000000000000011011111010] -> 0x3333
[451] [M]: 0x800006F8 (0x33333537) lui a0, 0x33333
x10 <- 0x33333000
mem[X,0b0010000000000000000000011011111100] -> 0x0513
mem[X,0b0010000000000000000000011011111110] -> 0x3325
[452] [M]: 0x800006FC (0x33250513) addi a0, a0, 0x332
x10 <- 0x33333332
mem[X,0b0010000000000000000000011100000000] -> 0x0593
mem[X,0b0010000000000000000000011100000010] -> 0x0000
[453] [M]: 0x80000700 (0x00000593) addi a1, zero, 0x0
x11 <- 0x00000000
mem[X,0b0010000000000000000000011100000100] -> 0x5633
mem[X,0b0010000000000000000000011100000110] -> 0x40B5
[454] [M]: 0x80000704 (0x40B55633) sra a2, a0, a1
x12 <- 0x33333332
mem[X,0b0010000000000000000000011100001000] -> 0xA223
mem[X,0b0010000000000000000000011100001010] -> 0x0EC0
[455] [M]: 0x80000708 (0x0EC0A223) sw a2, 0xe4(ra)
mem[0b0010000000000000000011001001001000] <- 0x33333332
mem[X,0b0010000000000000000000011100001100] -> 0x6537
mem[X,0b0010000000000000000000011100001110] -> 0x6666
[456] [M]: 0x8000070C (0x66666537) lui a0, 0x66666
x10 <- 0x66666000
mem[X,0b0010000000000000000000011100010000] -> 0x0513
mem[X,0b0010000000000000000000011100010010] -> 0x6655
[457] [M]: 0x80000710 (0x66550513) addi a0, a0, 0x665
x10 <- 0x66666665
mem[X,0b0010000000000000000000011100010100] -> 0x0593
mem[X,0b0010000000000000000000011100010110] -> 0x0170
[458] [M]: 0x80000714 (0x01700593) addi a1, zero, 0x17
x11 <- 0x00000017
mem[X,0b0010000000000000000000011100011000] -> 0x5633
mem[X,0b0010000000000000000000011100011010] -> 0x40B5
[459] [M]: 0x80000718 (0x40B55633) sra a2, a0, a1
x12 <- 0x000000CC
mem[X,0b0010000000000000000000011100011100] -> 0xA423
mem[X,0b0010000000000000000000011100011110] -> 0x0EC0
[460] [M]: 0x8000071C (0x0EC0A423) sw a2, 0xe8(ra)
mem[0b0010000000000000000011001001001100] <- 0x000000CC
mem[X,0b0010000000000000000000011100100000] -> 0xB537
mem[X,0b0010000000000000000000011100100010] -> 0x0000
[461] [M]: 0x80000720 (0x0000B537) lui a0, 0xb
x10 <- 0x0000B000
mem[X,0b0010000000000000000000011100100100] -> 0x0513
mem[X,0b0010000000000000000000011100100110] -> 0x5035
[462] [M]: 0x80000724 (0x50350513) addi a0, a0, 0x503
x10 <- 0x0000B503
mem[X,0b0010000000000000000000011100101000] -> 0x0593
mem[X,0b0010000000000000000000011100101010] -> 0x01F0
[463] [M]: 0x80000728 (0x01F00593) addi a1, zero, 0x1f
x11 <- 0x0000001F
mem[X,0b0010000000000000000000011100101100] -> 0x5633
mem[X,0b0010000000000000000000011100101110] -> 0x40B5
[464] [M]: 0x8000072C (0x40B55633) sra a2, a0, a1
x12 <- 0x00000000
mem[X,0b0010000000000000000000011100110000] -> 0xA623
mem[X,0b0010000000000000000000011100110010] -> 0x0EC0
[465] [M]: 0x80000730 (0x0EC0A623) sw a2, 0xec(ra)
mem[0b0010000000000000000011001001010000] <- 0x00000000
mem[X,0b0010000000000000000000011100110100] -> 0x5537
mem[X,0b0010000000000000000000011100110110] -> 0x5555
[466] [M]: 0x80000734 (0x55555537) lui a0, 0x55555
x10 <- 0x55555000
mem[X,0b0010000000000000000000011100111000] -> 0x0513
mem[X,0b0010000000000000000000011100111010] -> 0x5565
[467] [M]: 0x80000738 (0x55650513) addi a0, a0, 0x556
x10 <- 0x55555556
mem[X,0b0010000000000000000000011100111100] -> 0x0593
mem[X,0b0010000000000000000000011100111110] -> 0x0050
[468] [M]: 0x8000073C (0x00500593) addi a1, zero, 0x5
x11 <- 0x00000005
mem[X,0b0010000000000000000000011101000000] -> 0x5633
mem[X,0b0010000000000000000000011101000010] -> 0x40B5
[469] [M]: 0x80000740 (0x40B55633) sra a2, a0, a1
x12 <- 0x02AAAAAA
mem[X,0b0010000000000000000000011101000100] -> 0xA823
mem[X,0b0010000000000000000000011101000110] -> 0x0EC0
[470] [M]: 0x80000744 (0x0EC0A823) sw a2, 0xf0(ra)
mem[0b0010000000000000000011001001010100] <- 0x02AAAAAA
mem[X,0b0010000000000000000000011101001000] -> 0xB537
mem[X,0b0010000000000000000000011101001010] -> 0xAAAA
[471] [M]: 0x80000748 (0xAAAAB537) lui a0, -0x55555
x10 <- 0xAAAAB000
mem[X,0b0010000000000000000000011101001100] -> 0x0513
mem[X,0b0010000000000000000000011101001110] -> 0xAAB5
[472] [M]: 0x8000074C (0xAAB50513) addi a0, a0, -0x555
x10 <- 0xAAAAAAAB
mem[X,0b0010000000000000000000011101010000] -> 0x0593
mem[X,0b0010000000000000000000011101010010] -> 0x0010
[473] [M]: 0x80000750 (0x00100593) addi a1, zero, 0x1
x11 <- 0x00000001
mem[X,0b0010000000000000000000011101010100] -> 0x5633
mem[X,0b0010000000000000000000011101010110] -> 0x40B5
[474] [M]: 0x80000754 (0x40B55633) sra a2, a0, a1
x12 <- 0xD5555555
mem[X,0b0010000000000000000000011101011000] -> 0xAA23
mem[X,0b0010000000000000000000011101011010] -> 0x0EC0
[475] [M]: 0x80000758 (0x0EC0AA23) sw a2, 0xf4(ra)
mem[0b0010000000000000000011001001011000] <- 0xD5555555
mem[X,0b0010000000000000000000011101011100] -> 0x0537
mem[X,0b0010000000000000000000011101011110] -> 0xFFF0
[476] [M]: 0x8000075C (0xFFF00537) lui a0, -0x100
x10 <- 0xFFF00000
mem[X,0b0010000000000000000000011101100000] -> 0x0513
mem[X,0b0010000000000000000000011101100010] -> 0xFFF5
[477] [M]: 0x80000760 (0xFFF50513) addi a0, a0, -0x1
x10 <- 0xFFEFFFFF
mem[X,0b0010000000000000000000011101100100] -> 0x0593
mem[X,0b0010000000000000000000011101100110] -> 0x0100
[478] [M]: 0x80000764 (0x01000593) addi a1, zero, 0x10
x11 <- 0x00000010
mem[X,0b0010000000000000000000011101101000] -> 0x5633
mem[X,0b0010000000000000000000011101101010] -> 0x40B5
[479] [M]: 0x80000768 (0x40B55633) sra a2, a0, a1
x12 <- 0xFFFFFFEF
mem[X,0b0010000000000000000000011101101100] -> 0xAC23
mem[X,0b0010000000000000000000011101101110] -> 0x0EC0
[480] [M]: 0x8000076C (0x0EC0AC23) sw a2, 0xf8(ra)
mem[0b0010000000000000000011001001011100] <- 0xFFFFFFEF
mem[X,0b0010000000000000000000011101110000] -> 0x6537
mem[X,0b0010000000000000000000011101110010] -> 0x6666
[481] [M]: 0x80000770 (0x66666537) lui a0, 0x66666
x10 <- 0x66666000
mem[X,0b0010000000000000000000011101110100] -> 0x0513
mem[X,0b0010000000000000000000011101110110] -> 0x6675
[482] [M]: 0x80000774 (0x66750513) addi a0, a0, 0x667
x10 <- 0x66666667
mem[X,0b0010000000000000000000011101111000] -> 0x0593
mem[X,0b0010000000000000000000011101111010] -> 0x0000
[483] [M]: 0x80000778 (0x00000593) addi a1, zero, 0x0
x11 <- 0x00000000
mem[X,0b0010000000000000000000011101111100] -> 0x5633
mem[X,0b0010000000000000000000011101111110] -> 0x40B5
[484] [M]: 0x8000077C (0x40B55633) sra a2, a0, a1
x12 <- 0x66666667
mem[X,0b0010000000000000000000011110000000] -> 0xAE23
mem[X,0b0010000000000000000000011110000010] -> 0x0EC0
[485] [M]: 0x80000780 (0x0EC0AE23) sw a2, 0xfc(ra)
mem[0b0010000000000000000011001001100000] <- 0x66666667
mem[X,0b0010000000000000000000011110000100] -> 0x5537
mem[X,0b0010000000000000000000011110000110] -> 0xFFFF
[486] [M]: 0x80000784 (0xFFFF5537) lui a0, -0xb
x10 <- 0xFFFF5000
mem[X,0b0010000000000000000000011110001000] -> 0x0513
mem[X,0b0010000000000000000000011110001010] -> 0xAFD5
[487] [M]: 0x80000788 (0xAFD50513) addi a0, a0, -0x503
x10 <- 0xFFFF4AFD
mem[X,0b0010000000000000000000011110001100] -> 0x0593
mem[X,0b0010000000000000000000011110001110] -> 0x00D0
[488] [M]: 0x8000078C (0x00D00593) addi a1, zero, 0xd
x11 <- 0x0000000D
mem[X,0b0010000000000000000000011110010000] -> 0x5633
mem[X,0b0010000000000000000000011110010010] -> 0x40B5
[489] [M]: 0x80000790 (0x40B55633) sra a2, a0, a1
x12 <- 0xFFFFFFFA
mem[X,0b0010000000000000000000011110010100] -> 0xA023
mem[X,0b0010000000000000000000011110010110] -> 0x10C0
[490] [M]: 0x80000794 (0x10C0A023) sw a2, 0x100(ra)
mem[0b0010000000000000000011001001100100] <- 0xFFFFFFFA
mem[X,0b0010000000000000000000011110011000] -> 0x0537
mem[X,0b0010000000000000000000011110011010] -> 0x0200
[491] [M]: 0x80000798 (0x02000537) lui a0, 0x2000
x10 <- 0x02000000
mem[X,0b0010000000000000000000011110011100] -> 0x0593
mem[X,0b0010000000000000000000011110011110] -> 0x0120
[492] [M]: 0x8000079C (0x01200593) addi a1, zero, 0x12
x11 <- 0x00000012
mem[X,0b0010000000000000000000011110100000] -> 0x5633
mem[X,0b0010000000000000000000011110100010] -> 0x40B5
[493] [M]: 0x800007A0 (0x40B55633) sra a2, a0, a1
x12 <- 0x00000080
mem[X,0b0010000000000000000000011110100100] -> 0xA223
mem[X,0b0010000000000000000000011110100110] -> 0x10C0
[494] [M]: 0x800007A4 (0x10C0A223) sw a2, 0x104(ra)
mem[0b0010000000000000000011001001101000] <- 0x00000080
mem[X,0b0010000000000000000000011110101000] -> 0xF537
mem[X,0b0010000000000000000000011110101010] -> 0xFFFF
[495] [M]: 0x800007A8 (0xFFFFF537) lui a0, -0x1
x10 <- 0xFFFFF000
mem[X,0b0010000000000000000000011110101100] -> 0x0513
mem[X,0b0010000000000000000000011110101110] -> 0x7FF5
[496] [M]: 0x800007AC (0x7FF50513) addi a0, a0, 0x7ff
x10 <- 0xFFFFF7FF
mem[X,0b0010000000000000000000011110110000] -> 0x0593
mem[X,0b0010000000000000000000011110110010] -> 0x0000
[497] [M]: 0x800007B0 (0x00000593) addi a1, zero, 0x0
x11 <- 0x00000000
mem[X,0b0010000000000000000000011110110100] -> 0x5633
mem[X,0b0010000000000000000000011110110110] -> 0x40B5
[498] [M]: 0x800007B4 (0x40B55633) sra a2, a0, a1
x12 <- 0xFFFFF7FF
mem[X,0b0010000000000000000000011110111000] -> 0xA423
mem[X,0b0010000000000000000000011110111010] -> 0x10C0
[499] [M]: 0x800007B8 (0x10C0A423) sw a2, 0x108(ra)
mem[0b0010000000000000000011001001101100] <- 0xFFFFF7FF
clint mtime 0x0000000000000005 (mip.MTI <- 0b1)
htif::tick 0x0000000000000000
mem[X,0b0010000000000000000000011110111100] -> 0x0513
mem[X,0b0010000000000000000000011110111110] -> 0x0040
[500] [M]: 0x800007BC (0x00400513) addi a0, zero, 0x4
x10 <- 0x00000004
mem[X,0b0010000000000000000000011111000000] -> 0x0593
mem[X,0b0010000000000000000000011111000010] -> 0x0030
[501] [M]: 0x800007C0 (0x00300593) addi a1, zero, 0x3
x11 <- 0x00000003
mem[X,0b0010000000000000000000011111000100] -> 0x5633
mem[X,0b0010000000000000000000011111000110] -> 0x40B5
[502] [M]: 0x800007C4 (0x40B55633) sra a2, a0, a1
x12 <- 0x00000000
mem[X,0b0010000000000000000000011111001000] -> 0xA623
mem[X,0b0010000000000000000000011111001010] -> 0x10C0
[503] [M]: 0x800007C8 (0x10C0A623) sw a2, 0x10c(ra)
mem[0b0010000000000000000011001001110000] <- 0x00000000
mem[X,0b0010000000000000000000011111001100] -> 0x0513
mem[X,0b0010000000000000000000011111001110] -> 0x0800
[504] [M]: 0x800007CC (0x08000513) addi a0, zero, 0x80
x10 <- 0x00000080
mem[X,0b0010000000000000000000011111010000] -> 0x0593
mem[X,0b0010000000000000000000011111010010] -> 0x0080
[505] [M]: 0x800007D0 (0x00800593) addi a1, zero, 0x8
x11 <- 0x00000008
mem[X,0b0010000000000000000000011111010100] -> 0x5633
mem[X,0b0010000000000000000000011111010110] -> 0x40B5
[506] [M]: 0x800007D4 (0x40B55633) sra a2, a0, a1
x12 <- 0x00000000
mem[X,0b0010000000000000000000011111011000] -> 0xA823
mem[X,0b0010000000000000000000011111011010] -> 0x10C0
[507] [M]: 0x800007D8 (0x10C0A823) sw a2, 0x110(ra)
mem[0b0010000000000000000011001001110100] <- 0x00000000
mem[X,0b0010000000000000000000011111011100] -> 0x0537
mem[X,0b0010000000000000000000011111011110] -> 0x0040
[508] [M]: 0x800007DC (0x00400537) lui a0, 0x400
x10 <- 0x00400000
mem[X,0b0010000000000000000000011111100000] -> 0x0593
mem[X,0b0010000000000000000000011111100010] -> 0x0080
[509] [M]: 0x800007E0 (0x00800593) addi a1, zero, 0x8
x11 <- 0x00000008
mem[X,0b0010000000000000000000011111100100] -> 0x5633
mem[X,0b0010000000000000000000011111100110] -> 0x40B5
[510] [M]: 0x800007E4 (0x40B55633) sra a2, a0, a1
x12 <- 0x00004000
mem[X,0b0010000000000000000000011111101000] -> 0xAA23
mem[X,0b0010000000000000000000011111101010] -> 0x10C0
[511] [M]: 0x800007E8 (0x10C0AA23) sw a2, 0x114(ra)
mem[0b0010000000000000000011001001111000] <- 0x00004000
mem[X,0b0010000000000000000000011111101100] -> 0x006F
mem[X,0b0010000000000000000000011111101110] -> 0x0200
[512] [M]: 0x800007EC (0x0200006F) jal zero, 0x20
mem[X,0b0010000000000000000000100000001100] -> 0x0093
mem[X,0b0010000000000000000000100000001110] -> 0x0010
[513] [M]: 0x8000080C (0x00100093) addi ra, zero, 0x1
x1 <- 0x00000001
mem[X,0b0010000000000000000000100000010000] -> 0x0F17
mem[X,0b0010000000000000000000100000010010] -> 0x0000
[514] [M]: 0x80000810 (0x00000F17) auipc t5, 0x0
x30 <- 0x80000810
mem[X,0b0010000000000000000000100000010100] -> 0x2823
mem[X,0b0010000000000000000000100000010110] -> 0x7E1F
[515] [M]: 0x80000814 (0x7E1F2823) sw ra, 0x7f0(t5)
htif[0b0010000000000000000001000000000000] <- 0x00000001
mem[X,0b0010000000000000000000100000011000] -> 0xF06F
mem[X,0b0010000000000000000000100000011010] -> 0xFF9F
[516] [M]: 0x80000818 (0xFF9FF06F) jal zero, -0x8
mem[X,0b0010000000000000000000100000010000] -> 0x0F17
mem[X,0b0010000000000000000000100000010010] -> 0x0000
[517] [M]: 0x80000810 (0x00000F17) auipc t5, 0x0
x30 <- 0x80000810
mem[X,0b0010000000000000000000100000010100] -> 0x2823
mem[X,0b0010000000000000000000100000010110] -> 0x7E1F
[518] [M]: 0x80000814 (0x7E1F2823) sw ra, 0x7f0(t5)
htif[0b0010000000000000000001000000000000] <- 0x00000001
mem[X,0b0010000000000000000000100000011000] -> 0xF06F
mem[X,0b0010000000000000000000100000011010] -> 0xFF9F
[519] [M]: 0x80000818 (0xFF9FF06F) jal zero, -0x8
mem[X,0b0010000000000000000000100000010000] -> 0x0F17
mem[X,0b0010000000000000000000100000010010] -> 0x0000
[520] [M]: 0x80000810 (0x00000F17) auipc t5, 0x0
x30 <- 0x80000810
mem[X,0b0010000000000000000000100000010100] -> 0x2823
mem[X,0b0010000000000000000000100000010110] -> 0x7E1F
[521] [M]: 0x80000814 (0x7E1F2823) sw ra, 0x7f0(t5)
htif[0b0010000000000000000001000000000000] <- 0x00000001
htif-syscall-proxy cmd: 0x000000000001
SUCCESS
