using /home/eason/Desktop/ComputerArchitecture/Final_Project/rv32_core/riscof_work/B/src/ctz-01.S/ref/Reference-sail_c_simulator.signature for test-signature output.
tohost located at 0x80001000
Running file ref.elf.
ELF Entry @ 0x80000000
begin_signature: 0x80003110
end_signature: 0x80003230
CSR mstatus <- 0x00000000 (input: 0x00000000)
mem[X,0b0000000000000000000001000000000000] -> 0x0297
mem[X,0b0000000000000000000001000000000010] -> 0x0000
[0] [M]: 0x00001000 (0x00000297) auipc t0, 0x0
x5 <- 0x00001000
mem[X,0b0000000000000000000001000000000100] -> 0x8593
mem[X,0b0000000000000000000001000000000110] -> 0x0202
[1] [M]: 0x00001004 (0x02028593) addi a1, t0, 0x20
x11 <- 0x00001020
mem[X,0b0000000000000000000001000000001000] -> 0x2573
mem[X,0b0000000000000000000001000000001010] -> 0xF140
[2] [M]: 0x00001008 (0xF1402573) csrrs a0, mhartid, zero
CSR mhartid -> 0x00000000
x10 <- 0x00000000
mem[X,0b0000000000000000000001000000001100] -> 0xA283
mem[X,0b0000000000000000000001000000001110] -> 0x0182
[3] [M]: 0x0000100C (0x0182A283) lw t0, 0x18(t0)
mem[R,0b0000000000000000000001000000011000] -> 0x80000000
x5 <- 0x80000000
mem[X,0b0000000000000000000001000000010000] -> 0x8067
mem[X,0b0000000000000000000001000000010010] -> 0x0002
[4] [M]: 0x00001010 (0x00028067) jalr zero, 0x0(t0)
mem[X,0b0010000000000000000000000000000000] -> 0x0837
mem[X,0b0010000000000000000000000000000010] -> 0x7D5C
[5] [M]: 0x80000000 (0x7D5C0837) lui a6, 0x7d5c0
x16 <- 0x7D5C0000
mem[X,0b0010000000000000000000000000000100] -> 0x0813
mem[X,0b0010000000000000000000000000000110] -> 0xDDB8
[6] [M]: 0x80000004 (0xDDB80813) addi a6, a6, -0x225
x16 <- 0x7D5BFDDB
mem[X,0b0010000000000000000000000000001000] -> 0x5893
mem[X,0b0010000000000000000000000000001010] -> 0x0078
[7] [M]: 0x80000008 (0x00785893) srli a7, a6, 0x7
x17 <- 0x00FAB7FB
mem[X,0b0010000000000000000000000000001100] -> 0x5793
mem[X,0b0010000000000000000000000000001110] -> 0x0198
[8] [M]: 0x8000000C (0x01985793) srli a5, a6, 0x19
x15 <- 0x0000003E
mem[X,0b0010000000000000000000000000010000] -> 0xE8B3
mem[X,0b0010000000000000000000000000010010] -> 0x00F8
[9] [M]: 0x80000010 (0x00F8E8B3) or a7, a7, a5
x17 <- 0x00FAB7FF
mem[X,0b0010000000000000000000000000010100] -> 0xD913
mem[X,0b0010000000000000000000000000010110] -> 0x0078
[10] [M]: 0x80000014 (0x0078D913) srli s2, a7, 0x7
x18 <- 0x0001F56F
mem[X,0b0010000000000000000000000000011000] -> 0xD793
mem[X,0b0010000000000000000000000000011010] -> 0x0198
[11] [M]: 0x80000018 (0x0198D793) srli a5, a7, 0x19
x15 <- 0x00000000
mem[X,0b0010000000000000000000000000011100] -> 0x6933
mem[X,0b0010000000000000000000000000011110] -> 0x00F9
[12] [M]: 0x8000001C (0x00F96933) or s2, s2, a5
x18 <- 0x0001F56F
mem[X,0b0010000000000000000000000000100000] -> 0x5993
mem[X,0b0010000000000000000000000000100010] -> 0x0079
[13] [M]: 0x80000020 (0x00795993) srli s3, s2, 0x7
x19 <- 0x000003EA
mem[X,0b0010000000000000000000000000100100] -> 0x5793
mem[X,0b0010000000000000000000000000100110] -> 0x0199
[14] [M]: 0x80000024 (0x01995793) srli a5, s2, 0x19
x15 <- 0x00000000
mem[X,0b0010000000000000000000000000101000] -> 0xE9B3
mem[X,0b0010000000000000000000000000101010] -> 0x00F9
[15] [M]: 0x80000028 (0x00F9E9B3) or s3, s3, a5
x19 <- 0x000003EA
mem[X,0b0010000000000000000000000000101100] -> 0xDA13
mem[X,0b0010000000000000000000000000101110] -> 0x0079
[16] [M]: 0x8000002C (0x0079DA13) srli s4, s3, 0x7
x20 <- 0x00000007
mem[X,0b0010000000000000000000000000110000] -> 0xD793
mem[X,0b0010000000000000000000000000110010] -> 0x0199
[17] [M]: 0x80000030 (0x0199D793) srli a5, s3, 0x19
x15 <- 0x00000000
mem[X,0b0010000000000000000000000000110100] -> 0x6A33
mem[X,0b0010000000000000000000000000110110] -> 0x00FA
[18] [M]: 0x80000034 (0x00FA6A33) or s4, s4, a5
x20 <- 0x00000007
mem[X,0b0010000000000000000000000000111000] -> 0x5A93
mem[X,0b0010000000000000000000000000111010] -> 0x007A
[19] [M]: 0x80000038 (0x007A5A93) srli s5, s4, 0x7
x21 <- 0x00000000
mem[X,0b0010000000000000000000000000111100] -> 0x5793
mem[X,0b0010000000000000000000000000111110] -> 0x019A
[20] [M]: 0x8000003C (0x019A5793) srli a5, s4, 0x19
x15 <- 0x00000000
mem[X,0b0010000000000000000000000001000000] -> 0xEAB3
mem[X,0b0010000000000000000000000001000010] -> 0x00FA
[21] [M]: 0x80000040 (0x00FAEAB3) or s5, s5, a5
x21 <- 0x00000000
mem[X,0b0010000000000000000000000001000100] -> 0xDB13
mem[X,0b0010000000000000000000000001000110] -> 0x007A
[22] [M]: 0x80000044 (0x007ADB13) srli s6, s5, 0x7
x22 <- 0x00000000
mem[X,0b0010000000000000000000000001001000] -> 0xD793
mem[X,0b0010000000000000000000000001001010] -> 0x019A
[23] [M]: 0x80000048 (0x019AD793) srli a5, s5, 0x19
x15 <- 0x00000000
mem[X,0b0010000000000000000000000001001100] -> 0x6B33
mem[X,0b0010000000000000000000000001001110] -> 0x00FB
[24] [M]: 0x8000004C (0x00FB6B33) or s6, s6, a5
x22 <- 0x00000000
mem[X,0b0010000000000000000000000001010000] -> 0x5B93
mem[X,0b0010000000000000000000000001010010] -> 0x007B
[25] [M]: 0x80000050 (0x007B5B93) srli s7, s6, 0x7
x23 <- 0x00000000
mem[X,0b0010000000000000000000000001010100] -> 0x5793
mem[X,0b0010000000000000000000000001010110] -> 0x019B
[26] [M]: 0x80000054 (0x019B5793) srli a5, s6, 0x19
x15 <- 0x00000000
mem[X,0b0010000000000000000000000001011000] -> 0xEBB3
mem[X,0b0010000000000000000000000001011010] -> 0x00FB
[27] [M]: 0x80000058 (0x00FBEBB3) or s7, s7, a5
x23 <- 0x00000000
mem[X,0b0010000000000000000000000001011100] -> 0xDC13
mem[X,0b0010000000000000000000000001011110] -> 0x007B
[28] [M]: 0x8000005C (0x007BDC13) srli s8, s7, 0x7
x24 <- 0x00000000
mem[X,0b0010000000000000000000000001100000] -> 0xD793
mem[X,0b0010000000000000000000000001100010] -> 0x019B
[29] [M]: 0x80000060 (0x019BD793) srli a5, s7, 0x19
x15 <- 0x00000000
mem[X,0b0010000000000000000000000001100100] -> 0x6C33
mem[X,0b0010000000000000000000000001100110] -> 0x00FC
[30] [M]: 0x80000064 (0x00FC6C33) or s8, s8, a5
x24 <- 0x00000000
mem[X,0b0010000000000000000000000001101000] -> 0x5C93
mem[X,0b0010000000000000000000000001101010] -> 0x007C
[31] [M]: 0x80000068 (0x007C5C93) srli s9, s8, 0x7
x25 <- 0x00000000
mem[X,0b0010000000000000000000000001101100] -> 0x5793
mem[X,0b0010000000000000000000000001101110] -> 0x019C
[32] [M]: 0x8000006C (0x019C5793) srli a5, s8, 0x19
x15 <- 0x00000000
mem[X,0b0010000000000000000000000001110000] -> 0xECB3
mem[X,0b0010000000000000000000000001110010] -> 0x00FC
[33] [M]: 0x80000070 (0x00FCECB3) or s9, s9, a5
x25 <- 0x00000000
mem[X,0b0010000000000000000000000001110100] -> 0xDD13
mem[X,0b0010000000000000000000000001110110] -> 0x007C
[34] [M]: 0x80000074 (0x007CDD13) srli s10, s9, 0x7
x26 <- 0x00000000
mem[X,0b0010000000000000000000000001111000] -> 0xD793
mem[X,0b0010000000000000000000000001111010] -> 0x019C
[35] [M]: 0x80000078 (0x019CD793) srli a5, s9, 0x19
x15 <- 0x00000000
mem[X,0b0010000000000000000000000001111100] -> 0x6D33
mem[X,0b0010000000000000000000000001111110] -> 0x00FD
[36] [M]: 0x8000007C (0x00FD6D33) or s10, s10, a5
x26 <- 0x00000000
mem[X,0b0010000000000000000000000010000000] -> 0x5D93
mem[X,0b0010000000000000000000000010000010] -> 0x007D
[37] [M]: 0x80000080 (0x007D5D93) srli s11, s10, 0x7
x27 <- 0x00000000
mem[X,0b0010000000000000000000000010000100] -> 0x5793
mem[X,0b0010000000000000000000000010000110] -> 0x019D
[38] [M]: 0x80000084 (0x019D5793) srli a5, s10, 0x19
x15 <- 0x00000000
mem[X,0b0010000000000000000000000010001000] -> 0xEDB3
mem[X,0b0010000000000000000000000010001010] -> 0x00FD
[39] [M]: 0x80000088 (0x00FDEDB3) or s11, s11, a5
x27 <- 0x00000000
mem[X,0b0010000000000000000000000010001100] -> 0xDE13
mem[X,0b0010000000000000000000000010001110] -> 0x007D
[40] [M]: 0x8000008C (0x007DDE13) srli t3, s11, 0x7
x28 <- 0x00000000
mem[X,0b0010000000000000000000000010010000] -> 0xD793
mem[X,0b0010000000000000000000000010010010] -> 0x019D
[41] [M]: 0x80000090 (0x019DD793) srli a5, s11, 0x19
x15 <- 0x00000000
mem[X,0b0010000000000000000000000010010100] -> 0x6E33
mem[X,0b0010000000000000000000000010010110] -> 0x00FE
[42] [M]: 0x80000094 (0x00FE6E33) or t3, t3, a5
x28 <- 0x00000000
mem[X,0b0010000000000000000000000010011000] -> 0x5E93
mem[X,0b0010000000000000000000000010011010] -> 0x007E
[43] [M]: 0x80000098 (0x007E5E93) srli t4, t3, 0x7
x29 <- 0x00000000
mem[X,0b0010000000000000000000000010011100] -> 0x5793
mem[X,0b0010000000000000000000000010011110] -> 0x019E
[44] [M]: 0x8000009C (0x019E5793) srli a5, t3, 0x19
x15 <- 0x00000000
mem[X,0b0010000000000000000000000010100000] -> 0xEEB3
mem[X,0b0010000000000000000000000010100010] -> 0x00FE
[45] [M]: 0x800000A0 (0x00FEEEB3) or t4, t4, a5
x29 <- 0x00000000
mem[X,0b0010000000000000000000000010100100] -> 0xDF13
mem[X,0b0010000000000000000000000010100110] -> 0x007E
[46] [M]: 0x800000A4 (0x007EDF13) srli t5, t4, 0x7
x30 <- 0x00000000
mem[X,0b0010000000000000000000000010101000] -> 0xD793
mem[X,0b0010000000000000000000000010101010] -> 0x019E
[47] [M]: 0x800000A8 (0x019ED793) srli a5, t4, 0x19
x15 <- 0x00000000
mem[X,0b0010000000000000000000000010101100] -> 0x6F33
mem[X,0b0010000000000000000000000010101110] -> 0x00FF
[48] [M]: 0x800000AC (0x00FF6F33) or t5, t5, a5
x30 <- 0x00000000
mem[X,0b0010000000000000000000000010110000] -> 0xC0B7
mem[X,0b0010000000000000000000000010110010] -> 0xFEED
[49] [M]: 0x800000B0 (0xFEEDC0B7) lui ra, -0x1124
x1 <- 0xFEEDC000
mem[X,0b0010000000000000000000000010110100] -> 0x8093
mem[X,0b0010000000000000000000000010110110] -> 0xEAD0
[50] [M]: 0x800000B4 (0xEAD08093) addi ra, ra, -0x153
x1 <- 0xFEEDBEAD
mem[X,0b0010000000000000000000000010111000] -> 0xD113
mem[X,0b0010000000000000000000000010111010] -> 0x0070
[51] [M]: 0x800000B8 (0x0070D113) srli sp, ra, 0x7
x2 <- 0x01FDDB7D
mem[X,0b0010000000000000000000000010111100] -> 0xD793
mem[X,0b0010000000000000000000000010111110] -> 0x0190
[52] [M]: 0x800000BC (0x0190D793) srli a5, ra, 0x19
x15 <- 0x0000007F
mem[X,0b0010000000000000000000000011000000] -> 0x6133
mem[X,0b0010000000000000000000000011000010] -> 0x00F1
[53] [M]: 0x800000C0 (0x00F16133) or sp, sp, a5
x2 <- 0x01FDDB7F
mem[X,0b0010000000000000000000000011000100] -> 0x5193
mem[X,0b0010000000000000000000000011000110] -> 0x0071
[54] [M]: 0x800000C4 (0x00715193) srli gp, sp, 0x7
x3 <- 0x0003FBB6
mem[X,0b0010000000000000000000000011001000] -> 0x5793
mem[X,0b0010000000000000000000000011001010] -> 0x0191
[55] [M]: 0x800000C8 (0x01915793) srli a5, sp, 0x19
x15 <- 0x00000000
mem[X,0b0010000000000000000000000011001100] -> 0xE1B3
mem[X,0b0010000000000000000000000011001110] -> 0x00F1
[56] [M]: 0x800000CC (0x00F1E1B3) or gp, gp, a5
x3 <- 0x0003FBB6
mem[X,0b0010000000000000000000000011010000] -> 0xD213
mem[X,0b0010000000000000000000000011010010] -> 0x0071
[57] [M]: 0x800000D0 (0x0071D213) srli tp, gp, 0x7
x4 <- 0x000007F7
mem[X,0b0010000000000000000000000011010100] -> 0xD793
mem[X,0b0010000000000000000000000011010110] -> 0x0191
[58] [M]: 0x800000D4 (0x0191D793) srli a5, gp, 0x19
x15 <- 0x00000000
mem[X,0b0010000000000000000000000011011000] -> 0x6233
mem[X,0b0010000000000000000000000011011010] -> 0x00F2
[59] [M]: 0x800000D8 (0x00F26233) or tp, tp, a5
x4 <- 0x000007F7
mem[X,0b0010000000000000000000000011011100] -> 0x5293
mem[X,0b0010000000000000000000000011011110] -> 0x0072
[60] [M]: 0x800000DC (0x00725293) srli t0, tp, 0x7
x5 <- 0x0000000F
mem[X,0b0010000000000000000000000011100000] -> 0x5793
mem[X,0b0010000000000000000000000011100010] -> 0x0192
[61] [M]: 0x800000E0 (0x01925793) srli a5, tp, 0x19
x15 <- 0x00000000
mem[X,0b0010000000000000000000000011100100] -> 0xE2B3
mem[X,0b0010000000000000000000000011100110] -> 0x00F2
[62] [M]: 0x800000E4 (0x00F2E2B3) or t0, t0, a5
x5 <- 0x0000000F
mem[X,0b0010000000000000000000000011101000] -> 0xD313
mem[X,0b0010000000000000000000000011101010] -> 0x0072
[63] [M]: 0x800000E8 (0x0072D313) srli t1, t0, 0x7
x6 <- 0x00000000
mem[X,0b0010000000000000000000000011101100] -> 0xD793
mem[X,0b0010000000000000000000000011101110] -> 0x0192
[64] [M]: 0x800000EC (0x0192D793) srli a5, t0, 0x19
x15 <- 0x00000000
mem[X,0b0010000000000000000000000011110000] -> 0x6333
mem[X,0b0010000000000000000000000011110010] -> 0x00F3
[65] [M]: 0x800000F0 (0x00F36333) or t1, t1, a5
x6 <- 0x00000000
mem[X,0b0010000000000000000000000011110100] -> 0x5393
mem[X,0b0010000000000000000000000011110110] -> 0x0073
[66] [M]: 0x800000F4 (0x00735393) srli t2, t1, 0x7
x7 <- 0x00000000
mem[X,0b0010000000000000000000000011111000] -> 0x5793
mem[X,0b0010000000000000000000000011111010] -> 0x0193
[67] [M]: 0x800000F8 (0x01935793) srli a5, t1, 0x19
x15 <- 0x00000000
mem[X,0b0010000000000000000000000011111100] -> 0xE3B3
mem[X,0b0010000000000000000000000011111110] -> 0x00F3
[68] [M]: 0x800000FC (0x00F3E3B3) or t2, t2, a5
x7 <- 0x00000000
mem[X,0b0010000000000000000000000100000000] -> 0xD413
mem[X,0b0010000000000000000000000100000010] -> 0x0073
[69] [M]: 0x80000100 (0x0073D413) srli fp, t2, 0x7
x8 <- 0x00000000
mem[X,0b0010000000000000000000000100000100] -> 0xD793
mem[X,0b0010000000000000000000000100000110] -> 0x0193
[70] [M]: 0x80000104 (0x0193D793) srli a5, t2, 0x19
x15 <- 0x00000000
mem[X,0b0010000000000000000000000100001000] -> 0x6433
mem[X,0b0010000000000000000000000100001010] -> 0x00F4
[71] [M]: 0x80000108 (0x00F46433) or fp, fp, a5
x8 <- 0x00000000
mem[X,0b0010000000000000000000000100001100] -> 0x5493
mem[X,0b0010000000000000000000000100001110] -> 0x0074
[72] [M]: 0x8000010C (0x00745493) srli s1, fp, 0x7
x9 <- 0x00000000
mem[X,0b0010000000000000000000000100010000] -> 0x5793
mem[X,0b0010000000000000000000000100010010] -> 0x0194
[73] [M]: 0x80000110 (0x01945793) srli a5, fp, 0x19
x15 <- 0x00000000
mem[X,0b0010000000000000000000000100010100] -> 0xE4B3
mem[X,0b0010000000000000000000000100010110] -> 0x00F4
[74] [M]: 0x80000114 (0x00F4E4B3) or s1, s1, a5
x9 <- 0x00000000
mem[X,0b0010000000000000000000000100011000] -> 0xD513
mem[X,0b0010000000000000000000000100011010] -> 0x0074
[75] [M]: 0x80000118 (0x0074D513) srli a0, s1, 0x7
x10 <- 0x00000000
mem[X,0b0010000000000000000000000100011100] -> 0xD793
mem[X,0b0010000000000000000000000100011110] -> 0x0194
[76] [M]: 0x8000011C (0x0194D793) srli a5, s1, 0x19
x15 <- 0x00000000
mem[X,0b0010000000000000000000000100100000] -> 0x6533
mem[X,0b0010000000000000000000000100100010] -> 0x00F5
[77] [M]: 0x80000120 (0x00F56533) or a0, a0, a5
x10 <- 0x00000000
mem[X,0b0010000000000000000000000100100100] -> 0x5593
mem[X,0b0010000000000000000000000100100110] -> 0x0075
[78] [M]: 0x80000124 (0x00755593) srli a1, a0, 0x7
x11 <- 0x00000000
mem[X,0b0010000000000000000000000100101000] -> 0x5793
mem[X,0b0010000000000000000000000100101010] -> 0x0195
[79] [M]: 0x80000128 (0x01955793) srli a5, a0, 0x19
x15 <- 0x00000000
mem[X,0b0010000000000000000000000100101100] -> 0xE5B3
mem[X,0b0010000000000000000000000100101110] -> 0x00F5
[80] [M]: 0x8000012C (0x00F5E5B3) or a1, a1, a5
x11 <- 0x00000000
mem[X,0b0010000000000000000000000100110000] -> 0xD613
mem[X,0b0010000000000000000000000100110010] -> 0x0075
[81] [M]: 0x80000130 (0x0075D613) srli a2, a1, 0x7
x12 <- 0x00000000
mem[X,0b0010000000000000000000000100110100] -> 0xD793
mem[X,0b0010000000000000000000000100110110] -> 0x0195
[82] [M]: 0x80000134 (0x0195D793) srli a5, a1, 0x19
x15 <- 0x00000000
mem[X,0b0010000000000000000000000100111000] -> 0x6633
mem[X,0b0010000000000000000000000100111010] -> 0x00F6
[83] [M]: 0x80000138 (0x00F66633) or a2, a2, a5
x12 <- 0x00000000
mem[X,0b0010000000000000000000000100111100] -> 0x5693
mem[X,0b0010000000000000000000000100111110] -> 0x0076
[84] [M]: 0x8000013C (0x00765693) srli a3, a2, 0x7
x13 <- 0x00000000
mem[X,0b0010000000000000000000000101000000] -> 0x5793
mem[X,0b0010000000000000000000000101000010] -> 0x0196
[85] [M]: 0x80000140 (0x01965793) srli a5, a2, 0x19
x15 <- 0x00000000
mem[X,0b0010000000000000000000000101000100] -> 0xE6B3
mem[X,0b0010000000000000000000000101000110] -> 0x00F6
[86] [M]: 0x80000144 (0x00F6E6B3) or a3, a3, a5
x13 <- 0x00000000
mem[X,0b0010000000000000000000000101001000] -> 0x0013
mem[X,0b0010000000000000000000000101001010] -> 0x0000
[87] [M]: 0x80000148 (0x00000013) addi zero, zero, 0x0
mem[X,0b0010000000000000000000000101001100] -> 0x0013
mem[X,0b0010000000000000000000000101001110] -> 0x0000
[88] [M]: 0x8000014C (0x00000013) addi zero, zero, 0x0
mem[X,0b0010000000000000000000000101010000] -> 0x0013
mem[X,0b0010000000000000000000000101010010] -> 0x0000
[89] [M]: 0x80000150 (0x00000013) addi zero, zero, 0x0
mem[X,0b0010000000000000000000000101010100] -> 0x0013
mem[X,0b0010000000000000000000000101010110] -> 0x0000
[90] [M]: 0x80000154 (0x00000013) addi zero, zero, 0x0
mem[X,0b0010000000000000000000000101011000] -> 0x0013
mem[X,0b0010000000000000000000000101011010] -> 0x0000
[91] [M]: 0x80000158 (0x00000013) addi zero, zero, 0x0
mem[X,0b0010000000000000000000000101011100] -> 0x0013
mem[X,0b0010000000000000000000000101011110] -> 0x0000
[92] [M]: 0x8000015C (0x00000013) addi zero, zero, 0x0
mem[X,0b0010000000000000000000000101100000] -> 0x3097
mem[X,0b0010000000000000000000000101100010] -> 0x0000
[93] [M]: 0x80000160 (0x00003097) auipc ra, 0x3
x1 <- 0x80003160
mem[X,0b0010000000000000000000000101100100] -> 0x8093
mem[X,0b0010000000000000000000000101100110] -> 0xFB40
[94] [M]: 0x80000164 (0xFB408093) addi ra, ra, -0x4c
x1 <- 0x80003114
mem[X,0b0010000000000000000000000101101000] -> 0x0013
mem[X,0b0010000000000000000000000101101010] -> 0x0000
[95] [M]: 0x80000168 (0x00000013) addi zero, zero, 0x0
mem[X,0b0010000000000000000000000101101100] -> 0x0013
mem[X,0b0010000000000000000000000101101110] -> 0x0000
[96] [M]: 0x8000016C (0x00000013) addi zero, zero, 0x0
mem[X,0b0010000000000000000000000101110000] -> 0x0013
mem[X,0b0010000000000000000000000101110010] -> 0x0000
[97] [M]: 0x80000170 (0x00000013) addi zero, zero, 0x0
mem[X,0b0010000000000000000000000101110100] -> 0x0013
mem[X,0b0010000000000000000000000101110110] -> 0x0000
[98] [M]: 0x80000174 (0x00000013) addi zero, zero, 0x0
mem[X,0b0010000000000000000000000101111000] -> 0x0013
mem[X,0b0010000000000000000000000101111010] -> 0x0000
[99] [M]: 0x80000178 (0x00000013) addi zero, zero, 0x0
clint mtime 0x0000000000000001 (mip.MTI <- 0b1)
htif::tick 0x0000000000000000
mem[X,0b0010000000000000000000000101111100] -> 0x0013
mem[X,0b0010000000000000000000000101111110] -> 0x0000
[100] [M]: 0x8000017C (0x00000013) addi zero, zero, 0x0
mem[X,0b0010000000000000000000000110000000] -> 0x5FB7
mem[X,0b0010000000000000000000000110000010] -> 0x5555
[101] [M]: 0x80000180 (0x55555FB7) lui t6, 0x55555
x31 <- 0x55555000
mem[X,0b0010000000000000000000000110000100] -> 0x8F93
mem[X,0b0010000000000000000000000110000110] -> 0x555F
[102] [M]: 0x80000184 (0x555F8F93) addi t6, t6, 0x555
x31 <- 0x55555555
mem[X,0b0010000000000000000000000110001000] -> 0x9F93
mem[X,0b0010000000000000000000000110001010] -> 0x601F
[103] [M]: 0x80000188 (0x601F9F93) ctz t6, t6
x31 <- 0x00000000
mem[X,0b0010000000000000000000000110001100] -> 0xA023
mem[X,0b0010000000000000000000000110001110] -> 0x01F0
[104] [M]: 0x8000018C (0x01F0A023) sw t6, 0x0(ra)
mem[0b0010000000000000000011000100010100] <- 0x00000000
mem[X,0b0010000000000000000000000110010000] -> 0x0EB7
mem[X,0b0010000000000000000000000110010010] -> 0x8000
[105] [M]: 0x80000190 (0x80000EB7) lui t4, -0x80000
x29 <- 0x80000000
mem[X,0b0010000000000000000000000110010100] -> 0x8E93
mem[X,0b0010000000000000000000000110010110] -> 0xFFFE
[106] [M]: 0x80000194 (0xFFFE8E93) addi t4, t4, -0x1
x29 <- 0x7FFFFFFF
mem[X,0b0010000000000000000000000110011000] -> 0x9F13
mem[X,0b0010000000000000000000000110011010] -> 0x601E
[107] [M]: 0x80000198 (0x601E9F13) ctz t5, t4
x30 <- 0x00000000
mem[X,0b0010000000000000000000000110011100] -> 0xA223
mem[X,0b0010000000000000000000000110011110] -> 0x01E0
[108] [M]: 0x8000019C (0x01E0A223) sw t5, 0x4(ra)
mem[0b0010000000000000000011000100011000] <- 0x00000000
mem[X,0b0010000000000000000000000110100000] -> 0x0F37
mem[X,0b0010000000000000000000000110100010] -> 0xC000
[109] [M]: 0x800001A0 (0xC0000F37) lui t5, -0x40000
x30 <- 0xC0000000
mem[X,0b0010000000000000000000000110100100] -> 0x0F13
mem[X,0b0010000000000000000000000110100110] -> 0xFFFF
[110] [M]: 0x800001A4 (0xFFFF0F13) addi t5, t5, -0x1
x30 <- 0xBFFFFFFF
mem[X,0b0010000000000000000000000110101000] -> 0x1E93
mem[X,0b0010000000000000000000000110101010] -> 0x601F
[111] [M]: 0x800001A8 (0x601F1E93) ctz t4, t5
x29 <- 0x00000000
mem[X,0b0010000000000000000000000110101100] -> 0xA423
mem[X,0b0010000000000000000000000110101110] -> 0x01D0
[112] [M]: 0x800001AC (0x01D0A423) sw t4, 0x8(ra)
mem[0b0010000000000000000011000100011100] <- 0x00000000
mem[X,0b0010000000000000000000000110110000] -> 0x0DB7
mem[X,0b0010000000000000000000000110110010] -> 0xE000
[113] [M]: 0x800001B0 (0xE0000DB7) lui s11, -0x20000
x27 <- 0xE0000000
mem[X,0b0010000000000000000000000110110100] -> 0x8D93
mem[X,0b0010000000000000000000000110110110] -> 0xFFFD
[114] [M]: 0x800001B4 (0xFFFD8D93) addi s11, s11, -0x1
x27 <- 0xDFFFFFFF
mem[X,0b0010000000000000000000000110111000] -> 0x9E13
mem[X,0b0010000000000000000000000110111010] -> 0x601D
[115] [M]: 0x800001B8 (0x601D9E13) ctz t3, s11
x28 <- 0x00000000
mem[X,0b0010000000000000000000000110111100] -> 0xA623
mem[X,0b0010000000000000000000000110111110] -> 0x01C0
[116] [M]: 0x800001BC (0x01C0A623) sw t3, 0xc(ra)
mem[0b0010000000000000000011000100100000] <- 0x00000000
mem[X,0b0010000000000000000000000111000000] -> 0x0E37
mem[X,0b0010000000000000000000000111000010] -> 0xF000
[117] [M]: 0x800001C0 (0xF0000E37) lui t3, -0x10000
x28 <- 0xF0000000
mem[X,0b0010000000000000000000000111000100] -> 0x0E13
mem[X,0b0010000000000000000000000111000110] -> 0xFFFE
[118] [M]: 0x800001C4 (0xFFFE0E13) addi t3, t3, -0x1
x28 <- 0xEFFFFFFF
mem[X,0b0010000000000000000000000111001000] -> 0x1D93
mem[X,0b0010000000000000000000000111001010] -> 0x601E
[119] [M]: 0x800001C8 (0x601E1D93) ctz s11, t3
x27 <- 0x00000000
mem[X,0b0010000000000000000000000111001100] -> 0xA823
mem[X,0b0010000000000000000000000111001110] -> 0x01B0
[120] [M]: 0x800001CC (0x01B0A823) sw s11, 0x10(ra)
mem[0b0010000000000000000011000100100100] <- 0x00000000
mem[X,0b0010000000000000000000000111010000] -> 0x0CB7
mem[X,0b0010000000000000000000000111010010] -> 0xF800
[121] [M]: 0x800001D0 (0xF8000CB7) lui s9, -0x8000
x25 <- 0xF8000000
mem[X,0b0010000000000000000000000111010100] -> 0x8C93
mem[X,0b0010000000000000000000000111010110] -> 0xFFFC
[122] [M]: 0x800001D4 (0xFFFC8C93) addi s9, s9, -0x1
x25 <- 0xF7FFFFFF
mem[X,0b0010000000000000000000000111011000] -> 0x9D13
mem[X,0b0010000000000000000000000111011010] -> 0x601C
[123] [M]: 0x800001D8 (0x601C9D13) ctz s10, s9
x26 <- 0x00000000
mem[X,0b0010000000000000000000000111011100] -> 0xAA23
mem[X,0b0010000000000000000000000111011110] -> 0x01A0
[124] [M]: 0x800001DC (0x01A0AA23) sw s10, 0x14(ra)
mem[0b0010000000000000000011000100101000] <- 0x00000000
mem[X,0b0010000000000000000000000111100000] -> 0x0D37
mem[X,0b0010000000000000000000000111100010] -> 0xFC00
[125] [M]: 0x800001E0 (0xFC000D37) lui s10, -0x4000
x26 <- 0xFC000000
mem[X,0b0010000000000000000000000111100100] -> 0x0D13
mem[X,0b0010000000000000000000000111100110] -> 0xFFFD
[126] [M]: 0x800001E4 (0xFFFD0D13) addi s10, s10, -0x1
x26 <- 0xFBFFFFFF
mem[X,0b0010000000000000000000000111101000] -> 0x1C93
mem[X,0b0010000000000000000000000111101010] -> 0x601D
[127] [M]: 0x800001E8 (0x601D1C93) ctz s9, s10
x25 <- 0x00000000
mem[X,0b0010000000000000000000000111101100] -> 0xAC23
mem[X,0b0010000000000000000000000111101110] -> 0x0190
[128] [M]: 0x800001EC (0x0190AC23) sw s9, 0x18(ra)
mem[0b0010000000000000000011000100101100] <- 0x00000000
mem[X,0b0010000000000000000000000111110000] -> 0x0BB7
mem[X,0b0010000000000000000000000111110010] -> 0xFE00
[129] [M]: 0x800001F0 (0xFE000BB7) lui s7, -0x2000
x23 <- 0xFE000000
mem[X,0b0010000000000000000000000111110100] -> 0x8B93
mem[X,0b0010000000000000000000000111110110] -> 0xFFFB
[130] [M]: 0x800001F4 (0xFFFB8B93) addi s7, s7, -0x1
x23 <- 0xFDFFFFFF
mem[X,0b0010000000000000000000000111111000] -> 0x9C13
mem[X,0b0010000000000000000000000111111010] -> 0x601B
[131] [M]: 0x800001F8 (0x601B9C13) ctz s8, s7
x24 <- 0x00000000
mem[X,0b0010000000000000000000000111111100] -> 0xAE23
mem[X,0b0010000000000000000000000111111110] -> 0x0180
[132] [M]: 0x800001FC (0x0180AE23) sw s8, 0x1c(ra)
mem[0b0010000000000000000011000100110000] <- 0x00000000
mem[X,0b0010000000000000000000001000000000] -> 0x0C37
mem[X,0b0010000000000000000000001000000010] -> 0xFF00
[133] [M]: 0x80000200 (0xFF000C37) lui s8, -0x1000
x24 <- 0xFF000000
mem[X,0b0010000000000000000000001000000100] -> 0x0C13
mem[X,0b0010000000000000000000001000000110] -> 0xFFFC
[134] [M]: 0x80000204 (0xFFFC0C13) addi s8, s8, -0x1
x24 <- 0xFEFFFFFF
mem[X,0b0010000000000000000000001000001000] -> 0x1B93
mem[X,0b0010000000000000000000001000001010] -> 0x601C
[135] [M]: 0x80000208 (0x601C1B93) ctz s7, s8
x23 <- 0x00000000
mem[X,0b0010000000000000000000001000001100] -> 0xA023
mem[X,0b0010000000000000000000001000001110] -> 0x0370
[136] [M]: 0x8000020C (0x0370A023) sw s7, 0x20(ra)
mem[0b0010000000000000000011000100110100] <- 0x00000000
mem[X,0b0010000000000000000000001000010000] -> 0x0AB7
mem[X,0b0010000000000000000000001000010010] -> 0xFF80
[137] [M]: 0x80000210 (0xFF800AB7) lui s5, -0x800
x21 <- 0xFF800000
mem[X,0b0010000000000000000000001000010100] -> 0x8A93
mem[X,0b0010000000000000000000001000010110] -> 0xFFFA
[138] [M]: 0x80000214 (0xFFFA8A93) addi s5, s5, -0x1
x21 <- 0xFF7FFFFF
mem[X,0b0010000000000000000000001000011000] -> 0x9B13
mem[X,0b0010000000000000000000001000011010] -> 0x601A
[139] [M]: 0x80000218 (0x601A9B13) ctz s6, s5
x22 <- 0x00000000
mem[X,0b0010000000000000000000001000011100] -> 0xA223
mem[X,0b0010000000000000000000001000011110] -> 0x0360
[140] [M]: 0x8000021C (0x0360A223) sw s6, 0x24(ra)
mem[0b0010000000000000000011000100111000] <- 0x00000000
mem[X,0b0010000000000000000000001000100000] -> 0x0B37
mem[X,0b0010000000000000000000001000100010] -> 0xFFC0
[141] [M]: 0x80000220 (0xFFC00B37) lui s6, -0x400
x22 <- 0xFFC00000
mem[X,0b0010000000000000000000001000100100] -> 0x0B13
mem[X,0b0010000000000000000000001000100110] -> 0xFFFB
[142] [M]: 0x80000224 (0xFFFB0B13) addi s6, s6, -0x1
x22 <- 0xFFBFFFFF
mem[X,0b0010000000000000000000001000101000] -> 0x1A93
mem[X,0b0010000000000000000000001000101010] -> 0x601B
[143] [M]: 0x80000228 (0x601B1A93) ctz s5, s6
x21 <- 0x00000000
mem[X,0b0010000000000000000000001000101100] -> 0xA423
mem[X,0b0010000000000000000000001000101110] -> 0x0350
[144] [M]: 0x8000022C (0x0350A423) sw s5, 0x28(ra)
mem[0b0010000000000000000011000100111100] <- 0x00000000
mem[X,0b0010000000000000000000001000110000] -> 0x09B7
mem[X,0b0010000000000000000000001000110010] -> 0xFFE0
[145] [M]: 0x80000230 (0xFFE009B7) lui s3, -0x200
x19 <- 0xFFE00000
mem[X,0b0010000000000000000000001000110100] -> 0x8993
mem[X,0b0010000000000000000000001000110110] -> 0xFFF9
[146] [M]: 0x80000234 (0xFFF98993) addi s3, s3, -0x1
x19 <- 0xFFDFFFFF
mem[X,0b0010000000000000000000001000111000] -> 0x9A13
mem[X,0b0010000000000000000000001000111010] -> 0x6019
[147] [M]: 0x80000238 (0x60199A13) ctz s4, s3
x20 <- 0x00000000
mem[X,0b0010000000000000000000001000111100] -> 0xA623
mem[X,0b0010000000000000000000001000111110] -> 0x0340
[148] [M]: 0x8000023C (0x0340A623) sw s4, 0x2c(ra)
mem[0b0010000000000000000011000101000000] <- 0x00000000
mem[X,0b0010000000000000000000001001000000] -> 0x0A37
mem[X,0b0010000000000000000000001001000010] -> 0xFFF0
[149] [M]: 0x80000240 (0xFFF00A37) lui s4, -0x100
x20 <- 0xFFF00000
mem[X,0b0010000000000000000000001001000100] -> 0x0A13
mem[X,0b0010000000000000000000001001000110] -> 0xFFFA
[150] [M]: 0x80000244 (0xFFFA0A13) addi s4, s4, -0x1
x20 <- 0xFFEFFFFF
mem[X,0b0010000000000000000000001001001000] -> 0x1993
mem[X,0b0010000000000000000000001001001010] -> 0x601A
[151] [M]: 0x80000248 (0x601A1993) ctz s3, s4
x19 <- 0x00000000
mem[X,0b0010000000000000000000001001001100] -> 0xA823
mem[X,0b0010000000000000000000001001001110] -> 0x0330
[152] [M]: 0x8000024C (0x0330A823) sw s3, 0x30(ra)
mem[0b0010000000000000000011000101000100] <- 0x00000000
mem[X,0b0010000000000000000000001001010000] -> 0x08B7
mem[X,0b0010000000000000000000001001010010] -> 0xFFF8
[153] [M]: 0x80000250 (0xFFF808B7) lui a7, -0x80
x17 <- 0xFFF80000
mem[X,0b0010000000000000000000001001010100] -> 0x8893
mem[X,0b0010000000000000000000001001010110] -> 0xFFF8
[154] [M]: 0x80000254 (0xFFF88893) addi a7, a7, -0x1
x17 <- 0xFFF7FFFF
mem[X,0b0010000000000000000000001001011000] -> 0x9913
mem[X,0b0010000000000000000000001001011010] -> 0x6018
[155] [M]: 0x80000258 (0x60189913) ctz s2, a7
x18 <- 0x00000000
mem[X,0b0010000000000000000000001001011100] -> 0xAA23
mem[X,0b0010000000000000000000001001011110] -> 0x0320
[156] [M]: 0x8000025C (0x0320AA23) sw s2, 0x34(ra)
mem[0b0010000000000000000011000101001000] <- 0x00000000
mem[X,0b0010000000000000000000001001100000] -> 0x0937
mem[X,0b0010000000000000000000001001100010] -> 0xFFFC
[157] [M]: 0x80000260 (0xFFFC0937) lui s2, -0x40
x18 <- 0xFFFC0000
mem[X,0b0010000000000000000000001001100100] -> 0x0913
mem[X,0b0010000000000000000000001001100110] -> 0xFFF9
[158] [M]: 0x80000264 (0xFFF90913) addi s2, s2, -0x1
x18 <- 0xFFFBFFFF
mem[X,0b0010000000000000000000001001101000] -> 0x1893
mem[X,0b0010000000000000000000001001101010] -> 0x6019
[159] [M]: 0x80000268 (0x60191893) ctz a7, s2
x17 <- 0x00000000
mem[X,0b0010000000000000000000001001101100] -> 0xAC23
mem[X,0b0010000000000000000000001001101110] -> 0x0310
[160] [M]: 0x8000026C (0x0310AC23) sw a7, 0x38(ra)
mem[0b0010000000000000000011000101001100] <- 0x00000000
mem[X,0b0010000000000000000000001001110000] -> 0x07B7
mem[X,0b0010000000000000000000001001110010] -> 0xFFFE
[161] [M]: 0x80000270 (0xFFFE07B7) lui a5, -0x20
x15 <- 0xFFFE0000
mem[X,0b0010000000000000000000001001110100] -> 0x8793
mem[X,0b0010000000000000000000001001110110] -> 0xFFF7
[162] [M]: 0x80000274 (0xFFF78793) addi a5, a5, -0x1
x15 <- 0xFFFDFFFF
mem[X,0b0010000000000000000000001001111000] -> 0x9813
mem[X,0b0010000000000000000000001001111010] -> 0x6017
[163] [M]: 0x80000278 (0x60179813) ctz a6, a5
x16 <- 0x00000000
mem[X,0b0010000000000000000000001001111100] -> 0xAE23
mem[X,0b0010000000000000000000001001111110] -> 0x0300
[164] [M]: 0x8000027C (0x0300AE23) sw a6, 0x3c(ra)
mem[0b0010000000000000000011000101010000] <- 0x00000000
mem[X,0b0010000000000000000000001010000000] -> 0x0837
mem[X,0b0010000000000000000000001010000010] -> 0xFFFF
[165] [M]: 0x80000280 (0xFFFF0837) lui a6, -0x10
x16 <- 0xFFFF0000
mem[X,0b0010000000000000000000001010000100] -> 0x0813
mem[X,0b0010000000000000000000001010000110] -> 0xFFF8
[166] [M]: 0x80000284 (0xFFF80813) addi a6, a6, -0x1
x16 <- 0xFFFEFFFF
mem[X,0b0010000000000000000000001010001000] -> 0x1793
mem[X,0b0010000000000000000000001010001010] -> 0x6018
[167] [M]: 0x80000288 (0x60181793) ctz a5, a6
x15 <- 0x00000000
mem[X,0b0010000000000000000000001010001100] -> 0xA023
mem[X,0b0010000000000000000000001010001110] -> 0x04F0
[168] [M]: 0x8000028C (0x04F0A023) sw a5, 0x40(ra)
mem[0b0010000000000000000011000101010100] <- 0x00000000
mem[X,0b0010000000000000000000001010010000] -> 0x86B7
mem[X,0b0010000000000000000000001010010010] -> 0xFFFF
[169] [M]: 0x80000290 (0xFFFF86B7) lui a3, -0x8
x13 <- 0xFFFF8000
mem[X,0b0010000000000000000000001010010100] -> 0x8693
mem[X,0b0010000000000000000000001010010110] -> 0xFFF6
[170] [M]: 0x80000294 (0xFFF68693) addi a3, a3, -0x1
x13 <- 0xFFFF7FFF
mem[X,0b0010000000000000000000001010011000] -> 0x9713
mem[X,0b0010000000000000000000001010011010] -> 0x6016
[171] [M]: 0x80000298 (0x60169713) ctz a4, a3
x14 <- 0x00000000
mem[X,0b0010000000000000000000001010011100] -> 0xA223
mem[X,0b0010000000000000000000001010011110] -> 0x04E0
[172] [M]: 0x8000029C (0x04E0A223) sw a4, 0x44(ra)
mem[0b0010000000000000000011000101011000] <- 0x00000000
mem[X,0b0010000000000000000000001010100000] -> 0xC737
mem[X,0b0010000000000000000000001010100010] -> 0xFFFF
[173] [M]: 0x800002A0 (0xFFFFC737) lui a4, -0x4
x14 <- 0xFFFFC000
mem[X,0b0010000000000000000000001010100100] -> 0x0713
mem[X,0b0010000000000000000000001010100110] -> 0xFFF7
[174] [M]: 0x800002A4 (0xFFF70713) addi a4, a4, -0x1
x14 <- 0xFFFFBFFF
mem[X,0b0010000000000000000000001010101000] -> 0x1693
mem[X,0b0010000000000000000000001010101010] -> 0x6017
[175] [M]: 0x800002A8 (0x60171693) ctz a3, a4
x13 <- 0x00000000
mem[X,0b0010000000000000000000001010101100] -> 0xA423
mem[X,0b0010000000000000000000001010101110] -> 0x04D0
[176] [M]: 0x800002AC (0x04D0A423) sw a3, 0x48(ra)
mem[0b0010000000000000000011000101011100] <- 0x00000000
mem[X,0b0010000000000000000000001010110000] -> 0xE5B7
mem[X,0b0010000000000000000000001010110010] -> 0xFFFF
[177] [M]: 0x800002B0 (0xFFFFE5B7) lui a1, -0x2
x11 <- 0xFFFFE000
mem[X,0b0010000000000000000000001010110100] -> 0x8593
mem[X,0b0010000000000000000000001010110110] -> 0xFFF5
[178] [M]: 0x800002B4 (0xFFF58593) addi a1, a1, -0x1
x11 <- 0xFFFFDFFF
mem[X,0b0010000000000000000000001010111000] -> 0x9613
mem[X,0b0010000000000000000000001010111010] -> 0x6015
[179] [M]: 0x800002B8 (0x60159613) ctz a2, a1
x12 <- 0x00000000
mem[X,0b0010000000000000000000001010111100] -> 0xA623
mem[X,0b0010000000000000000000001010111110] -> 0x04C0
[180] [M]: 0x800002BC (0x04C0A623) sw a2, 0x4c(ra)
mem[0b0010000000000000000011000101100000] <- 0x00000000
mem[X,0b0010000000000000000000001011000000] -> 0xF637
mem[X,0b0010000000000000000000001011000010] -> 0xFFFF
[181] [M]: 0x800002C0 (0xFFFFF637) lui a2, -0x1
x12 <- 0xFFFFF000
mem[X,0b0010000000000000000000001011000100] -> 0x0613
mem[X,0b0010000000000000000000001011000110] -> 0xFFF6
[182] [M]: 0x800002C4 (0xFFF60613) addi a2, a2, -0x1
x12 <- 0xFFFFEFFF
mem[X,0b0010000000000000000000001011001000] -> 0x1593
mem[X,0b0010000000000000000000001011001010] -> 0x6016
[183] [M]: 0x800002C8 (0x60161593) ctz a1, a2
x11 <- 0x00000000
mem[X,0b0010000000000000000000001011001100] -> 0xA823
mem[X,0b0010000000000000000000001011001110] -> 0x04B0
[184] [M]: 0x800002CC (0x04B0A823) sw a1, 0x50(ra)
mem[0b0010000000000000000011000101100100] <- 0x00000000
mem[X,0b0010000000000000000000001011010000] -> 0xF4B7
mem[X,0b0010000000000000000000001011010010] -> 0xFFFF
[185] [M]: 0x800002D0 (0xFFFFF4B7) lui s1, -0x1
x9 <- 0xFFFFF000
mem[X,0b0010000000000000000000001011010100] -> 0x8493
mem[X,0b0010000000000000000000001011010110] -> 0x7FF4
[186] [M]: 0x800002D4 (0x7FF48493) addi s1, s1, 0x7ff
x9 <- 0xFFFFF7FF
mem[X,0b0010000000000000000000001011011000] -> 0x9513
mem[X,0b0010000000000000000000001011011010] -> 0x6014
[187] [M]: 0x800002D8 (0x60149513) ctz a0, s1
x10 <- 0x00000000
mem[X,0b0010000000000000000000001011011100] -> 0xAA23
mem[X,0b0010000000000000000000001011011110] -> 0x04A0
[188] [M]: 0x800002DC (0x04A0AA23) sw a0, 0x54(ra)
mem[0b0010000000000000000011000101101000] <- 0x00000000
mem[X,0b0010000000000000000000001011100000] -> 0x0513
mem[X,0b0010000000000000000000001011100010] -> 0xBFF0
[189] [M]: 0x800002E0 (0xBFF00513) addi a0, zero, -0x401
x10 <- 0xFFFFFBFF
mem[X,0b0010000000000000000000001011100100] -> 0x1493
mem[X,0b0010000000000000000000001011100110] -> 0x6015
[190] [M]: 0x800002E4 (0x60151493) ctz s1, a0
x9 <- 0x00000000
mem[X,0b0010000000000000000000001011101000] -> 0xAC23
mem[X,0b0010000000000000000000001011101010] -> 0x0490
[191] [M]: 0x800002E8 (0x0490AC23) sw s1, 0x58(ra)
mem[0b0010000000000000000011000101101100] <- 0x00000000
mem[X,0b0010000000000000000000001011101100] -> 0x0393
mem[X,0b0010000000000000000000001011101110] -> 0xDFF0
[192] [M]: 0x800002EC (0xDFF00393) addi t2, zero, -0x201
x7 <- 0xFFFFFDFF
mem[X,0b0010000000000000000000001011110000] -> 0x9413
mem[X,0b0010000000000000000000001011110010] -> 0x6013
[193] [M]: 0x800002F0 (0x60139413) ctz fp, t2
x8 <- 0x00000000
mem[X,0b0010000000000000000000001011110100] -> 0xAE23
mem[X,0b0010000000000000000000001011110110] -> 0x0480
[194] [M]: 0x800002F4 (0x0480AE23) sw fp, 0x5c(ra)
mem[0b0010000000000000000011000101110000] <- 0x00000000
mem[X,0b0010000000000000000000001011111000] -> 0x0413
mem[X,0b0010000000000000000000001011111010] -> 0xEFF0
[195] [M]: 0x800002F8 (0xEFF00413) addi fp, zero, -0x101
x8 <- 0xFFFFFEFF
mem[X,0b0010000000000000000000001011111100] -> 0x1393
mem[X,0b0010000000000000000000001011111110] -> 0x6014
[196] [M]: 0x800002FC (0x60141393) ctz t2, fp
x7 <- 0x00000000
mem[X,0b0010000000000000000000001100000000] -> 0xA023
mem[X,0b0010000000000000000000001100000010] -> 0x0670
[197] [M]: 0x80000300 (0x0670A023) sw t2, 0x60(ra)
mem[0b0010000000000000000011000101110100] <- 0x00000000
mem[X,0b0010000000000000000000001100000100] -> 0x0293
mem[X,0b0010000000000000000000001100000110] -> 0xF7F0
[198] [M]: 0x80000304 (0xF7F00293) addi t0, zero, -0x81
x5 <- 0xFFFFFF7F
mem[X,0b0010000000000000000000001100001000] -> 0x9313
mem[X,0b0010000000000000000000001100001010] -> 0x6012
[199] [M]: 0x80000308 (0x60129313) ctz t1, t0
x6 <- 0x00000000
clint mtime 0x0000000000000002 (mip.MTI <- 0b1)
htif::tick 0x0000000000000000
mem[X,0b0010000000000000000000001100001100] -> 0xA223
mem[X,0b0010000000000000000000001100001110] -> 0x0660
[200] [M]: 0x8000030C (0x0660A223) sw t1, 0x64(ra)
mem[0b0010000000000000000011000101111000] <- 0x00000000
mem[X,0b0010000000000000000000001100010000] -> 0x0313
mem[X,0b0010000000000000000000001100010010] -> 0xFBF0
[201] [M]: 0x80000310 (0xFBF00313) addi t1, zero, -0x41
x6 <- 0xFFFFFFBF
mem[X,0b0010000000000000000000001100010100] -> 0x1293
mem[X,0b0010000000000000000000001100010110] -> 0x6013
[202] [M]: 0x80000314 (0x60131293) ctz t0, t1
x5 <- 0x00000000
mem[X,0b0010000000000000000000001100011000] -> 0xA423
mem[X,0b0010000000000000000000001100011010] -> 0x0650
[203] [M]: 0x80000318 (0x0650A423) sw t0, 0x68(ra)
mem[0b0010000000000000000011000101111100] <- 0x00000000
mem[X,0b0010000000000000000000001100011100] -> 0x0193
mem[X,0b0010000000000000000000001100011110] -> 0xFDF0
[204] [M]: 0x8000031C (0xFDF00193) addi gp, zero, -0x21
x3 <- 0xFFFFFFDF
mem[X,0b0010000000000000000000001100100000] -> 0x9213
mem[X,0b0010000000000000000000001100100010] -> 0x6011
[205] [M]: 0x80000320 (0x60119213) ctz tp, gp
x4 <- 0x00000000
mem[X,0b0010000000000000000000001100100100] -> 0xA623
mem[X,0b0010000000000000000000001100100110] -> 0x0640
[206] [M]: 0x80000324 (0x0640A623) sw tp, 0x6c(ra)
mem[0b0010000000000000000011000110000000] <- 0x00000000
mem[X,0b0010000000000000000000001100101000] -> 0x0013
mem[X,0b0010000000000000000000001100101010] -> 0x0000
[207] [M]: 0x80000328 (0x00000013) addi zero, zero, 0x0
mem[X,0b0010000000000000000000001100101100] -> 0x0013
mem[X,0b0010000000000000000000001100101110] -> 0x0000
[208] [M]: 0x8000032C (0x00000013) addi zero, zero, 0x0
mem[X,0b0010000000000000000000001100110000] -> 0x0013
mem[X,0b0010000000000000000000001100110010] -> 0x0000
[209] [M]: 0x80000330 (0x00000013) addi zero, zero, 0x0
mem[X,0b0010000000000000000000001100110100] -> 0x0013
mem[X,0b0010000000000000000000001100110110] -> 0x0000
[210] [M]: 0x80000334 (0x00000013) addi zero, zero, 0x0
mem[X,0b0010000000000000000000001100111000] -> 0x0013
mem[X,0b0010000000000000000000001100111010] -> 0x0000
[211] [M]: 0x80000338 (0x00000013) addi zero, zero, 0x0
mem[X,0b0010000000000000000000001100111100] -> 0x0013
mem[X,0b0010000000000000000000001100111110] -> 0x0000
[212] [M]: 0x8000033C (0x00000013) addi zero, zero, 0x0
mem[X,0b0010000000000000000000001101000000] -> 0x3297
mem[X,0b0010000000000000000000001101000010] -> 0x0000
[213] [M]: 0x80000340 (0x00003297) auipc t0, 0x3
x5 <- 0x80003340
mem[X,0b0010000000000000000000001101000100] -> 0x8293
mem[X,0b0010000000000000000000001101000110] -> 0xE442
[214] [M]: 0x80000344 (0xE4428293) addi t0, t0, -0x1bc
x5 <- 0x80003184
mem[X,0b0010000000000000000000001101001000] -> 0x0013
mem[X,0b0010000000000000000000001101001010] -> 0x0000
[215] [M]: 0x80000348 (0x00000013) addi zero, zero, 0x0
mem[X,0b0010000000000000000000001101001100] -> 0x0013
mem[X,0b0010000000000000000000001101001110] -> 0x0000
[216] [M]: 0x8000034C (0x00000013) addi zero, zero, 0x0
mem[X,0b0010000000000000000000001101010000] -> 0x0013
mem[X,0b0010000000000000000000001101010010] -> 0x0000
[217] [M]: 0x80000350 (0x00000013) addi zero, zero, 0x0
mem[X,0b0010000000000000000000001101010100] -> 0x0013
mem[X,0b0010000000000000000000001101010110] -> 0x0000
[218] [M]: 0x80000354 (0x00000013) addi zero, zero, 0x0
mem[X,0b0010000000000000000000001101011000] -> 0x0013
mem[X,0b0010000000000000000000001101011010] -> 0x0000
[219] [M]: 0x80000358 (0x00000013) addi zero, zero, 0x0
mem[X,0b0010000000000000000000001101011100] -> 0x0013
mem[X,0b0010000000000000000000001101011110] -> 0x0000
[220] [M]: 0x8000035C (0x00000013) addi zero, zero, 0x0
mem[X,0b0010000000000000000000001101100000] -> 0x0213
mem[X,0b0010000000000000000000001101100010] -> 0xFEF0
[221] [M]: 0x80000360 (0xFEF00213) addi tp, zero, -0x11
x4 <- 0xFFFFFFEF
mem[X,0b0010000000000000000000001101100100] -> 0x1193
mem[X,0b0010000000000000000000001101100110] -> 0x6012
[222] [M]: 0x80000364 (0x60121193) ctz gp, tp
x3 <- 0x00000000
mem[X,0b0010000000000000000000001101101000] -> 0xA023
mem[X,0b0010000000000000000000001101101010] -> 0x0032
[223] [M]: 0x80000368 (0x0032A023) sw gp, 0x0(t0)
mem[0b0010000000000000000011000110000100] <- 0x00000000
mem[X,0b0010000000000000000000001101101100] -> 0x0093
mem[X,0b0010000000000000000000001101101110] -> 0xFF70
[224] [M]: 0x8000036C (0xFF700093) addi ra, zero, -0x9
x1 <- 0xFFFFFFF7
mem[X,0b0010000000000000000000001101110000] -> 0x9113
mem[X,0b0010000000000000000000001101110010] -> 0x6010
[225] [M]: 0x80000370 (0x60109113) ctz sp, ra
x2 <- 0x00000000
mem[X,0b0010000000000000000000001101110100] -> 0xA223
mem[X,0b0010000000000000000000001101110110] -> 0x0022
[226] [M]: 0x80000374 (0x0022A223) sw sp, 0x4(t0)
mem[0b0010000000000000000011000110001000] <- 0x00000000
mem[X,0b0010000000000000000000001101111000] -> 0x0113
mem[X,0b0010000000000000000000001101111010] -> 0xFFB0
[227] [M]: 0x80000378 (0xFFB00113) addi sp, zero, -0x5
x2 <- 0xFFFFFFFB
mem[X,0b0010000000000000000000001101111100] -> 0x1093
mem[X,0b0010000000000000000000001101111110] -> 0x6011
[228] [M]: 0x8000037C (0x60111093) ctz ra, sp
x1 <- 0x00000000
mem[X,0b0010000000000000000000001110000000] -> 0xA423
mem[X,0b0010000000000000000000001110000010] -> 0x0012
[229] [M]: 0x80000380 (0x0012A423) sw ra, 0x8(t0)
mem[0b0010000000000000000011000110001100] <- 0x00000000
mem[X,0b0010000000000000000000001110000100] -> 0x0013
mem[X,0b0010000000000000000000001110000110] -> 0x0000
[230] [M]: 0x80000384 (0x00000013) addi zero, zero, 0x0
mem[X,0b0010000000000000000000001110001000] -> 0x1F93
mem[X,0b0010000000000000000000001110001010] -> 0x6010
[231] [M]: 0x80000388 (0x60101F93) ctz t6, zero
x31 <- 0x00000020
mem[X,0b0010000000000000000000001110001100] -> 0xA623
mem[X,0b0010000000000000000000001110001110] -> 0x01F2
[232] [M]: 0x8000038C (0x01F2A623) sw t6, 0xc(t0)
mem[0b0010000000000000000011000110010000] <- 0x00000020
mem[X,0b0010000000000000000000001110010000] -> 0x0F93
mem[X,0b0010000000000000000000001110010010] -> 0xFFE0
[233] [M]: 0x80000390 (0xFFE00F93) addi t6, zero, -0x2
x31 <- 0xFFFFFFFE
mem[X,0b0010000000000000000000001110010100] -> 0x9013
mem[X,0b0010000000000000000000001110010110] -> 0x601F
[234] [M]: 0x80000394 (0x601F9013) ctz zero, t6
mem[X,0b0010000000000000000000001110011000] -> 0xA823
mem[X,0b0010000000000000000000001110011010] -> 0x0002
[235] [M]: 0x80000398 (0x0002A823) sw zero, 0x10(t0)
mem[0b0010000000000000000011000110010100] <- 0x00000000
mem[X,0b0010000000000000000000001110011100] -> 0x0F37
mem[X,0b0010000000000000000000001110011110] -> 0x8000
[236] [M]: 0x8000039C (0x80000F37) lui t5, -0x80000
x30 <- 0x80000000
mem[X,0b0010000000000000000000001110100000] -> 0x1F93
mem[X,0b0010000000000000000000001110100010] -> 0x601F
[237] [M]: 0x800003A0 (0x601F1F93) ctz t6, t5
x31 <- 0x0000001F
mem[X,0b0010000000000000000000001110100100] -> 0xAA23
mem[X,0b0010000000000000000000001110100110] -> 0x01F2
[238] [M]: 0x800003A4 (0x01F2AA23) sw t6, 0x14(t0)
mem[0b0010000000000000000011000110011000] <- 0x0000001F
mem[X,0b0010000000000000000000001110101000] -> 0x0F37
mem[X,0b0010000000000000000000001110101010] -> 0x4000
[239] [M]: 0x800003A8 (0x40000F37) lui t5, 0x40000
x30 <- 0x40000000
mem[X,0b0010000000000000000000001110101100] -> 0x1F93
mem[X,0b0010000000000000000000001110101110] -> 0x601F
[240] [M]: 0x800003AC (0x601F1F93) ctz t6, t5
x31 <- 0x0000001E
mem[X,0b0010000000000000000000001110110000] -> 0xAC23
mem[X,0b0010000000000000000000001110110010] -> 0x01F2
[241] [M]: 0x800003B0 (0x01F2AC23) sw t6, 0x18(t0)
mem[0b0010000000000000000011000110011100] <- 0x0000001E
mem[X,0b0010000000000000000000001110110100] -> 0x0F13
mem[X,0b0010000000000000000000001110110110] -> 0x0010
[242] [M]: 0x800003B4 (0x00100F13) addi t5, zero, 0x1
x30 <- 0x00000001
mem[X,0b0010000000000000000000001110111000] -> 0x1F93
mem[X,0b0010000000000000000000001110111010] -> 0x601F
[243] [M]: 0x800003B8 (0x601F1F93) ctz t6, t5
x31 <- 0x00000000
mem[X,0b0010000000000000000000001110111100] -> 0xAE23
mem[X,0b0010000000000000000000001110111110] -> 0x01F2
[244] [M]: 0x800003BC (0x01F2AE23) sw t6, 0x1c(t0)
mem[0b0010000000000000000011000110100000] <- 0x00000000
mem[X,0b0010000000000000000000001111000000] -> 0xBF37
mem[X,0b0010000000000000000000001111000010] -> 0xAAAA
[245] [M]: 0x800003C0 (0xAAAABF37) lui t5, -0x55555
x30 <- 0xAAAAB000
mem[X,0b0010000000000000000000001111000100] -> 0x0F13
mem[X,0b0010000000000000000000001111000110] -> 0xAAAF
[246] [M]: 0x800003C4 (0xAAAF0F13) addi t5, t5, -0x556
x30 <- 0xAAAAAAAA
mem[X,0b0010000000000000000000001111001000] -> 0x1F93
mem[X,0b0010000000000000000000001111001010] -> 0x601F
[247] [M]: 0x800003C8 (0x601F1F93) ctz t6, t5
x31 <- 0x00000001
mem[X,0b0010000000000000000000001111001100] -> 0xA023
mem[X,0b0010000000000000000000001111001110] -> 0x03F2
[248] [M]: 0x800003CC (0x03F2A023) sw t6, 0x20(t0)
mem[0b0010000000000000000011000110100100] <- 0x00000001
mem[X,0b0010000000000000000000001111010000] -> 0x0F37
mem[X,0b0010000000000000000000001111010010] -> 0x2000
[249] [M]: 0x800003D0 (0x20000F37) lui t5, 0x20000
x30 <- 0x20000000
mem[X,0b0010000000000000000000001111010100] -> 0x1F93
mem[X,0b0010000000000000000000001111010110] -> 0x601F
[250] [M]: 0x800003D4 (0x601F1F93) ctz t6, t5
x31 <- 0x0000001D
mem[X,0b0010000000000000000000001111011000] -> 0xA223
mem[X,0b0010000000000000000000001111011010] -> 0x03F2
[251] [M]: 0x800003D8 (0x03F2A223) sw t6, 0x24(t0)
mem[0b0010000000000000000011000110101000] <- 0x0000001D
mem[X,0b0010000000000000000000001111011100] -> 0x0F37
mem[X,0b0010000000000000000000001111011110] -> 0x1000
[252] [M]: 0x800003DC (0x10000F37) lui t5, 0x10000
x30 <- 0x10000000
mem[X,0b0010000000000000000000001111100000] -> 0x1F93
mem[X,0b0010000000000000000000001111100010] -> 0x601F
[253] [M]: 0x800003E0 (0x601F1F93) ctz t6, t5
x31 <- 0x0000001C
mem[X,0b0010000000000000000000001111100100] -> 0xA423
mem[X,0b0010000000000000000000001111100110] -> 0x03F2
[254] [M]: 0x800003E4 (0x03F2A423) sw t6, 0x28(t0)
mem[0b0010000000000000000011000110101100] <- 0x0000001C
mem[X,0b0010000000000000000000001111101000] -> 0x0F37
mem[X,0b0010000000000000000000001111101010] -> 0x0800
[255] [M]: 0x800003E8 (0x08000F37) lui t5, 0x8000
x30 <- 0x08000000
mem[X,0b0010000000000000000000001111101100] -> 0x1F93
mem[X,0b0010000000000000000000001111101110] -> 0x601F
[256] [M]: 0x800003EC (0x601F1F93) ctz t6, t5
x31 <- 0x0000001B
mem[X,0b0010000000000000000000001111110000] -> 0xA623
mem[X,0b0010000000000000000000001111110010] -> 0x03F2
[257] [M]: 0x800003F0 (0x03F2A623) sw t6, 0x2c(t0)
mem[0b0010000000000000000011000110110000] <- 0x0000001B
mem[X,0b0010000000000000000000001111110100] -> 0x0F37
mem[X,0b0010000000000000000000001111110110] -> 0x0400
[258] [M]: 0x800003F4 (0x04000F37) lui t5, 0x4000
x30 <- 0x04000000
mem[X,0b0010000000000000000000001111111000] -> 0x1F93
mem[X,0b0010000000000000000000001111111010] -> 0x601F
[259] [M]: 0x800003F8 (0x601F1F93) ctz t6, t5
x31 <- 0x0000001A
mem[X,0b0010000000000000000000001111111100] -> 0xA823
mem[X,0b0010000000000000000000001111111110] -> 0x03F2
[260] [M]: 0x800003FC (0x03F2A823) sw t6, 0x30(t0)
mem[0b0010000000000000000011000110110100] <- 0x0000001A
mem[X,0b0010000000000000000000010000000000] -> 0x0F37
mem[X,0b0010000000000000000000010000000010] -> 0x0200
[261] [M]: 0x80000400 (0x02000F37) lui t5, 0x2000
x30 <- 0x02000000
mem[X,0b0010000000000000000000010000000100] -> 0x1F93
mem[X,0b0010000000000000000000010000000110] -> 0x601F
[262] [M]: 0x80000404 (0x601F1F93) ctz t6, t5
x31 <- 0x00000019
mem[X,0b0010000000000000000000010000001000] -> 0xAA23
mem[X,0b0010000000000000000000010000001010] -> 0x03F2
[263] [M]: 0x80000408 (0x03F2AA23) sw t6, 0x34(t0)
mem[0b0010000000000000000011000110111000] <- 0x00000019
mem[X,0b0010000000000000000000010000001100] -> 0x0F37
mem[X,0b0010000000000000000000010000001110] -> 0x0100
[264] [M]: 0x8000040C (0x01000F37) lui t5, 0x1000
x30 <- 0x01000000
mem[X,0b0010000000000000000000010000010000] -> 0x1F93
mem[X,0b0010000000000000000000010000010010] -> 0x601F
[265] [M]: 0x80000410 (0x601F1F93) ctz t6, t5
x31 <- 0x00000018
mem[X,0b0010000000000000000000010000010100] -> 0xAC23
mem[X,0b0010000000000000000000010000010110] -> 0x03F2
[266] [M]: 0x80000414 (0x03F2AC23) sw t6, 0x38(t0)
mem[0b0010000000000000000011000110111100] <- 0x00000018
mem[X,0b0010000000000000000000010000011000] -> 0x0F37
mem[X,0b0010000000000000000000010000011010] -> 0x0080
[267] [M]: 0x80000418 (0x00800F37) lui t5, 0x800
x30 <- 0x00800000
mem[X,0b0010000000000000000000010000011100] -> 0x1F93
mem[X,0b0010000000000000000000010000011110] -> 0x601F
[268] [M]: 0x8000041C (0x601F1F93) ctz t6, t5
x31 <- 0x00000017
mem[X,0b0010000000000000000000010000100000] -> 0xAE23
mem[X,0b0010000000000000000000010000100010] -> 0x03F2
[269] [M]: 0x80000420 (0x03F2AE23) sw t6, 0x3c(t0)
mem[0b0010000000000000000011000111000000] <- 0x00000017
mem[X,0b0010000000000000000000010000100100] -> 0x0F37
mem[X,0b0010000000000000000000010000100110] -> 0x0040
[270] [M]: 0x80000424 (0x00400F37) lui t5, 0x400
x30 <- 0x00400000
mem[X,0b0010000000000000000000010000101000] -> 0x1F93
mem[X,0b0010000000000000000000010000101010] -> 0x601F
[271] [M]: 0x80000428 (0x601F1F93) ctz t6, t5
x31 <- 0x00000016
mem[X,0b0010000000000000000000010000101100] -> 0xA023
mem[X,0b0010000000000000000000010000101110] -> 0x05F2
[272] [M]: 0x8000042C (0x05F2A023) sw t6, 0x40(t0)
mem[0b0010000000000000000011000111000100] <- 0x00000016
mem[X,0b0010000000000000000000010000110000] -> 0x0F37
mem[X,0b0010000000000000000000010000110010] -> 0x0020
[273] [M]: 0x80000430 (0x00200F37) lui t5, 0x200
x30 <- 0x00200000
mem[X,0b0010000000000000000000010000110100] -> 0x1F93
mem[X,0b0010000000000000000000010000110110] -> 0x601F
[274] [M]: 0x80000434 (0x601F1F93) ctz t6, t5
x31 <- 0x00000015
mem[X,0b0010000000000000000000010000111000] -> 0xA223
mem[X,0b0010000000000000000000010000111010] -> 0x05F2
[275] [M]: 0x80000438 (0x05F2A223) sw t6, 0x44(t0)
mem[0b0010000000000000000011000111001000] <- 0x00000015
mem[X,0b0010000000000000000000010000111100] -> 0x0F37
mem[X,0b0010000000000000000000010000111110] -> 0x0010
[276] [M]: 0x8000043C (0x00100F37) lui t5, 0x100
x30 <- 0x00100000
mem[X,0b0010000000000000000000010001000000] -> 0x1F93
mem[X,0b0010000000000000000000010001000010] -> 0x601F
[277] [M]: 0x80000440 (0x601F1F93) ctz t6, t5
x31 <- 0x00000014
mem[X,0b0010000000000000000000010001000100] -> 0xA423
mem[X,0b0010000000000000000000010001000110] -> 0x05F2
[278] [M]: 0x80000444 (0x05F2A423) sw t6, 0x48(t0)
mem[0b0010000000000000000011000111001100] <- 0x00000014
mem[X,0b0010000000000000000000010001001000] -> 0x0F37
mem[X,0b0010000000000000000000010001001010] -> 0x0008
[279] [M]: 0x80000448 (0x00080F37) lui t5, 0x80
x30 <- 0x00080000
mem[X,0b0010000000000000000000010001001100] -> 0x1F93
mem[X,0b0010000000000000000000010001001110] -> 0x601F
[280] [M]: 0x8000044C (0x601F1F93) ctz t6, t5
x31 <- 0x00000013
mem[X,0b0010000000000000000000010001010000] -> 0xA623
mem[X,0b0010000000000000000000010001010010] -> 0x05F2
[281] [M]: 0x80000450 (0x05F2A623) sw t6, 0x4c(t0)
mem[0b0010000000000000000011000111010000] <- 0x00000013
mem[X,0b0010000000000000000000010001010100] -> 0x0F37
mem[X,0b0010000000000000000000010001010110] -> 0x0004
[282] [M]: 0x80000454 (0x00040F37) lui t5, 0x40
x30 <- 0x00040000
mem[X,0b0010000000000000000000010001011000] -> 0x1F93
mem[X,0b0010000000000000000000010001011010] -> 0x601F
[283] [M]: 0x80000458 (0x601F1F93) ctz t6, t5
x31 <- 0x00000012
mem[X,0b0010000000000000000000010001011100] -> 0xA823
mem[X,0b0010000000000000000000010001011110] -> 0x05F2
[284] [M]: 0x8000045C (0x05F2A823) sw t6, 0x50(t0)
mem[0b0010000000000000000011000111010100] <- 0x00000012
mem[X,0b0010000000000000000000010001100000] -> 0x0F37
mem[X,0b0010000000000000000000010001100010] -> 0x0002
[285] [M]: 0x80000460 (0x00020F37) lui t5, 0x20
x30 <- 0x00020000
mem[X,0b0010000000000000000000010001100100] -> 0x1F93
mem[X,0b0010000000000000000000010001100110] -> 0x601F
[286] [M]: 0x80000464 (0x601F1F93) ctz t6, t5
x31 <- 0x00000011
mem[X,0b0010000000000000000000010001101000] -> 0xAA23
mem[X,0b0010000000000000000000010001101010] -> 0x05F2
[287] [M]: 0x80000468 (0x05F2AA23) sw t6, 0x54(t0)
mem[0b0010000000000000000011000111011000] <- 0x00000011
mem[X,0b0010000000000000000000010001101100] -> 0x0F37
mem[X,0b0010000000000000000000010001101110] -> 0x0001
[288] [M]: 0x8000046C (0x00010F37) lui t5, 0x10
x30 <- 0x00010000
mem[X,0b0010000000000000000000010001110000] -> 0x1F93
mem[X,0b0010000000000000000000010001110010] -> 0x601F
[289] [M]: 0x80000470 (0x601F1F93) ctz t6, t5
x31 <- 0x00000010
mem[X,0b0010000000000000000000010001110100] -> 0xAC23
mem[X,0b0010000000000000000000010001110110] -> 0x05F2
[290] [M]: 0x80000474 (0x05F2AC23) sw t6, 0x58(t0)
mem[0b0010000000000000000011000111011100] <- 0x00000010
mem[X,0b0010000000000000000000010001111000] -> 0x8F37
mem[X,0b0010000000000000000000010001111010] -> 0x0000
[291] [M]: 0x80000478 (0x00008F37) lui t5, 0x8
x30 <- 0x00008000
mem[X,0b0010000000000000000000010001111100] -> 0x1F93
mem[X,0b0010000000000000000000010001111110] -> 0x601F
[292] [M]: 0x8000047C (0x601F1F93) ctz t6, t5
x31 <- 0x0000000F
mem[X,0b0010000000000000000000010010000000] -> 0xAE23
mem[X,0b0010000000000000000000010010000010] -> 0x05F2
[293] [M]: 0x80000480 (0x05F2AE23) sw t6, 0x5c(t0)
mem[0b0010000000000000000011000111100000] <- 0x0000000F
mem[X,0b0010000000000000000000010010000100] -> 0x4F37
mem[X,0b0010000000000000000000010010000110] -> 0x0000
[294] [M]: 0x80000484 (0x00004F37) lui t5, 0x4
x30 <- 0x00004000
mem[X,0b0010000000000000000000010010001000] -> 0x1F93
mem[X,0b0010000000000000000000010010001010] -> 0x601F
[295] [M]: 0x80000488 (0x601F1F93) ctz t6, t5
x31 <- 0x0000000E
mem[X,0b0010000000000000000000010010001100] -> 0xA023
mem[X,0b0010000000000000000000010010001110] -> 0x07F2
[296] [M]: 0x8000048C (0x07F2A023) sw t6, 0x60(t0)
mem[0b0010000000000000000011000111100100] <- 0x0000000E
mem[X,0b0010000000000000000000010010010000] -> 0x2F37
mem[X,0b0010000000000000000000010010010010] -> 0x0000
[297] [M]: 0x80000490 (0x00002F37) lui t5, 0x2
x30 <- 0x00002000
mem[X,0b0010000000000000000000010010010100] -> 0x1F93
mem[X,0b0010000000000000000000010010010110] -> 0x601F
[298] [M]: 0x80000494 (0x601F1F93) ctz t6, t5
x31 <- 0x0000000D
mem[X,0b0010000000000000000000010010011000] -> 0xA223
mem[X,0b0010000000000000000000010010011010] -> 0x07F2
[299] [M]: 0x80000498 (0x07F2A223) sw t6, 0x64(t0)
mem[0b0010000000000000000011000111101000] <- 0x0000000D
clint mtime 0x0000000000000003 (mip.MTI <- 0b1)
htif::tick 0x0000000000000000
mem[X,0b0010000000000000000000010010011100] -> 0x1F37
mem[X,0b0010000000000000000000010010011110] -> 0x0000
[300] [M]: 0x8000049C (0x00001F37) lui t5, 0x1
x30 <- 0x00001000
mem[X,0b0010000000000000000000010010100000] -> 0x1F93
mem[X,0b0010000000000000000000010010100010] -> 0x601F
[301] [M]: 0x800004A0 (0x601F1F93) ctz t6, t5
x31 <- 0x0000000C
mem[X,0b0010000000000000000000010010100100] -> 0xA423
mem[X,0b0010000000000000000000010010100110] -> 0x07F2
[302] [M]: 0x800004A4 (0x07F2A423) sw t6, 0x68(t0)
mem[0b0010000000000000000011000111101100] <- 0x0000000C
mem[X,0b0010000000000000000000010010101000] -> 0x1F37
mem[X,0b0010000000000000000000010010101010] -> 0x0000
[303] [M]: 0x800004A8 (0x00001F37) lui t5, 0x1
x30 <- 0x00001000
mem[X,0b0010000000000000000000010010101100] -> 0x0F13
mem[X,0b0010000000000000000000010010101110] -> 0x800F
[304] [M]: 0x800004AC (0x800F0F13) addi t5, t5, -0x800
x30 <- 0x00000800
mem[X,0b0010000000000000000000010010110000] -> 0x1F93
mem[X,0b0010000000000000000000010010110010] -> 0x601F
[305] [M]: 0x800004B0 (0x601F1F93) ctz t6, t5
x31 <- 0x0000000B
mem[X,0b0010000000000000000000010010110100] -> 0xA623
mem[X,0b0010000000000000000000010010110110] -> 0x07F2
[306] [M]: 0x800004B4 (0x07F2A623) sw t6, 0x6c(t0)
mem[0b0010000000000000000011000111110000] <- 0x0000000B
mem[X,0b0010000000000000000000010010111000] -> 0x0F13
mem[X,0b0010000000000000000000010010111010] -> 0x4000
[307] [M]: 0x800004B8 (0x40000F13) addi t5, zero, 0x400
x30 <- 0x00000400
mem[X,0b0010000000000000000000010010111100] -> 0x1F93
mem[X,0b0010000000000000000000010010111110] -> 0x601F
[308] [M]: 0x800004BC (0x601F1F93) ctz t6, t5
x31 <- 0x0000000A
mem[X,0b0010000000000000000000010011000000] -> 0xA823
mem[X,0b0010000000000000000000010011000010] -> 0x07F2
[309] [M]: 0x800004C0 (0x07F2A823) sw t6, 0x70(t0)
mem[0b0010000000000000000011000111110100] <- 0x0000000A
mem[X,0b0010000000000000000000010011000100] -> 0x0F13
mem[X,0b0010000000000000000000010011000110] -> 0x2000
[310] [M]: 0x800004C4 (0x20000F13) addi t5, zero, 0x200
x30 <- 0x00000200
mem[X,0b0010000000000000000000010011001000] -> 0x1F93
mem[X,0b0010000000000000000000010011001010] -> 0x601F
[311] [M]: 0x800004C8 (0x601F1F93) ctz t6, t5
x31 <- 0x00000009
mem[X,0b0010000000000000000000010011001100] -> 0xAA23
mem[X,0b0010000000000000000000010011001110] -> 0x07F2
[312] [M]: 0x800004CC (0x07F2AA23) sw t6, 0x74(t0)
mem[0b0010000000000000000011000111111000] <- 0x00000009
mem[X,0b0010000000000000000000010011010000] -> 0x0F13
mem[X,0b0010000000000000000000010011010010] -> 0x1000
[313] [M]: 0x800004D0 (0x10000F13) addi t5, zero, 0x100
x30 <- 0x00000100
mem[X,0b0010000000000000000000010011010100] -> 0x1F93
mem[X,0b0010000000000000000000010011010110] -> 0x601F
[314] [M]: 0x800004D4 (0x601F1F93) ctz t6, t5
x31 <- 0x00000008
mem[X,0b0010000000000000000000010011011000] -> 0xAC23
mem[X,0b0010000000000000000000010011011010] -> 0x07F2
[315] [M]: 0x800004D8 (0x07F2AC23) sw t6, 0x78(t0)
mem[0b0010000000000000000011000111111100] <- 0x00000008
mem[X,0b0010000000000000000000010011011100] -> 0x0F13
mem[X,0b0010000000000000000000010011011110] -> 0x0800
[316] [M]: 0x800004DC (0x08000F13) addi t5, zero, 0x80
x30 <- 0x00000080
mem[X,0b0010000000000000000000010011100000] -> 0x1F93
mem[X,0b0010000000000000000000010011100010] -> 0x601F
[317] [M]: 0x800004E0 (0x601F1F93) ctz t6, t5
x31 <- 0x00000007
mem[X,0b0010000000000000000000010011100100] -> 0xAE23
mem[X,0b0010000000000000000000010011100110] -> 0x07F2
[318] [M]: 0x800004E4 (0x07F2AE23) sw t6, 0x7c(t0)
mem[0b0010000000000000000011001000000000] <- 0x00000007
mem[X,0b0010000000000000000000010011101000] -> 0x0F13
mem[X,0b0010000000000000000000010011101010] -> 0x0400
[319] [M]: 0x800004E8 (0x04000F13) addi t5, zero, 0x40
x30 <- 0x00000040
mem[X,0b0010000000000000000000010011101100] -> 0x1F93
mem[X,0b0010000000000000000000010011101110] -> 0x601F
[320] [M]: 0x800004EC (0x601F1F93) ctz t6, t5
x31 <- 0x00000006
mem[X,0b0010000000000000000000010011110000] -> 0xA023
mem[X,0b0010000000000000000000010011110010] -> 0x09F2
[321] [M]: 0x800004F0 (0x09F2A023) sw t6, 0x80(t0)
mem[0b0010000000000000000011001000000100] <- 0x00000006
mem[X,0b0010000000000000000000010011110100] -> 0x0F13
mem[X,0b0010000000000000000000010011110110] -> 0x0200
[322] [M]: 0x800004F4 (0x02000F13) addi t5, zero, 0x20
x30 <- 0x00000020
mem[X,0b0010000000000000000000010011111000] -> 0x1F93
mem[X,0b0010000000000000000000010011111010] -> 0x601F
[323] [M]: 0x800004F8 (0x601F1F93) ctz t6, t5
x31 <- 0x00000005
mem[X,0b0010000000000000000000010011111100] -> 0xA223
mem[X,0b0010000000000000000000010011111110] -> 0x09F2
[324] [M]: 0x800004FC (0x09F2A223) sw t6, 0x84(t0)
mem[0b0010000000000000000011001000001000] <- 0x00000005
mem[X,0b0010000000000000000000010100000000] -> 0x0F13
mem[X,0b0010000000000000000000010100000010] -> 0x0100
[325] [M]: 0x80000500 (0x01000F13) addi t5, zero, 0x10
x30 <- 0x00000010
mem[X,0b0010000000000000000000010100000100] -> 0x1F93
mem[X,0b0010000000000000000000010100000110] -> 0x601F
[326] [M]: 0x80000504 (0x601F1F93) ctz t6, t5
x31 <- 0x00000004
mem[X,0b0010000000000000000000010100001000] -> 0xA423
mem[X,0b0010000000000000000000010100001010] -> 0x09F2
[327] [M]: 0x80000508 (0x09F2A423) sw t6, 0x88(t0)
mem[0b0010000000000000000011001000001100] <- 0x00000004
mem[X,0b0010000000000000000000010100001100] -> 0x0F13
mem[X,0b0010000000000000000000010100001110] -> 0x0080
[328] [M]: 0x8000050C (0x00800F13) addi t5, zero, 0x8
x30 <- 0x00000008
mem[X,0b0010000000000000000000010100010000] -> 0x1F93
mem[X,0b0010000000000000000000010100010010] -> 0x601F
[329] [M]: 0x80000510 (0x601F1F93) ctz t6, t5
x31 <- 0x00000003
mem[X,0b0010000000000000000000010100010100] -> 0xA623
mem[X,0b0010000000000000000000010100010110] -> 0x09F2
[330] [M]: 0x80000514 (0x09F2A623) sw t6, 0x8c(t0)
mem[0b0010000000000000000011001000010000] <- 0x00000003
mem[X,0b0010000000000000000000010100011000] -> 0x0F13
mem[X,0b0010000000000000000000010100011010] -> 0x0040
[331] [M]: 0x80000518 (0x00400F13) addi t5, zero, 0x4
x30 <- 0x00000004
mem[X,0b0010000000000000000000010100011100] -> 0x1F93
mem[X,0b0010000000000000000000010100011110] -> 0x601F
[332] [M]: 0x8000051C (0x601F1F93) ctz t6, t5
x31 <- 0x00000002
mem[X,0b0010000000000000000000010100100000] -> 0xA823
mem[X,0b0010000000000000000000010100100010] -> 0x09F2
[333] [M]: 0x80000520 (0x09F2A823) sw t6, 0x90(t0)
mem[0b0010000000000000000011001000010100] <- 0x00000002
mem[X,0b0010000000000000000000010100100100] -> 0x0F13
mem[X,0b0010000000000000000000010100100110] -> 0x0020
[334] [M]: 0x80000524 (0x00200F13) addi t5, zero, 0x2
x30 <- 0x00000002
mem[X,0b0010000000000000000000010100101000] -> 0x1F93
mem[X,0b0010000000000000000000010100101010] -> 0x601F
[335] [M]: 0x80000528 (0x601F1F93) ctz t6, t5
x31 <- 0x00000001
mem[X,0b0010000000000000000000010100101100] -> 0xAA23
mem[X,0b0010000000000000000000010100101110] -> 0x09F2
[336] [M]: 0x8000052C (0x09F2AA23) sw t6, 0x94(t0)
mem[0b0010000000000000000011001000011000] <- 0x00000001
mem[X,0b0010000000000000000000010100110000] -> 0x0F13
mem[X,0b0010000000000000000000010100110010] -> 0xFFD0
[337] [M]: 0x80000530 (0xFFD00F13) addi t5, zero, -0x3
x30 <- 0xFFFFFFFD
mem[X,0b0010000000000000000000010100110100] -> 0x1F93
mem[X,0b0010000000000000000000010100110110] -> 0x601F
[338] [M]: 0x80000534 (0x601F1F93) ctz t6, t5
x31 <- 0x00000000
mem[X,0b0010000000000000000000010100111000] -> 0xAC23
mem[X,0b0010000000000000000000010100111010] -> 0x09F2
[339] [M]: 0x80000538 (0x09F2AC23) sw t6, 0x98(t0)
mem[0b0010000000000000000011001000011100] <- 0x00000000
mem[X,0b0010000000000000000000010100111100] -> 0x0F13
mem[X,0b0010000000000000000000010100111110] -> 0xFFE0
[340] [M]: 0x8000053C (0xFFE00F13) addi t5, zero, -0x2
x30 <- 0xFFFFFFFE
mem[X,0b0010000000000000000000010101000000] -> 0x1F93
mem[X,0b0010000000000000000000010101000010] -> 0x601F
[341] [M]: 0x80000540 (0x601F1F93) ctz t6, t5
x31 <- 0x00000001
mem[X,0b0010000000000000000000010101000100] -> 0xAE23
mem[X,0b0010000000000000000000010101000110] -> 0x09F2
[342] [M]: 0x80000544 (0x09F2AE23) sw t6, 0x9c(t0)
mem[0b0010000000000000000011001000100000] <- 0x00000001
mem[X,0b0010000000000000000000010101001000] -> 0x006F
mem[X,0b0010000000000000000000010101001010] -> 0x0200
[343] [M]: 0x80000548 (0x0200006F) jal zero, 0x20
mem[X,0b0010000000000000000000010101101000] -> 0x0093
mem[X,0b0010000000000000000000010101101010] -> 0x0010
[344] [M]: 0x80000568 (0x00100093) addi ra, zero, 0x1
x1 <- 0x00000001
mem[X,0b0010000000000000000000010101101100] -> 0x1F17
mem[X,0b0010000000000000000000010101101110] -> 0x0000
[345] [M]: 0x8000056C (0x00001F17) auipc t5, 0x1
x30 <- 0x8000156C
mem[X,0b0010000000000000000000010101110000] -> 0x2A23
mem[X,0b0010000000000000000000010101110010] -> 0xA81F
[346] [M]: 0x80000570 (0xA81F2A23) sw ra, -0x56c(t5)
htif[0b0010000000000000000001000000000000] <- 0x00000001
mem[X,0b0010000000000000000000010101110100] -> 0xF06F
mem[X,0b0010000000000000000000010101110110] -> 0xFF9F
[347] [M]: 0x80000574 (0xFF9FF06F) jal zero, -0x8
mem[X,0b0010000000000000000000010101101100] -> 0x1F17
mem[X,0b0010000000000000000000010101101110] -> 0x0000
[348] [M]: 0x8000056C (0x00001F17) auipc t5, 0x1
x30 <- 0x8000156C
mem[X,0b0010000000000000000000010101110000] -> 0x2A23
mem[X,0b0010000000000000000000010101110010] -> 0xA81F
[349] [M]: 0x80000570 (0xA81F2A23) sw ra, -0x56c(t5)
htif[0b0010000000000000000001000000000000] <- 0x00000001
mem[X,0b0010000000000000000000010101110100] -> 0xF06F
mem[X,0b0010000000000000000000010101110110] -> 0xFF9F
[350] [M]: 0x80000574 (0xFF9FF06F) jal zero, -0x8
mem[X,0b0010000000000000000000010101101100] -> 0x1F17
mem[X,0b0010000000000000000000010101101110] -> 0x0000
[351] [M]: 0x8000056C (0x00001F17) auipc t5, 0x1
x30 <- 0x8000156C
mem[X,0b0010000000000000000000010101110000] -> 0x2A23
mem[X,0b0010000000000000000000010101110010] -> 0xA81F
[352] [M]: 0x80000570 (0xA81F2A23) sw ra, -0x56c(t5)
htif[0b0010000000000000000001000000000000] <- 0x00000001
htif-syscall-proxy cmd: 0x000000000001
SUCCESS
