using /home/eason/Desktop/ComputerArchitecture/Final_Project/rv32_core/riscof_work/I/src/lui-01.S/ref/Reference-sail_c_simulator.signature for test-signature output.
tohost located at 0x80001000
Running file ref.elf.
ELF Entry @ 0x80000000
begin_signature: 0x80003110
end_signature: 0x80003220
CSR mstatus <- 0x00000000 (input: 0x00000000)
mem[X,0b0000000000000000000001000000000000] -> 0x0297
mem[X,0b0000000000000000000001000000000010] -> 0x0000
[0] [M]: 0x00001000 (0x00000297) auipc t0, 0x0
x5 <- 0x00001000
mem[X,0b0000000000000000000001000000000100] -> 0x8593
mem[X,0b0000000000000000000001000000000110] -> 0x0202
[1] [M]: 0x00001004 (0x02028593) addi a1, t0, 0x20
x11 <- 0x00001020
mem[X,0b0000000000000000000001000000001000] -> 0x2573
mem[X,0b0000000000000000000001000000001010] -> 0xF140
[2] [M]: 0x00001008 (0xF1402573) csrrs a0, mhartid, zero
CSR mhartid -> 0x00000000
x10 <- 0x00000000
mem[X,0b0000000000000000000001000000001100] -> 0xA283
mem[X,0b0000000000000000000001000000001110] -> 0x0182
[3] [M]: 0x0000100C (0x0182A283) lw t0, 0x18(t0)
mem[R,0b0000000000000000000001000000011000] -> 0x80000000
x5 <- 0x80000000
mem[X,0b0000000000000000000001000000010000] -> 0x8067
mem[X,0b0000000000000000000001000000010010] -> 0x0002
[4] [M]: 0x00001010 (0x00028067) jalr zero, 0x0(t0)
mem[X,0b0010000000000000000000000000000000] -> 0x0837
mem[X,0b0010000000000000000000000000000010] -> 0x7D5C
[5] [M]: 0x80000000 (0x7D5C0837) lui a6, 0x7d5c0
x16 <- 0x7D5C0000
mem[X,0b0010000000000000000000000000000100] -> 0x0813
mem[X,0b0010000000000000000000000000000110] -> 0xDDB8
[6] [M]: 0x80000004 (0xDDB80813) addi a6, a6, -0x225
x16 <- 0x7D5BFDDB
mem[X,0b0010000000000000000000000000001000] -> 0x5893
mem[X,0b0010000000000000000000000000001010] -> 0x0078
[7] [M]: 0x80000008 (0x00785893) srli a7, a6, 0x7
x17 <- 0x00FAB7FB
mem[X,0b0010000000000000000000000000001100] -> 0x5793
mem[X,0b0010000000000000000000000000001110] -> 0x0198
[8] [M]: 0x8000000C (0x01985793) srli a5, a6, 0x19
x15 <- 0x0000003E
mem[X,0b0010000000000000000000000000010000] -> 0xE8B3
mem[X,0b0010000000000000000000000000010010] -> 0x00F8
[9] [M]: 0x80000010 (0x00F8E8B3) or a7, a7, a5
x17 <- 0x00FAB7FF
mem[X,0b0010000000000000000000000000010100] -> 0xD913
mem[X,0b0010000000000000000000000000010110] -> 0x0078
[10] [M]: 0x80000014 (0x0078D913) srli s2, a7, 0x7
x18 <- 0x0001F56F
mem[X,0b0010000000000000000000000000011000] -> 0xD793
mem[X,0b0010000000000000000000000000011010] -> 0x0198
[11] [M]: 0x80000018 (0x0198D793) srli a5, a7, 0x19
x15 <- 0x00000000
mem[X,0b0010000000000000000000000000011100] -> 0x6933
mem[X,0b0010000000000000000000000000011110] -> 0x00F9
[12] [M]: 0x8000001C (0x00F96933) or s2, s2, a5
x18 <- 0x0001F56F
mem[X,0b0010000000000000000000000000100000] -> 0x5993
mem[X,0b0010000000000000000000000000100010] -> 0x0079
[13] [M]: 0x80000020 (0x00795993) srli s3, s2, 0x7
x19 <- 0x000003EA
mem[X,0b0010000000000000000000000000100100] -> 0x5793
mem[X,0b0010000000000000000000000000100110] -> 0x0199
[14] [M]: 0x80000024 (0x01995793) srli a5, s2, 0x19
x15 <- 0x00000000
mem[X,0b0010000000000000000000000000101000] -> 0xE9B3
mem[X,0b0010000000000000000000000000101010] -> 0x00F9
[15] [M]: 0x80000028 (0x00F9E9B3) or s3, s3, a5
x19 <- 0x000003EA
mem[X,0b0010000000000000000000000000101100] -> 0xDA13
mem[X,0b0010000000000000000000000000101110] -> 0x0079
[16] [M]: 0x8000002C (0x0079DA13) srli s4, s3, 0x7
x20 <- 0x00000007
mem[X,0b0010000000000000000000000000110000] -> 0xD793
mem[X,0b0010000000000000000000000000110010] -> 0x0199
[17] [M]: 0x80000030 (0x0199D793) srli a5, s3, 0x19
x15 <- 0x00000000
mem[X,0b0010000000000000000000000000110100] -> 0x6A33
mem[X,0b0010000000000000000000000000110110] -> 0x00FA
[18] [M]: 0x80000034 (0x00FA6A33) or s4, s4, a5
x20 <- 0x00000007
mem[X,0b0010000000000000000000000000111000] -> 0x5A93
mem[X,0b0010000000000000000000000000111010] -> 0x007A
[19] [M]: 0x80000038 (0x007A5A93) srli s5, s4, 0x7
x21 <- 0x00000000
mem[X,0b0010000000000000000000000000111100] -> 0x5793
mem[X,0b0010000000000000000000000000111110] -> 0x019A
[20] [M]: 0x8000003C (0x019A5793) srli a5, s4, 0x19
x15 <- 0x00000000
mem[X,0b0010000000000000000000000001000000] -> 0xEAB3
mem[X,0b0010000000000000000000000001000010] -> 0x00FA
[21] [M]: 0x80000040 (0x00FAEAB3) or s5, s5, a5
x21 <- 0x00000000
mem[X,0b0010000000000000000000000001000100] -> 0xDB13
mem[X,0b0010000000000000000000000001000110] -> 0x007A
[22] [M]: 0x80000044 (0x007ADB13) srli s6, s5, 0x7
x22 <- 0x00000000
mem[X,0b0010000000000000000000000001001000] -> 0xD793
mem[X,0b0010000000000000000000000001001010] -> 0x019A
[23] [M]: 0x80000048 (0x019AD793) srli a5, s5, 0x19
x15 <- 0x00000000
mem[X,0b0010000000000000000000000001001100] -> 0x6B33
mem[X,0b0010000000000000000000000001001110] -> 0x00FB
[24] [M]: 0x8000004C (0x00FB6B33) or s6, s6, a5
x22 <- 0x00000000
mem[X,0b0010000000000000000000000001010000] -> 0x5B93
mem[X,0b0010000000000000000000000001010010] -> 0x007B
[25] [M]: 0x80000050 (0x007B5B93) srli s7, s6, 0x7
x23 <- 0x00000000
mem[X,0b0010000000000000000000000001010100] -> 0x5793
mem[X,0b0010000000000000000000000001010110] -> 0x019B
[26] [M]: 0x80000054 (0x019B5793) srli a5, s6, 0x19
x15 <- 0x00000000
mem[X,0b0010000000000000000000000001011000] -> 0xEBB3
mem[X,0b0010000000000000000000000001011010] -> 0x00FB
[27] [M]: 0x80000058 (0x00FBEBB3) or s7, s7, a5
x23 <- 0x00000000
mem[X,0b0010000000000000000000000001011100] -> 0xDC13
mem[X,0b0010000000000000000000000001011110] -> 0x007B
[28] [M]: 0x8000005C (0x007BDC13) srli s8, s7, 0x7
x24 <- 0x00000000
mem[X,0b0010000000000000000000000001100000] -> 0xD793
mem[X,0b0010000000000000000000000001100010] -> 0x019B
[29] [M]: 0x80000060 (0x019BD793) srli a5, s7, 0x19
x15 <- 0x00000000
mem[X,0b0010000000000000000000000001100100] -> 0x6C33
mem[X,0b0010000000000000000000000001100110] -> 0x00FC
[30] [M]: 0x80000064 (0x00FC6C33) or s8, s8, a5
x24 <- 0x00000000
mem[X,0b0010000000000000000000000001101000] -> 0x5C93
mem[X,0b0010000000000000000000000001101010] -> 0x007C
[31] [M]: 0x80000068 (0x007C5C93) srli s9, s8, 0x7
x25 <- 0x00000000
mem[X,0b0010000000000000000000000001101100] -> 0x5793
mem[X,0b0010000000000000000000000001101110] -> 0x019C
[32] [M]: 0x8000006C (0x019C5793) srli a5, s8, 0x19
x15 <- 0x00000000
mem[X,0b0010000000000000000000000001110000] -> 0xECB3
mem[X,0b0010000000000000000000000001110010] -> 0x00FC
[33] [M]: 0x80000070 (0x00FCECB3) or s9, s9, a5
x25 <- 0x00000000
mem[X,0b0010000000000000000000000001110100] -> 0xDD13
mem[X,0b0010000000000000000000000001110110] -> 0x007C
[34] [M]: 0x80000074 (0x007CDD13) srli s10, s9, 0x7
x26 <- 0x00000000
mem[X,0b0010000000000000000000000001111000] -> 0xD793
mem[X,0b0010000000000000000000000001111010] -> 0x019C
[35] [M]: 0x80000078 (0x019CD793) srli a5, s9, 0x19
x15 <- 0x00000000
mem[X,0b0010000000000000000000000001111100] -> 0x6D33
mem[X,0b0010000000000000000000000001111110] -> 0x00FD
[36] [M]: 0x8000007C (0x00FD6D33) or s10, s10, a5
x26 <- 0x00000000
mem[X,0b0010000000000000000000000010000000] -> 0x5D93
mem[X,0b0010000000000000000000000010000010] -> 0x007D
[37] [M]: 0x80000080 (0x007D5D93) srli s11, s10, 0x7
x27 <- 0x00000000
mem[X,0b0010000000000000000000000010000100] -> 0x5793
mem[X,0b0010000000000000000000000010000110] -> 0x019D
[38] [M]: 0x80000084 (0x019D5793) srli a5, s10, 0x19
x15 <- 0x00000000
mem[X,0b0010000000000000000000000010001000] -> 0xEDB3
mem[X,0b0010000000000000000000000010001010] -> 0x00FD
[39] [M]: 0x80000088 (0x00FDEDB3) or s11, s11, a5
x27 <- 0x00000000
mem[X,0b0010000000000000000000000010001100] -> 0xDE13
mem[X,0b0010000000000000000000000010001110] -> 0x007D
[40] [M]: 0x8000008C (0x007DDE13) srli t3, s11, 0x7
x28 <- 0x00000000
mem[X,0b0010000000000000000000000010010000] -> 0xD793
mem[X,0b0010000000000000000000000010010010] -> 0x019D
[41] [M]: 0x80000090 (0x019DD793) srli a5, s11, 0x19
x15 <- 0x00000000
mem[X,0b0010000000000000000000000010010100] -> 0x6E33
mem[X,0b0010000000000000000000000010010110] -> 0x00FE
[42] [M]: 0x80000094 (0x00FE6E33) or t3, t3, a5
x28 <- 0x00000000
mem[X,0b0010000000000000000000000010011000] -> 0x5E93
mem[X,0b0010000000000000000000000010011010] -> 0x007E
[43] [M]: 0x80000098 (0x007E5E93) srli t4, t3, 0x7
x29 <- 0x00000000
mem[X,0b0010000000000000000000000010011100] -> 0x5793
mem[X,0b0010000000000000000000000010011110] -> 0x019E
[44] [M]: 0x8000009C (0x019E5793) srli a5, t3, 0x19
x15 <- 0x00000000
mem[X,0b0010000000000000000000000010100000] -> 0xEEB3
mem[X,0b0010000000000000000000000010100010] -> 0x00FE
[45] [M]: 0x800000A0 (0x00FEEEB3) or t4, t4, a5
x29 <- 0x00000000
mem[X,0b0010000000000000000000000010100100] -> 0xDF13
mem[X,0b0010000000000000000000000010100110] -> 0x007E
[46] [M]: 0x800000A4 (0x007EDF13) srli t5, t4, 0x7
x30 <- 0x00000000
mem[X,0b0010000000000000000000000010101000] -> 0xD793
mem[X,0b0010000000000000000000000010101010] -> 0x019E
[47] [M]: 0x800000A8 (0x019ED793) srli a5, t4, 0x19
x15 <- 0x00000000
mem[X,0b0010000000000000000000000010101100] -> 0x6F33
mem[X,0b0010000000000000000000000010101110] -> 0x00FF
[48] [M]: 0x800000AC (0x00FF6F33) or t5, t5, a5
x30 <- 0x00000000
mem[X,0b0010000000000000000000000010110000] -> 0xC0B7
mem[X,0b0010000000000000000000000010110010] -> 0xFEED
[49] [M]: 0x800000B0 (0xFEEDC0B7) lui ra, -0x1124
x1 <- 0xFEEDC000
mem[X,0b0010000000000000000000000010110100] -> 0x8093
mem[X,0b0010000000000000000000000010110110] -> 0xEAD0
[50] [M]: 0x800000B4 (0xEAD08093) addi ra, ra, -0x153
x1 <- 0xFEEDBEAD
mem[X,0b0010000000000000000000000010111000] -> 0xD113
mem[X,0b0010000000000000000000000010111010] -> 0x0070
[51] [M]: 0x800000B8 (0x0070D113) srli sp, ra, 0x7
x2 <- 0x01FDDB7D
mem[X,0b0010000000000000000000000010111100] -> 0xD793
mem[X,0b0010000000000000000000000010111110] -> 0x0190
[52] [M]: 0x800000BC (0x0190D793) srli a5, ra, 0x19
x15 <- 0x0000007F
mem[X,0b0010000000000000000000000011000000] -> 0x6133
mem[X,0b0010000000000000000000000011000010] -> 0x00F1
[53] [M]: 0x800000C0 (0x00F16133) or sp, sp, a5
x2 <- 0x01FDDB7F
mem[X,0b0010000000000000000000000011000100] -> 0x5193
mem[X,0b0010000000000000000000000011000110] -> 0x0071
[54] [M]: 0x800000C4 (0x00715193) srli gp, sp, 0x7
x3 <- 0x0003FBB6
mem[X,0b0010000000000000000000000011001000] -> 0x5793
mem[X,0b0010000000000000000000000011001010] -> 0x0191
[55] [M]: 0x800000C8 (0x01915793) srli a5, sp, 0x19
x15 <- 0x00000000
mem[X,0b0010000000000000000000000011001100] -> 0xE1B3
mem[X,0b0010000000000000000000000011001110] -> 0x00F1
[56] [M]: 0x800000CC (0x00F1E1B3) or gp, gp, a5
x3 <- 0x0003FBB6
mem[X,0b0010000000000000000000000011010000] -> 0xD213
mem[X,0b0010000000000000000000000011010010] -> 0x0071
[57] [M]: 0x800000D0 (0x0071D213) srli tp, gp, 0x7
x4 <- 0x000007F7
mem[X,0b0010000000000000000000000011010100] -> 0xD793
mem[X,0b0010000000000000000000000011010110] -> 0x0191
[58] [M]: 0x800000D4 (0x0191D793) srli a5, gp, 0x19
x15 <- 0x00000000
mem[X,0b0010000000000000000000000011011000] -> 0x6233
mem[X,0b0010000000000000000000000011011010] -> 0x00F2
[59] [M]: 0x800000D8 (0x00F26233) or tp, tp, a5
x4 <- 0x000007F7
mem[X,0b0010000000000000000000000011011100] -> 0x5293
mem[X,0b0010000000000000000000000011011110] -> 0x0072
[60] [M]: 0x800000DC (0x00725293) srli t0, tp, 0x7
x5 <- 0x0000000F
mem[X,0b0010000000000000000000000011100000] -> 0x5793
mem[X,0b0010000000000000000000000011100010] -> 0x0192
[61] [M]: 0x800000E0 (0x01925793) srli a5, tp, 0x19
x15 <- 0x00000000
mem[X,0b0010000000000000000000000011100100] -> 0xE2B3
mem[X,0b0010000000000000000000000011100110] -> 0x00F2
[62] [M]: 0x800000E4 (0x00F2E2B3) or t0, t0, a5
x5 <- 0x0000000F
mem[X,0b0010000000000000000000000011101000] -> 0xD313
mem[X,0b0010000000000000000000000011101010] -> 0x0072
[63] [M]: 0x800000E8 (0x0072D313) srli t1, t0, 0x7
x6 <- 0x00000000
mem[X,0b0010000000000000000000000011101100] -> 0xD793
mem[X,0b0010000000000000000000000011101110] -> 0x0192
[64] [M]: 0x800000EC (0x0192D793) srli a5, t0, 0x19
x15 <- 0x00000000
mem[X,0b0010000000000000000000000011110000] -> 0x6333
mem[X,0b0010000000000000000000000011110010] -> 0x00F3
[65] [M]: 0x800000F0 (0x00F36333) or t1, t1, a5
x6 <- 0x00000000
mem[X,0b0010000000000000000000000011110100] -> 0x5393
mem[X,0b0010000000000000000000000011110110] -> 0x0073
[66] [M]: 0x800000F4 (0x00735393) srli t2, t1, 0x7
x7 <- 0x00000000
mem[X,0b0010000000000000000000000011111000] -> 0x5793
mem[X,0b0010000000000000000000000011111010] -> 0x0193
[67] [M]: 0x800000F8 (0x01935793) srli a5, t1, 0x19
x15 <- 0x00000000
mem[X,0b0010000000000000000000000011111100] -> 0xE3B3
mem[X,0b0010000000000000000000000011111110] -> 0x00F3
[68] [M]: 0x800000FC (0x00F3E3B3) or t2, t2, a5
x7 <- 0x00000000
mem[X,0b0010000000000000000000000100000000] -> 0xD413
mem[X,0b0010000000000000000000000100000010] -> 0x0073
[69] [M]: 0x80000100 (0x0073D413) srli fp, t2, 0x7
x8 <- 0x00000000
mem[X,0b0010000000000000000000000100000100] -> 0xD793
mem[X,0b0010000000000000000000000100000110] -> 0x0193
[70] [M]: 0x80000104 (0x0193D793) srli a5, t2, 0x19
x15 <- 0x00000000
mem[X,0b0010000000000000000000000100001000] -> 0x6433
mem[X,0b0010000000000000000000000100001010] -> 0x00F4
[71] [M]: 0x80000108 (0x00F46433) or fp, fp, a5
x8 <- 0x00000000
mem[X,0b0010000000000000000000000100001100] -> 0x5493
mem[X,0b0010000000000000000000000100001110] -> 0x0074
[72] [M]: 0x8000010C (0x00745493) srli s1, fp, 0x7
x9 <- 0x00000000
mem[X,0b0010000000000000000000000100010000] -> 0x5793
mem[X,0b0010000000000000000000000100010010] -> 0x0194
[73] [M]: 0x80000110 (0x01945793) srli a5, fp, 0x19
x15 <- 0x00000000
mem[X,0b0010000000000000000000000100010100] -> 0xE4B3
mem[X,0b0010000000000000000000000100010110] -> 0x00F4
[74] [M]: 0x80000114 (0x00F4E4B3) or s1, s1, a5
x9 <- 0x00000000
mem[X,0b0010000000000000000000000100011000] -> 0xD513
mem[X,0b0010000000000000000000000100011010] -> 0x0074
[75] [M]: 0x80000118 (0x0074D513) srli a0, s1, 0x7
x10 <- 0x00000000
mem[X,0b0010000000000000000000000100011100] -> 0xD793
mem[X,0b0010000000000000000000000100011110] -> 0x0194
[76] [M]: 0x8000011C (0x0194D793) srli a5, s1, 0x19
x15 <- 0x00000000
mem[X,0b0010000000000000000000000100100000] -> 0x6533
mem[X,0b0010000000000000000000000100100010] -> 0x00F5
[77] [M]: 0x80000120 (0x00F56533) or a0, a0, a5
x10 <- 0x00000000
mem[X,0b0010000000000000000000000100100100] -> 0x5593
mem[X,0b0010000000000000000000000100100110] -> 0x0075
[78] [M]: 0x80000124 (0x00755593) srli a1, a0, 0x7
x11 <- 0x00000000
mem[X,0b0010000000000000000000000100101000] -> 0x5793
mem[X,0b0010000000000000000000000100101010] -> 0x0195
[79] [M]: 0x80000128 (0x01955793) srli a5, a0, 0x19
x15 <- 0x00000000
mem[X,0b0010000000000000000000000100101100] -> 0xE5B3
mem[X,0b0010000000000000000000000100101110] -> 0x00F5
[80] [M]: 0x8000012C (0x00F5E5B3) or a1, a1, a5
x11 <- 0x00000000
mem[X,0b0010000000000000000000000100110000] -> 0xD613
mem[X,0b0010000000000000000000000100110010] -> 0x0075
[81] [M]: 0x80000130 (0x0075D613) srli a2, a1, 0x7
x12 <- 0x00000000
mem[X,0b0010000000000000000000000100110100] -> 0xD793
mem[X,0b0010000000000000000000000100110110] -> 0x0195
[82] [M]: 0x80000134 (0x0195D793) srli a5, a1, 0x19
x15 <- 0x00000000
mem[X,0b0010000000000000000000000100111000] -> 0x6633
mem[X,0b0010000000000000000000000100111010] -> 0x00F6
[83] [M]: 0x80000138 (0x00F66633) or a2, a2, a5
x12 <- 0x00000000
mem[X,0b0010000000000000000000000100111100] -> 0x5693
mem[X,0b0010000000000000000000000100111110] -> 0x0076
[84] [M]: 0x8000013C (0x00765693) srli a3, a2, 0x7
x13 <- 0x00000000
mem[X,0b0010000000000000000000000101000000] -> 0x5793
mem[X,0b0010000000000000000000000101000010] -> 0x0196
[85] [M]: 0x80000140 (0x01965793) srli a5, a2, 0x19
x15 <- 0x00000000
mem[X,0b0010000000000000000000000101000100] -> 0xE6B3
mem[X,0b0010000000000000000000000101000110] -> 0x00F6
[86] [M]: 0x80000144 (0x00F6E6B3) or a3, a3, a5
x13 <- 0x00000000
mem[X,0b0010000000000000000000000101001000] -> 0x0013
mem[X,0b0010000000000000000000000101001010] -> 0x0000
[87] [M]: 0x80000148 (0x00000013) addi zero, zero, 0x0
mem[X,0b0010000000000000000000000101001100] -> 0x0013
mem[X,0b0010000000000000000000000101001110] -> 0x0000
[88] [M]: 0x8000014C (0x00000013) addi zero, zero, 0x0
mem[X,0b0010000000000000000000000101010000] -> 0x0013
mem[X,0b0010000000000000000000000101010010] -> 0x0000
[89] [M]: 0x80000150 (0x00000013) addi zero, zero, 0x0
mem[X,0b0010000000000000000000000101010100] -> 0x0013
mem[X,0b0010000000000000000000000101010110] -> 0x0000
[90] [M]: 0x80000154 (0x00000013) addi zero, zero, 0x0
mem[X,0b0010000000000000000000000101011000] -> 0x0013
mem[X,0b0010000000000000000000000101011010] -> 0x0000
[91] [M]: 0x80000158 (0x00000013) addi zero, zero, 0x0
mem[X,0b0010000000000000000000000101011100] -> 0x0013
mem[X,0b0010000000000000000000000101011110] -> 0x0000
[92] [M]: 0x8000015C (0x00000013) addi zero, zero, 0x0
mem[X,0b0010000000000000000000000101100000] -> 0x3497
mem[X,0b0010000000000000000000000101100010] -> 0x0000
[93] [M]: 0x80000160 (0x00003497) auipc s1, 0x3
x9 <- 0x80003160
mem[X,0b0010000000000000000000000101100100] -> 0x8493
mem[X,0b0010000000000000000000000101100110] -> 0xFB44
[94] [M]: 0x80000164 (0xFB448493) addi s1, s1, -0x4c
x9 <- 0x80003114
mem[X,0b0010000000000000000000000101101000] -> 0x0013
mem[X,0b0010000000000000000000000101101010] -> 0x0000
[95] [M]: 0x80000168 (0x00000013) addi zero, zero, 0x0
mem[X,0b0010000000000000000000000101101100] -> 0x0013
mem[X,0b0010000000000000000000000101101110] -> 0x0000
[96] [M]: 0x8000016C (0x00000013) addi zero, zero, 0x0
mem[X,0b0010000000000000000000000101110000] -> 0x0013
mem[X,0b0010000000000000000000000101110010] -> 0x0000
[97] [M]: 0x80000170 (0x00000013) addi zero, zero, 0x0
mem[X,0b0010000000000000000000000101110100] -> 0x0013
mem[X,0b0010000000000000000000000101110110] -> 0x0000
[98] [M]: 0x80000174 (0x00000013) addi zero, zero, 0x0
mem[X,0b0010000000000000000000000101111000] -> 0x0013
mem[X,0b0010000000000000000000000101111010] -> 0x0000
[99] [M]: 0x80000178 (0x00000013) addi zero, zero, 0x0
clint mtime 0x0000000000000001 (mip.MTI <- 0b1)
htif::tick 0x0000000000000000
mem[X,0b0010000000000000000000000101111100] -> 0x0013
mem[X,0b0010000000000000000000000101111110] -> 0x0000
[100] [M]: 0x8000017C (0x00000013) addi zero, zero, 0x0
mem[X,0b0010000000000000000000000110000000] -> 0x0437
mem[X,0b0010000000000000000000000110000010] -> 0x0000
[101] [M]: 0x80000180 (0x00000437) lui fp, 0x0
x8 <- 0x00000000
mem[X,0b0010000000000000000000000110000100] -> 0xA023
mem[X,0b0010000000000000000000000110000110] -> 0x0084
[102] [M]: 0x80000184 (0x0084A023) sw fp, 0x0(s1)
mem[0b0010000000000000000011000100010100] <- 0x00000000
mem[X,0b0010000000000000000000000110001000] -> 0x52B7
mem[X,0b0010000000000000000000000110001010] -> 0x0000
[103] [M]: 0x80000188 (0x000052B7) lui t0, 0x5
x5 <- 0x00005000
mem[X,0b0010000000000000000000000110001100] -> 0xA223
mem[X,0b0010000000000000000000000110001110] -> 0x0054
[104] [M]: 0x8000018C (0x0054A223) sw t0, 0x4(s1)
mem[0b0010000000000000000011000100011000] <- 0x00005000
mem[X,0b0010000000000000000000000110010000] -> 0xF9B7
mem[X,0b0010000000000000000000000110010010] -> 0xFFFF
[105] [M]: 0x80000190 (0xFFFFF9B7) lui s3, -0x1
x19 <- 0xFFFFF000
mem[X,0b0010000000000000000000000110010100] -> 0xA423
mem[X,0b0010000000000000000000000110010110] -> 0x0134
[106] [M]: 0x80000194 (0x0134A423) sw s3, 0x8(s1)
mem[0b0010000000000000000011000100011100] <- 0xFFFFF000
mem[X,0b0010000000000000000000000110011000] -> 0x36B7
mem[X,0b0010000000000000000000000110011010] -> 0x0000
[107] [M]: 0x80000198 (0x000036B7) lui a3, 0x3
x13 <- 0x00003000
mem[X,0b0010000000000000000000000110011100] -> 0xA623
mem[X,0b0010000000000000000000000110011110] -> 0x00D4
[108] [M]: 0x8000019C (0x00D4A623) sw a3, 0xc(s1)
mem[0b0010000000000000000011000100100000] <- 0x00003000
mem[X,0b0010000000000000000000000110100000] -> 0x5037
mem[X,0b0010000000000000000000000110100010] -> 0x5555
[109] [M]: 0x800001A0 (0x55555037) lui zero, 0x55555
mem[X,0b0010000000000000000000000110100100] -> 0xA823
mem[X,0b0010000000000000000000000110100110] -> 0x0004
[110] [M]: 0x800001A4 (0x0004A823) sw zero, 0x10(s1)
mem[0b0010000000000000000011000100100100] <- 0x00000000
mem[X,0b0010000000000000000000000110101000] -> 0xA237
mem[X,0b0010000000000000000000000110101010] -> 0xAAAA
[111] [M]: 0x800001A8 (0xAAAAA237) lui tp, -0x55556
x4 <- 0xAAAAA000
mem[X,0b0010000000000000000000000110101100] -> 0xAA23
mem[X,0b0010000000000000000000000110101110] -> 0x0044
[112] [M]: 0x800001AC (0x0044AA23) sw tp, 0x14(s1)
mem[0b0010000000000000000011000100101000] <- 0xAAAAA000
mem[X,0b0010000000000000000000000110110000] -> 0x3B37
mem[X,0b0010000000000000000000000110110010] -> 0x3333
[113] [M]: 0x800001B0 (0x33333B37) lui s6, 0x33333
x22 <- 0x33333000
mem[X,0b0010000000000000000000000110110100] -> 0xAC23
mem[X,0b0010000000000000000000000110110110] -> 0x0164
[114] [M]: 0x800001B4 (0x0164AC23) sw s6, 0x18(s1)
mem[0b0010000000000000000011000100101100] <- 0x33333000
mem[X,0b0010000000000000000000000110111000] -> 0x6D37
mem[X,0b0010000000000000000000000110111010] -> 0x6666
[115] [M]: 0x800001B8 (0x66666D37) lui s10, 0x66666
x26 <- 0x66666000
mem[X,0b0010000000000000000000000110111100] -> 0xAE23
mem[X,0b0010000000000000000000000110111110] -> 0x01A4
[116] [M]: 0x800001BC (0x01A4AE23) sw s10, 0x1c(s1)
mem[0b0010000000000000000011000100110000] <- 0x66666000
mem[X,0b0010000000000000000000000111000000] -> 0x4EB7
mem[X,0b0010000000000000000000000111000010] -> 0x002D
[117] [M]: 0x800001C0 (0x002D4EB7) lui t4, 0x2d4
x29 <- 0x002D4000
mem[X,0b0010000000000000000000000111000100] -> 0xA023
mem[X,0b0010000000000000000000000111000110] -> 0x03D4
[118] [M]: 0x800001C4 (0x03D4A023) sw t4, 0x20(s1)
mem[0b0010000000000000000011000100110100] <- 0x002D4000
mem[X,0b0010000000000000000000000111001000] -> 0xF1B7
mem[X,0b0010000000000000000000000111001010] -> 0x003F
[119] [M]: 0x800001C8 (0x003FF1B7) lui gp, 0x3ff
x3 <- 0x003FF000
mem[X,0b0010000000000000000000000111001100] -> 0xA223
mem[X,0b0010000000000000000000000111001110] -> 0x0234
[120] [M]: 0x800001CC (0x0234A223) sw gp, 0x24(s1)
mem[0b0010000000000000000011000100111000] <- 0x003FF000
mem[X,0b0010000000000000000000000111010000] -> 0x2F37
mem[X,0b0010000000000000000000000111010010] -> 0x0000
[121] [M]: 0x800001D0 (0x00002F37) lui t5, 0x2
x30 <- 0x00002000
mem[X,0b0010000000000000000000000111010100] -> 0xA423
mem[X,0b0010000000000000000000000111010110] -> 0x03E4
[122] [M]: 0x800001D4 (0x03E4A423) sw t5, 0x28(s1)
mem[0b0010000000000000000011000100111100] <- 0x00002000
mem[X,0b0010000000000000000000000111011000] -> 0x4837
mem[X,0b0010000000000000000000000111011010] -> 0x5555
[123] [M]: 0x800001D8 (0x55554837) lui a6, 0x55554
x16 <- 0x55554000
mem[X,0b0010000000000000000000000111011100] -> 0xA623
mem[X,0b0010000000000000000000000111011110] -> 0x0304
[124] [M]: 0x800001DC (0x0304A623) sw a6, 0x2c(s1)
mem[0b0010000000000000000011000101000000] <- 0x55554000
mem[X,0b0010000000000000000000000111100000] -> 0x9137
mem[X,0b0010000000000000000000000111100010] -> 0xAAAA
[125] [M]: 0x800001E0 (0xAAAA9137) lui sp, -0x55557
x2 <- 0xAAAA9000
mem[X,0b0010000000000000000000000111100100] -> 0xA823
mem[X,0b0010000000000000000000000111100110] -> 0x0224
[126] [M]: 0x800001E4 (0x0224A823) sw sp, 0x30(s1)
mem[0b0010000000000000000011000101000100] <- 0xAAAA9000
mem[X,0b0010000000000000000000000111101000] -> 0x4C37
mem[X,0b0010000000000000000000000111101010] -> 0x0000
[127] [M]: 0x800001E8 (0x00004C37) lui s8, 0x4
x24 <- 0x00004000
mem[X,0b0010000000000000000000000111101100] -> 0xAA23
mem[X,0b0010000000000000000000000111101110] -> 0x0384
[128] [M]: 0x800001EC (0x0384AA23) sw s8, 0x34(s1)
mem[0b0010000000000000000011000101001000] <- 0x00004000
mem[X,0b0010000000000000000000000111110000] -> 0x2DB7
mem[X,0b0010000000000000000000000111110010] -> 0x3333
[129] [M]: 0x800001F0 (0x33332DB7) lui s11, 0x33332
x27 <- 0x33332000
mem[X,0b0010000000000000000000000111110100] -> 0xAC23
mem[X,0b0010000000000000000000000111110110] -> 0x03B4
[130] [M]: 0x800001F4 (0x03B4AC23) sw s11, 0x38(s1)
mem[0b0010000000000000000011000101001100] <- 0x33332000
mem[X,0b0010000000000000000000000111111000] -> 0x5A37
mem[X,0b0010000000000000000000000111111010] -> 0x6666
[131] [M]: 0x800001F8 (0x66665A37) lui s4, 0x66665
x20 <- 0x66665000
mem[X,0b0010000000000000000000000111111100] -> 0xAE23
mem[X,0b0010000000000000000000000111111110] -> 0x0344
[132] [M]: 0x800001FC (0x0344AE23) sw s4, 0x3c(s1)
mem[0b0010000000000000000011000101010000] <- 0x66665000
mem[X,0b0010000000000000000000001000000000] -> 0x3E37
mem[X,0b0010000000000000000000001000000010] -> 0x002D
[133] [M]: 0x80000200 (0x002D3E37) lui t3, 0x2d3
x28 <- 0x002D3000
mem[X,0b0010000000000000000000001000000100] -> 0xA023
mem[X,0b0010000000000000000000001000000110] -> 0x05C4
[134] [M]: 0x80000204 (0x05C4A023) sw t3, 0x40(s1)
mem[0b0010000000000000000011000101010100] <- 0x002D3000
mem[X,0b0010000000000000000000001000001000] -> 0xE337
mem[X,0b0010000000000000000000001000001010] -> 0x003F
[135] [M]: 0x80000208 (0x003FE337) lui t1, 0x3fe
x6 <- 0x003FE000
mem[X,0b0010000000000000000000001000001100] -> 0xA223
mem[X,0b0010000000000000000000001000001110] -> 0x0464
[136] [M]: 0x8000020C (0x0464A223) sw t1, 0x44(s1)
mem[0b0010000000000000000011000101011000] <- 0x003FE000
mem[X,0b0010000000000000000000001000010000] -> 0x6537
mem[X,0b0010000000000000000000001000010010] -> 0x5555
[137] [M]: 0x80000210 (0x55556537) lui a0, 0x55556
x10 <- 0x55556000
mem[X,0b0010000000000000000000001000010100] -> 0xA423
mem[X,0b0010000000000000000000001000010110] -> 0x04A4
[138] [M]: 0x80000214 (0x04A4A423) sw a0, 0x48(s1)
mem[0b0010000000000000000011000101011100] <- 0x55556000
mem[X,0b0010000000000000000000001000011000] -> 0xB637
mem[X,0b0010000000000000000000001000011010] -> 0xAAAA
[139] [M]: 0x80000218 (0xAAAAB637) lui a2, -0x55555
x12 <- 0xAAAAB000
mem[X,0b0010000000000000000000001000011100] -> 0xA623
mem[X,0b0010000000000000000000001000011110] -> 0x04C4
[140] [M]: 0x8000021C (0x04C4A623) sw a2, 0x4c(s1)
mem[0b0010000000000000000011000101100000] <- 0xAAAAB000
mem[X,0b0010000000000000000000001000100000] -> 0x67B7
mem[X,0b0010000000000000000000001000100010] -> 0x0000
[141] [M]: 0x80000220 (0x000067B7) lui a5, 0x6
x15 <- 0x00006000
mem[X,0b0010000000000000000000001000100100] -> 0xA823
mem[X,0b0010000000000000000000001000100110] -> 0x04F4
[142] [M]: 0x80000224 (0x04F4A823) sw a5, 0x50(s1)
mem[0b0010000000000000000011000101100100] <- 0x00006000
mem[X,0b0010000000000000000000001000101000] -> 0x4BB7
mem[X,0b0010000000000000000000001000101010] -> 0x3333
[143] [M]: 0x80000228 (0x33334BB7) lui s7, 0x33334
x23 <- 0x33334000
mem[X,0b0010000000000000000000001000101100] -> 0xAA23
mem[X,0b0010000000000000000000001000101110] -> 0x0574
[144] [M]: 0x8000022C (0x0574AA23) sw s7, 0x54(s1)
mem[0b0010000000000000000011000101101000] <- 0x33334000
mem[X,0b0010000000000000000000001000110000] -> 0x70B7
mem[X,0b0010000000000000000000001000110010] -> 0x6666
[145] [M]: 0x80000230 (0x666670B7) lui ra, 0x66667
x1 <- 0x66667000
mem[X,0b0010000000000000000000001000110100] -> 0xAC23
mem[X,0b0010000000000000000000001000110110] -> 0x0414
[146] [M]: 0x80000234 (0x0414AC23) sw ra, 0x58(s1)
mem[0b0010000000000000000011000101101100] <- 0x66667000
mem[X,0b0010000000000000000000001000111000] -> 0x5937
mem[X,0b0010000000000000000000001000111010] -> 0x002D
[147] [M]: 0x80000238 (0x002D5937) lui s2, 0x2d5
x18 <- 0x002D5000
mem[X,0b0010000000000000000000001000111100] -> 0xAE23
mem[X,0b0010000000000000000000001000111110] -> 0x0524
[148] [M]: 0x8000023C (0x0524AE23) sw s2, 0x5c(s1)
mem[0b0010000000000000000011000101110000] <- 0x002D5000
mem[X,0b0010000000000000000000001001000000] -> 0x15B7
mem[X,0b0010000000000000000000001001000010] -> 0x0000
[149] [M]: 0x80000240 (0x000015B7) lui a1, 0x1
x11 <- 0x00001000
mem[X,0b0010000000000000000000001001000100] -> 0xA023
mem[X,0b0010000000000000000000001001000110] -> 0x06B4
[150] [M]: 0x80000244 (0x06B4A023) sw a1, 0x60(s1)
mem[0b0010000000000000000011000101110100] <- 0x00001000
mem[X,0b0010000000000000000000001001001000] -> 0x0AB7
mem[X,0b0010000000000000000000001001001010] -> 0x0040
[151] [M]: 0x80000248 (0x00400AB7) lui s5, 0x400
x21 <- 0x00400000
mem[X,0b0010000000000000000000001001001100] -> 0xA223
mem[X,0b0010000000000000000000001001001110] -> 0x0754
[152] [M]: 0x8000024C (0x0754A223) sw s5, 0x64(s1)
mem[0b0010000000000000000011000101111000] <- 0x00400000
mem[X,0b0010000000000000000000001001010000] -> 0x88B7
mem[X,0b0010000000000000000000001001010010] -> 0x0000
[153] [M]: 0x80000250 (0x000088B7) lui a7, 0x8
x17 <- 0x00008000
mem[X,0b0010000000000000000000001001010100] -> 0xA423
mem[X,0b0010000000000000000000001001010110] -> 0x0714
[154] [M]: 0x80000254 (0x0714A423) sw a7, 0x68(s1)
mem[0b0010000000000000000011000101111100] <- 0x00008000
mem[X,0b0010000000000000000000001001011000] -> 0x0CB7
mem[X,0b0010000000000000000000001001011010] -> 0x0001
[155] [M]: 0x80000258 (0x00010CB7) lui s9, 0x10
x25 <- 0x00010000
mem[X,0b0010000000000000000000001001011100] -> 0xA623
mem[X,0b0010000000000000000000001001011110] -> 0x0794
[156] [M]: 0x8000025C (0x0794A623) sw s9, 0x6c(s1)
mem[0b0010000000000000000011000110000000] <- 0x00010000
mem[X,0b0010000000000000000000001001100000] -> 0x03B7
mem[X,0b0010000000000000000000001001100010] -> 0x0002
[157] [M]: 0x80000260 (0x000203B7) lui t2, 0x20
x7 <- 0x00020000
mem[X,0b0010000000000000000000001001100100] -> 0xA823
mem[X,0b0010000000000000000000001001100110] -> 0x0674
[158] [M]: 0x80000264 (0x0674A823) sw t2, 0x70(s1)
mem[0b0010000000000000000011000110000100] <- 0x00020000
mem[X,0b0010000000000000000000001001101000] -> 0x0013
mem[X,0b0010000000000000000000001001101010] -> 0x0000
[159] [M]: 0x80000268 (0x00000013) addi zero, zero, 0x0
mem[X,0b0010000000000000000000001001101100] -> 0x0013
mem[X,0b0010000000000000000000001001101110] -> 0x0000
[160] [M]: 0x8000026C (0x00000013) addi zero, zero, 0x0
mem[X,0b0010000000000000000000001001110000] -> 0x0013
mem[X,0b0010000000000000000000001001110010] -> 0x0000
[161] [M]: 0x80000270 (0x00000013) addi zero, zero, 0x0
mem[X,0b0010000000000000000000001001110100] -> 0x0013
mem[X,0b0010000000000000000000001001110110] -> 0x0000
[162] [M]: 0x80000274 (0x00000013) addi zero, zero, 0x0
mem[X,0b0010000000000000000000001001111000] -> 0x0013
mem[X,0b0010000000000000000000001001111010] -> 0x0000
[163] [M]: 0x80000278 (0x00000013) addi zero, zero, 0x0
mem[X,0b0010000000000000000000001001111100] -> 0x0013
mem[X,0b0010000000000000000000001001111110] -> 0x0000
[164] [M]: 0x8000027C (0x00000013) addi zero, zero, 0x0
mem[X,0b0010000000000000000000001010000000] -> 0x3097
mem[X,0b0010000000000000000000001010000010] -> 0x0000
[165] [M]: 0x80000280 (0x00003097) auipc ra, 0x3
x1 <- 0x80003280
mem[X,0b0010000000000000000000001010000100] -> 0x8093
mem[X,0b0010000000000000000000001010000110] -> 0xF080
[166] [M]: 0x80000284 (0xF0808093) addi ra, ra, -0xf8
x1 <- 0x80003188
mem[X,0b0010000000000000000000001010001000] -> 0x0013
mem[X,0b0010000000000000000000001010001010] -> 0x0000
[167] [M]: 0x80000288 (0x00000013) addi zero, zero, 0x0
mem[X,0b0010000000000000000000001010001100] -> 0x0013
mem[X,0b0010000000000000000000001010001110] -> 0x0000
[168] [M]: 0x8000028C (0x00000013) addi zero, zero, 0x0
mem[X,0b0010000000000000000000001010010000] -> 0x0013
mem[X,0b0010000000000000000000001010010010] -> 0x0000
[169] [M]: 0x80000290 (0x00000013) addi zero, zero, 0x0
mem[X,0b0010000000000000000000001010010100] -> 0x0013
mem[X,0b0010000000000000000000001010010110] -> 0x0000
[170] [M]: 0x80000294 (0x00000013) addi zero, zero, 0x0
mem[X,0b0010000000000000000000001010011000] -> 0x0013
mem[X,0b0010000000000000000000001010011010] -> 0x0000
[171] [M]: 0x80000298 (0x00000013) addi zero, zero, 0x0
mem[X,0b0010000000000000000000001010011100] -> 0x0013
mem[X,0b0010000000000000000000001010011110] -> 0x0000
[172] [M]: 0x8000029C (0x00000013) addi zero, zero, 0x0
mem[X,0b0010000000000000000000001010100000] -> 0x0737
mem[X,0b0010000000000000000000001010100010] -> 0x0004
[173] [M]: 0x800002A0 (0x00040737) lui a4, 0x40
x14 <- 0x00040000
mem[X,0b0010000000000000000000001010100100] -> 0xA023
mem[X,0b0010000000000000000000001010100110] -> 0x00E0
[174] [M]: 0x800002A4 (0x00E0A023) sw a4, 0x0(ra)
mem[0b0010000000000000000011000110001000] <- 0x00040000
mem[X,0b0010000000000000000000001010101000] -> 0x04B7
mem[X,0b0010000000000000000000001010101010] -> 0x0008
[175] [M]: 0x800002A8 (0x000804B7) lui s1, 0x80
x9 <- 0x00080000
mem[X,0b0010000000000000000000001010101100] -> 0xA223
mem[X,0b0010000000000000000000001010101110] -> 0x0090
[176] [M]: 0x800002AC (0x0090A223) sw s1, 0x4(ra)
mem[0b0010000000000000000011000110001100] <- 0x00080000
mem[X,0b0010000000000000000000001010110000] -> 0xFFB7
mem[X,0b0010000000000000000000001010110010] -> 0xEFFF
[177] [M]: 0x800002B0 (0xEFFFFFB7) lui t6, -0x10001
x31 <- 0xEFFFF000
mem[X,0b0010000000000000000000001010110100] -> 0xA423
mem[X,0b0010000000000000000000001010110110] -> 0x01F0
[178] [M]: 0x800002B4 (0x01F0A423) sw t6, 0x8(ra)
mem[0b0010000000000000000011000110010000] <- 0xEFFFF000
mem[X,0b0010000000000000000000001010111000] -> 0xF537
mem[X,0b0010000000000000000000001010111010] -> 0xDFFF
[179] [M]: 0x800002B8 (0xDFFFF537) lui a0, -0x20001
x10 <- 0xDFFFF000
mem[X,0b0010000000000000000000001010111100] -> 0xA623
mem[X,0b0010000000000000000000001010111110] -> 0x00A0
[180] [M]: 0x800002BC (0x00A0A623) sw a0, 0xc(ra)
mem[0b0010000000000000000011000110010100] <- 0xDFFFF000
mem[X,0b0010000000000000000000001011000000] -> 0xF537
mem[X,0b0010000000000000000000001011000010] -> 0xBFFF
[181] [M]: 0x800002C0 (0xBFFFF537) lui a0, -0x40001
x10 <- 0xBFFFF000
mem[X,0b0010000000000000000000001011000100] -> 0xA823
mem[X,0b0010000000000000000000001011000110] -> 0x00A0
[182] [M]: 0x800002C4 (0x00A0A823) sw a0, 0x10(ra)
mem[0b0010000000000000000011000110011000] <- 0xBFFFF000
mem[X,0b0010000000000000000000001011001000] -> 0xF537
mem[X,0b0010000000000000000000001011001010] -> 0x7FFF
[183] [M]: 0x800002C8 (0x7FFFF537) lui a0, 0x7ffff
x10 <- 0x7FFFF000
mem[X,0b0010000000000000000000001011001100] -> 0xAA23
mem[X,0b0010000000000000000000001011001110] -> 0x00A0
[184] [M]: 0x800002CC (0x00A0AA23) sw a0, 0x14(ra)
mem[0b0010000000000000000011000110011100] <- 0x7FFFF000
mem[X,0b0010000000000000000000001011010000] -> 0x0537
mem[X,0b0010000000000000000000001011010010] -> 0x0010
[185] [M]: 0x800002D0 (0x00100537) lui a0, 0x100
x10 <- 0x00100000
mem[X,0b0010000000000000000000001011010100] -> 0xAC23
mem[X,0b0010000000000000000000001011010110] -> 0x00A0
[186] [M]: 0x800002D4 (0x00A0AC23) sw a0, 0x18(ra)
mem[0b0010000000000000000011000110100000] <- 0x00100000
mem[X,0b0010000000000000000000001011011000] -> 0x0537
mem[X,0b0010000000000000000000001011011010] -> 0x0020
[187] [M]: 0x800002D8 (0x00200537) lui a0, 0x200
x10 <- 0x00200000
mem[X,0b0010000000000000000000001011011100] -> 0xAE23
mem[X,0b0010000000000000000000001011011110] -> 0x00A0
[188] [M]: 0x800002DC (0x00A0AE23) sw a0, 0x1c(ra)
mem[0b0010000000000000000011000110100100] <- 0x00200000
mem[X,0b0010000000000000000000001011100000] -> 0x0537
mem[X,0b0010000000000000000000001011100010] -> 0x0080
[189] [M]: 0x800002E0 (0x00800537) lui a0, 0x800
x10 <- 0x00800000
mem[X,0b0010000000000000000000001011100100] -> 0xA023
mem[X,0b0010000000000000000000001011100110] -> 0x02A0
[190] [M]: 0x800002E4 (0x02A0A023) sw a0, 0x20(ra)
mem[0b0010000000000000000011000110101000] <- 0x00800000
mem[X,0b0010000000000000000000001011101000] -> 0x0537
mem[X,0b0010000000000000000000001011101010] -> 0x0100
[191] [M]: 0x800002E8 (0x01000537) lui a0, 0x1000
x10 <- 0x01000000
mem[X,0b0010000000000000000000001011101100] -> 0xA223
mem[X,0b0010000000000000000000001011101110] -> 0x02A0
[192] [M]: 0x800002EC (0x02A0A223) sw a0, 0x24(ra)
mem[0b0010000000000000000011000110101100] <- 0x01000000
mem[X,0b0010000000000000000000001011110000] -> 0x0537
mem[X,0b0010000000000000000000001011110010] -> 0x0200
[193] [M]: 0x800002F0 (0x02000537) lui a0, 0x2000
x10 <- 0x02000000
mem[X,0b0010000000000000000000001011110100] -> 0xA423
mem[X,0b0010000000000000000000001011110110] -> 0x02A0
[194] [M]: 0x800002F4 (0x02A0A423) sw a0, 0x28(ra)
mem[0b0010000000000000000011000110110000] <- 0x02000000
mem[X,0b0010000000000000000000001011111000] -> 0x0537
mem[X,0b0010000000000000000000001011111010] -> 0x0400
[195] [M]: 0x800002F8 (0x04000537) lui a0, 0x4000
x10 <- 0x04000000
mem[X,0b0010000000000000000000001011111100] -> 0xA623
mem[X,0b0010000000000000000000001011111110] -> 0x02A0
[196] [M]: 0x800002FC (0x02A0A623) sw a0, 0x2c(ra)
mem[0b0010000000000000000011000110110100] <- 0x04000000
mem[X,0b0010000000000000000000001100000000] -> 0x0537
mem[X,0b0010000000000000000000001100000010] -> 0x0800
[197] [M]: 0x80000300 (0x08000537) lui a0, 0x8000
x10 <- 0x08000000
mem[X,0b0010000000000000000000001100000100] -> 0xA823
mem[X,0b0010000000000000000000001100000110] -> 0x02A0
[198] [M]: 0x80000304 (0x02A0A823) sw a0, 0x30(ra)
mem[0b0010000000000000000011000110111000] <- 0x08000000
mem[X,0b0010000000000000000000001100001000] -> 0x0537
mem[X,0b0010000000000000000000001100001010] -> 0x1000
[199] [M]: 0x80000308 (0x10000537) lui a0, 0x10000
x10 <- 0x10000000
clint mtime 0x0000000000000002 (mip.MTI <- 0b1)
htif::tick 0x0000000000000000
mem[X,0b0010000000000000000000001100001100] -> 0xAA23
mem[X,0b0010000000000000000000001100001110] -> 0x02A0
[200] [M]: 0x8000030C (0x02A0AA23) sw a0, 0x34(ra)
mem[0b0010000000000000000011000110111100] <- 0x10000000
mem[X,0b0010000000000000000000001100010000] -> 0x0537
mem[X,0b0010000000000000000000001100010010] -> 0x2000
[201] [M]: 0x80000310 (0x20000537) lui a0, 0x20000
x10 <- 0x20000000
mem[X,0b0010000000000000000000001100010100] -> 0xAC23
mem[X,0b0010000000000000000000001100010110] -> 0x02A0
[202] [M]: 0x80000314 (0x02A0AC23) sw a0, 0x38(ra)
mem[0b0010000000000000000011000111000000] <- 0x20000000
mem[X,0b0010000000000000000000001100011000] -> 0x0537
mem[X,0b0010000000000000000000001100011010] -> 0x4000
[203] [M]: 0x80000318 (0x40000537) lui a0, 0x40000
x10 <- 0x40000000
mem[X,0b0010000000000000000000001100011100] -> 0xAE23
mem[X,0b0010000000000000000000001100011110] -> 0x02A0
[204] [M]: 0x8000031C (0x02A0AE23) sw a0, 0x3c(ra)
mem[0b0010000000000000000011000111000100] <- 0x40000000
mem[X,0b0010000000000000000000001100100000] -> 0x0537
mem[X,0b0010000000000000000000001100100010] -> 0x8000
[205] [M]: 0x80000320 (0x80000537) lui a0, -0x80000
x10 <- 0x80000000
mem[X,0b0010000000000000000000001100100100] -> 0xA023
mem[X,0b0010000000000000000000001100100110] -> 0x04A0
[206] [M]: 0x80000324 (0x04A0A023) sw a0, 0x40(ra)
mem[0b0010000000000000000011000111001000] <- 0x80000000
mem[X,0b0010000000000000000000001100101000] -> 0xE537
mem[X,0b0010000000000000000000001100101010] -> 0xFFFF
[207] [M]: 0x80000328 (0xFFFFE537) lui a0, -0x2
x10 <- 0xFFFFE000
mem[X,0b0010000000000000000000001100101100] -> 0xA223
mem[X,0b0010000000000000000000001100101110] -> 0x04A0
[208] [M]: 0x8000032C (0x04A0A223) sw a0, 0x44(ra)
mem[0b0010000000000000000011000111001100] <- 0xFFFFE000
mem[X,0b0010000000000000000000001100110000] -> 0xD537
mem[X,0b0010000000000000000000001100110010] -> 0xFFFF
[209] [M]: 0x80000330 (0xFFFFD537) lui a0, -0x3
x10 <- 0xFFFFD000
mem[X,0b0010000000000000000000001100110100] -> 0xA423
mem[X,0b0010000000000000000000001100110110] -> 0x04A0
[210] [M]: 0x80000334 (0x04A0A423) sw a0, 0x48(ra)
mem[0b0010000000000000000011000111010000] <- 0xFFFFD000
mem[X,0b0010000000000000000000001100111000] -> 0xB537
mem[X,0b0010000000000000000000001100111010] -> 0xFFFF
[211] [M]: 0x80000338 (0xFFFFB537) lui a0, -0x5
x10 <- 0xFFFFB000
mem[X,0b0010000000000000000000001100111100] -> 0xA623
mem[X,0b0010000000000000000000001100111110] -> 0x04A0
[212] [M]: 0x8000033C (0x04A0A623) sw a0, 0x4c(ra)
mem[0b0010000000000000000011000111010100] <- 0xFFFFB000
mem[X,0b0010000000000000000000001101000000] -> 0x7537
mem[X,0b0010000000000000000000001101000010] -> 0xFFFF
[213] [M]: 0x80000340 (0xFFFF7537) lui a0, -0x9
x10 <- 0xFFFF7000
mem[X,0b0010000000000000000000001101000100] -> 0xA823
mem[X,0b0010000000000000000000001101000110] -> 0x04A0
[214] [M]: 0x80000344 (0x04A0A823) sw a0, 0x50(ra)
mem[0b0010000000000000000011000111011000] <- 0xFFFF7000
mem[X,0b0010000000000000000000001101001000] -> 0xF537
mem[X,0b0010000000000000000000001101001010] -> 0xFFFE
[215] [M]: 0x80000348 (0xFFFEF537) lui a0, -0x11
x10 <- 0xFFFEF000
mem[X,0b0010000000000000000000001101001100] -> 0xAA23
mem[X,0b0010000000000000000000001101001110] -> 0x04A0
[216] [M]: 0x8000034C (0x04A0AA23) sw a0, 0x54(ra)
mem[0b0010000000000000000011000111011100] <- 0xFFFEF000
mem[X,0b0010000000000000000000001101010000] -> 0xF537
mem[X,0b0010000000000000000000001101010010] -> 0xFFFD
[217] [M]: 0x80000350 (0xFFFDF537) lui a0, -0x21
x10 <- 0xFFFDF000
mem[X,0b0010000000000000000000001101010100] -> 0xAC23
mem[X,0b0010000000000000000000001101010110] -> 0x04A0
[218] [M]: 0x80000354 (0x04A0AC23) sw a0, 0x58(ra)
mem[0b0010000000000000000011000111100000] <- 0xFFFDF000
mem[X,0b0010000000000000000000001101011000] -> 0xF537
mem[X,0b0010000000000000000000001101011010] -> 0xFFFB
[219] [M]: 0x80000358 (0xFFFBF537) lui a0, -0x41
x10 <- 0xFFFBF000
mem[X,0b0010000000000000000000001101011100] -> 0xAE23
mem[X,0b0010000000000000000000001101011110] -> 0x04A0
[220] [M]: 0x8000035C (0x04A0AE23) sw a0, 0x5c(ra)
mem[0b0010000000000000000011000111100100] <- 0xFFFBF000
mem[X,0b0010000000000000000000001101100000] -> 0xF537
mem[X,0b0010000000000000000000001101100010] -> 0xFFF7
[221] [M]: 0x80000360 (0xFFF7F537) lui a0, -0x81
x10 <- 0xFFF7F000
mem[X,0b0010000000000000000000001101100100] -> 0xA023
mem[X,0b0010000000000000000000001101100110] -> 0x06A0
[222] [M]: 0x80000364 (0x06A0A023) sw a0, 0x60(ra)
mem[0b0010000000000000000011000111101000] <- 0xFFF7F000
mem[X,0b0010000000000000000000001101101000] -> 0xF537
mem[X,0b0010000000000000000000001101101010] -> 0xFFEF
[223] [M]: 0x80000368 (0xFFEFF537) lui a0, -0x101
x10 <- 0xFFEFF000
mem[X,0b0010000000000000000000001101101100] -> 0xA223
mem[X,0b0010000000000000000000001101101110] -> 0x06A0
[224] [M]: 0x8000036C (0x06A0A223) sw a0, 0x64(ra)
mem[0b0010000000000000000011000111101100] <- 0xFFEFF000
mem[X,0b0010000000000000000000001101110000] -> 0xF537
mem[X,0b0010000000000000000000001101110010] -> 0xFFDF
[225] [M]: 0x80000370 (0xFFDFF537) lui a0, -0x201
x10 <- 0xFFDFF000
mem[X,0b0010000000000000000000001101110100] -> 0xA423
mem[X,0b0010000000000000000000001101110110] -> 0x06A0
[226] [M]: 0x80000374 (0x06A0A423) sw a0, 0x68(ra)
mem[0b0010000000000000000011000111110000] <- 0xFFDFF000
mem[X,0b0010000000000000000000001101111000] -> 0xF537
mem[X,0b0010000000000000000000001101111010] -> 0xFFBF
[227] [M]: 0x80000378 (0xFFBFF537) lui a0, -0x401
x10 <- 0xFFBFF000
mem[X,0b0010000000000000000000001101111100] -> 0xA623
mem[X,0b0010000000000000000000001101111110] -> 0x06A0
[228] [M]: 0x8000037C (0x06A0A623) sw a0, 0x6c(ra)
mem[0b0010000000000000000011000111110100] <- 0xFFBFF000
mem[X,0b0010000000000000000000001110000000] -> 0xF537
mem[X,0b0010000000000000000000001110000010] -> 0xFF7F
[229] [M]: 0x80000380 (0xFF7FF537) lui a0, -0x801
x10 <- 0xFF7FF000
mem[X,0b0010000000000000000000001110000100] -> 0xA823
mem[X,0b0010000000000000000000001110000110] -> 0x06A0
[230] [M]: 0x80000384 (0x06A0A823) sw a0, 0x70(ra)
mem[0b0010000000000000000011000111111000] <- 0xFF7FF000
mem[X,0b0010000000000000000000001110001000] -> 0xF537
mem[X,0b0010000000000000000000001110001010] -> 0xFEFF
[231] [M]: 0x80000388 (0xFEFFF537) lui a0, -0x1001
x10 <- 0xFEFFF000
mem[X,0b0010000000000000000000001110001100] -> 0xAA23
mem[X,0b0010000000000000000000001110001110] -> 0x06A0
[232] [M]: 0x8000038C (0x06A0AA23) sw a0, 0x74(ra)
mem[0b0010000000000000000011000111111100] <- 0xFEFFF000
mem[X,0b0010000000000000000000001110010000] -> 0xF537
mem[X,0b0010000000000000000000001110010010] -> 0xFDFF
[233] [M]: 0x80000390 (0xFDFFF537) lui a0, -0x2001
x10 <- 0xFDFFF000
mem[X,0b0010000000000000000000001110010100] -> 0xAC23
mem[X,0b0010000000000000000000001110010110] -> 0x06A0
[234] [M]: 0x80000394 (0x06A0AC23) sw a0, 0x78(ra)
mem[0b0010000000000000000011001000000000] <- 0xFDFFF000
mem[X,0b0010000000000000000000001110011000] -> 0xF537
mem[X,0b0010000000000000000000001110011010] -> 0xFBFF
[235] [M]: 0x80000398 (0xFBFFF537) lui a0, -0x4001
x10 <- 0xFBFFF000
mem[X,0b0010000000000000000000001110011100] -> 0xAE23
mem[X,0b0010000000000000000000001110011110] -> 0x06A0
[236] [M]: 0x8000039C (0x06A0AE23) sw a0, 0x7c(ra)
mem[0b0010000000000000000011001000000100] <- 0xFBFFF000
mem[X,0b0010000000000000000000001110100000] -> 0xF537
mem[X,0b0010000000000000000000001110100010] -> 0xF7FF
[237] [M]: 0x800003A0 (0xF7FFF537) lui a0, -0x8001
x10 <- 0xF7FFF000
mem[X,0b0010000000000000000000001110100100] -> 0xA023
mem[X,0b0010000000000000000000001110100110] -> 0x08A0
[238] [M]: 0x800003A4 (0x08A0A023) sw a0, 0x80(ra)
mem[0b0010000000000000000011001000001000] <- 0xF7FFF000
mem[X,0b0010000000000000000000001110101000] -> 0x5537
mem[X,0b0010000000000000000000001110101010] -> 0x5555
[239] [M]: 0x800003A8 (0x55555537) lui a0, 0x55555
x10 <- 0x55555000
mem[X,0b0010000000000000000000001110101100] -> 0xA223
mem[X,0b0010000000000000000000001110101110] -> 0x08A0
[240] [M]: 0x800003AC (0x08A0A223) sw a0, 0x84(ra)
mem[0b0010000000000000000011001000001100] <- 0x55555000
mem[X,0b0010000000000000000000001110110000] -> 0x006F
mem[X,0b0010000000000000000000001110110010] -> 0x0200
[241] [M]: 0x800003B0 (0x0200006F) jal zero, 0x20
mem[X,0b0010000000000000000000001111010000] -> 0x0093
mem[X,0b0010000000000000000000001111010010] -> 0x0010
[242] [M]: 0x800003D0 (0x00100093) addi ra, zero, 0x1
x1 <- 0x00000001
mem[X,0b0010000000000000000000001111010100] -> 0x1F17
mem[X,0b0010000000000000000000001111010110] -> 0x0000
[243] [M]: 0x800003D4 (0x00001F17) auipc t5, 0x1
x30 <- 0x800013D4
mem[X,0b0010000000000000000000001111011000] -> 0x2623
mem[X,0b0010000000000000000000001111011010] -> 0xC21F
[244] [M]: 0x800003D8 (0xC21F2623) sw ra, -0x3d4(t5)
htif[0b0010000000000000000001000000000000] <- 0x00000001
mem[X,0b0010000000000000000000001111011100] -> 0xF06F
mem[X,0b0010000000000000000000001111011110] -> 0xFF9F
[245] [M]: 0x800003DC (0xFF9FF06F) jal zero, -0x8
mem[X,0b0010000000000000000000001111010100] -> 0x1F17
mem[X,0b0010000000000000000000001111010110] -> 0x0000
[246] [M]: 0x800003D4 (0x00001F17) auipc t5, 0x1
x30 <- 0x800013D4
mem[X,0b0010000000000000000000001111011000] -> 0x2623
mem[X,0b0010000000000000000000001111011010] -> 0xC21F
[247] [M]: 0x800003D8 (0xC21F2623) sw ra, -0x3d4(t5)
htif[0b0010000000000000000001000000000000] <- 0x00000001
mem[X,0b0010000000000000000000001111011100] -> 0xF06F
mem[X,0b0010000000000000000000001111011110] -> 0xFF9F
[248] [M]: 0x800003DC (0xFF9FF06F) jal zero, -0x8
mem[X,0b0010000000000000000000001111010100] -> 0x1F17
mem[X,0b0010000000000000000000001111010110] -> 0x0000
[249] [M]: 0x800003D4 (0x00001F17) auipc t5, 0x1
x30 <- 0x800013D4
mem[X,0b0010000000000000000000001111011000] -> 0x2623
mem[X,0b0010000000000000000000001111011010] -> 0xC21F
[250] [M]: 0x800003D8 (0xC21F2623) sw ra, -0x3d4(t5)
htif[0b0010000000000000000001000000000000] <- 0x00000001
htif-syscall-proxy cmd: 0x000000000001
SUCCESS
