using /home/eason/Desktop/ComputerArchitecture/Final_Project/rv32_core/riscof_work/I/src/sll-01.S/ref/Reference-sail_c_simulator.signature for test-signature output.
tohost located at 0x80001000
Running file ref.elf.
ELF Entry @ 0x80000000
begin_signature: 0x80003110
end_signature: 0x80003280
CSR mstatus <- 0x00000000 (input: 0x00000000)
mem[X,0b0000000000000000000001000000000000] -> 0x0297
mem[X,0b0000000000000000000001000000000010] -> 0x0000
[0] [M]: 0x00001000 (0x00000297) auipc t0, 0x0
x5 <- 0x00001000
mem[X,0b0000000000000000000001000000000100] -> 0x8593
mem[X,0b0000000000000000000001000000000110] -> 0x0202
[1] [M]: 0x00001004 (0x02028593) addi a1, t0, 0x20
x11 <- 0x00001020
mem[X,0b0000000000000000000001000000001000] -> 0x2573
mem[X,0b0000000000000000000001000000001010] -> 0xF140
[2] [M]: 0x00001008 (0xF1402573) csrrs a0, mhartid, zero
CSR mhartid -> 0x00000000
x10 <- 0x00000000
mem[X,0b0000000000000000000001000000001100] -> 0xA283
mem[X,0b0000000000000000000001000000001110] -> 0x0182
[3] [M]: 0x0000100C (0x0182A283) lw t0, 0x18(t0)
mem[R,0b0000000000000000000001000000011000] -> 0x80000000
x5 <- 0x80000000
mem[X,0b0000000000000000000001000000010000] -> 0x8067
mem[X,0b0000000000000000000001000000010010] -> 0x0002
[4] [M]: 0x00001010 (0x00028067) jalr zero, 0x0(t0)
mem[X,0b0010000000000000000000000000000000] -> 0x0837
mem[X,0b0010000000000000000000000000000010] -> 0x7D5C
[5] [M]: 0x80000000 (0x7D5C0837) lui a6, 0x7d5c0
x16 <- 0x7D5C0000
mem[X,0b0010000000000000000000000000000100] -> 0x0813
mem[X,0b0010000000000000000000000000000110] -> 0xDDB8
[6] [M]: 0x80000004 (0xDDB80813) addi a6, a6, -0x225
x16 <- 0x7D5BFDDB
mem[X,0b0010000000000000000000000000001000] -> 0x5893
mem[X,0b0010000000000000000000000000001010] -> 0x0078
[7] [M]: 0x80000008 (0x00785893) srli a7, a6, 0x7
x17 <- 0x00FAB7FB
mem[X,0b0010000000000000000000000000001100] -> 0x5793
mem[X,0b0010000000000000000000000000001110] -> 0x0198
[8] [M]: 0x8000000C (0x01985793) srli a5, a6, 0x19
x15 <- 0x0000003E
mem[X,0b0010000000000000000000000000010000] -> 0xE8B3
mem[X,0b0010000000000000000000000000010010] -> 0x00F8
[9] [M]: 0x80000010 (0x00F8E8B3) or a7, a7, a5
x17 <- 0x00FAB7FF
mem[X,0b0010000000000000000000000000010100] -> 0xD913
mem[X,0b0010000000000000000000000000010110] -> 0x0078
[10] [M]: 0x80000014 (0x0078D913) srli s2, a7, 0x7
x18 <- 0x0001F56F
mem[X,0b0010000000000000000000000000011000] -> 0xD793
mem[X,0b0010000000000000000000000000011010] -> 0x0198
[11] [M]: 0x80000018 (0x0198D793) srli a5, a7, 0x19
x15 <- 0x00000000
mem[X,0b0010000000000000000000000000011100] -> 0x6933
mem[X,0b0010000000000000000000000000011110] -> 0x00F9
[12] [M]: 0x8000001C (0x00F96933) or s2, s2, a5
x18 <- 0x0001F56F
mem[X,0b0010000000000000000000000000100000] -> 0x5993
mem[X,0b0010000000000000000000000000100010] -> 0x0079
[13] [M]: 0x80000020 (0x00795993) srli s3, s2, 0x7
x19 <- 0x000003EA
mem[X,0b0010000000000000000000000000100100] -> 0x5793
mem[X,0b0010000000000000000000000000100110] -> 0x0199
[14] [M]: 0x80000024 (0x01995793) srli a5, s2, 0x19
x15 <- 0x00000000
mem[X,0b0010000000000000000000000000101000] -> 0xE9B3
mem[X,0b0010000000000000000000000000101010] -> 0x00F9
[15] [M]: 0x80000028 (0x00F9E9B3) or s3, s3, a5
x19 <- 0x000003EA
mem[X,0b0010000000000000000000000000101100] -> 0xDA13
mem[X,0b0010000000000000000000000000101110] -> 0x0079
[16] [M]: 0x8000002C (0x0079DA13) srli s4, s3, 0x7
x20 <- 0x00000007
mem[X,0b0010000000000000000000000000110000] -> 0xD793
mem[X,0b0010000000000000000000000000110010] -> 0x0199
[17] [M]: 0x80000030 (0x0199D793) srli a5, s3, 0x19
x15 <- 0x00000000
mem[X,0b0010000000000000000000000000110100] -> 0x6A33
mem[X,0b0010000000000000000000000000110110] -> 0x00FA
[18] [M]: 0x80000034 (0x00FA6A33) or s4, s4, a5
x20 <- 0x00000007
mem[X,0b0010000000000000000000000000111000] -> 0x5A93
mem[X,0b0010000000000000000000000000111010] -> 0x007A
[19] [M]: 0x80000038 (0x007A5A93) srli s5, s4, 0x7
x21 <- 0x00000000
mem[X,0b0010000000000000000000000000111100] -> 0x5793
mem[X,0b0010000000000000000000000000111110] -> 0x019A
[20] [M]: 0x8000003C (0x019A5793) srli a5, s4, 0x19
x15 <- 0x00000000
mem[X,0b0010000000000000000000000001000000] -> 0xEAB3
mem[X,0b0010000000000000000000000001000010] -> 0x00FA
[21] [M]: 0x80000040 (0x00FAEAB3) or s5, s5, a5
x21 <- 0x00000000
mem[X,0b0010000000000000000000000001000100] -> 0xDB13
mem[X,0b0010000000000000000000000001000110] -> 0x007A
[22] [M]: 0x80000044 (0x007ADB13) srli s6, s5, 0x7
x22 <- 0x00000000
mem[X,0b0010000000000000000000000001001000] -> 0xD793
mem[X,0b0010000000000000000000000001001010] -> 0x019A
[23] [M]: 0x80000048 (0x019AD793) srli a5, s5, 0x19
x15 <- 0x00000000
mem[X,0b0010000000000000000000000001001100] -> 0x6B33
mem[X,0b0010000000000000000000000001001110] -> 0x00FB
[24] [M]: 0x8000004C (0x00FB6B33) or s6, s6, a5
x22 <- 0x00000000
mem[X,0b0010000000000000000000000001010000] -> 0x5B93
mem[X,0b0010000000000000000000000001010010] -> 0x007B
[25] [M]: 0x80000050 (0x007B5B93) srli s7, s6, 0x7
x23 <- 0x00000000
mem[X,0b0010000000000000000000000001010100] -> 0x5793
mem[X,0b0010000000000000000000000001010110] -> 0x019B
[26] [M]: 0x80000054 (0x019B5793) srli a5, s6, 0x19
x15 <- 0x00000000
mem[X,0b0010000000000000000000000001011000] -> 0xEBB3
mem[X,0b0010000000000000000000000001011010] -> 0x00FB
[27] [M]: 0x80000058 (0x00FBEBB3) or s7, s7, a5
x23 <- 0x00000000
mem[X,0b0010000000000000000000000001011100] -> 0xDC13
mem[X,0b0010000000000000000000000001011110] -> 0x007B
[28] [M]: 0x8000005C (0x007BDC13) srli s8, s7, 0x7
x24 <- 0x00000000
mem[X,0b0010000000000000000000000001100000] -> 0xD793
mem[X,0b0010000000000000000000000001100010] -> 0x019B
[29] [M]: 0x80000060 (0x019BD793) srli a5, s7, 0x19
x15 <- 0x00000000
mem[X,0b0010000000000000000000000001100100] -> 0x6C33
mem[X,0b0010000000000000000000000001100110] -> 0x00FC
[30] [M]: 0x80000064 (0x00FC6C33) or s8, s8, a5
x24 <- 0x00000000
mem[X,0b0010000000000000000000000001101000] -> 0x5C93
mem[X,0b0010000000000000000000000001101010] -> 0x007C
[31] [M]: 0x80000068 (0x007C5C93) srli s9, s8, 0x7
x25 <- 0x00000000
mem[X,0b0010000000000000000000000001101100] -> 0x5793
mem[X,0b0010000000000000000000000001101110] -> 0x019C
[32] [M]: 0x8000006C (0x019C5793) srli a5, s8, 0x19
x15 <- 0x00000000
mem[X,0b0010000000000000000000000001110000] -> 0xECB3
mem[X,0b0010000000000000000000000001110010] -> 0x00FC
[33] [M]: 0x80000070 (0x00FCECB3) or s9, s9, a5
x25 <- 0x00000000
mem[X,0b0010000000000000000000000001110100] -> 0xDD13
mem[X,0b0010000000000000000000000001110110] -> 0x007C
[34] [M]: 0x80000074 (0x007CDD13) srli s10, s9, 0x7
x26 <- 0x00000000
mem[X,0b0010000000000000000000000001111000] -> 0xD793
mem[X,0b0010000000000000000000000001111010] -> 0x019C
[35] [M]: 0x80000078 (0x019CD793) srli a5, s9, 0x19
x15 <- 0x00000000
mem[X,0b0010000000000000000000000001111100] -> 0x6D33
mem[X,0b0010000000000000000000000001111110] -> 0x00FD
[36] [M]: 0x8000007C (0x00FD6D33) or s10, s10, a5
x26 <- 0x00000000
mem[X,0b0010000000000000000000000010000000] -> 0x5D93
mem[X,0b0010000000000000000000000010000010] -> 0x007D
[37] [M]: 0x80000080 (0x007D5D93) srli s11, s10, 0x7
x27 <- 0x00000000
mem[X,0b0010000000000000000000000010000100] -> 0x5793
mem[X,0b0010000000000000000000000010000110] -> 0x019D
[38] [M]: 0x80000084 (0x019D5793) srli a5, s10, 0x19
x15 <- 0x00000000
mem[X,0b0010000000000000000000000010001000] -> 0xEDB3
mem[X,0b0010000000000000000000000010001010] -> 0x00FD
[39] [M]: 0x80000088 (0x00FDEDB3) or s11, s11, a5
x27 <- 0x00000000
mem[X,0b0010000000000000000000000010001100] -> 0xDE13
mem[X,0b0010000000000000000000000010001110] -> 0x007D
[40] [M]: 0x8000008C (0x007DDE13) srli t3, s11, 0x7
x28 <- 0x00000000
mem[X,0b0010000000000000000000000010010000] -> 0xD793
mem[X,0b0010000000000000000000000010010010] -> 0x019D
[41] [M]: 0x80000090 (0x019DD793) srli a5, s11, 0x19
x15 <- 0x00000000
mem[X,0b0010000000000000000000000010010100] -> 0x6E33
mem[X,0b0010000000000000000000000010010110] -> 0x00FE
[42] [M]: 0x80000094 (0x00FE6E33) or t3, t3, a5
x28 <- 0x00000000
mem[X,0b0010000000000000000000000010011000] -> 0x5E93
mem[X,0b0010000000000000000000000010011010] -> 0x007E
[43] [M]: 0x80000098 (0x007E5E93) srli t4, t3, 0x7
x29 <- 0x00000000
mem[X,0b0010000000000000000000000010011100] -> 0x5793
mem[X,0b0010000000000000000000000010011110] -> 0x019E
[44] [M]: 0x8000009C (0x019E5793) srli a5, t3, 0x19
x15 <- 0x00000000
mem[X,0b0010000000000000000000000010100000] -> 0xEEB3
mem[X,0b0010000000000000000000000010100010] -> 0x00FE
[45] [M]: 0x800000A0 (0x00FEEEB3) or t4, t4, a5
x29 <- 0x00000000
mem[X,0b0010000000000000000000000010100100] -> 0xDF13
mem[X,0b0010000000000000000000000010100110] -> 0x007E
[46] [M]: 0x800000A4 (0x007EDF13) srli t5, t4, 0x7
x30 <- 0x00000000
mem[X,0b0010000000000000000000000010101000] -> 0xD793
mem[X,0b0010000000000000000000000010101010] -> 0x019E
[47] [M]: 0x800000A8 (0x019ED793) srli a5, t4, 0x19
x15 <- 0x00000000
mem[X,0b0010000000000000000000000010101100] -> 0x6F33
mem[X,0b0010000000000000000000000010101110] -> 0x00FF
[48] [M]: 0x800000AC (0x00FF6F33) or t5, t5, a5
x30 <- 0x00000000
mem[X,0b0010000000000000000000000010110000] -> 0xC0B7
mem[X,0b0010000000000000000000000010110010] -> 0xFEED
[49] [M]: 0x800000B0 (0xFEEDC0B7) lui ra, -0x1124
x1 <- 0xFEEDC000
mem[X,0b0010000000000000000000000010110100] -> 0x8093
mem[X,0b0010000000000000000000000010110110] -> 0xEAD0
[50] [M]: 0x800000B4 (0xEAD08093) addi ra, ra, -0x153
x1 <- 0xFEEDBEAD
mem[X,0b0010000000000000000000000010111000] -> 0xD113
mem[X,0b0010000000000000000000000010111010] -> 0x0070
[51] [M]: 0x800000B8 (0x0070D113) srli sp, ra, 0x7
x2 <- 0x01FDDB7D
mem[X,0b0010000000000000000000000010111100] -> 0xD793
mem[X,0b0010000000000000000000000010111110] -> 0x0190
[52] [M]: 0x800000BC (0x0190D793) srli a5, ra, 0x19
x15 <- 0x0000007F
mem[X,0b0010000000000000000000000011000000] -> 0x6133
mem[X,0b0010000000000000000000000011000010] -> 0x00F1
[53] [M]: 0x800000C0 (0x00F16133) or sp, sp, a5
x2 <- 0x01FDDB7F
mem[X,0b0010000000000000000000000011000100] -> 0x5193
mem[X,0b0010000000000000000000000011000110] -> 0x0071
[54] [M]: 0x800000C4 (0x00715193) srli gp, sp, 0x7
x3 <- 0x0003FBB6
mem[X,0b0010000000000000000000000011001000] -> 0x5793
mem[X,0b0010000000000000000000000011001010] -> 0x0191
[55] [M]: 0x800000C8 (0x01915793) srli a5, sp, 0x19
x15 <- 0x00000000
mem[X,0b0010000000000000000000000011001100] -> 0xE1B3
mem[X,0b0010000000000000000000000011001110] -> 0x00F1
[56] [M]: 0x800000CC (0x00F1E1B3) or gp, gp, a5
x3 <- 0x0003FBB6
mem[X,0b0010000000000000000000000011010000] -> 0xD213
mem[X,0b0010000000000000000000000011010010] -> 0x0071
[57] [M]: 0x800000D0 (0x0071D213) srli tp, gp, 0x7
x4 <- 0x000007F7
mem[X,0b0010000000000000000000000011010100] -> 0xD793
mem[X,0b0010000000000000000000000011010110] -> 0x0191
[58] [M]: 0x800000D4 (0x0191D793) srli a5, gp, 0x19
x15 <- 0x00000000
mem[X,0b0010000000000000000000000011011000] -> 0x6233
mem[X,0b0010000000000000000000000011011010] -> 0x00F2
[59] [M]: 0x800000D8 (0x00F26233) or tp, tp, a5
x4 <- 0x000007F7
mem[X,0b0010000000000000000000000011011100] -> 0x5293
mem[X,0b0010000000000000000000000011011110] -> 0x0072
[60] [M]: 0x800000DC (0x00725293) srli t0, tp, 0x7
x5 <- 0x0000000F
mem[X,0b0010000000000000000000000011100000] -> 0x5793
mem[X,0b0010000000000000000000000011100010] -> 0x0192
[61] [M]: 0x800000E0 (0x01925793) srli a5, tp, 0x19
x15 <- 0x00000000
mem[X,0b0010000000000000000000000011100100] -> 0xE2B3
mem[X,0b0010000000000000000000000011100110] -> 0x00F2
[62] [M]: 0x800000E4 (0x00F2E2B3) or t0, t0, a5
x5 <- 0x0000000F
mem[X,0b0010000000000000000000000011101000] -> 0xD313
mem[X,0b0010000000000000000000000011101010] -> 0x0072
[63] [M]: 0x800000E8 (0x0072D313) srli t1, t0, 0x7
x6 <- 0x00000000
mem[X,0b0010000000000000000000000011101100] -> 0xD793
mem[X,0b0010000000000000000000000011101110] -> 0x0192
[64] [M]: 0x800000EC (0x0192D793) srli a5, t0, 0x19
x15 <- 0x00000000
mem[X,0b0010000000000000000000000011110000] -> 0x6333
mem[X,0b0010000000000000000000000011110010] -> 0x00F3
[65] [M]: 0x800000F0 (0x00F36333) or t1, t1, a5
x6 <- 0x00000000
mem[X,0b0010000000000000000000000011110100] -> 0x5393
mem[X,0b0010000000000000000000000011110110] -> 0x0073
[66] [M]: 0x800000F4 (0x00735393) srli t2, t1, 0x7
x7 <- 0x00000000
mem[X,0b0010000000000000000000000011111000] -> 0x5793
mem[X,0b0010000000000000000000000011111010] -> 0x0193
[67] [M]: 0x800000F8 (0x01935793) srli a5, t1, 0x19
x15 <- 0x00000000
mem[X,0b0010000000000000000000000011111100] -> 0xE3B3
mem[X,0b0010000000000000000000000011111110] -> 0x00F3
[68] [M]: 0x800000FC (0x00F3E3B3) or t2, t2, a5
x7 <- 0x00000000
mem[X,0b0010000000000000000000000100000000] -> 0xD413
mem[X,0b0010000000000000000000000100000010] -> 0x0073
[69] [M]: 0x80000100 (0x0073D413) srli fp, t2, 0x7
x8 <- 0x00000000
mem[X,0b0010000000000000000000000100000100] -> 0xD793
mem[X,0b0010000000000000000000000100000110] -> 0x0193
[70] [M]: 0x80000104 (0x0193D793) srli a5, t2, 0x19
x15 <- 0x00000000
mem[X,0b0010000000000000000000000100001000] -> 0x6433
mem[X,0b0010000000000000000000000100001010] -> 0x00F4
[71] [M]: 0x80000108 (0x00F46433) or fp, fp, a5
x8 <- 0x00000000
mem[X,0b0010000000000000000000000100001100] -> 0x5493
mem[X,0b0010000000000000000000000100001110] -> 0x0074
[72] [M]: 0x8000010C (0x00745493) srli s1, fp, 0x7
x9 <- 0x00000000
mem[X,0b0010000000000000000000000100010000] -> 0x5793
mem[X,0b0010000000000000000000000100010010] -> 0x0194
[73] [M]: 0x80000110 (0x01945793) srli a5, fp, 0x19
x15 <- 0x00000000
mem[X,0b0010000000000000000000000100010100] -> 0xE4B3
mem[X,0b0010000000000000000000000100010110] -> 0x00F4
[74] [M]: 0x80000114 (0x00F4E4B3) or s1, s1, a5
x9 <- 0x00000000
mem[X,0b0010000000000000000000000100011000] -> 0xD513
mem[X,0b0010000000000000000000000100011010] -> 0x0074
[75] [M]: 0x80000118 (0x0074D513) srli a0, s1, 0x7
x10 <- 0x00000000
mem[X,0b0010000000000000000000000100011100] -> 0xD793
mem[X,0b0010000000000000000000000100011110] -> 0x0194
[76] [M]: 0x8000011C (0x0194D793) srli a5, s1, 0x19
x15 <- 0x00000000
mem[X,0b0010000000000000000000000100100000] -> 0x6533
mem[X,0b0010000000000000000000000100100010] -> 0x00F5
[77] [M]: 0x80000120 (0x00F56533) or a0, a0, a5
x10 <- 0x00000000
mem[X,0b0010000000000000000000000100100100] -> 0x5593
mem[X,0b0010000000000000000000000100100110] -> 0x0075
[78] [M]: 0x80000124 (0x00755593) srli a1, a0, 0x7
x11 <- 0x00000000
mem[X,0b0010000000000000000000000100101000] -> 0x5793
mem[X,0b0010000000000000000000000100101010] -> 0x0195
[79] [M]: 0x80000128 (0x01955793) srli a5, a0, 0x19
x15 <- 0x00000000
mem[X,0b0010000000000000000000000100101100] -> 0xE5B3
mem[X,0b0010000000000000000000000100101110] -> 0x00F5
[80] [M]: 0x8000012C (0x00F5E5B3) or a1, a1, a5
x11 <- 0x00000000
mem[X,0b0010000000000000000000000100110000] -> 0xD613
mem[X,0b0010000000000000000000000100110010] -> 0x0075
[81] [M]: 0x80000130 (0x0075D613) srli a2, a1, 0x7
x12 <- 0x00000000
mem[X,0b0010000000000000000000000100110100] -> 0xD793
mem[X,0b0010000000000000000000000100110110] -> 0x0195
[82] [M]: 0x80000134 (0x0195D793) srli a5, a1, 0x19
x15 <- 0x00000000
mem[X,0b0010000000000000000000000100111000] -> 0x6633
mem[X,0b0010000000000000000000000100111010] -> 0x00F6
[83] [M]: 0x80000138 (0x00F66633) or a2, a2, a5
x12 <- 0x00000000
mem[X,0b0010000000000000000000000100111100] -> 0x5693
mem[X,0b0010000000000000000000000100111110] -> 0x0076
[84] [M]: 0x8000013C (0x00765693) srli a3, a2, 0x7
x13 <- 0x00000000
mem[X,0b0010000000000000000000000101000000] -> 0x5793
mem[X,0b0010000000000000000000000101000010] -> 0x0196
[85] [M]: 0x80000140 (0x01965793) srli a5, a2, 0x19
x15 <- 0x00000000
mem[X,0b0010000000000000000000000101000100] -> 0xE6B3
mem[X,0b0010000000000000000000000101000110] -> 0x00F6
[86] [M]: 0x80000144 (0x00F6E6B3) or a3, a3, a5
x13 <- 0x00000000
mem[X,0b0010000000000000000000000101001000] -> 0x0013
mem[X,0b0010000000000000000000000101001010] -> 0x0000
[87] [M]: 0x80000148 (0x00000013) addi zero, zero, 0x0
mem[X,0b0010000000000000000000000101001100] -> 0x0013
mem[X,0b0010000000000000000000000101001110] -> 0x0000
[88] [M]: 0x8000014C (0x00000013) addi zero, zero, 0x0
mem[X,0b0010000000000000000000000101010000] -> 0x0013
mem[X,0b0010000000000000000000000101010010] -> 0x0000
[89] [M]: 0x80000150 (0x00000013) addi zero, zero, 0x0
mem[X,0b0010000000000000000000000101010100] -> 0x0013
mem[X,0b0010000000000000000000000101010110] -> 0x0000
[90] [M]: 0x80000154 (0x00000013) addi zero, zero, 0x0
mem[X,0b0010000000000000000000000101011000] -> 0x0013
mem[X,0b0010000000000000000000000101011010] -> 0x0000
[91] [M]: 0x80000158 (0x00000013) addi zero, zero, 0x0
mem[X,0b0010000000000000000000000101011100] -> 0x0013
mem[X,0b0010000000000000000000000101011110] -> 0x0000
[92] [M]: 0x8000015C (0x00000013) addi zero, zero, 0x0
mem[X,0b0010000000000000000000000101100000] -> 0x3117
mem[X,0b0010000000000000000000000101100010] -> 0x0000
[93] [M]: 0x80000160 (0x00003117) auipc sp, 0x3
x2 <- 0x80003160
mem[X,0b0010000000000000000000000101100100] -> 0x0113
mem[X,0b0010000000000000000000000101100110] -> 0xFB41
[94] [M]: 0x80000164 (0xFB410113) addi sp, sp, -0x4c
x2 <- 0x80003114
mem[X,0b0010000000000000000000000101101000] -> 0x0013
mem[X,0b0010000000000000000000000101101010] -> 0x0000
[95] [M]: 0x80000168 (0x00000013) addi zero, zero, 0x0
mem[X,0b0010000000000000000000000101101100] -> 0x0013
mem[X,0b0010000000000000000000000101101110] -> 0x0000
[96] [M]: 0x8000016C (0x00000013) addi zero, zero, 0x0
mem[X,0b0010000000000000000000000101110000] -> 0x0013
mem[X,0b0010000000000000000000000101110010] -> 0x0000
[97] [M]: 0x80000170 (0x00000013) addi zero, zero, 0x0
mem[X,0b0010000000000000000000000101110100] -> 0x0013
mem[X,0b0010000000000000000000000101110110] -> 0x0000
[98] [M]: 0x80000174 (0x00000013) addi zero, zero, 0x0
mem[X,0b0010000000000000000000000101111000] -> 0x0013
mem[X,0b0010000000000000000000000101111010] -> 0x0000
[99] [M]: 0x80000178 (0x00000013) addi zero, zero, 0x0
clint mtime 0x0000000000000001 (mip.MTI <- 0b1)
htif::tick 0x0000000000000000
mem[X,0b0010000000000000000000000101111100] -> 0x0013
mem[X,0b0010000000000000000000000101111110] -> 0x0000
[100] [M]: 0x8000017C (0x00000013) addi zero, zero, 0x0
mem[X,0b0010000000000000000000000110000000] -> 0x0813
mem[X,0b0010000000000000000000000110000010] -> 0xF7F0
[101] [M]: 0x80000180 (0xF7F00813) addi a6, zero, -0x81
x16 <- 0xFFFFFF7F
mem[X,0b0010000000000000000000000110000100] -> 0x0E13
mem[X,0b0010000000000000000000000110000110] -> 0x00A0
[102] [M]: 0x80000184 (0x00A00E13) addi t3, zero, 0xa
x28 <- 0x0000000A
mem[X,0b0010000000000000000000000110001000] -> 0x1E33
mem[X,0b0010000000000000000000000110001010] -> 0x01C8
[103] [M]: 0x80000188 (0x01C81E33) sll t3, a6, t3
x28 <- 0xFFFDFC00
mem[X,0b0010000000000000000000000110001100] -> 0x2023
mem[X,0b0010000000000000000000000110001110] -> 0x01C1
[104] [M]: 0x8000018C (0x01C12023) sw t3, 0x0(sp)
mem[0b0010000000000000000011000100010100] <- 0xFFFDFC00
mem[X,0b0010000000000000000000000110010000] -> 0x0A93
mem[X,0b0010000000000000000000000110010010] -> 0x0050
[105] [M]: 0x80000190 (0x00500A93) addi s5, zero, 0x5
x21 <- 0x00000005
mem[X,0b0010000000000000000000000110010100] -> 0x0A93
mem[X,0b0010000000000000000000000110010110] -> 0x0050
[106] [M]: 0x80000194 (0x00500A93) addi s5, zero, 0x5
x21 <- 0x00000005
mem[X,0b0010000000000000000000000110011000] -> 0x9033
mem[X,0b0010000000000000000000000110011010] -> 0x015A
[107] [M]: 0x80000198 (0x015A9033) sll zero, s5, s5
mem[X,0b0010000000000000000000000110011100] -> 0x2223
mem[X,0b0010000000000000000000000110011110] -> 0x0001
[108] [M]: 0x8000019C (0x00012223) sw zero, 0x4(sp)
mem[0b0010000000000000000011000100011000] <- 0x00000000
mem[X,0b0010000000000000000000000110100000] -> 0x8937
mem[X,0b0010000000000000000000000110100010] -> 0xFFFF
[109] [M]: 0x800001A0 (0xFFFF8937) lui s2, -0x8
x18 <- 0xFFFF8000
mem[X,0b0010000000000000000000000110100100] -> 0x0913
mem[X,0b0010000000000000000000000110100110] -> 0xFFF9
[110] [M]: 0x800001A4 (0xFFF90913) addi s2, s2, -0x1
x18 <- 0xFFFF7FFF
mem[X,0b0010000000000000000000000110101000] -> 0x8937
mem[X,0b0010000000000000000000000110101010] -> 0xFFFF
[111] [M]: 0x800001A8 (0xFFFF8937) lui s2, -0x8
x18 <- 0xFFFF8000
mem[X,0b0010000000000000000000000110101100] -> 0x0913
mem[X,0b0010000000000000000000000110101110] -> 0xFFF9
[112] [M]: 0x800001AC (0xFFF90913) addi s2, s2, -0x1
x18 <- 0xFFFF7FFF
mem[X,0b0010000000000000000000000110110000] -> 0x1933
mem[X,0b0010000000000000000000000110110010] -> 0x0129
[113] [M]: 0x800001B0 (0x01291933) sll s2, s2, s2
x18 <- 0x80000000
mem[X,0b0010000000000000000000000110110100] -> 0x2423
mem[X,0b0010000000000000000000000110110110] -> 0x0121
[114] [M]: 0x800001B4 (0x01212423) sw s2, 0x8(sp)
mem[0b0010000000000000000011000100011100] <- 0x80000000
mem[X,0b0010000000000000000000000110111000] -> 0x0293
mem[X,0b0010000000000000000000000110111010] -> 0x0070
[115] [M]: 0x800001B8 (0x00700293) addi t0, zero, 0x7
x5 <- 0x00000007
mem[X,0b0010000000000000000000000110111100] -> 0x0693
mem[X,0b0010000000000000000000000110111110] -> 0x0000
[116] [M]: 0x800001BC (0x00000693) addi a3, zero, 0x0
x13 <- 0x00000000
mem[X,0b0010000000000000000000000111000000] -> 0x92B3
mem[X,0b0010000000000000000000000111000010] -> 0x00D2
[117] [M]: 0x800001C0 (0x00D292B3) sll t0, t0, a3
x5 <- 0x00000007
mem[X,0b0010000000000000000000000111000100] -> 0x2623
mem[X,0b0010000000000000000000000111000110] -> 0x0051
[118] [M]: 0x800001C4 (0x00512623) sw t0, 0xc(sp)
mem[0b0010000000000000000011000100100000] <- 0x00000007
mem[X,0b0010000000000000000000000111001000] -> 0x0B13
mem[X,0b0010000000000000000000000111001010] -> 0x0060
[119] [M]: 0x800001C8 (0x00600B13) addi s6, zero, 0x6
x22 <- 0x00000006
mem[X,0b0010000000000000000000000111001100] -> 0x0613
mem[X,0b0010000000000000000000000111001110] -> 0x0060
[120] [M]: 0x800001CC (0x00600613) addi a2, zero, 0x6
x12 <- 0x00000006
mem[X,0b0010000000000000000000000111010000] -> 0x1BB3
mem[X,0b0010000000000000000000000111010010] -> 0x00CB
[121] [M]: 0x800001D0 (0x00CB1BB3) sll s7, s6, a2
x23 <- 0x00000180
mem[X,0b0010000000000000000000000111010100] -> 0x2823
mem[X,0b0010000000000000000000000111010110] -> 0x0171
[122] [M]: 0x800001D4 (0x01712823) sw s7, 0x10(sp)
mem[0b0010000000000000000011000100100100] <- 0x00000180
mem[X,0b0010000000000000000000000111011000] -> 0x09B7
mem[X,0b0010000000000000000000000111011010] -> 0x8000
[123] [M]: 0x800001D8 (0x800009B7) lui s3, -0x80000
x19 <- 0x80000000
mem[X,0b0010000000000000000000000111011100] -> 0x0013
mem[X,0b0010000000000000000000000111011110] -> 0x0000
[124] [M]: 0x800001DC (0x00000013) addi zero, zero, 0x0
mem[X,0b0010000000000000000000000111100000] -> 0x9333
mem[X,0b0010000000000000000000000111100010] -> 0x0009
[125] [M]: 0x800001E0 (0x00099333) sll t1, s3, zero
x6 <- 0x80000000
mem[X,0b0010000000000000000000000111100100] -> 0x2A23
mem[X,0b0010000000000000000000000111100110] -> 0x0061
[126] [M]: 0x800001E4 (0x00612A23) sw t1, 0x14(sp)
mem[0b0010000000000000000011000100101000] <- 0x80000000
mem[X,0b0010000000000000000000000111101000] -> 0x0C93
mem[X,0b0010000000000000000000000111101010] -> 0x0000
[127] [M]: 0x800001E8 (0x00000C93) addi s9, zero, 0x0
x25 <- 0x00000000
mem[X,0b0010000000000000000000000111101100] -> 0x0C13
mem[X,0b0010000000000000000000000111101110] -> 0x0040
[128] [M]: 0x800001EC (0x00400C13) addi s8, zero, 0x4
x24 <- 0x00000004
mem[X,0b0010000000000000000000000111110000] -> 0x96B3
mem[X,0b0010000000000000000000000111110010] -> 0x018C
[129] [M]: 0x800001F0 (0x018C96B3) sll a3, s9, s8
x13 <- 0x00000000
mem[X,0b0010000000000000000000000111110100] -> 0x2C23
mem[X,0b0010000000000000000000000111110110] -> 0x00D1
[130] [M]: 0x800001F4 (0x00D12C23) sw a3, 0x18(sp)
mem[0b0010000000000000000011000100101100] <- 0x00000000
mem[X,0b0010000000000000000000000111111000] -> 0x0637
mem[X,0b0010000000000000000000000111111010] -> 0x8000
[131] [M]: 0x800001F8 (0x80000637) lui a2, -0x80000
x12 <- 0x80000000
mem[X,0b0010000000000000000000000111111100] -> 0x0613
mem[X,0b0010000000000000000000000111111110] -> 0xFFF6
[132] [M]: 0x800001FC (0xFFF60613) addi a2, a2, -0x1
x12 <- 0x7FFFFFFF
mem[X,0b0010000000000000000000001000000000] -> 0x0D13
mem[X,0b0010000000000000000000001000000010] -> 0x0150
[133] [M]: 0x80000200 (0x01500D13) addi s10, zero, 0x15
x26 <- 0x00000015
mem[X,0b0010000000000000000000001000000100] -> 0x1833
mem[X,0b0010000000000000000000001000000110] -> 0x01A6
[134] [M]: 0x80000204 (0x01A61833) sll a6, a2, s10
x16 <- 0xFFE00000
mem[X,0b0010000000000000000000001000001000] -> 0x2E23
mem[X,0b0010000000000000000000001000001010] -> 0x0101
[135] [M]: 0x80000208 (0x01012E23) sw a6, 0x1c(sp)
mem[0b0010000000000000000011000100110000] <- 0xFFE00000
mem[X,0b0010000000000000000000001000001100] -> 0x0313
mem[X,0b0010000000000000000000001000001110] -> 0x0010
[136] [M]: 0x8000020C (0x00100313) addi t1, zero, 0x1
x6 <- 0x00000001
mem[X,0b0010000000000000000000001000010000] -> 0x0713
mem[X,0b0010000000000000000000001000010010] -> 0x0040
[137] [M]: 0x80000210 (0x00400713) addi a4, zero, 0x4
x14 <- 0x00000004
mem[X,0b0010000000000000000000001000010100] -> 0x1A33
mem[X,0b0010000000000000000000001000010110] -> 0x00E3
[138] [M]: 0x80000214 (0x00E31A33) sll s4, t1, a4
x20 <- 0x00000010
mem[X,0b0010000000000000000000001000011000] -> 0x2023
mem[X,0b0010000000000000000000001000011010] -> 0x0341
[139] [M]: 0x80000218 (0x03412023) sw s4, 0x20(sp)
mem[0b0010000000000000000011000100110100] <- 0x00000010
mem[X,0b0010000000000000000000001000011100] -> 0x0713
mem[X,0b0010000000000000000000001000011110] -> 0x0020
[140] [M]: 0x8000021C (0x00200713) addi a4, zero, 0x2
x14 <- 0x00000002
mem[X,0b0010000000000000000000001000100000] -> 0x0093
mem[X,0b0010000000000000000000001000100010] -> 0x01F0
[141] [M]: 0x80000220 (0x01F00093) addi ra, zero, 0x1f
x1 <- 0x0000001F
mem[X,0b0010000000000000000000001000100100] -> 0x1B33
mem[X,0b0010000000000000000000001000100110] -> 0x0017
[142] [M]: 0x80000224 (0x00171B33) sll s6, a4, ra
x22 <- 0x00000000
mem[X,0b0010000000000000000000001000101000] -> 0x2223
mem[X,0b0010000000000000000000001000101010] -> 0x0361
[143] [M]: 0x80000228 (0x03612223) sw s6, 0x24(sp)
mem[0b0010000000000000000011000100111000] <- 0x00000000
mem[X,0b0010000000000000000000001000101100] -> 0x0E93
mem[X,0b0010000000000000000000001000101110] -> 0x0040
[144] [M]: 0x8000022C (0x00400E93) addi t4, zero, 0x4
x29 <- 0x00000004
mem[X,0b0010000000000000000000001000110000] -> 0x0393
mem[X,0b0010000000000000000000001000110010] -> 0x0020
[145] [M]: 0x80000230 (0x00200393) addi t2, zero, 0x2
x7 <- 0x00000002
mem[X,0b0010000000000000000000001000110100] -> 0x9AB3
mem[X,0b0010000000000000000000001000110110] -> 0x007E
[146] [M]: 0x80000234 (0x007E9AB3) sll s5, t4, t2
x21 <- 0x00000010
mem[X,0b0010000000000000000000001000111000] -> 0x2423
mem[X,0b0010000000000000000000001000111010] -> 0x0351
[147] [M]: 0x80000238 (0x03512423) sw s5, 0x28(sp)
mem[0b0010000000000000000011000100111100] <- 0x00000010
mem[X,0b0010000000000000000000001000111100] -> 0x0F93
mem[X,0b0010000000000000000000001000111110] -> 0x0080
[148] [M]: 0x8000023C (0x00800F93) addi t6, zero, 0x8
x31 <- 0x00000008
mem[X,0b0010000000000000000000001001000000] -> 0x0513
mem[X,0b0010000000000000000000001001000010] -> 0x01F0
[149] [M]: 0x80000240 (0x01F00513) addi a0, zero, 0x1f
x10 <- 0x0000001F
mem[X,0b0010000000000000000000001001000100] -> 0x9233
mem[X,0b0010000000000000000000001001000110] -> 0x00AF
[150] [M]: 0x80000244 (0x00AF9233) sll tp, t6, a0
x4 <- 0x00000000
mem[X,0b0010000000000000000000001001001000] -> 0x2623
mem[X,0b0010000000000000000000001001001010] -> 0x0241
[151] [M]: 0x80000248 (0x02412623) sw tp, 0x2c(sp)
mem[0b0010000000000000000011000101000000] <- 0x00000000
mem[X,0b0010000000000000000000001001001100] -> 0x0893
mem[X,0b0010000000000000000000001001001110] -> 0x0100
[152] [M]: 0x8000024C (0x01000893) addi a7, zero, 0x10
x17 <- 0x00000010
mem[X,0b0010000000000000000000001001010000] -> 0x0A13
mem[X,0b0010000000000000000000001001010010] -> 0x01F0
[153] [M]: 0x80000250 (0x01F00A13) addi s4, zero, 0x1f
x20 <- 0x0000001F
mem[X,0b0010000000000000000000001001010100] -> 0x93B3
mem[X,0b0010000000000000000000001001010110] -> 0x0148
[154] [M]: 0x80000254 (0x014893B3) sll t2, a7, s4
x7 <- 0x00000000
mem[X,0b0010000000000000000000001001011000] -> 0x2823
mem[X,0b0010000000000000000000001001011010] -> 0x0271
[155] [M]: 0x80000258 (0x02712823) sw t2, 0x30(sp)
mem[0b0010000000000000000011000101000100] <- 0x00000000
mem[X,0b0010000000000000000000001001011100] -> 0x0A13
mem[X,0b0010000000000000000000001001011110] -> 0x0200
[156] [M]: 0x8000025C (0x02000A13) addi s4, zero, 0x20
x20 <- 0x00000020
mem[X,0b0010000000000000000000001001100000] -> 0x0593
mem[X,0b0010000000000000000000001001100010] -> 0x0170
[157] [M]: 0x80000260 (0x01700593) addi a1, zero, 0x17
x11 <- 0x00000017
mem[X,0b0010000000000000000000001001100100] -> 0x1633
mem[X,0b0010000000000000000000001001100110] -> 0x00BA
[158] [M]: 0x80000264 (0x00BA1633) sll a2, s4, a1
x12 <- 0x10000000
mem[X,0b0010000000000000000000001001101000] -> 0x2A23
mem[X,0b0010000000000000000000001001101010] -> 0x02C1
[159] [M]: 0x80000268 (0x02C12A23) sw a2, 0x34(sp)
mem[0b0010000000000000000011000101001000] <- 0x10000000
mem[X,0b0010000000000000000000001001101100] -> 0x0593
mem[X,0b0010000000000000000000001001101110] -> 0x0400
[160] [M]: 0x8000026C (0x04000593) addi a1, zero, 0x40
x11 <- 0x00000040
mem[X,0b0010000000000000000000001001110000] -> 0x0B13
mem[X,0b0010000000000000000000001001110010] -> 0x0110
[161] [M]: 0x80000270 (0x01100B13) addi s6, zero, 0x11
x22 <- 0x00000011
mem[X,0b0010000000000000000000001001110100] -> 0x91B3
mem[X,0b0010000000000000000000001001110110] -> 0x0165
[162] [M]: 0x80000274 (0x016591B3) sll gp, a1, s6
x3 <- 0x00800000
mem[X,0b0010000000000000000000001001111000] -> 0x2C23
mem[X,0b0010000000000000000000001001111010] -> 0x0231
[163] [M]: 0x80000278 (0x02312C23) sw gp, 0x38(sp)
mem[0b0010000000000000000011000101001100] <- 0x00800000
mem[X,0b0010000000000000000000001001111100] -> 0x0013
mem[X,0b0010000000000000000000001001111110] -> 0x0000
[164] [M]: 0x8000027C (0x00000013) addi zero, zero, 0x0
mem[X,0b0010000000000000000000001010000000] -> 0x0F13
mem[X,0b0010000000000000000000001010000010] -> 0x0100
[165] [M]: 0x80000280 (0x01000F13) addi t5, zero, 0x10
x30 <- 0x00000010
mem[X,0b0010000000000000000000001010000100] -> 0x1C33
mem[X,0b0010000000000000000000001010000110] -> 0x01E0
[166] [M]: 0x80000284 (0x01E01C33) sll s8, zero, t5
x24 <- 0x00000000
mem[X,0b0010000000000000000000001010001000] -> 0x2E23
mem[X,0b0010000000000000000000001010001010] -> 0x0381
[167] [M]: 0x80000288 (0x03812E23) sw s8, 0x3c(sp)
mem[0b0010000000000000000011000101010000] <- 0x00000000
mem[X,0b0010000000000000000000001010001100] -> 0x0193
mem[X,0b0010000000000000000000001010001110] -> 0x1000
[168] [M]: 0x8000028C (0x10000193) addi gp, zero, 0x100
x3 <- 0x00000100
mem[X,0b0010000000000000000000001010010000] -> 0x0F93
mem[X,0b0010000000000000000000001010010010] -> 0x01B0
[169] [M]: 0x80000290 (0x01B00F93) addi t6, zero, 0x1b
x31 <- 0x0000001B
mem[X,0b0010000000000000000000001010010100] -> 0x9433
mem[X,0b0010000000000000000000001010010110] -> 0x01F1
[170] [M]: 0x80000294 (0x01F19433) sll fp, gp, t6
x8 <- 0x00000000
mem[X,0b0010000000000000000000001010011000] -> 0x2023
mem[X,0b0010000000000000000000001010011010] -> 0x0481
[171] [M]: 0x80000298 (0x04812023) sw fp, 0x40(sp)
mem[0b0010000000000000000011000101010100] <- 0x00000000
mem[X,0b0010000000000000000000001010011100] -> 0x0D93
mem[X,0b0010000000000000000000001010011110] -> 0x2000
[172] [M]: 0x8000029C (0x20000D93) addi s11, zero, 0x200
x27 <- 0x00000200
mem[X,0b0010000000000000000000001010100000] -> 0x0893
mem[X,0b0010000000000000000000001010100010] -> 0x0000
[173] [M]: 0x800002A0 (0x00000893) addi a7, zero, 0x0
x17 <- 0x00000000
mem[X,0b0010000000000000000000001010100100] -> 0x9533
mem[X,0b0010000000000000000000001010100110] -> 0x011D
[174] [M]: 0x800002A4 (0x011D9533) sll a0, s11, a7
x10 <- 0x00000200
mem[X,0b0010000000000000000000001010101000] -> 0x2223
mem[X,0b0010000000000000000000001010101010] -> 0x04A1
[175] [M]: 0x800002A8 (0x04A12223) sw a0, 0x44(sp)
mem[0b0010000000000000000011000101011000] <- 0x00000200
mem[X,0b0010000000000000000000001010101100] -> 0x0013
mem[X,0b0010000000000000000000001010101110] -> 0x0000
[176] [M]: 0x800002AC (0x00000013) addi zero, zero, 0x0
mem[X,0b0010000000000000000000001010110000] -> 0x0013
mem[X,0b0010000000000000000000001010110010] -> 0x0000
[177] [M]: 0x800002B0 (0x00000013) addi zero, zero, 0x0
mem[X,0b0010000000000000000000001010110100] -> 0x0013
mem[X,0b0010000000000000000000001010110110] -> 0x0000
[178] [M]: 0x800002B4 (0x00000013) addi zero, zero, 0x0
mem[X,0b0010000000000000000000001010111000] -> 0x0013
mem[X,0b0010000000000000000000001010111010] -> 0x0000
[179] [M]: 0x800002B8 (0x00000013) addi zero, zero, 0x0
mem[X,0b0010000000000000000000001010111100] -> 0x0013
mem[X,0b0010000000000000000000001010111110] -> 0x0000
[180] [M]: 0x800002BC (0x00000013) addi zero, zero, 0x0
mem[X,0b0010000000000000000000001011000000] -> 0x3917
mem[X,0b0010000000000000000000001011000010] -> 0x0000
[181] [M]: 0x800002C0 (0x00003917) auipc s2, 0x3
x18 <- 0x800032C0
mem[X,0b0010000000000000000000001011000100] -> 0x0913
mem[X,0b0010000000000000000000001011000110] -> 0xE9C9
[182] [M]: 0x800002C4 (0xE9C90913) addi s2, s2, -0x164
x18 <- 0x8000315C
mem[X,0b0010000000000000000000001011001000] -> 0x0013
mem[X,0b0010000000000000000000001011001010] -> 0x0000
[183] [M]: 0x800002C8 (0x00000013) addi zero, zero, 0x0
mem[X,0b0010000000000000000000001011001100] -> 0x0013
mem[X,0b0010000000000000000000001011001110] -> 0x0000
[184] [M]: 0x800002CC (0x00000013) addi zero, zero, 0x0
mem[X,0b0010000000000000000000001011010000] -> 0x0013
mem[X,0b0010000000000000000000001011010010] -> 0x0000
[185] [M]: 0x800002D0 (0x00000013) addi zero, zero, 0x0
mem[X,0b0010000000000000000000001011010100] -> 0x0013
mem[X,0b0010000000000000000000001011010110] -> 0x0000
[186] [M]: 0x800002D4 (0x00000013) addi zero, zero, 0x0
mem[X,0b0010000000000000000000001011011000] -> 0x0013
mem[X,0b0010000000000000000000001011011010] -> 0x0000
[187] [M]: 0x800002D8 (0x00000013) addi zero, zero, 0x0
mem[X,0b0010000000000000000000001011011100] -> 0x0013
mem[X,0b0010000000000000000000001011011110] -> 0x0000
[188] [M]: 0x800002DC (0x00000013) addi zero, zero, 0x0
mem[X,0b0010000000000000000000001011100000] -> 0x0513
mem[X,0b0010000000000000000000001011100010] -> 0x4000
[189] [M]: 0x800002E0 (0x40000513) addi a0, zero, 0x400
x10 <- 0x00000400
mem[X,0b0010000000000000000000001011100100] -> 0x0993
mem[X,0b0010000000000000000000001011100110] -> 0x01B0
[190] [M]: 0x800002E4 (0x01B00993) addi s3, zero, 0x1b
x19 <- 0x0000001B
mem[X,0b0010000000000000000000001011101000] -> 0x15B3
mem[X,0b0010000000000000000000001011101010] -> 0x0135
[191] [M]: 0x800002E8 (0x013515B3) sll a1, a0, s3
x11 <- 0x00000000
mem[X,0b0010000000000000000000001011101100] -> 0x2023
mem[X,0b0010000000000000000000001011101110] -> 0x00B9
[192] [M]: 0x800002EC (0x00B92023) sw a1, 0x0(s2)
mem[0b0010000000000000000011000101011100] <- 0x00000000
mem[X,0b0010000000000000000000001011110000] -> 0x1437
mem[X,0b0010000000000000000000001011110010] -> 0x0000
[193] [M]: 0x800002F0 (0x00001437) lui fp, 0x1
x8 <- 0x00001000
mem[X,0b0010000000000000000000001011110100] -> 0x0413
mem[X,0b0010000000000000000000001011110110] -> 0x8004
[194] [M]: 0x800002F4 (0x80040413) addi fp, fp, -0x800
x8 <- 0x00000800
mem[X,0b0010000000000000000000001011111000] -> 0x0D93
mem[X,0b0010000000000000000000001011111010] -> 0x0060
[195] [M]: 0x800002F8 (0x00600D93) addi s11, zero, 0x6
x27 <- 0x00000006
mem[X,0b0010000000000000000000001011111100] -> 0x10B3
mem[X,0b0010000000000000000000001011111110] -> 0x01B4
[196] [M]: 0x800002FC (0x01B410B3) sll ra, fp, s11
x1 <- 0x00020000
mem[X,0b0010000000000000000000001100000000] -> 0x2223
mem[X,0b0010000000000000000000001100000010] -> 0x0019
[197] [M]: 0x80000300 (0x00192223) sw ra, 0x4(s2)
mem[0b0010000000000000000011000101100000] <- 0x00020000
mem[X,0b0010000000000000000000001100000100] -> 0x1E37
mem[X,0b0010000000000000000000001100000110] -> 0x0000
[198] [M]: 0x80000304 (0x00001E37) lui t3, 0x1
x28 <- 0x00001000
mem[X,0b0010000000000000000000001100001000] -> 0x0493
mem[X,0b0010000000000000000000001100001010] -> 0x0100
[199] [M]: 0x80000308 (0x01000493) addi s1, zero, 0x10
x9 <- 0x00000010
clint mtime 0x0000000000000002 (mip.MTI <- 0b1)
htif::tick 0x0000000000000000
mem[X,0b0010000000000000000000001100001100] -> 0x1CB3
mem[X,0b0010000000000000000000001100001110] -> 0x009E
[200] [M]: 0x8000030C (0x009E1CB3) sll s9, t3, s1
x25 <- 0x10000000
mem[X,0b0010000000000000000000001100010000] -> 0x2423
mem[X,0b0010000000000000000000001100010010] -> 0x0199
[201] [M]: 0x80000310 (0x01992423) sw s9, 0x8(s2)
mem[0b0010000000000000000011000101100100] <- 0x10000000
mem[X,0b0010000000000000000000001100010100] -> 0x2137
mem[X,0b0010000000000000000000001100010110] -> 0x0000
[202] [M]: 0x80000314 (0x00002137) lui sp, 0x2
x2 <- 0x00002000
mem[X,0b0010000000000000000000001100011000] -> 0x0793
mem[X,0b0010000000000000000000001100011010] -> 0x00D0
[203] [M]: 0x80000318 (0x00D00793) addi a5, zero, 0xd
x15 <- 0x0000000D
mem[X,0b0010000000000000000000001100011100] -> 0x1DB3
mem[X,0b0010000000000000000000001100011110] -> 0x00F1
[204] [M]: 0x8000031C (0x00F11DB3) sll s11, sp, a5
x27 <- 0x04000000
mem[X,0b0010000000000000000000001100100000] -> 0x2623
mem[X,0b0010000000000000000000001100100010] -> 0x01B9
[205] [M]: 0x80000320 (0x01B92623) sw s11, 0xc(s2)
mem[0b0010000000000000000011000101101000] <- 0x04000000
mem[X,0b0010000000000000000000001100100100] -> 0x4C37
mem[X,0b0010000000000000000000001100100110] -> 0x0000
[206] [M]: 0x80000324 (0x00004C37) lui s8, 0x4
x24 <- 0x00004000
mem[X,0b0010000000000000000000001100101000] -> 0x0E93
mem[X,0b0010000000000000000000001100101010] -> 0x0120
[207] [M]: 0x80000328 (0x01200E93) addi t4, zero, 0x12
x29 <- 0x00000012
mem[X,0b0010000000000000000000001100101100] -> 0x1D33
mem[X,0b0010000000000000000000001100101110] -> 0x01DC
[208] [M]: 0x8000032C (0x01DC1D33) sll s10, s8, t4
x26 <- 0x00000000
mem[X,0b0010000000000000000000001100110000] -> 0x2823
mem[X,0b0010000000000000000000001100110010] -> 0x01A9
[209] [M]: 0x80000330 (0x01A92823) sw s10, 0x10(s2)
mem[0b0010000000000000000011000101101100] <- 0x00000000
mem[X,0b0010000000000000000000001100110100] -> 0x80B7
mem[X,0b0010000000000000000000001100110110] -> 0x0000
[210] [M]: 0x80000334 (0x000080B7) lui ra, 0x8
x1 <- 0x00008000
mem[X,0b0010000000000000000000001100111000] -> 0x0B93
mem[X,0b0010000000000000000000001100111010] -> 0x0110
[211] [M]: 0x80000338 (0x01100B93) addi s7, zero, 0x11
x23 <- 0x00000011
mem[X,0b0010000000000000000000001100111100] -> 0x94B3
mem[X,0b0010000000000000000000001100111110] -> 0x0170
[212] [M]: 0x8000033C (0x017094B3) sll s1, ra, s7
x9 <- 0x00000000
mem[X,0b0010000000000000000000001101000000] -> 0x2A23
mem[X,0b0010000000000000000000001101000010] -> 0x0099
[213] [M]: 0x80000340 (0x00992A23) sw s1, 0x14(s2)
mem[0b0010000000000000000011000101110000] <- 0x00000000
mem[X,0b0010000000000000000000001101000100] -> 0x0BB7
mem[X,0b0010000000000000000000001101000110] -> 0x0001
[214] [M]: 0x80000344 (0x00010BB7) lui s7, 0x10
x23 <- 0x00010000
mem[X,0b0010000000000000000000001101001000] -> 0x0813
mem[X,0b0010000000000000000000001101001010] -> 0x01F0
[215] [M]: 0x80000348 (0x01F00813) addi a6, zero, 0x1f
x16 <- 0x0000001F
mem[X,0b0010000000000000000000001101001100] -> 0x9733
mem[X,0b0010000000000000000000001101001110] -> 0x010B
[216] [M]: 0x8000034C (0x010B9733) sll a4, s7, a6
x14 <- 0x00000000
mem[X,0b0010000000000000000000001101010000] -> 0x2C23
mem[X,0b0010000000000000000000001101010010] -> 0x00E9
[217] [M]: 0x80000350 (0x00E92C23) sw a4, 0x18(s2)
mem[0b0010000000000000000011000101110100] <- 0x00000000
mem[X,0b0010000000000000000000001101010100] -> 0x0237
mem[X,0b0010000000000000000000001101010110] -> 0x0002
[218] [M]: 0x80000354 (0x00020237) lui tp, 0x20
x4 <- 0x00020000
mem[X,0b0010000000000000000000001101011000] -> 0x0193
mem[X,0b0010000000000000000000001101011010] -> 0x0130
[219] [M]: 0x80000358 (0x01300193) addi gp, zero, 0x13
x3 <- 0x00000013
mem[X,0b0010000000000000000000001101011100] -> 0x18B3
mem[X,0b0010000000000000000000001101011110] -> 0x0032
[220] [M]: 0x8000035C (0x003218B3) sll a7, tp, gp
x17 <- 0x00000000
mem[X,0b0010000000000000000000001101100000] -> 0x2E23
mem[X,0b0010000000000000000000001101100010] -> 0x0119
[221] [M]: 0x80000360 (0x01192E23) sw a7, 0x1c(s2)
mem[0b0010000000000000000011000101111000] <- 0x00000000
mem[X,0b0010000000000000000000001101100100] -> 0x03B7
mem[X,0b0010000000000000000000001101100110] -> 0x0004
[222] [M]: 0x80000364 (0x000403B7) lui t2, 0x40
x7 <- 0x00040000
mem[X,0b0010000000000000000000001101101000] -> 0x0213
mem[X,0b0010000000000000000000001101101010] -> 0x0170
[223] [M]: 0x80000368 (0x01700213) addi tp, zero, 0x17
x4 <- 0x00000017
mem[X,0b0010000000000000000000001101101100] -> 0x97B3
mem[X,0b0010000000000000000000001101101110] -> 0x0043
[224] [M]: 0x8000036C (0x004397B3) sll a5, t2, tp
x15 <- 0x00000000
mem[X,0b0010000000000000000000001101110000] -> 0x2023
mem[X,0b0010000000000000000000001101110010] -> 0x02F9
[225] [M]: 0x80000370 (0x02F92023) sw a5, 0x20(s2)
mem[0b0010000000000000000011000101111100] <- 0x00000000
mem[X,0b0010000000000000000000001101110100] -> 0x04B7
mem[X,0b0010000000000000000000001101110110] -> 0x0008
[226] [M]: 0x80000374 (0x000804B7) lui s1, 0x80
x9 <- 0x00080000
mem[X,0b0010000000000000000000001101111000] -> 0x0113
mem[X,0b0010000000000000000000001101111010] -> 0x0130
[227] [M]: 0x80000378 (0x01300113) addi sp, zero, 0x13
x2 <- 0x00000013
mem[X,0b0010000000000000000000001101111100] -> 0x9EB3
mem[X,0b0010000000000000000000001101111110] -> 0x0024
[228] [M]: 0x8000037C (0x00249EB3) sll t4, s1, sp
x29 <- 0x00000000
mem[X,0b0010000000000000000000001110000000] -> 0x2223
mem[X,0b0010000000000000000000001110000010] -> 0x03D9
[229] [M]: 0x80000380 (0x03D92223) sw t4, 0x24(s2)
mem[0b0010000000000000000011000110000000] <- 0x00000000
mem[X,0b0010000000000000000000001110000100] -> 0x07B7
mem[X,0b0010000000000000000000001110000110] -> 0x0010
[230] [M]: 0x80000384 (0x001007B7) lui a5, 0x100
x15 <- 0x00100000
mem[X,0b0010000000000000000000001110001000] -> 0x0413
mem[X,0b0010000000000000000000001110001010] -> 0x00B0
[231] [M]: 0x80000388 (0x00B00413) addi fp, zero, 0xb
x8 <- 0x0000000B
mem[X,0b0010000000000000000000001110001100] -> 0x9FB3
mem[X,0b0010000000000000000000001110001110] -> 0x0087
[232] [M]: 0x8000038C (0x00879FB3) sll t6, a5, fp
x31 <- 0x80000000
mem[X,0b0010000000000000000000001110010000] -> 0x2423
mem[X,0b0010000000000000000000001110010010] -> 0x03F9
[233] [M]: 0x80000390 (0x03F92423) sw t6, 0x28(s2)
mem[0b0010000000000000000011000110000100] <- 0x80000000
mem[X,0b0010000000000000000000001110010100] -> 0x0D37
mem[X,0b0010000000000000000000001110010110] -> 0x0020
[234] [M]: 0x80000394 (0x00200D37) lui s10, 0x200
x26 <- 0x00200000
mem[X,0b0010000000000000000000001110011000] -> 0x0313
mem[X,0b0010000000000000000000001110011010] -> 0x01F0
[235] [M]: 0x80000398 (0x01F00313) addi t1, zero, 0x1f
x6 <- 0x0000001F
mem[X,0b0010000000000000000000001110011100] -> 0x1F33
mem[X,0b0010000000000000000000001110011110] -> 0x006D
[236] [M]: 0x8000039C (0x006D1F33) sll t5, s10, t1
x30 <- 0x00000000
mem[X,0b0010000000000000000000001110100000] -> 0x2623
mem[X,0b0010000000000000000000001110100010] -> 0x03E9
[237] [M]: 0x800003A0 (0x03E92623) sw t5, 0x2c(s2)
mem[0b0010000000000000000011000110001000] <- 0x00000000
mem[X,0b0010000000000000000000001110100100] -> 0x0F37
mem[X,0b0010000000000000000000001110100110] -> 0x0040
[238] [M]: 0x800003A4 (0x00400F37) lui t5, 0x400
x30 <- 0x00400000
mem[X,0b0010000000000000000000001110101000] -> 0x0293
mem[X,0b0010000000000000000000001110101010] -> 0x0090
[239] [M]: 0x800003A8 (0x00900293) addi t0, zero, 0x9
x5 <- 0x00000009
mem[X,0b0010000000000000000000001110101100] -> 0x19B3
mem[X,0b0010000000000000000000001110101110] -> 0x005F
[240] [M]: 0x800003AC (0x005F19B3) sll s3, t5, t0
x19 <- 0x80000000
mem[X,0b0010000000000000000000001110110000] -> 0x2823
mem[X,0b0010000000000000000000001110110010] -> 0x0339
[241] [M]: 0x800003B0 (0x03392823) sw s3, 0x30(s2)
mem[0b0010000000000000000011000110001100] <- 0x80000000
mem[X,0b0010000000000000000000001110110100] -> 0x06B7
mem[X,0b0010000000000000000000001110110110] -> 0x0080
[242] [M]: 0x800003B4 (0x008006B7) lui a3, 0x800
x13 <- 0x00800000
mem[X,0b0010000000000000000000001110111000] -> 0x0C93
mem[X,0b0010000000000000000000001110111010] -> 0x0040
[243] [M]: 0x800003B8 (0x00400C93) addi s9, zero, 0x4
x25 <- 0x00000004
mem[X,0b0010000000000000000000001110111100] -> 0x9133
mem[X,0b0010000000000000000000001110111110] -> 0x0196
[244] [M]: 0x800003BC (0x01969133) sll sp, a3, s9
x2 <- 0x08000000
mem[X,0b0010000000000000000000001111000000] -> 0x2A23
mem[X,0b0010000000000000000000001111000010] -> 0x0229
[245] [M]: 0x800003C0 (0x02292A23) sw sp, 0x34(s2)
mem[0b0010000000000000000011000110010000] <- 0x08000000
mem[X,0b0010000000000000000000001111000100] -> 0x0537
mem[X,0b0010000000000000000000001111000110] -> 0x0100
[246] [M]: 0x800003C4 (0x01000537) lui a0, 0x1000
x10 <- 0x01000000
mem[X,0b0010000000000000000000001111001000] -> 0x0593
mem[X,0b0010000000000000000000001111001010] -> 0x0020
[247] [M]: 0x800003C8 (0x00200593) addi a1, zero, 0x2
x11 <- 0x00000002
mem[X,0b0010000000000000000000001111001100] -> 0x1633
mem[X,0b0010000000000000000000001111001110] -> 0x00B5
[248] [M]: 0x800003CC (0x00B51633) sll a2, a0, a1
x12 <- 0x04000000
mem[X,0b0010000000000000000000001111010000] -> 0x2C23
mem[X,0b0010000000000000000000001111010010] -> 0x02C9
[249] [M]: 0x800003D0 (0x02C92C23) sw a2, 0x38(s2)
mem[0b0010000000000000000011000110010100] <- 0x04000000
mem[X,0b0010000000000000000000001111010100] -> 0x0537
mem[X,0b0010000000000000000000001111010110] -> 0x0200
[250] [M]: 0x800003D4 (0x02000537) lui a0, 0x2000
x10 <- 0x02000000
mem[X,0b0010000000000000000000001111011000] -> 0x0593
mem[X,0b0010000000000000000000001111011010] -> 0x0040
[251] [M]: 0x800003D8 (0x00400593) addi a1, zero, 0x4
x11 <- 0x00000004
mem[X,0b0010000000000000000000001111011100] -> 0x1633
mem[X,0b0010000000000000000000001111011110] -> 0x00B5
[252] [M]: 0x800003DC (0x00B51633) sll a2, a0, a1
x12 <- 0x20000000
mem[X,0b0010000000000000000000001111100000] -> 0x2E23
mem[X,0b0010000000000000000000001111100010] -> 0x02C9
[253] [M]: 0x800003E0 (0x02C92E23) sw a2, 0x3c(s2)
mem[0b0010000000000000000011000110011000] <- 0x20000000
mem[X,0b0010000000000000000000001111100100] -> 0x0537
mem[X,0b0010000000000000000000001111100110] -> 0x0400
[254] [M]: 0x800003E4 (0x04000537) lui a0, 0x4000
x10 <- 0x04000000
mem[X,0b0010000000000000000000001111101000] -> 0x0593
mem[X,0b0010000000000000000000001111101010] -> 0x0080
[255] [M]: 0x800003E8 (0x00800593) addi a1, zero, 0x8
x11 <- 0x00000008
mem[X,0b0010000000000000000000001111101100] -> 0x1633
mem[X,0b0010000000000000000000001111101110] -> 0x00B5
[256] [M]: 0x800003EC (0x00B51633) sll a2, a0, a1
x12 <- 0x00000000
mem[X,0b0010000000000000000000001111110000] -> 0x2023
mem[X,0b0010000000000000000000001111110010] -> 0x04C9
[257] [M]: 0x800003F0 (0x04C92023) sw a2, 0x40(s2)
mem[0b0010000000000000000011000110011100] <- 0x00000000
mem[X,0b0010000000000000000000001111110100] -> 0x0537
mem[X,0b0010000000000000000000001111110110] -> 0x0800
[258] [M]: 0x800003F4 (0x08000537) lui a0, 0x8000
x10 <- 0x08000000
mem[X,0b0010000000000000000000001111111000] -> 0x0593
mem[X,0b0010000000000000000000001111111010] -> 0x01D0
[259] [M]: 0x800003F8 (0x01D00593) addi a1, zero, 0x1d
x11 <- 0x0000001D
mem[X,0b0010000000000000000000001111111100] -> 0x1633
mem[X,0b0010000000000000000000001111111110] -> 0x00B5
[260] [M]: 0x800003FC (0x00B51633) sll a2, a0, a1
x12 <- 0x00000000
mem[X,0b0010000000000000000000010000000000] -> 0x2223
mem[X,0b0010000000000000000000010000000010] -> 0x04C9
[261] [M]: 0x80000400 (0x04C92223) sw a2, 0x44(s2)
mem[0b0010000000000000000011000110100000] <- 0x00000000
mem[X,0b0010000000000000000000010000000100] -> 0x0537
mem[X,0b0010000000000000000000010000000110] -> 0x1000
[262] [M]: 0x80000404 (0x10000537) lui a0, 0x10000
x10 <- 0x10000000
mem[X,0b0010000000000000000000010000001000] -> 0x0593
mem[X,0b0010000000000000000000010000001010] -> 0x0120
[263] [M]: 0x80000408 (0x01200593) addi a1, zero, 0x12
x11 <- 0x00000012
mem[X,0b0010000000000000000000010000001100] -> 0x1633
mem[X,0b0010000000000000000000010000001110] -> 0x00B5
[264] [M]: 0x8000040C (0x00B51633) sll a2, a0, a1
x12 <- 0x00000000
mem[X,0b0010000000000000000000010000010000] -> 0x2423
mem[X,0b0010000000000000000000010000010010] -> 0x04C9
[265] [M]: 0x80000410 (0x04C92423) sw a2, 0x48(s2)
mem[0b0010000000000000000011000110100100] <- 0x00000000
mem[X,0b0010000000000000000000010000010100] -> 0x0537
mem[X,0b0010000000000000000000010000010110] -> 0x2000
[266] [M]: 0x80000414 (0x20000537) lui a0, 0x20000
x10 <- 0x20000000
mem[X,0b0010000000000000000000010000011000] -> 0x0593
mem[X,0b0010000000000000000000010000011010] -> 0x00D0
[267] [M]: 0x80000418 (0x00D00593) addi a1, zero, 0xd
x11 <- 0x0000000D
mem[X,0b0010000000000000000000010000011100] -> 0x1633
mem[X,0b0010000000000000000000010000011110] -> 0x00B5
[268] [M]: 0x8000041C (0x00B51633) sll a2, a0, a1
x12 <- 0x00000000
mem[X,0b0010000000000000000000010000100000] -> 0x2623
mem[X,0b0010000000000000000000010000100010] -> 0x04C9
[269] [M]: 0x80000420 (0x04C92623) sw a2, 0x4c(s2)
mem[0b0010000000000000000011000110101000] <- 0x00000000
mem[X,0b0010000000000000000000010000100100] -> 0x0537
mem[X,0b0010000000000000000000010000100110] -> 0x4000
[270] [M]: 0x80000424 (0x40000537) lui a0, 0x40000
x10 <- 0x40000000
mem[X,0b0010000000000000000000010000101000] -> 0x0593
mem[X,0b0010000000000000000000010000101010] -> 0x00F0
[271] [M]: 0x80000428 (0x00F00593) addi a1, zero, 0xf
x11 <- 0x0000000F
mem[X,0b0010000000000000000000010000101100] -> 0x1633
mem[X,0b0010000000000000000000010000101110] -> 0x00B5
[272] [M]: 0x8000042C (0x00B51633) sll a2, a0, a1
x12 <- 0x00000000
mem[X,0b0010000000000000000000010000110000] -> 0x2823
mem[X,0b0010000000000000000000010000110010] -> 0x04C9
[273] [M]: 0x80000430 (0x04C92823) sw a2, 0x50(s2)
mem[0b0010000000000000000011000110101100] <- 0x00000000
mem[X,0b0010000000000000000000010000110100] -> 0x0513
mem[X,0b0010000000000000000000010000110110] -> 0xFFE0
[274] [M]: 0x80000434 (0xFFE00513) addi a0, zero, -0x2
x10 <- 0xFFFFFFFE
mem[X,0b0010000000000000000000010000111000] -> 0x0593
mem[X,0b0010000000000000000000010000111010] -> 0x01D0
[275] [M]: 0x80000438 (0x01D00593) addi a1, zero, 0x1d
x11 <- 0x0000001D
mem[X,0b0010000000000000000000010000111100] -> 0x1633
mem[X,0b0010000000000000000000010000111110] -> 0x00B5
[276] [M]: 0x8000043C (0x00B51633) sll a2, a0, a1
x12 <- 0xC0000000
mem[X,0b0010000000000000000000010001000000] -> 0x2A23
mem[X,0b0010000000000000000000010001000010] -> 0x04C9
[277] [M]: 0x80000440 (0x04C92A23) sw a2, 0x54(s2)
mem[0b0010000000000000000011000110110000] <- 0xC0000000
mem[X,0b0010000000000000000000010001000100] -> 0x0513
mem[X,0b0010000000000000000000010001000110] -> 0xFFD0
[278] [M]: 0x80000444 (0xFFD00513) addi a0, zero, -0x3
x10 <- 0xFFFFFFFD
mem[X,0b0010000000000000000000010001001000] -> 0x0593
mem[X,0b0010000000000000000000010001001010] -> 0x01E0
[279] [M]: 0x80000448 (0x01E00593) addi a1, zero, 0x1e
x11 <- 0x0000001E
mem[X,0b0010000000000000000000010001001100] -> 0x1633
mem[X,0b0010000000000000000000010001001110] -> 0x00B5
[280] [M]: 0x8000044C (0x00B51633) sll a2, a0, a1
x12 <- 0x40000000
mem[X,0b0010000000000000000000010001010000] -> 0x2C23
mem[X,0b0010000000000000000000010001010010] -> 0x04C9
[281] [M]: 0x80000450 (0x04C92C23) sw a2, 0x58(s2)
mem[0b0010000000000000000011000110110100] <- 0x40000000
mem[X,0b0010000000000000000000010001010100] -> 0x0513
mem[X,0b0010000000000000000000010001010110] -> 0xFFB0
[282] [M]: 0x80000454 (0xFFB00513) addi a0, zero, -0x5
x10 <- 0xFFFFFFFB
mem[X,0b0010000000000000000000010001011000] -> 0x0593
mem[X,0b0010000000000000000000010001011010] -> 0x0150
[283] [M]: 0x80000458 (0x01500593) addi a1, zero, 0x15
x11 <- 0x00000015
mem[X,0b0010000000000000000000010001011100] -> 0x1633
mem[X,0b0010000000000000000000010001011110] -> 0x00B5
[284] [M]: 0x8000045C (0x00B51633) sll a2, a0, a1
x12 <- 0xFF600000
mem[X,0b0010000000000000000000010001100000] -> 0x2E23
mem[X,0b0010000000000000000000010001100010] -> 0x04C9
[285] [M]: 0x80000460 (0x04C92E23) sw a2, 0x5c(s2)
mem[0b0010000000000000000011000110111000] <- 0xFF600000
mem[X,0b0010000000000000000000010001100100] -> 0x0513
mem[X,0b0010000000000000000000010001100110] -> 0xFF70
[286] [M]: 0x80000464 (0xFF700513) addi a0, zero, -0x9
x10 <- 0xFFFFFFF7
mem[X,0b0010000000000000000000010001101000] -> 0x0593
mem[X,0b0010000000000000000000010001101010] -> 0x0130
[287] [M]: 0x80000468 (0x01300593) addi a1, zero, 0x13
x11 <- 0x00000013
mem[X,0b0010000000000000000000010001101100] -> 0x1633
mem[X,0b0010000000000000000000010001101110] -> 0x00B5
[288] [M]: 0x8000046C (0x00B51633) sll a2, a0, a1
x12 <- 0xFFB80000
mem[X,0b0010000000000000000000010001110000] -> 0x2023
mem[X,0b0010000000000000000000010001110010] -> 0x06C9
[289] [M]: 0x80000470 (0x06C92023) sw a2, 0x60(s2)
mem[0b0010000000000000000011000110111100] <- 0xFFB80000
mem[X,0b0010000000000000000000010001110100] -> 0x0513
mem[X,0b0010000000000000000000010001110110] -> 0xFEF0
[290] [M]: 0x80000474 (0xFEF00513) addi a0, zero, -0x11
x10 <- 0xFFFFFFEF
mem[X,0b0010000000000000000000010001111000] -> 0x0593
mem[X,0b0010000000000000000000010001111010] -> 0x00A0
[291] [M]: 0x80000478 (0x00A00593) addi a1, zero, 0xa
x11 <- 0x0000000A
mem[X,0b0010000000000000000000010001111100] -> 0x1633
mem[X,0b0010000000000000000000010001111110] -> 0x00B5
[292] [M]: 0x8000047C (0x00B51633) sll a2, a0, a1
x12 <- 0xFFFFBC00
mem[X,0b0010000000000000000000010010000000] -> 0x2223
mem[X,0b0010000000000000000000010010000010] -> 0x06C9
[293] [M]: 0x80000480 (0x06C92223) sw a2, 0x64(s2)
mem[0b0010000000000000000011000111000000] <- 0xFFFFBC00
mem[X,0b0010000000000000000000010010000100] -> 0x0513
mem[X,0b0010000000000000000000010010000110] -> 0xFDF0
[294] [M]: 0x80000484 (0xFDF00513) addi a0, zero, -0x21
x10 <- 0xFFFFFFDF
mem[X,0b0010000000000000000000010010001000] -> 0x0593
mem[X,0b0010000000000000000000010010001010] -> 0x0080
[295] [M]: 0x80000488 (0x00800593) addi a1, zero, 0x8
x11 <- 0x00000008
mem[X,0b0010000000000000000000010010001100] -> 0x1633
mem[X,0b0010000000000000000000010010001110] -> 0x00B5
[296] [M]: 0x8000048C (0x00B51633) sll a2, a0, a1
x12 <- 0xFFFFDF00
mem[X,0b0010000000000000000000010010010000] -> 0x2423
mem[X,0b0010000000000000000000010010010010] -> 0x06C9
[297] [M]: 0x80000490 (0x06C92423) sw a2, 0x68(s2)
mem[0b0010000000000000000011000111000100] <- 0xFFFFDF00
mem[X,0b0010000000000000000000010010010100] -> 0x0513
mem[X,0b0010000000000000000000010010010110] -> 0xFBF0
[298] [M]: 0x80000494 (0xFBF00513) addi a0, zero, -0x41
x10 <- 0xFFFFFFBF
mem[X,0b0010000000000000000000010010011000] -> 0x0593
mem[X,0b0010000000000000000000010010011010] -> 0x0060
[299] [M]: 0x80000498 (0x00600593) addi a1, zero, 0x6
x11 <- 0x00000006
clint mtime 0x0000000000000003 (mip.MTI <- 0b1)
htif::tick 0x0000000000000000
mem[X,0b0010000000000000000000010010011100] -> 0x1633
mem[X,0b0010000000000000000000010010011110] -> 0x00B5
[300] [M]: 0x8000049C (0x00B51633) sll a2, a0, a1
x12 <- 0xFFFFEFC0
mem[X,0b0010000000000000000000010010100000] -> 0x2623
mem[X,0b0010000000000000000000010010100010] -> 0x06C9
[301] [M]: 0x800004A0 (0x06C92623) sw a2, 0x6c(s2)
mem[0b0010000000000000000011000111001000] <- 0xFFFFEFC0
mem[X,0b0010000000000000000000010010100100] -> 0x0513
mem[X,0b0010000000000000000000010010100110] -> 0xEFF0
[302] [M]: 0x800004A4 (0xEFF00513) addi a0, zero, -0x101
x10 <- 0xFFFFFEFF
mem[X,0b0010000000000000000000010010101000] -> 0x0593
mem[X,0b0010000000000000000000010010101010] -> 0x0030
[303] [M]: 0x800004A8 (0x00300593) addi a1, zero, 0x3
x11 <- 0x00000003
mem[X,0b0010000000000000000000010010101100] -> 0x1633
mem[X,0b0010000000000000000000010010101110] -> 0x00B5
[304] [M]: 0x800004AC (0x00B51633) sll a2, a0, a1
x12 <- 0xFFFFF7F8
mem[X,0b0010000000000000000000010010110000] -> 0x2823
mem[X,0b0010000000000000000000010010110010] -> 0x06C9
[305] [M]: 0x800004B0 (0x06C92823) sw a2, 0x70(s2)
mem[0b0010000000000000000011000111001100] <- 0xFFFFF7F8
mem[X,0b0010000000000000000000010010110100] -> 0x0513
mem[X,0b0010000000000000000000010010110110] -> 0xDFF0
[306] [M]: 0x800004B4 (0xDFF00513) addi a0, zero, -0x201
x10 <- 0xFFFFFDFF
mem[X,0b0010000000000000000000010010111000] -> 0x0593
mem[X,0b0010000000000000000000010010111010] -> 0x0080
[307] [M]: 0x800004B8 (0x00800593) addi a1, zero, 0x8
x11 <- 0x00000008
mem[X,0b0010000000000000000000010010111100] -> 0x1633
mem[X,0b0010000000000000000000010010111110] -> 0x00B5
[308] [M]: 0x800004BC (0x00B51633) sll a2, a0, a1
x12 <- 0xFFFDFF00
mem[X,0b0010000000000000000000010011000000] -> 0x2A23
mem[X,0b0010000000000000000000010011000010] -> 0x06C9
[309] [M]: 0x800004C0 (0x06C92A23) sw a2, 0x74(s2)
mem[0b0010000000000000000011000111010000] <- 0xFFFDFF00
mem[X,0b0010000000000000000000010011000100] -> 0x0513
mem[X,0b0010000000000000000000010011000110] -> 0xBFF0
[310] [M]: 0x800004C4 (0xBFF00513) addi a0, zero, -0x401
x10 <- 0xFFFFFBFF
mem[X,0b0010000000000000000000010011001000] -> 0x0593
mem[X,0b0010000000000000000000010011001010] -> 0x0010
[311] [M]: 0x800004C8 (0x00100593) addi a1, zero, 0x1
x11 <- 0x00000001
mem[X,0b0010000000000000000000010011001100] -> 0x1633
mem[X,0b0010000000000000000000010011001110] -> 0x00B5
[312] [M]: 0x800004CC (0x00B51633) sll a2, a0, a1
x12 <- 0xFFFFF7FE
mem[X,0b0010000000000000000000010011010000] -> 0x2C23
mem[X,0b0010000000000000000000010011010010] -> 0x06C9
[313] [M]: 0x800004D0 (0x06C92C23) sw a2, 0x78(s2)
mem[0b0010000000000000000011000111010100] <- 0xFFFFF7FE
mem[X,0b0010000000000000000000010011010100] -> 0xF537
mem[X,0b0010000000000000000000010011010110] -> 0xFFFF
[314] [M]: 0x800004D4 (0xFFFFF537) lui a0, -0x1
x10 <- 0xFFFFF000
mem[X,0b0010000000000000000000010011011000] -> 0x0513
mem[X,0b0010000000000000000000010011011010] -> 0x7FF5
[315] [M]: 0x800004D8 (0x7FF50513) addi a0, a0, 0x7ff
x10 <- 0xFFFFF7FF
mem[X,0b0010000000000000000000010011011100] -> 0x0593
mem[X,0b0010000000000000000000010011011110] -> 0x01E0
[316] [M]: 0x800004DC (0x01E00593) addi a1, zero, 0x1e
x11 <- 0x0000001E
mem[X,0b0010000000000000000000010011100000] -> 0x1633
mem[X,0b0010000000000000000000010011100010] -> 0x00B5
[317] [M]: 0x800004E0 (0x00B51633) sll a2, a0, a1
x12 <- 0xC0000000
mem[X,0b0010000000000000000000010011100100] -> 0x2E23
mem[X,0b0010000000000000000000010011100110] -> 0x06C9
[318] [M]: 0x800004E4 (0x06C92E23) sw a2, 0x7c(s2)
mem[0b0010000000000000000011000111011000] <- 0xC0000000
mem[X,0b0010000000000000000000010011101000] -> 0xF537
mem[X,0b0010000000000000000000010011101010] -> 0xFFFF
[319] [M]: 0x800004E8 (0xFFFFF537) lui a0, -0x1
x10 <- 0xFFFFF000
mem[X,0b0010000000000000000000010011101100] -> 0x0513
mem[X,0b0010000000000000000000010011101110] -> 0xFFF5
[320] [M]: 0x800004EC (0xFFF50513) addi a0, a0, -0x1
x10 <- 0xFFFFEFFF
mem[X,0b0010000000000000000000010011110000] -> 0x0593
mem[X,0b0010000000000000000000010011110010] -> 0x00A0
[321] [M]: 0x800004F0 (0x00A00593) addi a1, zero, 0xa
x11 <- 0x0000000A
mem[X,0b0010000000000000000000010011110100] -> 0x1633
mem[X,0b0010000000000000000000010011110110] -> 0x00B5
[322] [M]: 0x800004F4 (0x00B51633) sll a2, a0, a1
x12 <- 0xFFBFFC00
mem[X,0b0010000000000000000000010011111000] -> 0x2023
mem[X,0b0010000000000000000000010011111010] -> 0x08C9
[323] [M]: 0x800004F8 (0x08C92023) sw a2, 0x80(s2)
mem[0b0010000000000000000011000111011100] <- 0xFFBFFC00
mem[X,0b0010000000000000000000010011111100] -> 0xE537
mem[X,0b0010000000000000000000010011111110] -> 0xFFFF
[324] [M]: 0x800004FC (0xFFFFE537) lui a0, -0x2
x10 <- 0xFFFFE000
mem[X,0b0010000000000000000000010100000000] -> 0x0513
mem[X,0b0010000000000000000000010100000010] -> 0xFFF5
[325] [M]: 0x80000500 (0xFFF50513) addi a0, a0, -0x1
x10 <- 0xFFFFDFFF
mem[X,0b0010000000000000000000010100000100] -> 0x0593
mem[X,0b0010000000000000000000010100000110] -> 0x00F0
[326] [M]: 0x80000504 (0x00F00593) addi a1, zero, 0xf
x11 <- 0x0000000F
mem[X,0b0010000000000000000000010100001000] -> 0x1633
mem[X,0b0010000000000000000000010100001010] -> 0x00B5
[327] [M]: 0x80000508 (0x00B51633) sll a2, a0, a1
x12 <- 0xEFFF8000
mem[X,0b0010000000000000000000010100001100] -> 0x2223
mem[X,0b0010000000000000000000010100001110] -> 0x08C9
[328] [M]: 0x8000050C (0x08C92223) sw a2, 0x84(s2)
mem[0b0010000000000000000011000111100000] <- 0xEFFF8000
mem[X,0b0010000000000000000000010100010000] -> 0xC537
mem[X,0b0010000000000000000000010100010010] -> 0xFFFF
[329] [M]: 0x80000510 (0xFFFFC537) lui a0, -0x4
x10 <- 0xFFFFC000
mem[X,0b0010000000000000000000010100010100] -> 0x0513
mem[X,0b0010000000000000000000010100010110] -> 0xFFF5
[330] [M]: 0x80000514 (0xFFF50513) addi a0, a0, -0x1
x10 <- 0xFFFFBFFF
mem[X,0b0010000000000000000000010100011000] -> 0x0593
mem[X,0b0010000000000000000000010100011010] -> 0x0150
[331] [M]: 0x80000518 (0x01500593) addi a1, zero, 0x15
x11 <- 0x00000015
mem[X,0b0010000000000000000000010100011100] -> 0x1633
mem[X,0b0010000000000000000000010100011110] -> 0x00B5
[332] [M]: 0x8000051C (0x00B51633) sll a2, a0, a1
x12 <- 0xFFE00000
mem[X,0b0010000000000000000000010100100000] -> 0x2423
mem[X,0b0010000000000000000000010100100010] -> 0x08C9
[333] [M]: 0x80000520 (0x08C92423) sw a2, 0x88(s2)
mem[0b0010000000000000000011000111100100] <- 0xFFE00000
mem[X,0b0010000000000000000000010100100100] -> 0x0537
mem[X,0b0010000000000000000000010100100110] -> 0xFFFF
[334] [M]: 0x80000524 (0xFFFF0537) lui a0, -0x10
x10 <- 0xFFFF0000
mem[X,0b0010000000000000000000010100101000] -> 0x0513
mem[X,0b0010000000000000000000010100101010] -> 0xFFF5
[335] [M]: 0x80000528 (0xFFF50513) addi a0, a0, -0x1
x10 <- 0xFFFEFFFF
mem[X,0b0010000000000000000000010100101100] -> 0x0593
mem[X,0b0010000000000000000000010100101110] -> 0x0040
[336] [M]: 0x8000052C (0x00400593) addi a1, zero, 0x4
x11 <- 0x00000004
mem[X,0b0010000000000000000000010100110000] -> 0x1633
mem[X,0b0010000000000000000000010100110010] -> 0x00B5
[337] [M]: 0x80000530 (0x00B51633) sll a2, a0, a1
x12 <- 0xFFEFFFF0
mem[X,0b0010000000000000000000010100110100] -> 0x2623
mem[X,0b0010000000000000000000010100110110] -> 0x08C9
[338] [M]: 0x80000534 (0x08C92623) sw a2, 0x8c(s2)
mem[0b0010000000000000000011000111101000] <- 0xFFEFFFF0
mem[X,0b0010000000000000000000010100111000] -> 0x0537
mem[X,0b0010000000000000000000010100111010] -> 0xFFFE
[339] [M]: 0x80000538 (0xFFFE0537) lui a0, -0x20
x10 <- 0xFFFE0000
mem[X,0b0010000000000000000000010100111100] -> 0x0513
mem[X,0b0010000000000000000000010100111110] -> 0xFFF5
[340] [M]: 0x8000053C (0xFFF50513) addi a0, a0, -0x1
x10 <- 0xFFFDFFFF
mem[X,0b0010000000000000000000010101000000] -> 0x0593
mem[X,0b0010000000000000000000010101000010] -> 0x0110
[341] [M]: 0x80000540 (0x01100593) addi a1, zero, 0x11
x11 <- 0x00000011
mem[X,0b0010000000000000000000010101000100] -> 0x1633
mem[X,0b0010000000000000000000010101000110] -> 0x00B5
[342] [M]: 0x80000544 (0x00B51633) sll a2, a0, a1
x12 <- 0xFFFE0000
mem[X,0b0010000000000000000000010101001000] -> 0x2823
mem[X,0b0010000000000000000000010101001010] -> 0x08C9
[343] [M]: 0x80000548 (0x08C92823) sw a2, 0x90(s2)
mem[0b0010000000000000000011000111101100] <- 0xFFFE0000
mem[X,0b0010000000000000000000010101001100] -> 0x0537
mem[X,0b0010000000000000000000010101001110] -> 0xFFFC
[344] [M]: 0x8000054C (0xFFFC0537) lui a0, -0x40
x10 <- 0xFFFC0000
mem[X,0b0010000000000000000000010101010000] -> 0x0513
mem[X,0b0010000000000000000000010101010010] -> 0xFFF5
[345] [M]: 0x80000550 (0xFFF50513) addi a0, a0, -0x1
x10 <- 0xFFFBFFFF
mem[X,0b0010000000000000000000010101010100] -> 0x0593
mem[X,0b0010000000000000000000010101010110] -> 0x0000
[346] [M]: 0x80000554 (0x00000593) addi a1, zero, 0x0
x11 <- 0x00000000
mem[X,0b0010000000000000000000010101011000] -> 0x1633
mem[X,0b0010000000000000000000010101011010] -> 0x00B5
[347] [M]: 0x80000558 (0x00B51633) sll a2, a0, a1
x12 <- 0xFFFBFFFF
mem[X,0b0010000000000000000000010101011100] -> 0x2A23
mem[X,0b0010000000000000000000010101011110] -> 0x08C9
[348] [M]: 0x8000055C (0x08C92A23) sw a2, 0x94(s2)
mem[0b0010000000000000000011000111110000] <- 0xFFFBFFFF
mem[X,0b0010000000000000000000010101100000] -> 0x0537
mem[X,0b0010000000000000000000010101100010] -> 0xFF80
[349] [M]: 0x80000560 (0xFF800537) lui a0, -0x800
x10 <- 0xFF800000
mem[X,0b0010000000000000000000010101100100] -> 0x0513
mem[X,0b0010000000000000000000010101100110] -> 0xFFF5
[350] [M]: 0x80000564 (0xFFF50513) addi a0, a0, -0x1
x10 <- 0xFF7FFFFF
mem[X,0b0010000000000000000000010101101000] -> 0x0593
mem[X,0b0010000000000000000000010101101010] -> 0x0030
[351] [M]: 0x80000568 (0x00300593) addi a1, zero, 0x3
x11 <- 0x00000003
mem[X,0b0010000000000000000000010101101100] -> 0x1633
mem[X,0b0010000000000000000000010101101110] -> 0x00B5
[352] [M]: 0x8000056C (0x00B51633) sll a2, a0, a1
x12 <- 0xFBFFFFF8
mem[X,0b0010000000000000000000010101110000] -> 0x2C23
mem[X,0b0010000000000000000000010101110010] -> 0x08C9
[353] [M]: 0x80000570 (0x08C92C23) sw a2, 0x98(s2)
mem[0b0010000000000000000011000111110100] <- 0xFBFFFFF8
mem[X,0b0010000000000000000000010101110100] -> 0x0537
mem[X,0b0010000000000000000000010101110110] -> 0xFF00
[354] [M]: 0x80000574 (0xFF000537) lui a0, -0x1000
x10 <- 0xFF000000
mem[X,0b0010000000000000000000010101111000] -> 0x0513
mem[X,0b0010000000000000000000010101111010] -> 0xFFF5
[355] [M]: 0x80000578 (0xFFF50513) addi a0, a0, -0x1
x10 <- 0xFEFFFFFF
mem[X,0b0010000000000000000000010101111100] -> 0x0593
mem[X,0b0010000000000000000000010101111110] -> 0x0000
[356] [M]: 0x8000057C (0x00000593) addi a1, zero, 0x0
x11 <- 0x00000000
mem[X,0b0010000000000000000000010110000000] -> 0x1633
mem[X,0b0010000000000000000000010110000010] -> 0x00B5
[357] [M]: 0x80000580 (0x00B51633) sll a2, a0, a1
x12 <- 0xFEFFFFFF
mem[X,0b0010000000000000000000010110000100] -> 0x2E23
mem[X,0b0010000000000000000000010110000110] -> 0x08C9
[358] [M]: 0x80000584 (0x08C92E23) sw a2, 0x9c(s2)
mem[0b0010000000000000000011000111111000] <- 0xFEFFFFFF
mem[X,0b0010000000000000000000010110001000] -> 0x0537
mem[X,0b0010000000000000000000010110001010] -> 0xFE00
[359] [M]: 0x80000588 (0xFE000537) lui a0, -0x2000
x10 <- 0xFE000000
mem[X,0b0010000000000000000000010110001100] -> 0x0513
mem[X,0b0010000000000000000000010110001110] -> 0xFFF5
[360] [M]: 0x8000058C (0xFFF50513) addi a0, a0, -0x1
x10 <- 0xFDFFFFFF
mem[X,0b0010000000000000000000010110010000] -> 0x0593
mem[X,0b0010000000000000000000010110010010] -> 0x0010
[361] [M]: 0x80000590 (0x00100593) addi a1, zero, 0x1
x11 <- 0x00000001
mem[X,0b0010000000000000000000010110010100] -> 0x1633
mem[X,0b0010000000000000000000010110010110] -> 0x00B5
[362] [M]: 0x80000594 (0x00B51633) sll a2, a0, a1
x12 <- 0xFBFFFFFE
mem[X,0b0010000000000000000000010110011000] -> 0x2023
mem[X,0b0010000000000000000000010110011010] -> 0x0AC9
[363] [M]: 0x80000598 (0x0AC92023) sw a2, 0xa0(s2)
mem[0b0010000000000000000011000111111100] <- 0xFBFFFFFE
mem[X,0b0010000000000000000000010110011100] -> 0x0537
mem[X,0b0010000000000000000000010110011110] -> 0xFC00
[364] [M]: 0x8000059C (0xFC000537) lui a0, -0x4000
x10 <- 0xFC000000
mem[X,0b0010000000000000000000010110100000] -> 0x0513
mem[X,0b0010000000000000000000010110100010] -> 0xFFF5
[365] [M]: 0x800005A0 (0xFFF50513) addi a0, a0, -0x1
x10 <- 0xFBFFFFFF
mem[X,0b0010000000000000000000010110100100] -> 0x0593
mem[X,0b0010000000000000000000010110100110] -> 0x0130
[366] [M]: 0x800005A4 (0x01300593) addi a1, zero, 0x13
x11 <- 0x00000013
mem[X,0b0010000000000000000000010110101000] -> 0x1633
mem[X,0b0010000000000000000000010110101010] -> 0x00B5
[367] [M]: 0x800005A8 (0x00B51633) sll a2, a0, a1
x12 <- 0xFFF80000
mem[X,0b0010000000000000000000010110101100] -> 0x2223
mem[X,0b0010000000000000000000010110101110] -> 0x0AC9
[368] [M]: 0x800005AC (0x0AC92223) sw a2, 0xa4(s2)
mem[0b0010000000000000000011001000000000] <- 0xFFF80000
mem[X,0b0010000000000000000000010110110000] -> 0x0537
mem[X,0b0010000000000000000000010110110010] -> 0xF800
[369] [M]: 0x800005B0 (0xF8000537) lui a0, -0x8000
x10 <- 0xF8000000
mem[X,0b0010000000000000000000010110110100] -> 0x0513
mem[X,0b0010000000000000000000010110110110] -> 0xFFF5
[370] [M]: 0x800005B4 (0xFFF50513) addi a0, a0, -0x1
x10 <- 0xF7FFFFFF
mem[X,0b0010000000000000000000010110111000] -> 0x0593
mem[X,0b0010000000000000000000010110111010] -> 0x01E0
[371] [M]: 0x800005B8 (0x01E00593) addi a1, zero, 0x1e
x11 <- 0x0000001E
mem[X,0b0010000000000000000000010110111100] -> 0x1633
mem[X,0b0010000000000000000000010110111110] -> 0x00B5
[372] [M]: 0x800005BC (0x00B51633) sll a2, a0, a1
x12 <- 0xC0000000
mem[X,0b0010000000000000000000010111000000] -> 0x2423
mem[X,0b0010000000000000000000010111000010] -> 0x0AC9
[373] [M]: 0x800005C0 (0x0AC92423) sw a2, 0xa8(s2)
mem[0b0010000000000000000011001000000100] <- 0xC0000000
mem[X,0b0010000000000000000000010111000100] -> 0x0537
mem[X,0b0010000000000000000000010111000110] -> 0xF000
[374] [M]: 0x800005C4 (0xF0000537) lui a0, -0x10000
x10 <- 0xF0000000
mem[X,0b0010000000000000000000010111001000] -> 0x0513
mem[X,0b0010000000000000000000010111001010] -> 0xFFF5
[375] [M]: 0x800005C8 (0xFFF50513) addi a0, a0, -0x1
x10 <- 0xEFFFFFFF
mem[X,0b0010000000000000000000010111001100] -> 0x0593
mem[X,0b0010000000000000000000010111001110] -> 0x0130
[376] [M]: 0x800005CC (0x01300593) addi a1, zero, 0x13
x11 <- 0x00000013
mem[X,0b0010000000000000000000010111010000] -> 0x1633
mem[X,0b0010000000000000000000010111010010] -> 0x00B5
[377] [M]: 0x800005D0 (0x00B51633) sll a2, a0, a1
x12 <- 0xFFF80000
mem[X,0b0010000000000000000000010111010100] -> 0x2623
mem[X,0b0010000000000000000000010111010110] -> 0x0AC9
[378] [M]: 0x800005D4 (0x0AC92623) sw a2, 0xac(s2)
mem[0b0010000000000000000011001000001000] <- 0xFFF80000
mem[X,0b0010000000000000000000010111011000] -> 0x0537
mem[X,0b0010000000000000000000010111011010] -> 0xE000
[379] [M]: 0x800005D8 (0xE0000537) lui a0, -0x20000
x10 <- 0xE0000000
mem[X,0b0010000000000000000000010111011100] -> 0x0513
mem[X,0b0010000000000000000000010111011110] -> 0xFFF5
[380] [M]: 0x800005DC (0xFFF50513) addi a0, a0, -0x1
x10 <- 0xDFFFFFFF
mem[X,0b0010000000000000000000010111100000] -> 0x0593
mem[X,0b0010000000000000000000010111100010] -> 0x0120
[381] [M]: 0x800005E0 (0x01200593) addi a1, zero, 0x12
x11 <- 0x00000012
mem[X,0b0010000000000000000000010111100100] -> 0x1633
mem[X,0b0010000000000000000000010111100110] -> 0x00B5
[382] [M]: 0x800005E4 (0x00B51633) sll a2, a0, a1
x12 <- 0xFFFC0000
mem[X,0b0010000000000000000000010111101000] -> 0x2823
mem[X,0b0010000000000000000000010111101010] -> 0x0AC9
[383] [M]: 0x800005E8 (0x0AC92823) sw a2, 0xb0(s2)
mem[0b0010000000000000000011001000001100] <- 0xFFFC0000
mem[X,0b0010000000000000000000010111101100] -> 0x0537
mem[X,0b0010000000000000000000010111101110] -> 0xC000
[384] [M]: 0x800005EC (0xC0000537) lui a0, -0x40000
x10 <- 0xC0000000
mem[X,0b0010000000000000000000010111110000] -> 0x0513
mem[X,0b0010000000000000000000010111110010] -> 0xFFF5
[385] [M]: 0x800005F0 (0xFFF50513) addi a0, a0, -0x1
x10 <- 0xBFFFFFFF
mem[X,0b0010000000000000000000010111110100] -> 0x0593
mem[X,0b0010000000000000000000010111110110] -> 0x0050
[386] [M]: 0x800005F4 (0x00500593) addi a1, zero, 0x5
x11 <- 0x00000005
mem[X,0b0010000000000000000000010111111000] -> 0x1633
mem[X,0b0010000000000000000000010111111010] -> 0x00B5
[387] [M]: 0x800005F8 (0x00B51633) sll a2, a0, a1
x12 <- 0xFFFFFFE0
mem[X,0b0010000000000000000000010111111100] -> 0x2A23
mem[X,0b0010000000000000000000010111111110] -> 0x0AC9
[388] [M]: 0x800005FC (0x0AC92A23) sw a2, 0xb4(s2)
mem[0b0010000000000000000011001000010000] <- 0xFFFFFFE0
mem[X,0b0010000000000000000000011000000000] -> 0x5537
mem[X,0b0010000000000000000000011000000010] -> 0x5555
[389] [M]: 0x80000600 (0x55555537) lui a0, 0x55555
x10 <- 0x55555000
mem[X,0b0010000000000000000000011000000100] -> 0x0513
mem[X,0b0010000000000000000000011000000110] -> 0x5555
[390] [M]: 0x80000604 (0x55550513) addi a0, a0, 0x555
x10 <- 0x55555555
mem[X,0b0010000000000000000000011000001000] -> 0x0593
mem[X,0b0010000000000000000000011000001010] -> 0x00C0
[391] [M]: 0x80000608 (0x00C00593) addi a1, zero, 0xc
x11 <- 0x0000000C
mem[X,0b0010000000000000000000011000001100] -> 0x1633
mem[X,0b0010000000000000000000011000001110] -> 0x00B5
[392] [M]: 0x8000060C (0x00B51633) sll a2, a0, a1
x12 <- 0x55555000
mem[X,0b0010000000000000000000011000010000] -> 0x2C23
mem[X,0b0010000000000000000000011000010010] -> 0x0AC9
[393] [M]: 0x80000610 (0x0AC92C23) sw a2, 0xb8(s2)
mem[0b0010000000000000000011001000010100] <- 0x55555000
mem[X,0b0010000000000000000000011000010100] -> 0xB537
mem[X,0b0010000000000000000000011000010110] -> 0xAAAA
[394] [M]: 0x80000614 (0xAAAAB537) lui a0, -0x55555
x10 <- 0xAAAAB000
mem[X,0b0010000000000000000000011000011000] -> 0x0513
mem[X,0b0010000000000000000000011000011010] -> 0xAAA5
[395] [M]: 0x80000618 (0xAAA50513) addi a0, a0, -0x556
x10 <- 0xAAAAAAAA
mem[X,0b0010000000000000000000011000011100] -> 0x0593
mem[X,0b0010000000000000000000011000011110] -> 0x0040
[396] [M]: 0x8000061C (0x00400593) addi a1, zero, 0x4
x11 <- 0x00000004
mem[X,0b0010000000000000000000011000100000] -> 0x1633
mem[X,0b0010000000000000000000011000100010] -> 0x00B5
[397] [M]: 0x80000620 (0x00B51633) sll a2, a0, a1
x12 <- 0xAAAAAAA0
mem[X,0b0010000000000000000000011000100100] -> 0x2E23
mem[X,0b0010000000000000000000011000100110] -> 0x0AC9
[398] [M]: 0x80000624 (0x0AC92E23) sw a2, 0xbc(s2)
mem[0b0010000000000000000011001000011000] <- 0xAAAAAAA0
mem[X,0b0010000000000000000000011000101000] -> 0x0513
mem[X,0b0010000000000000000000011000101010] -> 0x0030
[399] [M]: 0x80000628 (0x00300513) addi a0, zero, 0x3
x10 <- 0x00000003
clint mtime 0x0000000000000004 (mip.MTI <- 0b1)
htif::tick 0x0000000000000000
mem[X,0b0010000000000000000000011000101100] -> 0x0593
mem[X,0b0010000000000000000000011000101110] -> 0x01B0
[400] [M]: 0x8000062C (0x01B00593) addi a1, zero, 0x1b
x11 <- 0x0000001B
mem[X,0b0010000000000000000000011000110000] -> 0x1633
mem[X,0b0010000000000000000000011000110010] -> 0x00B5
[401] [M]: 0x80000630 (0x00B51633) sll a2, a0, a1
x12 <- 0x18000000
mem[X,0b0010000000000000000000011000110100] -> 0x2023
mem[X,0b0010000000000000000000011000110110] -> 0x0CC9
[402] [M]: 0x80000634 (0x0CC92023) sw a2, 0xc0(s2)
mem[0b0010000000000000000011001000011100] <- 0x18000000
mem[X,0b0010000000000000000000011000111000] -> 0x3537
mem[X,0b0010000000000000000000011000111010] -> 0x3333
[403] [M]: 0x80000638 (0x33333537) lui a0, 0x33333
x10 <- 0x33333000
mem[X,0b0010000000000000000000011000111100] -> 0x0513
mem[X,0b0010000000000000000000011000111110] -> 0x3335
[404] [M]: 0x8000063C (0x33350513) addi a0, a0, 0x333
x10 <- 0x33333333
mem[X,0b0010000000000000000000011001000000] -> 0x0593
mem[X,0b0010000000000000000000011001000010] -> 0x0000
[405] [M]: 0x80000640 (0x00000593) addi a1, zero, 0x0
x11 <- 0x00000000
mem[X,0b0010000000000000000000011001000100] -> 0x1633
mem[X,0b0010000000000000000000011001000110] -> 0x00B5
[406] [M]: 0x80000644 (0x00B51633) sll a2, a0, a1
x12 <- 0x33333333
mem[X,0b0010000000000000000000011001001000] -> 0x2223
mem[X,0b0010000000000000000000011001001010] -> 0x0CC9
[407] [M]: 0x80000648 (0x0CC92223) sw a2, 0xc4(s2)
mem[0b0010000000000000000011001000100000] <- 0x33333333
mem[X,0b0010000000000000000000011001001100] -> 0x6537
mem[X,0b0010000000000000000000011001001110] -> 0x6666
[408] [M]: 0x8000064C (0x66666537) lui a0, 0x66666
x10 <- 0x66666000
mem[X,0b0010000000000000000000011001010000] -> 0x0513
mem[X,0b0010000000000000000000011001010010] -> 0x6665
[409] [M]: 0x80000650 (0x66650513) addi a0, a0, 0x666
x10 <- 0x66666666
mem[X,0b0010000000000000000000011001010100] -> 0x0593
mem[X,0b0010000000000000000000011001010110] -> 0x00B0
[410] [M]: 0x80000654 (0x00B00593) addi a1, zero, 0xb
x11 <- 0x0000000B
mem[X,0b0010000000000000000000011001011000] -> 0x1633
mem[X,0b0010000000000000000000011001011010] -> 0x00B5
[411] [M]: 0x80000658 (0x00B51633) sll a2, a0, a1
x12 <- 0x33333000
mem[X,0b0010000000000000000000011001011100] -> 0x2423
mem[X,0b0010000000000000000000011001011110] -> 0x0CC9
[412] [M]: 0x8000065C (0x0CC92423) sw a2, 0xc8(s2)
mem[0b0010000000000000000011001000100100] <- 0x33333000
mem[X,0b0010000000000000000000011001100000] -> 0x5537
mem[X,0b0010000000000000000000011001100010] -> 0xFFFF
[413] [M]: 0x80000660 (0xFFFF5537) lui a0, -0xb
x10 <- 0xFFFF5000
mem[X,0b0010000000000000000000011001100100] -> 0x0513
mem[X,0b0010000000000000000000011001100110] -> 0xAFC5
[414] [M]: 0x80000664 (0xAFC50513) addi a0, a0, -0x504
x10 <- 0xFFFF4AFC
mem[X,0b0010000000000000000000011001101000] -> 0x0593
mem[X,0b0010000000000000000000011001101010] -> 0x0050
[415] [M]: 0x80000668 (0x00500593) addi a1, zero, 0x5
x11 <- 0x00000005
mem[X,0b0010000000000000000000011001101100] -> 0x1633
mem[X,0b0010000000000000000000011001101110] -> 0x00B5
[416] [M]: 0x8000066C (0x00B51633) sll a2, a0, a1
x12 <- 0xFFE95F80
mem[X,0b0010000000000000000000011001110000] -> 0x2623
mem[X,0b0010000000000000000000011001110010] -> 0x0CC9
[417] [M]: 0x80000670 (0x0CC92623) sw a2, 0xcc(s2)
mem[0b0010000000000000000011001000101000] <- 0xFFE95F80
mem[X,0b0010000000000000000000011001110100] -> 0xB537
mem[X,0b0010000000000000000000011001110110] -> 0x0000
[418] [M]: 0x80000674 (0x0000B537) lui a0, 0xb
x10 <- 0x0000B000
mem[X,0b0010000000000000000000011001111000] -> 0x0513
mem[X,0b0010000000000000000000011001111010] -> 0x5055
[419] [M]: 0x80000678 (0x50550513) addi a0, a0, 0x505
x10 <- 0x0000B505
mem[X,0b0010000000000000000000011001111100] -> 0x0593
mem[X,0b0010000000000000000000011001111110] -> 0x01B0
[420] [M]: 0x8000067C (0x01B00593) addi a1, zero, 0x1b
x11 <- 0x0000001B
mem[X,0b0010000000000000000000011010000000] -> 0x1633
mem[X,0b0010000000000000000000011010000010] -> 0x00B5
[421] [M]: 0x80000680 (0x00B51633) sll a2, a0, a1
x12 <- 0x28000000
mem[X,0b0010000000000000000000011010000100] -> 0x2823
mem[X,0b0010000000000000000000011010000110] -> 0x0CC9
[422] [M]: 0x80000684 (0x0CC92823) sw a2, 0xd0(s2)
mem[0b0010000000000000000011001000101100] <- 0x28000000
mem[X,0b0010000000000000000000011010001000] -> 0x5537
mem[X,0b0010000000000000000000011010001010] -> 0xFFFF
[423] [M]: 0x80000688 (0xFFFF5537) lui a0, -0xb
x10 <- 0xFFFF5000
mem[X,0b0010000000000000000000011010001100] -> 0x0513
mem[X,0b0010000000000000000000011010001110] -> 0xAFD5
[424] [M]: 0x8000068C (0xAFD50513) addi a0, a0, -0x503
x10 <- 0xFFFF4AFD
mem[X,0b0010000000000000000000011010010000] -> 0x0593
mem[X,0b0010000000000000000000011010010010] -> 0x01B0
[425] [M]: 0x80000690 (0x01B00593) addi a1, zero, 0x1b
x11 <- 0x0000001B
mem[X,0b0010000000000000000000011010010100] -> 0x1633
mem[X,0b0010000000000000000000011010010110] -> 0x00B5
[426] [M]: 0x80000694 (0x00B51633) sll a2, a0, a1
x12 <- 0xE8000000
mem[X,0b0010000000000000000000011010011000] -> 0x2A23
mem[X,0b0010000000000000000000011010011010] -> 0x0CC9
[427] [M]: 0x80000698 (0x0CC92A23) sw a2, 0xd4(s2)
mem[0b0010000000000000000011001000110000] <- 0xE8000000
mem[X,0b0010000000000000000000011010011100] -> 0xB537
mem[X,0b0010000000000000000000011010011110] -> 0x0000
[428] [M]: 0x8000069C (0x0000B537) lui a0, 0xb
x10 <- 0x0000B000
mem[X,0b0010000000000000000000011010100000] -> 0x0513
mem[X,0b0010000000000000000000011010100010] -> 0x5045
[429] [M]: 0x800006A0 (0x50450513) addi a0, a0, 0x504
x10 <- 0x0000B504
mem[X,0b0010000000000000000000011010100100] -> 0x0593
mem[X,0b0010000000000000000000011010100110] -> 0x0100
[430] [M]: 0x800006A4 (0x01000593) addi a1, zero, 0x10
x11 <- 0x00000010
mem[X,0b0010000000000000000000011010101000] -> 0x1633
mem[X,0b0010000000000000000000011010101010] -> 0x00B5
[431] [M]: 0x800006A8 (0x00B51633) sll a2, a0, a1
x12 <- 0xB5040000
mem[X,0b0010000000000000000000011010101100] -> 0x2C23
mem[X,0b0010000000000000000000011010101110] -> 0x0CC9
[432] [M]: 0x800006AC (0x0CC92C23) sw a2, 0xd8(s2)
mem[0b0010000000000000000011001000110100] <- 0xB5040000
mem[X,0b0010000000000000000000011010110000] -> 0x5537
mem[X,0b0010000000000000000000011010110010] -> 0x5555
[433] [M]: 0x800006B0 (0x55555537) lui a0, 0x55555
x10 <- 0x55555000
mem[X,0b0010000000000000000000011010110100] -> 0x0513
mem[X,0b0010000000000000000000011010110110] -> 0x5545
[434] [M]: 0x800006B4 (0x55450513) addi a0, a0, 0x554
x10 <- 0x55555554
mem[X,0b0010000000000000000000011010111000] -> 0x0593
mem[X,0b0010000000000000000000011010111010] -> 0x0010
[435] [M]: 0x800006B8 (0x00100593) addi a1, zero, 0x1
x11 <- 0x00000001
mem[X,0b0010000000000000000000011010111100] -> 0x1633
mem[X,0b0010000000000000000000011010111110] -> 0x00B5
[436] [M]: 0x800006BC (0x00B51633) sll a2, a0, a1
x12 <- 0xAAAAAAA8
mem[X,0b0010000000000000000000011011000000] -> 0x2E23
mem[X,0b0010000000000000000000011011000010] -> 0x0CC9
[437] [M]: 0x800006C0 (0x0CC92E23) sw a2, 0xdc(s2)
mem[0b0010000000000000000011001000111000] <- 0xAAAAAAA8
mem[X,0b0010000000000000000000011011000100] -> 0x0537
mem[X,0b0010000000000000000000011011000110] -> 0xFFF0
[438] [M]: 0x800006C4 (0xFFF00537) lui a0, -0x100
x10 <- 0xFFF00000
mem[X,0b0010000000000000000000011011001000] -> 0x0513
mem[X,0b0010000000000000000000011011001010] -> 0xFFF5
[439] [M]: 0x800006C8 (0xFFF50513) addi a0, a0, -0x1
x10 <- 0xFFEFFFFF
mem[X,0b0010000000000000000000011011001100] -> 0x0593
mem[X,0b0010000000000000000000011011001110] -> 0x0030
[440] [M]: 0x800006CC (0x00300593) addi a1, zero, 0x3
x11 <- 0x00000003
mem[X,0b0010000000000000000000011011010000] -> 0x1633
mem[X,0b0010000000000000000000011011010010] -> 0x00B5
[441] [M]: 0x800006D0 (0x00B51633) sll a2, a0, a1
x12 <- 0xFF7FFFF8
mem[X,0b0010000000000000000000011011010100] -> 0x2023
mem[X,0b0010000000000000000000011011010110] -> 0x0EC9
[442] [M]: 0x800006D4 (0x0EC92023) sw a2, 0xe0(s2)
mem[0b0010000000000000000011001000111100] <- 0xFF7FFFF8
mem[X,0b0010000000000000000000011011011000] -> 0x6537
mem[X,0b0010000000000000000000011011011010] -> 0x6666
[443] [M]: 0x800006D8 (0x66666537) lui a0, 0x66666
x10 <- 0x66666000
mem[X,0b0010000000000000000000011011011100] -> 0x0513
mem[X,0b0010000000000000000000011011011110] -> 0x6675
[444] [M]: 0x800006DC (0x66750513) addi a0, a0, 0x667
x10 <- 0x66666667
mem[X,0b0010000000000000000000011011100000] -> 0x0593
mem[X,0b0010000000000000000000011011100010] -> 0x01D0
[445] [M]: 0x800006E0 (0x01D00593) addi a1, zero, 0x1d
x11 <- 0x0000001D
mem[X,0b0010000000000000000000011011100100] -> 0x1633
mem[X,0b0010000000000000000000011011100110] -> 0x00B5
[446] [M]: 0x800006E4 (0x00B51633) sll a2, a0, a1
x12 <- 0xE0000000
mem[X,0b0010000000000000000000011011101000] -> 0x2223
mem[X,0b0010000000000000000000011011101010] -> 0x0EC9
[447] [M]: 0x800006E8 (0x0EC92223) sw a2, 0xe4(s2)
mem[0b0010000000000000000011001001000000] <- 0xE0000000
mem[X,0b0010000000000000000000011011101100] -> 0x3537
mem[X,0b0010000000000000000000011011101110] -> 0x3333
[448] [M]: 0x800006EC (0x33333537) lui a0, 0x33333
x10 <- 0x33333000
mem[X,0b0010000000000000000000011011110000] -> 0x0513
mem[X,0b0010000000000000000000011011110010] -> 0x3325
[449] [M]: 0x800006F0 (0x33250513) addi a0, a0, 0x332
x10 <- 0x33333332
mem[X,0b0010000000000000000000011011110100] -> 0x0593
mem[X,0b0010000000000000000000011011110110] -> 0x0020
[450] [M]: 0x800006F4 (0x00200593) addi a1, zero, 0x2
x11 <- 0x00000002
mem[X,0b0010000000000000000000011011111000] -> 0x1633
mem[X,0b0010000000000000000000011011111010] -> 0x00B5
[451] [M]: 0x800006F8 (0x00B51633) sll a2, a0, a1
x12 <- 0xCCCCCCC8
mem[X,0b0010000000000000000000011011111100] -> 0x2423
mem[X,0b0010000000000000000000011011111110] -> 0x0EC9
[452] [M]: 0x800006FC (0x0EC92423) sw a2, 0xe8(s2)
mem[0b0010000000000000000011001001000100] <- 0xCCCCCCC8
mem[X,0b0010000000000000000000011100000000] -> 0x6537
mem[X,0b0010000000000000000000011100000010] -> 0x6666
[453] [M]: 0x80000700 (0x66666537) lui a0, 0x66666
x10 <- 0x66666000
mem[X,0b0010000000000000000000011100000100] -> 0x0513
mem[X,0b0010000000000000000000011100000110] -> 0x6655
[454] [M]: 0x80000704 (0x66550513) addi a0, a0, 0x665
x10 <- 0x66666665
mem[X,0b0010000000000000000000011100001000] -> 0x0593
mem[X,0b0010000000000000000000011100001010] -> 0x0020
[455] [M]: 0x80000708 (0x00200593) addi a1, zero, 0x2
x11 <- 0x00000002
mem[X,0b0010000000000000000000011100001100] -> 0x1633
mem[X,0b0010000000000000000000011100001110] -> 0x00B5
[456] [M]: 0x8000070C (0x00B51633) sll a2, a0, a1
x12 <- 0x99999994
mem[X,0b0010000000000000000000011100010000] -> 0x2623
mem[X,0b0010000000000000000000011100010010] -> 0x0EC9
[457] [M]: 0x80000710 (0x0EC92623) sw a2, 0xec(s2)
mem[0b0010000000000000000011001001001000] <- 0x99999994
mem[X,0b0010000000000000000000011100010100] -> 0xB537
mem[X,0b0010000000000000000000011100010110] -> 0x0000
[458] [M]: 0x80000714 (0x0000B537) lui a0, 0xb
x10 <- 0x0000B000
mem[X,0b0010000000000000000000011100011000] -> 0x0513
mem[X,0b0010000000000000000000011100011010] -> 0x5035
[459] [M]: 0x80000718 (0x50350513) addi a0, a0, 0x503
x10 <- 0x0000B503
mem[X,0b0010000000000000000000011100011100] -> 0x0593
mem[X,0b0010000000000000000000011100011110] -> 0x00B0
[460] [M]: 0x8000071C (0x00B00593) addi a1, zero, 0xb
x11 <- 0x0000000B
mem[X,0b0010000000000000000000011100100000] -> 0x1633
mem[X,0b0010000000000000000000011100100010] -> 0x00B5
[461] [M]: 0x80000720 (0x00B51633) sll a2, a0, a1
x12 <- 0x05A81800
mem[X,0b0010000000000000000000011100100100] -> 0x2823
mem[X,0b0010000000000000000000011100100110] -> 0x0EC9
[462] [M]: 0x80000724 (0x0EC92823) sw a2, 0xf0(s2)
mem[0b0010000000000000000011001001001100] <- 0x05A81800
mem[X,0b0010000000000000000000011100101000] -> 0x5537
mem[X,0b0010000000000000000000011100101010] -> 0x5555
[463] [M]: 0x80000728 (0x55555537) lui a0, 0x55555
x10 <- 0x55555000
mem[X,0b0010000000000000000000011100101100] -> 0x0513
mem[X,0b0010000000000000000000011100101110] -> 0x5565
[464] [M]: 0x8000072C (0x55650513) addi a0, a0, 0x556
x10 <- 0x55555556
mem[X,0b0010000000000000000000011100110000] -> 0x0593
mem[X,0b0010000000000000000000011100110010] -> 0x0010
[465] [M]: 0x80000730 (0x00100593) addi a1, zero, 0x1
x11 <- 0x00000001
mem[X,0b0010000000000000000000011100110100] -> 0x1633
mem[X,0b0010000000000000000000011100110110] -> 0x00B5
[466] [M]: 0x80000734 (0x00B51633) sll a2, a0, a1
x12 <- 0xAAAAAAAC
mem[X,0b0010000000000000000000011100111000] -> 0x2A23
mem[X,0b0010000000000000000000011100111010] -> 0x0EC9
[467] [M]: 0x80000738 (0x0EC92A23) sw a2, 0xf4(s2)
mem[0b0010000000000000000011001001010000] <- 0xAAAAAAAC
mem[X,0b0010000000000000000000011100111100] -> 0xB537
mem[X,0b0010000000000000000000011100111110] -> 0xAAAA
[468] [M]: 0x8000073C (0xAAAAB537) lui a0, -0x55555
x10 <- 0xAAAAB000
mem[X,0b0010000000000000000000011101000000] -> 0x0513
mem[X,0b0010000000000000000000011101000010] -> 0xAAB5
[469] [M]: 0x80000740 (0xAAB50513) addi a0, a0, -0x555
x10 <- 0xAAAAAAAB
mem[X,0b0010000000000000000000011101000100] -> 0x0593
mem[X,0b0010000000000000000000011101000110] -> 0x00B0
[470] [M]: 0x80000744 (0x00B00593) addi a1, zero, 0xb
x11 <- 0x0000000B
mem[X,0b0010000000000000000000011101001000] -> 0x1633
mem[X,0b0010000000000000000000011101001010] -> 0x00B5
[471] [M]: 0x80000748 (0x00B51633) sll a2, a0, a1
x12 <- 0x55555800
mem[X,0b0010000000000000000000011101001100] -> 0x2C23
mem[X,0b0010000000000000000000011101001110] -> 0x0EC9
[472] [M]: 0x8000074C (0x0EC92C23) sw a2, 0xf8(s2)
mem[0b0010000000000000000011001001010100] <- 0x55555800
mem[X,0b0010000000000000000000011101010000] -> 0x0537
mem[X,0b0010000000000000000000011101010010] -> 0xFFF8
[473] [M]: 0x80000750 (0xFFF80537) lui a0, -0x80
x10 <- 0xFFF80000
mem[X,0b0010000000000000000000011101010100] -> 0x0513
mem[X,0b0010000000000000000000011101010110] -> 0xFFF5
[474] [M]: 0x80000754 (0xFFF50513) addi a0, a0, -0x1
x10 <- 0xFFF7FFFF
mem[X,0b0010000000000000000000011101011000] -> 0x0593
mem[X,0b0010000000000000000000011101011010] -> 0x0110
[475] [M]: 0x80000758 (0x01100593) addi a1, zero, 0x11
x11 <- 0x00000011
mem[X,0b0010000000000000000000011101011100] -> 0x1633
mem[X,0b0010000000000000000000011101011110] -> 0x00B5
[476] [M]: 0x8000075C (0x00B51633) sll a2, a0, a1
x12 <- 0xFFFE0000
mem[X,0b0010000000000000000000011101100000] -> 0x2E23
mem[X,0b0010000000000000000000011101100010] -> 0x0EC9
[477] [M]: 0x80000760 (0x0EC92E23) sw a2, 0xfc(s2)
mem[0b0010000000000000000011001001011000] <- 0xFFFE0000
mem[X,0b0010000000000000000000011101100100] -> 0x3537
mem[X,0b0010000000000000000000011101100110] -> 0x3333
[478] [M]: 0x80000764 (0x33333537) lui a0, 0x33333
x10 <- 0x33333000
mem[X,0b0010000000000000000000011101101000] -> 0x0513
mem[X,0b0010000000000000000000011101101010] -> 0x3345
[479] [M]: 0x80000768 (0x33450513) addi a0, a0, 0x334
x10 <- 0x33333334
mem[X,0b0010000000000000000000011101101100] -> 0x0593
mem[X,0b0010000000000000000000011101101110] -> 0x0040
[480] [M]: 0x8000076C (0x00400593) addi a1, zero, 0x4
x11 <- 0x00000004
mem[X,0b0010000000000000000000011101110000] -> 0x1633
mem[X,0b0010000000000000000000011101110010] -> 0x00B5
[481] [M]: 0x80000770 (0x00B51633) sll a2, a0, a1
x12 <- 0x33333340
mem[X,0b0010000000000000000000011101110100] -> 0x2023
mem[X,0b0010000000000000000000011101110110] -> 0x10C9
[482] [M]: 0x80000774 (0x10C92023) sw a2, 0x100(s2)
mem[0b0010000000000000000011001001011100] <- 0x33333340
mem[X,0b0010000000000000000000011101111000] -> 0x0537
mem[X,0b0010000000000000000000011101111010] -> 0xFFE0
[483] [M]: 0x80000778 (0xFFE00537) lui a0, -0x200
x10 <- 0xFFE00000
mem[X,0b0010000000000000000000011101111100] -> 0x0513
mem[X,0b0010000000000000000000011101111110] -> 0xFFF5
[484] [M]: 0x8000077C (0xFFF50513) addi a0, a0, -0x1
x10 <- 0xFFDFFFFF
mem[X,0b0010000000000000000000011110000000] -> 0x0593
mem[X,0b0010000000000000000000011110000010] -> 0x0030
[485] [M]: 0x80000780 (0x00300593) addi a1, zero, 0x3
x11 <- 0x00000003
mem[X,0b0010000000000000000000011110000100] -> 0x1633
mem[X,0b0010000000000000000000011110000110] -> 0x00B5
[486] [M]: 0x80000784 (0x00B51633) sll a2, a0, a1
x12 <- 0xFEFFFFF8
mem[X,0b0010000000000000000000011110001000] -> 0x2223
mem[X,0b0010000000000000000000011110001010] -> 0x10C9
[487] [M]: 0x80000788 (0x10C92223) sw a2, 0x104(s2)
mem[0b0010000000000000000011001001100000] <- 0xFEFFFFF8
mem[X,0b0010000000000000000000011110001100] -> 0x0537
mem[X,0b0010000000000000000000011110001110] -> 0xFFC0
[488] [M]: 0x8000078C (0xFFC00537) lui a0, -0x400
x10 <- 0xFFC00000
mem[X,0b0010000000000000000000011110010000] -> 0x0513
mem[X,0b0010000000000000000000011110010010] -> 0xFFF5
[489] [M]: 0x80000790 (0xFFF50513) addi a0, a0, -0x1
x10 <- 0xFFBFFFFF
mem[X,0b0010000000000000000000011110010100] -> 0x0593
mem[X,0b0010000000000000000000011110010110] -> 0x0150
[490] [M]: 0x80000794 (0x01500593) addi a1, zero, 0x15
x11 <- 0x00000015
mem[X,0b0010000000000000000000011110011000] -> 0x1633
mem[X,0b0010000000000000000000011110011010] -> 0x00B5
[491] [M]: 0x80000798 (0x00B51633) sll a2, a0, a1
x12 <- 0xFFE00000
mem[X,0b0010000000000000000000011110011100] -> 0x2423
mem[X,0b0010000000000000000000011110011110] -> 0x10C9
[492] [M]: 0x8000079C (0x10C92423) sw a2, 0x108(s2)
mem[0b0010000000000000000011001001100100] <- 0xFFE00000
mem[X,0b0010000000000000000000011110100000] -> 0x0513
mem[X,0b0010000000000000000000011110100010] -> 0x0050
[493] [M]: 0x800007A0 (0x00500513) addi a0, zero, 0x5
x10 <- 0x00000005
mem[X,0b0010000000000000000000011110100100] -> 0x0593
mem[X,0b0010000000000000000000011110100110] -> 0x00D0
[494] [M]: 0x800007A4 (0x00D00593) addi a1, zero, 0xd
x11 <- 0x0000000D
mem[X,0b0010000000000000000000011110101000] -> 0x1633
mem[X,0b0010000000000000000000011110101010] -> 0x00B5
[495] [M]: 0x800007A8 (0x00B51633) sll a2, a0, a1
x12 <- 0x0000A000
mem[X,0b0010000000000000000000011110101100] -> 0x2623
mem[X,0b0010000000000000000000011110101110] -> 0x10C9
[496] [M]: 0x800007AC (0x10C92623) sw a2, 0x10c(s2)
mem[0b0010000000000000000011001001101000] <- 0x0000A000
mem[X,0b0010000000000000000000011110110000] -> 0x8537
mem[X,0b0010000000000000000000011110110010] -> 0xFFFF
[497] [M]: 0x800007B0 (0xFFFF8537) lui a0, -0x8
x10 <- 0xFFFF8000
mem[X,0b0010000000000000000000011110110100] -> 0x0513
mem[X,0b0010000000000000000000011110110110] -> 0xFFF5
[498] [M]: 0x800007B4 (0xFFF50513) addi a0, a0, -0x1
x10 <- 0xFFFF7FFF
mem[X,0b0010000000000000000000011110111000] -> 0x0593
mem[X,0b0010000000000000000000011110111010] -> 0x0000
[499] [M]: 0x800007B8 (0x00000593) addi a1, zero, 0x0
x11 <- 0x00000000
clint mtime 0x0000000000000005 (mip.MTI <- 0b1)
htif::tick 0x0000000000000000
mem[X,0b0010000000000000000000011110111100] -> 0x1633
mem[X,0b0010000000000000000000011110111110] -> 0x00B5
[500] [M]: 0x800007BC (0x00B51633) sll a2, a0, a1
x12 <- 0xFFFF7FFF
mem[X,0b0010000000000000000000011111000000] -> 0x2823
mem[X,0b0010000000000000000000011111000010] -> 0x10C9
[501] [M]: 0x800007C0 (0x10C92823) sw a2, 0x110(s2)
mem[0b0010000000000000000011001001101100] <- 0xFFFF7FFF
mem[X,0b0010000000000000000000011111000100] -> 0x0537
mem[X,0b0010000000000000000000011111000110] -> 0x8000
[502] [M]: 0x800007C4 (0x80000537) lui a0, -0x80000
x10 <- 0x80000000
mem[X,0b0010000000000000000000011111001000] -> 0x0593
mem[X,0b0010000000000000000000011111001010] -> 0x0100
[503] [M]: 0x800007C8 (0x01000593) addi a1, zero, 0x10
x11 <- 0x00000010
mem[X,0b0010000000000000000000011111001100] -> 0x1633
mem[X,0b0010000000000000000000011111001110] -> 0x00B5
[504] [M]: 0x800007CC (0x00B51633) sll a2, a0, a1
x12 <- 0x00000000
mem[X,0b0010000000000000000000011111010000] -> 0x2A23
mem[X,0b0010000000000000000000011111010010] -> 0x10C9
[505] [M]: 0x800007D0 (0x10C92A23) sw a2, 0x114(s2)
mem[0b0010000000000000000011001001110000] <- 0x00000000
mem[X,0b0010000000000000000000011111010100] -> 0x0513
mem[X,0b0010000000000000000000011111010110] -> 0x0800
[506] [M]: 0x800007D4 (0x08000513) addi a0, zero, 0x80
x10 <- 0x00000080
mem[X,0b0010000000000000000000011111011000] -> 0x0593
mem[X,0b0010000000000000000000011111011010] -> 0x0100
[507] [M]: 0x800007D8 (0x01000593) addi a1, zero, 0x10
x11 <- 0x00000010
mem[X,0b0010000000000000000000011111011100] -> 0x1633
mem[X,0b0010000000000000000000011111011110] -> 0x00B5
[508] [M]: 0x800007DC (0x00B51633) sll a2, a0, a1
x12 <- 0x00800000
mem[X,0b0010000000000000000000011111100000] -> 0x2C23
mem[X,0b0010000000000000000000011111100010] -> 0x10C9
[509] [M]: 0x800007E0 (0x10C92C23) sw a2, 0x118(s2)
mem[0b0010000000000000000011001001110100] <- 0x00800000
mem[X,0b0010000000000000000000011111100100] -> 0x006F
mem[X,0b0010000000000000000000011111100110] -> 0x0200
[510] [M]: 0x800007E4 (0x0200006F) jal zero, 0x20
mem[X,0b0010000000000000000000100000000100] -> 0x0093
mem[X,0b0010000000000000000000100000000110] -> 0x0010
[511] [M]: 0x80000804 (0x00100093) addi ra, zero, 0x1
x1 <- 0x00000001
mem[X,0b0010000000000000000000100000001000] -> 0x0F17
mem[X,0b0010000000000000000000100000001010] -> 0x0000
[512] [M]: 0x80000808 (0x00000F17) auipc t5, 0x0
x30 <- 0x80000808
mem[X,0b0010000000000000000000100000001100] -> 0x2C23
mem[X,0b0010000000000000000000100000001110] -> 0x7E1F
[513] [M]: 0x8000080C (0x7E1F2C23) sw ra, 0x7f8(t5)
htif[0b0010000000000000000001000000000000] <- 0x00000001
mem[X,0b0010000000000000000000100000010000] -> 0xF06F
mem[X,0b0010000000000000000000100000010010] -> 0xFF9F
[514] [M]: 0x80000810 (0xFF9FF06F) jal zero, -0x8
mem[X,0b0010000000000000000000100000001000] -> 0x0F17
mem[X,0b0010000000000000000000100000001010] -> 0x0000
[515] [M]: 0x80000808 (0x00000F17) auipc t5, 0x0
x30 <- 0x80000808
mem[X,0b0010000000000000000000100000001100] -> 0x2C23
mem[X,0b0010000000000000000000100000001110] -> 0x7E1F
[516] [M]: 0x8000080C (0x7E1F2C23) sw ra, 0x7f8(t5)
htif[0b0010000000000000000001000000000000] <- 0x00000001
mem[X,0b0010000000000000000000100000010000] -> 0xF06F
mem[X,0b0010000000000000000000100000010010] -> 0xFF9F
[517] [M]: 0x80000810 (0xFF9FF06F) jal zero, -0x8
mem[X,0b0010000000000000000000100000001000] -> 0x0F17
mem[X,0b0010000000000000000000100000001010] -> 0x0000
[518] [M]: 0x80000808 (0x00000F17) auipc t5, 0x0
x30 <- 0x80000808
mem[X,0b0010000000000000000000100000001100] -> 0x2C23
mem[X,0b0010000000000000000000100000001110] -> 0x7E1F
[519] [M]: 0x8000080C (0x7E1F2C23) sw ra, 0x7f8(t5)
htif[0b0010000000000000000001000000000000] <- 0x00000001
htif-syscall-proxy cmd: 0x000000000001
SUCCESS
